[2025-03-21T18:40:57.001+0000] {local_task_job_runner.py:123} INFO - ::group::Pre task execution logs
[2025-03-21T18:40:57.050+0000] {taskinstance.py:2614} INFO - Dependencies all met for dep_context=non-requeueable deps ti=<TaskInstance: weather-two-source.check_and_insert_data manual__2025-03-21T18:40:40.265087+00:00 [queued]>
[2025-03-21T18:40:57.072+0000] {taskinstance.py:2614} INFO - Dependencies all met for dep_context=requeueable deps ti=<TaskInstance: weather-two-source.check_and_insert_data manual__2025-03-21T18:40:40.265087+00:00 [queued]>
[2025-03-21T18:40:57.072+0000] {taskinstance.py:2867} INFO - Starting attempt 1 of 2
[2025-03-21T18:40:57.094+0000] {taskinstance.py:2890} INFO - Executing <Task(PythonOperator): check_and_insert_data> on 2025-03-21 18:40:40.265087+00:00
[2025-03-21T18:40:57.104+0000] {warnings.py:112} WARNING - /home/***/.local/lib/python3.12/site-packages/***/task/task_runner/standard_task_runner.py:70: DeprecationWarning: This process (pid=1120) is multi-threaded, use of fork() may lead to deadlocks in the child.
  pid = os.fork()

[2025-03-21T18:40:57.107+0000] {standard_task_runner.py:72} INFO - Started process 1122 to run task
[2025-03-21T18:40:57.107+0000] {standard_task_runner.py:104} INFO - Running: ['***', 'tasks', 'run', 'weather-two-source', 'check_and_insert_data', 'manual__2025-03-21T18:40:40.265087+00:00', '--job-id', '122', '--raw', '--subdir', 'DAGS_FOLDER/weather-two-source.py', '--cfg-path', '/tmp/tmp85e1ezwn']
[2025-03-21T18:40:57.111+0000] {standard_task_runner.py:105} INFO - Job 122: Subtask check_and_insert_data
[2025-03-21T18:40:57.457+0000] {task_command.py:467} INFO - Running <TaskInstance: weather-two-source.check_and_insert_data manual__2025-03-21T18:40:40.265087+00:00 [running]> on host c25e9da6226b
[2025-03-21T18:40:57.702+0000] {taskinstance.py:3134} INFO - Exporting env vars: AIRFLOW_CTX_DAG_OWNER='***' AIRFLOW_CTX_DAG_ID='weather-two-source' AIRFLOW_CTX_TASK_ID='check_and_insert_data' AIRFLOW_CTX_EXECUTION_DATE='2025-03-21T18:40:40.265087+00:00' AIRFLOW_CTX_TRY_NUMBER='1' AIRFLOW_CTX_DAG_RUN_ID='manual__2025-03-21T18:40:40.265087+00:00'
[2025-03-21T18:40:57.704+0000] {taskinstance.py:732} INFO - ::endgroup::
[2025-03-21T18:40:57.767+0000] {base.py:84} INFO - Retrieving connection 'rizqi-neon'
[2025-03-21T18:41:01.095+0000] {weather-two-source.py:180} INFO - 🔍 OpenMeteo Columns: Index(['id', 'datetime', 'temperature', 'area', 'source', 'created_at'], dtype='object')
[2025-03-21T18:41:01.097+0000] {weather-two-source.py:181} INFO - 🔍 WeatherAPI Columns: Index(['id', 'datetime', 'temperature', 'area', 'source', 'created_at'], dtype='object')
[2025-03-21T18:41:01.098+0000] {weather-two-source.py:182} INFO - 🔍 Tomorrow.io Columns: Index(['id', 'datetime', 'temperature', 'area', 'source', 'created_at'], dtype='object')
[2025-03-21T18:41:01.100+0000] {weather-two-source.py:184} INFO - 
🔍 Data Types:
id                     object
datetime       datetime64[ns]
temperature           float64
area                   object
source                 object
created_at     datetime64[ns]
dtype: object
[2025-03-21T18:41:01.103+0000] {weather-two-source.py:185} INFO - 
🔍 Data Types:
id                     object
datetime       datetime64[ns]
temperature           float64
area                   object
source                 object
created_at     datetime64[ns]
dtype: object
[2025-03-21T18:41:01.106+0000] {weather-two-source.py:186} INFO - 
🔍 Data Types:
id                     object
datetime       datetime64[ns]
temperature           float64
area                   object
source                 object
created_at     datetime64[ns]
dtype: object
[2025-03-21T18:41:01.110+0000] {weather-two-source.py:188} INFO - 
📊 Shape (Jumlah Data): OpenMeteo: (168, 6), WeatherAPI: (24, 6), Tomorrow.io: (121, 6)
[2025-03-21T18:41:01.120+0000] {weather-two-source.py:196} INFO - 
🚀 Hasil Akhir (Gabungan DataFrame):
                                 id            datetime  temperature     area      source                 created_at
0  d141d7863df92d8589c38ada109e123d 2025-03-22 00:00:00         26.8  Jakarta  Open Meteo 2025-03-21 18:40:58.876975
1  9a76c33fd475d3dd15980ea9b0a6cf0f 2025-03-22 01:00:00         26.5  Jakarta  Open Meteo 2025-03-21 18:40:58.876975
2  bcecc2bcc96510667af038521c26a926 2025-03-22 02:00:00         26.2  Jakarta  Open Meteo 2025-03-21 18:40:58.876975
3  bfbcf0e41660e298c99997d3d53d7d1c 2025-03-22 03:00:00         26.0  Jakarta  Open Meteo 2025-03-21 18:40:58.876975
4  b50fabebec04f1c1ceae4f21a3c1fe62 2025-03-22 04:00:00         25.7  Jakarta  Open Meteo 2025-03-21 18:40:58.876975
[2025-03-21T18:41:06.188+0000] {python.py:240} INFO - Done. Returned value was: None
[2025-03-21T18:41:06.209+0000] {taskinstance.py:341} INFO - ::group::Post task execution logs
[2025-03-21T18:41:06.210+0000] {taskinstance.py:353} INFO - Marking task as SUCCESS. dag_id=weather-two-source, task_id=check_and_insert_data, run_id=manual__2025-03-21T18:40:40.265087+00:00, execution_date=20250321T184040, start_date=20250321T184057, end_date=20250321T184106
[2025-03-21T18:41:06.281+0000] {local_task_job_runner.py:266} INFO - Task exited with return code 0
[2025-03-21T18:41:06.540+0000] {taskinstance.py:3901} INFO - 0 downstream tasks scheduled from follow-on schedule check
[2025-03-21T18:41:06.546+0000] {local_task_job_runner.py:245} INFO - ::endgroup::
