[2025-03-22T04:19:29.313+0000] {local_task_job_runner.py:123} INFO - ::group::Pre task execution logs
[2025-03-22T04:19:29.373+0000] {taskinstance.py:2614} INFO - Dependencies all met for dep_context=non-requeueable deps ti=<TaskInstance: weather-data-pipeline.create_insert_mart_tables manual__2025-03-22T04:17:48.013302+00:00 [queued]>
[2025-03-22T04:19:29.403+0000] {taskinstance.py:2614} INFO - Dependencies all met for dep_context=requeueable deps ti=<TaskInstance: weather-data-pipeline.create_insert_mart_tables manual__2025-03-22T04:17:48.013302+00:00 [queued]>
[2025-03-22T04:19:29.404+0000] {taskinstance.py:2867} INFO - Starting attempt 1 of 2
[2025-03-22T04:19:29.438+0000] {taskinstance.py:2890} INFO - Executing <Task(PythonOperator): create_insert_mart_tables> on 2025-03-22 04:17:48.013302+00:00
[2025-03-22T04:19:29.448+0000] {warnings.py:112} WARNING - /home/***/.local/lib/python3.12/site-packages/***/task/task_runner/standard_task_runner.py:70: DeprecationWarning: This process (pid=471) is multi-threaded, use of fork() may lead to deadlocks in the child.
  pid = os.fork()

[2025-03-22T04:19:29.451+0000] {standard_task_runner.py:72} INFO - Started process 473 to run task
[2025-03-22T04:19:29.452+0000] {standard_task_runner.py:104} INFO - Running: ['***', 'tasks', 'run', 'weather-data-pipeline', 'create_insert_mart_tables', 'manual__2025-03-22T04:17:48.013302+00:00', '--job-id', '237', '--raw', '--subdir', 'DAGS_FOLDER/weather-data-pipeline.py', '--cfg-path', '/tmp/tmpag306z1p']
[2025-03-22T04:19:29.456+0000] {standard_task_runner.py:105} INFO - Job 237: Subtask create_insert_mart_tables
[2025-03-22T04:19:29.839+0000] {task_command.py:467} INFO - Running <TaskInstance: weather-data-pipeline.create_insert_mart_tables manual__2025-03-22T04:17:48.013302+00:00 [running]> on host c25e9da6226b
[2025-03-22T04:19:29.966+0000] {taskinstance.py:3134} INFO - Exporting env vars: AIRFLOW_CTX_DAG_OWNER='***' AIRFLOW_CTX_DAG_ID='weather-data-pipeline' AIRFLOW_CTX_TASK_ID='create_insert_mart_tables' AIRFLOW_CTX_EXECUTION_DATE='2025-03-22T04:17:48.013302+00:00' AIRFLOW_CTX_TRY_NUMBER='1' AIRFLOW_CTX_DAG_RUN_ID='manual__2025-03-22T04:17:48.013302+00:00'
[2025-03-22T04:19:29.968+0000] {taskinstance.py:732} INFO - ::endgroup::
[2025-03-22T04:19:30.003+0000] {base.py:84} INFO - Retrieving connection 'rizqi-neon'
[2025-03-22T04:19:31.117+0000] {python.py:240} INFO - Done. Returned value was: None
[2025-03-22T04:19:31.134+0000] {taskinstance.py:341} INFO - ::group::Post task execution logs
[2025-03-22T04:19:31.135+0000] {taskinstance.py:353} INFO - Marking task as SUCCESS. dag_id=weather-data-pipeline, task_id=create_insert_mart_tables, run_id=manual__2025-03-22T04:17:48.013302+00:00, execution_date=20250322T041748, start_date=20250322T041929, end_date=20250322T041931
[2025-03-22T04:19:31.197+0000] {local_task_job_runner.py:266} INFO - Task exited with return code 0
[2025-03-22T04:19:31.405+0000] {taskinstance.py:3901} INFO - 0 downstream tasks scheduled from follow-on schedule check
[2025-03-22T04:19:31.411+0000] {local_task_job_runner.py:245} INFO - ::endgroup::
