[2025-03-22T04:00:36.289+0000] {local_task_job_runner.py:123} INFO - ::group::Pre task execution logs
[2025-03-22T04:00:36.367+0000] {taskinstance.py:2614} INFO - Dependencies all met for dep_context=non-requeueable deps ti=<TaskInstance: weather-data-pipeline.create_table_if_not_exists scheduled__2025-03-22T03:00:00+00:00 [queued]>
[2025-03-22T04:00:36.413+0000] {taskinstance.py:2614} INFO - Dependencies all met for dep_context=requeueable deps ti=<TaskInstance: weather-data-pipeline.create_table_if_not_exists scheduled__2025-03-22T03:00:00+00:00 [queued]>
[2025-03-22T04:00:36.415+0000] {taskinstance.py:2867} INFO - Starting attempt 1 of 2
[2025-03-22T04:00:36.464+0000] {taskinstance.py:2890} INFO - Executing <Task(PythonOperator): create_table_if_not_exists> on 2025-03-22 03:00:00+00:00
[2025-03-22T04:00:36.483+0000] {warnings.py:112} WARNING - /home/***/.local/lib/python3.12/site-packages/***/task/task_runner/standard_task_runner.py:70: DeprecationWarning: This process (pid=206) is multi-threaded, use of fork() may lead to deadlocks in the child.
  pid = os.fork()

[2025-03-22T04:00:36.489+0000] {standard_task_runner.py:72} INFO - Started process 214 to run task
[2025-03-22T04:00:36.494+0000] {standard_task_runner.py:104} INFO - Running: ['***', 'tasks', 'run', 'weather-data-pipeline', 'create_table_if_not_exists', 'scheduled__2025-03-22T03:00:00+00:00', '--job-id', '225', '--raw', '--subdir', 'DAGS_FOLDER/weather-data-pipeline.py', '--cfg-path', '/tmp/tmput1smush']
[2025-03-22T04:00:36.502+0000] {standard_task_runner.py:105} INFO - Job 225: Subtask create_table_if_not_exists
[2025-03-22T04:00:37.176+0000] {task_command.py:467} INFO - Running <TaskInstance: weather-data-pipeline.create_table_if_not_exists scheduled__2025-03-22T03:00:00+00:00 [running]> on host c25e9da6226b
[2025-03-22T04:00:37.536+0000] {taskinstance.py:3134} INFO - Exporting env vars: AIRFLOW_CTX_DAG_OWNER='***' AIRFLOW_CTX_DAG_ID='weather-data-pipeline' AIRFLOW_CTX_TASK_ID='create_table_if_not_exists' AIRFLOW_CTX_EXECUTION_DATE='2025-03-22T03:00:00+00:00' AIRFLOW_CTX_TRY_NUMBER='1' AIRFLOW_CTX_DAG_RUN_ID='scheduled__2025-03-22T03:00:00+00:00'
[2025-03-22T04:00:37.540+0000] {taskinstance.py:732} INFO - ::endgroup::
[2025-03-22T04:00:37.625+0000] {base.py:84} INFO - Retrieving connection 'rizqi-neon'
[2025-03-22T04:00:38.297+0000] {python.py:240} INFO - Done. Returned value was: None
[2025-03-22T04:00:38.382+0000] {taskinstance.py:341} INFO - ::group::Post task execution logs
[2025-03-22T04:00:38.396+0000] {taskinstance.py:353} INFO - Marking task as SUCCESS. dag_id=weather-data-pipeline, task_id=create_table_if_not_exists, run_id=scheduled__2025-03-22T03:00:00+00:00, execution_date=20250322T030000, start_date=20250322T040036, end_date=20250322T040038
[2025-03-22T04:00:38.622+0000] {local_task_job_runner.py:266} INFO - Task exited with return code 0
[2025-03-22T04:00:39.527+0000] {taskinstance.py:3901} INFO - 1 downstream tasks scheduled from follow-on schedule check
[2025-03-22T04:00:39.561+0000] {local_task_job_runner.py:245} INFO - ::endgroup::
