[2025-03-22T04:18:04.563+0000] {local_task_job_runner.py:123} INFO - ::group::Pre task execution logs
[2025-03-22T04:18:05.460+0000] {taskinstance.py:2614} INFO - Dependencies all met for dep_context=non-requeueable deps ti=<TaskInstance: weather-data-pipeline.fetch_weather_weatherapi manual__2025-03-22T04:17:48.013302+00:00 [queued]>
[2025-03-22T04:18:05.543+0000] {taskinstance.py:2614} INFO - Dependencies all met for dep_context=requeueable deps ti=<TaskInstance: weather-data-pipeline.fetch_weather_weatherapi manual__2025-03-22T04:17:48.013302+00:00 [queued]>
[2025-03-22T04:18:05.553+0000] {taskinstance.py:2867} INFO - Starting attempt 1 of 2
[2025-03-22T04:18:05.855+0000] {taskinstance.py:2890} INFO - Executing <Task(PythonOperator): fetch_weather_weatherapi> on 2025-03-22 04:17:48.013302+00:00
[2025-03-22T04:18:06.345+0000] {warnings.py:112} WARNING - /home/***/.local/lib/python3.12/site-packages/***/task/task_runner/standard_task_runner.py:70: DeprecationWarning: This process (pid=424) is multi-threaded, use of fork() may lead to deadlocks in the child.
  pid = os.fork()

[2025-03-22T04:18:06.479+0000] {standard_task_runner.py:72} INFO - Started process 436 to run task
[2025-03-22T04:18:06.366+0000] {standard_task_runner.py:104} INFO - Running: ['***', 'tasks', 'run', 'weather-data-pipeline', 'fetch_weather_weatherapi', 'manual__2025-03-22T04:17:48.013302+00:00', '--job-id', '230', '--raw', '--subdir', 'DAGS_FOLDER/weather-data-pipeline.py', '--cfg-path', '/tmp/tmpvjsfcl4n']
[2025-03-22T04:18:06.543+0000] {standard_task_runner.py:105} INFO - Job 230: Subtask fetch_weather_weatherapi
[2025-03-22T04:18:07.446+0000] {task_command.py:467} INFO - Running <TaskInstance: weather-data-pipeline.fetch_weather_weatherapi manual__2025-03-22T04:17:48.013302+00:00 [running]> on host c25e9da6226b
[2025-03-22T04:18:28.121+0000] {taskinstance.py:3134} INFO - Exporting env vars: AIRFLOW_CTX_DAG_OWNER='***' AIRFLOW_CTX_DAG_ID='weather-data-pipeline' AIRFLOW_CTX_TASK_ID='fetch_weather_weatherapi' AIRFLOW_CTX_EXECUTION_DATE='2025-03-22T04:17:48.013302+00:00' AIRFLOW_CTX_TRY_NUMBER='1' AIRFLOW_CTX_DAG_RUN_ID='manual__2025-03-22T04:17:48.013302+00:00'
[2025-03-22T04:18:28.143+0000] {taskinstance.py:732} INFO - ::endgroup::
[2025-03-22T04:18:35.756+0000] {python.py:240} INFO - Done. Returned value was:                datetime  ...                                id
0   2025-03-15 00:00:00  ...  7df55144b9422f90ca66161012c4c4f2
1   2025-03-15 01:00:00  ...  99f39444b046910f08cc8a248363a0a9
2   2025-03-15 02:00:00  ...  92d5289ddd323e305d5a58120cfca259
3   2025-03-15 03:00:00  ...  1b70e08d7ab0a6d7837f27bff2848d42
4   2025-03-15 04:00:00  ...  01e5b4ce86b05746a6c2452e154c5a8f
..                  ...  ...                               ...
163 2025-03-21 19:00:00  ...  59b2bedb6683b686b039de963ea1759c
164 2025-03-21 20:00:00  ...  10d2d18ff0029835dc4f9f06d0bab4e1
165 2025-03-21 21:00:00  ...  dcc1e4ef0360e462e5988e06711c7aa5
166 2025-03-21 22:00:00  ...  1eaf0a6ee1474716ddfd4e784d053644
167 2025-03-21 23:00:00  ...  62cd57817b62b02e8d2012af498899d0

[168 rows x 6 columns]
[2025-03-22T04:18:35.919+0000] {taskinstance.py:341} INFO - ::group::Post task execution logs
[2025-03-22T04:18:35.922+0000] {taskinstance.py:353} INFO - Marking task as SUCCESS. dag_id=weather-data-pipeline, task_id=fetch_weather_weatherapi, run_id=manual__2025-03-22T04:17:48.013302+00:00, execution_date=20250322T041748, start_date=20250322T041805, end_date=20250322T041835
[2025-03-22T04:18:36.161+0000] {local_task_job_runner.py:266} INFO - Task exited with return code 0
[2025-03-22T04:18:39.230+0000] {standard_task_runner.py:217} INFO - Process not found (most likely exited), stop collecting metrics
[2025-03-22T04:18:39.374+0000] {taskinstance.py:3901} INFO - 1 downstream tasks scheduled from follow-on schedule check
[2025-03-22T04:18:39.389+0000] {local_task_job_runner.py:245} INFO - ::endgroup::
