[2025-03-21T16:44:13.194+0000] {local_task_job_runner.py:123} INFO - ::group::Pre task execution logs
[2025-03-21T16:44:13.250+0000] {taskinstance.py:2614} INFO - Dependencies all met for dep_context=non-requeueable deps ti=<TaskInstance: first-dag.store_data scheduled__2025-03-20T00:00:00+00:00 [queued]>
[2025-03-21T16:44:13.277+0000] {taskinstance.py:2614} INFO - Dependencies all met for dep_context=requeueable deps ti=<TaskInstance: first-dag.store_data scheduled__2025-03-20T00:00:00+00:00 [queued]>
[2025-03-21T16:44:13.278+0000] {taskinstance.py:2867} INFO - Starting attempt 1 of 2
[2025-03-21T16:44:13.320+0000] {taskinstance.py:2890} INFO - Executing <Task(PythonOperator): store_data> on 2025-03-20 00:00:00+00:00
[2025-03-21T16:44:13.344+0000] {warnings.py:112} WARNING - /home/***/.local/lib/python3.12/site-packages/***/task/task_runner/standard_task_runner.py:70: DeprecationWarning: This process (pid=90) is multi-threaded, use of fork() may lead to deadlocks in the child.
  pid = os.fork()

[2025-03-21T16:44:13.349+0000] {standard_task_runner.py:72} INFO - Started process 95 to run task
[2025-03-21T16:44:13.351+0000] {standard_task_runner.py:104} INFO - Running: ['***', 'tasks', 'run', 'first-dag', 'store_data', 'scheduled__2025-03-20T00:00:00+00:00', '--job-id', '47', '--raw', '--subdir', 'DAGS_FOLDER/first-dag.py', '--cfg-path', '/tmp/tmpuebm18ok']
[2025-03-21T16:44:13.361+0000] {standard_task_runner.py:105} INFO - Job 47: Subtask store_data
[2025-03-21T16:44:14.239+0000] {task_command.py:467} INFO - Running <TaskInstance: first-dag.store_data scheduled__2025-03-20T00:00:00+00:00 [running]> on host c25e9da6226b
[2025-03-21T16:44:14.762+0000] {taskinstance.py:3134} INFO - Exporting env vars: AIRFLOW_CTX_DAG_OWNER='***' AIRFLOW_CTX_DAG_ID='first-dag' AIRFLOW_CTX_TASK_ID='store_data' AIRFLOW_CTX_EXECUTION_DATE='2025-03-20T00:00:00+00:00' AIRFLOW_CTX_TRY_NUMBER='1' AIRFLOW_CTX_DAG_RUN_ID='scheduled__2025-03-20T00:00:00+00:00'
[2025-03-21T16:44:14.773+0000] {taskinstance.py:732} INFO - ::endgroup::
[2025-03-21T16:44:14.905+0000] {base.py:84} INFO - Retrieving connection 'rizqi-db'
[2025-03-21T16:44:15.761+0000] {python.py:240} INFO - Done. Returned value was: None
[2025-03-21T16:44:15.798+0000] {taskinstance.py:341} INFO - ::group::Post task execution logs
[2025-03-21T16:44:15.801+0000] {taskinstance.py:353} INFO - Marking task as SUCCESS. dag_id=first-dag, task_id=store_data, run_id=scheduled__2025-03-20T00:00:00+00:00, execution_date=20250320T000000, start_date=20250321T164413, end_date=20250321T164415
[2025-03-21T16:44:16.041+0000] {local_task_job_runner.py:266} INFO - Task exited with return code 0
[2025-03-21T16:44:16.821+0000] {taskinstance.py:3901} INFO - 0 downstream tasks scheduled from follow-on schedule check
[2025-03-21T16:44:16.836+0000] {local_task_job_runner.py:245} INFO - ::endgroup::
