[2025-03-22T04:18:04.563+0000] {local_task_job_runner.py:123} INFO - ::group::Pre task execution logs
[2025-03-22T04:18:05.331+0000] {taskinstance.py:2614} INFO - Dependencies all met for dep_context=non-requeueable deps ti=<TaskInstance: weather-data-pipeline.fetch_weather_openmeteo manual__2025-03-22T04:17:48.013302+00:00 [queued]>
[2025-03-22T04:18:05.542+0000] {taskinstance.py:2614} INFO - Dependencies all met for dep_context=requeueable deps ti=<TaskInstance: weather-data-pipeline.fetch_weather_openmeteo manual__2025-03-22T04:17:48.013302+00:00 [queued]>
[2025-03-22T04:18:05.559+0000] {taskinstance.py:2867} INFO - Starting attempt 1 of 2
[2025-03-22T04:18:05.764+0000] {taskinstance.py:2890} INFO - Executing <Task(PythonOperator): fetch_weather_openmeteo> on 2025-03-22 04:17:48.013302+00:00
[2025-03-22T04:18:06.251+0000] {warnings.py:112} WARNING - /home/***/.local/lib/python3.12/site-packages/***/task/task_runner/standard_task_runner.py:70: DeprecationWarning: This process (pid=423) is multi-threaded, use of fork() may lead to deadlocks in the child.
  pid = os.fork()

[2025-03-22T04:18:06.360+0000] {standard_task_runner.py:104} INFO - Running: ['***', 'tasks', 'run', 'weather-data-pipeline', 'fetch_weather_openmeteo', 'manual__2025-03-22T04:17:48.013302+00:00', '--job-id', '231', '--raw', '--subdir', 'DAGS_FOLDER/weather-data-pipeline.py', '--cfg-path', '/tmp/tmpqcxe3ksi']
[2025-03-22T04:18:06.489+0000] {standard_task_runner.py:105} INFO - Job 231: Subtask fetch_weather_openmeteo
[2025-03-22T04:18:06.479+0000] {standard_task_runner.py:72} INFO - Started process 435 to run task
[2025-03-22T04:18:07.362+0000] {task_command.py:467} INFO - Running <TaskInstance: weather-data-pipeline.fetch_weather_openmeteo manual__2025-03-22T04:17:48.013302+00:00 [running]> on host c25e9da6226b
[2025-03-22T04:18:28.148+0000] {taskinstance.py:3134} INFO - Exporting env vars: AIRFLOW_CTX_DAG_OWNER='***' AIRFLOW_CTX_DAG_ID='weather-data-pipeline' AIRFLOW_CTX_TASK_ID='fetch_weather_openmeteo' AIRFLOW_CTX_EXECUTION_DATE='2025-03-22T04:17:48.013302+00:00' AIRFLOW_CTX_TRY_NUMBER='1' AIRFLOW_CTX_DAG_RUN_ID='manual__2025-03-22T04:17:48.013302+00:00'
[2025-03-22T04:18:28.170+0000] {taskinstance.py:732} INFO - ::endgroup::
[2025-03-22T04:18:30.443+0000] {python.py:240} INFO - Done. Returned value was:                datetime  ...                                id
0   2025-03-15 00:00:00  ...  2f667e582722e7bfcc8c49373e7b1230
1   2025-03-15 01:00:00  ...  53f1db584152f7792d81b9fbd7f52ca0
2   2025-03-15 02:00:00  ...  551c49b66175ce3a497fc2e18ce604fa
3   2025-03-15 03:00:00  ...  741d65a2b99c99d5fe68591377691a64
4   2025-03-15 04:00:00  ...  a91776b020cc7659dc75e43c9bf3dd76
..                  ...  ...                               ...
331 2025-03-28 19:00:00  ...  82bace31ccf535a12c230bd007e74e1f
332 2025-03-28 20:00:00  ...  68940bd488f1bb0d6b44dbc73aa42ae7
333 2025-03-28 21:00:00  ...  296be3fd5649c23a50f62c2636cca692
334 2025-03-28 22:00:00  ...  8757850d378d2c1fe6084046eab4c105
335 2025-03-28 23:00:00  ...  4dd715704408015a5d87f3a0c5434ae6

[336 rows x 6 columns]
[2025-03-22T04:18:30.828+0000] {taskinstance.py:341} INFO - ::group::Post task execution logs
[2025-03-22T04:18:30.835+0000] {taskinstance.py:353} INFO - Marking task as SUCCESS. dag_id=weather-data-pipeline, task_id=fetch_weather_openmeteo, run_id=manual__2025-03-22T04:17:48.013302+00:00, execution_date=20250322T041748, start_date=20250322T041805, end_date=20250322T041830
[2025-03-22T04:18:31.041+0000] {local_task_job_runner.py:266} INFO - Task exited with return code 0
[2025-03-22T04:18:32.674+0000] {standard_task_runner.py:217} INFO - Process not found (most likely exited), stop collecting metrics
[2025-03-22T04:18:32.788+0000] {taskinstance.py:3901} INFO - 0 downstream tasks scheduled from follow-on schedule check
[2025-03-22T04:18:32.793+0000] {local_task_job_runner.py:245} INFO - ::endgroup::
