[2025-03-22T02:19:45.069+0000] {local_task_job_runner.py:123} INFO - ::group::Pre task execution logs
[2025-03-22T02:19:45.132+0000] {taskinstance.py:2614} INFO - Dependencies all met for dep_context=non-requeueable deps ti=<TaskInstance: weather-data-pipeline.create_insert_mart_tables scheduled__2025-03-22T00:00:00+00:00 [queued]>
[2025-03-22T02:19:45.158+0000] {taskinstance.py:2614} INFO - Dependencies all met for dep_context=requeueable deps ti=<TaskInstance: weather-data-pipeline.create_insert_mart_tables scheduled__2025-03-22T00:00:00+00:00 [queued]>
[2025-03-22T02:19:45.159+0000] {taskinstance.py:2867} INFO - Starting attempt 1 of 2
[2025-03-22T02:19:45.201+0000] {taskinstance.py:2890} INFO - Executing <Task(PythonOperator): create_insert_mart_tables> on 2025-03-22 00:00:00+00:00
[2025-03-22T02:19:45.243+0000] {standard_task_runner.py:104} INFO - Running: ['***', 'tasks', 'run', 'weather-data-pipeline', 'create_insert_mart_tables', 'scheduled__2025-03-22T00:00:00+00:00', '--job-id', '210', '--raw', '--subdir', 'DAGS_FOLDER/weather-data-pipeline.py', '--cfg-path', '/tmp/tmpjqjul3mz']
[2025-03-22T02:19:45.250+0000] {warnings.py:112} WARNING - /home/***/.local/lib/python3.12/site-packages/***/task/task_runner/standard_task_runner.py:70: DeprecationWarning: This process (pid=5682) is multi-threaded, use of fork() may lead to deadlocks in the child.
  pid = os.fork()

[2025-03-22T02:19:45.251+0000] {standard_task_runner.py:72} INFO - Started process 5685 to run task
[2025-03-22T02:19:45.251+0000] {standard_task_runner.py:105} INFO - Job 210: Subtask create_insert_mart_tables
[2025-03-22T02:19:45.774+0000] {task_command.py:467} INFO - Running <TaskInstance: weather-data-pipeline.create_insert_mart_tables scheduled__2025-03-22T00:00:00+00:00 [running]> on host c25e9da6226b
[2025-03-22T02:19:46.218+0000] {taskinstance.py:3134} INFO - Exporting env vars: AIRFLOW_CTX_DAG_OWNER='***' AIRFLOW_CTX_DAG_ID='weather-data-pipeline' AIRFLOW_CTX_TASK_ID='create_insert_mart_tables' AIRFLOW_CTX_EXECUTION_DATE='2025-03-22T00:00:00+00:00' AIRFLOW_CTX_TRY_NUMBER='1' AIRFLOW_CTX_DAG_RUN_ID='scheduled__2025-03-22T00:00:00+00:00'
[2025-03-22T02:19:46.223+0000] {taskinstance.py:732} INFO - ::endgroup::
[2025-03-22T02:19:46.323+0000] {base.py:84} INFO - Retrieving connection 'rizqi-neon'
[2025-03-22T02:19:47.000+0000] {python.py:240} INFO - Done. Returned value was: None
[2025-03-22T02:19:47.033+0000] {taskinstance.py:341} INFO - ::group::Post task execution logs
[2025-03-22T02:19:47.035+0000] {taskinstance.py:353} INFO - Marking task as SUCCESS. dag_id=weather-data-pipeline, task_id=create_insert_mart_tables, run_id=scheduled__2025-03-22T00:00:00+00:00, execution_date=20250322T000000, start_date=20250322T021945, end_date=20250322T021947
[2025-03-22T02:19:47.180+0000] {local_task_job_runner.py:266} INFO - Task exited with return code 0
[2025-03-22T02:19:47.682+0000] {taskinstance.py:3901} INFO - 0 downstream tasks scheduled from follow-on schedule check
[2025-03-22T02:19:47.685+0000] {local_task_job_runner.py:245} INFO - ::endgroup::
