[2025-03-21T16:44:13.175+0000] {local_task_job_runner.py:123} INFO - ::group::Pre task execution logs
[2025-03-21T16:44:13.235+0000] {taskinstance.py:2614} INFO - Dependencies all met for dep_context=non-requeueable deps ti=<TaskInstance: first-dag.store_data scheduled__2025-03-17T00:00:00+00:00 [queued]>
[2025-03-21T16:44:13.264+0000] {taskinstance.py:2614} INFO - Dependencies all met for dep_context=requeueable deps ti=<TaskInstance: first-dag.store_data scheduled__2025-03-17T00:00:00+00:00 [queued]>
[2025-03-21T16:44:13.266+0000] {taskinstance.py:2867} INFO - Starting attempt 1 of 2
[2025-03-21T16:44:13.300+0000] {taskinstance.py:2890} INFO - Executing <Task(PythonOperator): store_data> on 2025-03-17 00:00:00+00:00
[2025-03-21T16:44:13.327+0000] {warnings.py:112} WARNING - /home/***/.local/lib/python3.12/site-packages/***/task/task_runner/standard_task_runner.py:70: DeprecationWarning: This process (pid=89) is multi-threaded, use of fork() may lead to deadlocks in the child.
  pid = os.fork()

[2025-03-21T16:44:13.333+0000] {standard_task_runner.py:72} INFO - Started process 93 to run task
[2025-03-21T16:44:13.335+0000] {standard_task_runner.py:104} INFO - Running: ['***', 'tasks', 'run', 'first-dag', 'store_data', 'scheduled__2025-03-17T00:00:00+00:00', '--job-id', '46', '--raw', '--subdir', 'DAGS_FOLDER/first-dag.py', '--cfg-path', '/tmp/tmp2mjedbap']
[2025-03-21T16:44:13.342+0000] {standard_task_runner.py:105} INFO - Job 46: Subtask store_data
[2025-03-21T16:44:14.431+0000] {task_command.py:467} INFO - Running <TaskInstance: first-dag.store_data scheduled__2025-03-17T00:00:00+00:00 [running]> on host c25e9da6226b
[2025-03-21T16:44:14.920+0000] {taskinstance.py:3134} INFO - Exporting env vars: AIRFLOW_CTX_DAG_OWNER='***' AIRFLOW_CTX_DAG_ID='first-dag' AIRFLOW_CTX_TASK_ID='store_data' AIRFLOW_CTX_EXECUTION_DATE='2025-03-17T00:00:00+00:00' AIRFLOW_CTX_TRY_NUMBER='1' AIRFLOW_CTX_DAG_RUN_ID='scheduled__2025-03-17T00:00:00+00:00'
[2025-03-21T16:44:14.926+0000] {taskinstance.py:732} INFO - ::endgroup::
[2025-03-21T16:44:15.262+0000] {base.py:84} INFO - Retrieving connection 'rizqi-db'
[2025-03-21T16:44:15.761+0000] {python.py:240} INFO - Done. Returned value was: None
[2025-03-21T16:44:15.825+0000] {taskinstance.py:341} INFO - ::group::Post task execution logs
[2025-03-21T16:44:15.829+0000] {taskinstance.py:353} INFO - Marking task as SUCCESS. dag_id=first-dag, task_id=store_data, run_id=scheduled__2025-03-17T00:00:00+00:00, execution_date=20250317T000000, start_date=20250321T164413, end_date=20250321T164415
[2025-03-21T16:44:16.052+0000] {local_task_job_runner.py:266} INFO - Task exited with return code 0
[2025-03-21T16:44:16.136+0000] {taskinstance.py:3901} INFO - 0 downstream tasks scheduled from follow-on schedule check
[2025-03-21T16:44:16.142+0000] {local_task_job_runner.py:245} INFO - ::endgroup::
