[2025-03-22T00:00:13.730+0000] {local_task_job_runner.py:123} INFO - ::group::Pre task execution logs
[2025-03-22T00:00:13.751+0000] {taskinstance.py:2614} INFO - Dependencies all met for dep_context=non-requeueable deps ti=<TaskInstance: weather-data-pipeline.create_insert_dim_tables scheduled__2025-03-21T23:00:00+00:00 [queued]>
[2025-03-22T00:00:13.762+0000] {taskinstance.py:2614} INFO - Dependencies all met for dep_context=requeueable deps ti=<TaskInstance: weather-data-pipeline.create_insert_dim_tables scheduled__2025-03-21T23:00:00+00:00 [queued]>
[2025-03-22T00:00:13.763+0000] {taskinstance.py:2867} INFO - Starting attempt 1 of 2
[2025-03-22T00:00:13.777+0000] {taskinstance.py:2890} INFO - Executing <Task(PythonOperator): create_insert_dim_tables> on 2025-03-21 23:00:00+00:00
[2025-03-22T00:00:13.783+0000] {warnings.py:112} WARNING - /home/***/.local/lib/python3.12/site-packages/***/task/task_runner/standard_task_runner.py:70: DeprecationWarning: This process (pid=5473) is multi-threaded, use of fork() may lead to deadlocks in the child.
  pid = os.fork()

[2025-03-22T00:00:13.785+0000] {standard_task_runner.py:72} INFO - Started process 5477 to run task
[2025-03-22T00:00:13.785+0000] {standard_task_runner.py:104} INFO - Running: ['***', 'tasks', 'run', 'weather-data-pipeline', 'create_insert_dim_tables', 'scheduled__2025-03-21T23:00:00+00:00', '--job-id', '193', '--raw', '--subdir', 'DAGS_FOLDER/weather-data-pipeline.py', '--cfg-path', '/tmp/tmpp78gda1g']
[2025-03-22T00:00:13.787+0000] {standard_task_runner.py:105} INFO - Job 193: Subtask create_insert_dim_tables
[2025-03-22T00:00:14.034+0000] {task_command.py:467} INFO - Running <TaskInstance: weather-data-pipeline.create_insert_dim_tables scheduled__2025-03-21T23:00:00+00:00 [running]> on host c25e9da6226b
[2025-03-22T00:00:14.124+0000] {taskinstance.py:3134} INFO - Exporting env vars: AIRFLOW_CTX_DAG_OWNER='***' AIRFLOW_CTX_DAG_ID='weather-data-pipeline' AIRFLOW_CTX_TASK_ID='create_insert_dim_tables' AIRFLOW_CTX_EXECUTION_DATE='2025-03-21T23:00:00+00:00' AIRFLOW_CTX_TRY_NUMBER='1' AIRFLOW_CTX_DAG_RUN_ID='scheduled__2025-03-21T23:00:00+00:00'
[2025-03-22T00:00:14.126+0000] {taskinstance.py:732} INFO - ::endgroup::
[2025-03-22T00:00:14.146+0000] {base.py:84} INFO - Retrieving connection 'rizqi-neon'
[2025-03-22T00:00:14.504+0000] {python.py:240} INFO - Done. Returned value was: None
[2025-03-22T00:00:14.516+0000] {taskinstance.py:341} INFO - ::group::Post task execution logs
[2025-03-22T00:00:14.517+0000] {taskinstance.py:353} INFO - Marking task as SUCCESS. dag_id=weather-data-pipeline, task_id=create_insert_dim_tables, run_id=scheduled__2025-03-21T23:00:00+00:00, execution_date=20250321T230000, start_date=20250322T000013, end_date=20250322T000014
[2025-03-22T00:00:14.563+0000] {local_task_job_runner.py:266} INFO - Task exited with return code 0
[2025-03-22T00:00:14.752+0000] {taskinstance.py:3901} INFO - 1 downstream tasks scheduled from follow-on schedule check
[2025-03-22T00:00:14.764+0000] {local_task_job_runner.py:245} INFO - ::endgroup::
