[2025-03-21T18:00:02.742+0000] {local_task_job_runner.py:123} INFO - ::group::Pre task execution logs
[2025-03-21T18:00:02.873+0000] {taskinstance.py:2614} INFO - Dependencies all met for dep_context=non-requeueable deps ti=<TaskInstance: weather-two-source.create_table_if_not_exists scheduled__2025-03-21T17:00:00+00:00 [queued]>
[2025-03-21T18:00:02.900+0000] {taskinstance.py:2614} INFO - Dependencies all met for dep_context=requeueable deps ti=<TaskInstance: weather-two-source.create_table_if_not_exists scheduled__2025-03-21T17:00:00+00:00 [queued]>
[2025-03-21T18:00:02.902+0000] {taskinstance.py:2867} INFO - Starting attempt 1 of 2
[2025-03-21T18:00:02.960+0000] {taskinstance.py:2890} INFO - Executing <Task(PythonOperator): create_table_if_not_exists> on 2025-03-21 17:00:00+00:00
[2025-03-21T18:00:02.981+0000] {warnings.py:112} WARNING - /home/***/.local/lib/python3.12/site-packages/***/task/task_runner/standard_task_runner.py:70: DeprecationWarning: This process (pid=468) is multi-threaded, use of fork() may lead to deadlocks in the child.
  pid = os.fork()

[2025-03-21T18:00:02.987+0000] {standard_task_runner.py:72} INFO - Started process 470 to run task
[2025-03-21T18:00:02.982+0000] {standard_task_runner.py:104} INFO - Running: ['***', 'tasks', 'run', 'weather-two-source', 'create_table_if_not_exists', 'scheduled__2025-03-21T17:00:00+00:00', '--job-id', '81', '--raw', '--subdir', 'DAGS_FOLDER/weather-two-source.py', '--cfg-path', '/tmp/tmpcwlgrx4a']
[2025-03-21T18:00:02.991+0000] {standard_task_runner.py:105} INFO - Job 81: Subtask create_table_if_not_exists
[2025-03-21T18:00:03.120+0000] {task_command.py:467} INFO - Running <TaskInstance: weather-two-source.create_table_if_not_exists scheduled__2025-03-21T17:00:00+00:00 [running]> on host c25e9da6226b
[2025-03-21T18:00:03.755+0000] {taskinstance.py:3134} INFO - Exporting env vars: AIRFLOW_CTX_DAG_OWNER='***' AIRFLOW_CTX_DAG_ID='weather-two-source' AIRFLOW_CTX_TASK_ID='create_table_if_not_exists' AIRFLOW_CTX_EXECUTION_DATE='2025-03-21T17:00:00+00:00' AIRFLOW_CTX_TRY_NUMBER='1' AIRFLOW_CTX_DAG_RUN_ID='scheduled__2025-03-21T17:00:00+00:00'
[2025-03-21T18:00:03.758+0000] {taskinstance.py:732} INFO - ::endgroup::
[2025-03-21T18:00:03.831+0000] {base.py:84} INFO - Retrieving connection 'rizqi-neon'
[2025-03-21T18:00:04.164+0000] {python.py:240} INFO - Done. Returned value was: None
[2025-03-21T18:00:04.204+0000] {taskinstance.py:341} INFO - ::group::Post task execution logs
[2025-03-21T18:00:04.207+0000] {taskinstance.py:353} INFO - Marking task as SUCCESS. dag_id=weather-two-source, task_id=create_table_if_not_exists, run_id=scheduled__2025-03-21T17:00:00+00:00, execution_date=20250321T170000, start_date=20250321T180002, end_date=20250321T180004
[2025-03-21T18:00:04.385+0000] {local_task_job_runner.py:266} INFO - Task exited with return code 0
[2025-03-21T18:00:04.780+0000] {taskinstance.py:3901} INFO - 3 downstream tasks scheduled from follow-on schedule check
[2025-03-21T18:00:04.786+0000] {local_task_job_runner.py:245} INFO - ::endgroup::
