[2025-03-21T18:20:33.911+0000] {local_task_job_runner.py:123} INFO - ::group::Pre task execution logs
[2025-03-21T18:20:34.029+0000] {taskinstance.py:2614} INFO - Dependencies all met for dep_context=non-requeueable deps ti=<TaskInstance: weather-two-source.fetch_weather_tomorrow manual__2025-03-21T18:20:16.103446+00:00 [queued]>
[2025-03-21T18:20:34.073+0000] {taskinstance.py:2614} INFO - Dependencies all met for dep_context=requeueable deps ti=<TaskInstance: weather-two-source.fetch_weather_tomorrow manual__2025-03-21T18:20:16.103446+00:00 [queued]>
[2025-03-21T18:20:34.080+0000] {taskinstance.py:2867} INFO - Starting attempt 1 of 2
[2025-03-21T18:20:34.152+0000] {taskinstance.py:2890} INFO - Executing <Task(PythonOperator): fetch_weather_tomorrow> on 2025-03-21 18:20:16.103446+00:00
[2025-03-21T18:20:34.184+0000] {warnings.py:112} WARNING - /home/***/.local/lib/python3.12/site-packages/***/task/task_runner/standard_task_runner.py:70: DeprecationWarning: This process (pid=773) is multi-threaded, use of fork() may lead to deadlocks in the child.
  pid = os.fork()

[2025-03-21T18:20:34.192+0000] {standard_task_runner.py:72} INFO - Started process 780 to run task
[2025-03-21T18:20:34.190+0000] {standard_task_runner.py:104} INFO - Running: ['***', 'tasks', 'run', 'weather-two-source', 'fetch_weather_tomorrow', 'manual__2025-03-21T18:20:16.103446+00:00', '--job-id', '96', '--raw', '--subdir', 'DAGS_FOLDER/weather-two-source.py', '--cfg-path', '/tmp/tmp3d2w5s76']
[2025-03-21T18:20:34.201+0000] {standard_task_runner.py:105} INFO - Job 96: Subtask fetch_weather_tomorrow
[2025-03-21T18:20:35.721+0000] {task_command.py:467} INFO - Running <TaskInstance: weather-two-source.fetch_weather_tomorrow manual__2025-03-21T18:20:16.103446+00:00 [running]> on host c25e9da6226b
[2025-03-21T18:20:35.960+0000] {taskinstance.py:3134} INFO - Exporting env vars: AIRFLOW_CTX_DAG_OWNER='***' AIRFLOW_CTX_DAG_ID='weather-two-source' AIRFLOW_CTX_TASK_ID='fetch_weather_tomorrow' AIRFLOW_CTX_EXECUTION_DATE='2025-03-21T18:20:16.103446+00:00' AIRFLOW_CTX_TRY_NUMBER='1' AIRFLOW_CTX_DAG_RUN_ID='manual__2025-03-21T18:20:16.103446+00:00'
[2025-03-21T18:20:35.962+0000] {taskinstance.py:732} INFO - ::endgroup::
[2025-03-21T18:20:38.123+0000] {python.py:240} INFO - Done. Returned value was:                                    id  ...                 created_at
0    b2bd0b3c4f0bd33f962b5e887ea4390d  ... 2025-03-21 18:20:36.635849
1    52390f6615815f3a4a42b453eb76363c  ... 2025-03-21 18:20:36.672602
2    be071f2658179672c42d0ee26ebd5c37  ... 2025-03-21 18:20:36.682679
3    c9e6fb6e4fd2091d238b86547401e76a  ... 2025-03-21 18:20:36.697489
4    cb8e8056f1091aa7e17e386d183efd1f  ... 2025-03-21 18:20:36.709761
..                                ...  ...                        ...
116  51229e011e66c3495a4c592cb2a4aa72  ... 2025-03-21 18:20:38.070321
117  24429a9906b22dde77071262f18c9965  ... 2025-03-21 18:20:38.078148
118  12fa5684f2a179a22ddc8a7aba189067  ... 2025-03-21 18:20:38.083563
119  5a86237697e6f0ae9fb2d1be0c98bbe2  ... 2025-03-21 18:20:38.091287
120  324ed0bddcd08ec445999db4a0e66825  ... 2025-03-21 18:20:38.101934

[121 rows x 6 columns]
[2025-03-21T18:20:38.235+0000] {taskinstance.py:341} INFO - ::group::Post task execution logs
[2025-03-21T18:20:38.237+0000] {taskinstance.py:353} INFO - Marking task as SUCCESS. dag_id=weather-two-source, task_id=fetch_weather_tomorrow, run_id=manual__2025-03-21T18:20:16.103446+00:00, execution_date=20250321T182016, start_date=20250321T182034, end_date=20250321T182038
[2025-03-21T18:20:38.348+0000] {local_task_job_runner.py:266} INFO - Task exited with return code 0
[2025-03-21T18:20:38.831+0000] {taskinstance.py:3901} INFO - 1 downstream tasks scheduled from follow-on schedule check
[2025-03-21T18:20:38.835+0000] {local_task_job_runner.py:245} INFO - ::endgroup::
