[2025-03-21T19:00:14.621+0000] {local_task_job_runner.py:123} INFO - ::group::Pre task execution logs
[2025-03-21T19:00:15.174+0000] {taskinstance.py:2614} INFO - Dependencies all met for dep_context=non-requeueable deps ti=<TaskInstance: weather-two-source.create_insert_fact_tables scheduled__2025-03-21T18:00:00+00:00 [queued]>
[2025-03-21T19:00:15.273+0000] {taskinstance.py:2614} INFO - Dependencies all met for dep_context=requeueable deps ti=<TaskInstance: weather-two-source.create_insert_fact_tables scheduled__2025-03-21T18:00:00+00:00 [queued]>
[2025-03-21T19:00:15.282+0000] {taskinstance.py:2867} INFO - Starting attempt 1 of 2
[2025-03-21T19:00:15.441+0000] {taskinstance.py:2890} INFO - Executing <Task(PythonOperator): create_insert_fact_tables> on 2025-03-21 18:00:00+00:00
[2025-03-21T19:00:15.555+0000] {warnings.py:112} WARNING - /home/***/.local/lib/python3.12/site-packages/***/task/task_runner/standard_task_runner.py:70: DeprecationWarning: This process (pid=1345) is multi-threaded, use of fork() may lead to deadlocks in the child.
  pid = os.fork()

[2025-03-21T19:00:15.614+0000] {standard_task_runner.py:72} INFO - Started process 1356 to run task
[2025-03-21T19:00:15.636+0000] {standard_task_runner.py:104} INFO - Running: ['***', 'tasks', 'run', 'weather-two-source', 'create_insert_fact_tables', 'scheduled__2025-03-21T18:00:00+00:00', '--job-id', '123', '--raw', '--subdir', 'DAGS_FOLDER/weather-two-source.py', '--cfg-path', '/tmp/tmp2_3zhb53']
[2025-03-21T19:00:15.721+0000] {standard_task_runner.py:105} INFO - Job 123: Subtask create_insert_fact_tables
[2025-03-21T19:00:16.852+0000] {task_command.py:467} INFO - Running <TaskInstance: weather-two-source.create_insert_fact_tables scheduled__2025-03-21T18:00:00+00:00 [running]> on host c25e9da6226b
[2025-03-21T19:00:30.203+0000] {taskinstance.py:3134} INFO - Exporting env vars: AIRFLOW_CTX_DAG_OWNER='***' AIRFLOW_CTX_DAG_ID='weather-two-source' AIRFLOW_CTX_TASK_ID='create_insert_fact_tables' AIRFLOW_CTX_EXECUTION_DATE='2025-03-21T18:00:00+00:00' AIRFLOW_CTX_TRY_NUMBER='1' AIRFLOW_CTX_DAG_RUN_ID='scheduled__2025-03-21T18:00:00+00:00'
[2025-03-21T19:00:30.208+0000] {taskinstance.py:732} INFO - ::endgroup::
[2025-03-21T19:00:30.330+0000] {base.py:84} INFO - Retrieving connection 'rizqi-neon'
[2025-03-21T19:00:31.956+0000] {python.py:240} INFO - Done. Returned value was: None
[2025-03-21T19:00:31.985+0000] {taskinstance.py:341} INFO - ::group::Post task execution logs
[2025-03-21T19:00:31.987+0000] {taskinstance.py:353} INFO - Marking task as SUCCESS. dag_id=weather-two-source, task_id=create_insert_fact_tables, run_id=scheduled__2025-03-21T18:00:00+00:00, execution_date=20250321T180000, start_date=20250321T190015, end_date=20250321T190031
[2025-03-21T19:00:36.096+0000] {local_task_job_runner.py:266} INFO - Task exited with return code 0
[2025-03-21T19:00:37.588+0000] {taskinstance.py:3901} INFO - 0 downstream tasks scheduled from follow-on schedule check
[2025-03-21T19:00:37.591+0000] {local_task_job_runner.py:245} INFO - ::endgroup::
