[2025-03-17T06:03:57.700+0000] {processor.py:186} INFO - Started process (PID=138) to work on /home/airflow/.local/lib/python3.12/site-packages/airflow/example_dags/example_external_task_marker_dag.py
[2025-03-17T06:03:57.703+0000] {processor.py:914} INFO - Processing file /home/airflow/.local/lib/python3.12/site-packages/airflow/example_dags/example_external_task_marker_dag.py for tasks to queue
[2025-03-17T06:03:57.713+0000] {logging_mixin.py:190} INFO - [2025-03-17T06:03:57.711+0000] {dagbag.py:588} INFO - Filling up the DagBag from /home/airflow/.local/lib/python3.12/site-packages/airflow/example_dags/example_external_task_marker_dag.py
[2025-03-17T06:03:57.745+0000] {processor.py:925} INFO - DAG(s) 'example_external_task_marker_parent', 'example_external_task_marker_child' retrieved from /home/airflow/.local/lib/python3.12/site-packages/airflow/example_dags/example_external_task_marker_dag.py
[2025-03-17T06:03:58.343+0000] {logging_mixin.py:190} INFO - [2025-03-17T06:03:58.341+0000] {override.py:1912} INFO - Created Permission View: can edit on DAG:example_external_task_marker_parent
[2025-03-17T06:03:58.401+0000] {logging_mixin.py:190} INFO - [2025-03-17T06:03:58.400+0000] {override.py:1912} INFO - Created Permission View: can read on DAG:example_external_task_marker_parent
[2025-03-17T06:03:58.430+0000] {logging_mixin.py:190} INFO - [2025-03-17T06:03:58.429+0000] {override.py:1912} INFO - Created Permission View: can delete on DAG:example_external_task_marker_parent
[2025-03-17T06:03:58.478+0000] {logging_mixin.py:190} INFO - [2025-03-17T06:03:58.478+0000] {override.py:1912} INFO - Created Permission View: menu access on DAG Run:example_external_task_marker_parent
[2025-03-17T06:03:58.510+0000] {logging_mixin.py:190} INFO - [2025-03-17T06:03:58.509+0000] {override.py:1912} INFO - Created Permission View: can create on DAG Run:example_external_task_marker_parent
[2025-03-17T06:03:58.554+0000] {logging_mixin.py:190} INFO - [2025-03-17T06:03:58.553+0000] {override.py:1912} INFO - Created Permission View: can read on DAG Run:example_external_task_marker_parent
[2025-03-17T06:03:58.598+0000] {logging_mixin.py:190} INFO - [2025-03-17T06:03:58.597+0000] {override.py:1912} INFO - Created Permission View: can delete on DAG Run:example_external_task_marker_parent
[2025-03-17T06:03:58.681+0000] {logging_mixin.py:190} INFO - [2025-03-17T06:03:58.680+0000] {override.py:1912} INFO - Created Permission View: can edit on DAG:example_external_task_marker_child
[2025-03-17T06:03:58.715+0000] {logging_mixin.py:190} INFO - [2025-03-17T06:03:58.710+0000] {override.py:1912} INFO - Created Permission View: can read on DAG:example_external_task_marker_child
[2025-03-17T06:03:58.747+0000] {logging_mixin.py:190} INFO - [2025-03-17T06:03:58.747+0000] {override.py:1912} INFO - Created Permission View: can delete on DAG:example_external_task_marker_child
[2025-03-17T06:03:58.789+0000] {logging_mixin.py:190} INFO - [2025-03-17T06:03:58.788+0000] {override.py:1912} INFO - Created Permission View: menu access on DAG Run:example_external_task_marker_child
[2025-03-17T06:03:58.837+0000] {logging_mixin.py:190} INFO - [2025-03-17T06:03:58.836+0000] {override.py:1912} INFO - Created Permission View: can create on DAG Run:example_external_task_marker_child
[2025-03-17T06:03:58.888+0000] {logging_mixin.py:190} INFO - [2025-03-17T06:03:58.887+0000] {override.py:1912} INFO - Created Permission View: can read on DAG Run:example_external_task_marker_child
[2025-03-17T06:03:58.935+0000] {logging_mixin.py:190} INFO - [2025-03-17T06:03:58.934+0000] {override.py:1912} INFO - Created Permission View: can delete on DAG Run:example_external_task_marker_child
[2025-03-17T06:03:58.939+0000] {logging_mixin.py:190} INFO - [2025-03-17T06:03:58.938+0000] {dag.py:3239} INFO - Sync 2 DAGs
[2025-03-17T06:03:59.046+0000] {logging_mixin.py:190} INFO - [2025-03-17T06:03:59.046+0000] {dag.py:3262} INFO - Creating ORM DAG for example_external_task_marker_child
[2025-03-17T06:03:59.084+0000] {logging_mixin.py:190} INFO - [2025-03-17T06:03:59.084+0000] {dag.py:3262} INFO - Creating ORM DAG for example_external_task_marker_parent
[2025-03-17T06:03:59.116+0000] {logging_mixin.py:190} INFO - [2025-03-17T06:03:59.116+0000] {dag.py:4180} INFO - Setting next_dagrun for example_external_task_marker_child to None, run_after=None
[2025-03-17T06:03:59.163+0000] {logging_mixin.py:190} INFO - [2025-03-17T06:03:59.163+0000] {dag.py:4180} INFO - Setting next_dagrun for example_external_task_marker_parent to None, run_after=None
[2025-03-17T06:03:59.379+0000] {processor.py:208} INFO - Processing /home/airflow/.local/lib/python3.12/site-packages/airflow/example_dags/example_external_task_marker_dag.py took 1.701 seconds
[2025-03-17T06:04:29.543+0000] {processor.py:186} INFO - Started process (PID=201) to work on /home/airflow/.local/lib/python3.12/site-packages/airflow/example_dags/example_external_task_marker_dag.py
[2025-03-17T06:04:29.544+0000] {processor.py:914} INFO - Processing file /home/airflow/.local/lib/python3.12/site-packages/airflow/example_dags/example_external_task_marker_dag.py for tasks to queue
[2025-03-17T06:04:29.548+0000] {logging_mixin.py:190} INFO - [2025-03-17T06:04:29.547+0000] {dagbag.py:588} INFO - Filling up the DagBag from /home/airflow/.local/lib/python3.12/site-packages/airflow/example_dags/example_external_task_marker_dag.py
[2025-03-17T06:04:29.559+0000] {processor.py:925} INFO - DAG(s) 'example_external_task_marker_parent', 'example_external_task_marker_child' retrieved from /home/airflow/.local/lib/python3.12/site-packages/airflow/example_dags/example_external_task_marker_dag.py
[2025-03-17T06:04:29.588+0000] {logging_mixin.py:190} INFO - [2025-03-17T06:04:29.588+0000] {dag.py:3239} INFO - Sync 2 DAGs
[2025-03-17T06:04:29.608+0000] {logging_mixin.py:190} INFO - [2025-03-17T06:04:29.608+0000] {dag.py:4180} INFO - Setting next_dagrun for example_external_task_marker_child to None, run_after=None
[2025-03-17T06:04:29.613+0000] {logging_mixin.py:190} INFO - [2025-03-17T06:04:29.613+0000] {dag.py:4180} INFO - Setting next_dagrun for example_external_task_marker_parent to None, run_after=None
[2025-03-17T06:04:29.636+0000] {processor.py:208} INFO - Processing /home/airflow/.local/lib/python3.12/site-packages/airflow/example_dags/example_external_task_marker_dag.py took 0.101 seconds
[2025-03-17T06:05:04.882+0000] {processor.py:186} INFO - Started process (PID=265) to work on /home/airflow/.local/lib/python3.12/site-packages/airflow/example_dags/example_external_task_marker_dag.py
[2025-03-17T06:05:04.885+0000] {processor.py:914} INFO - Processing file /home/airflow/.local/lib/python3.12/site-packages/airflow/example_dags/example_external_task_marker_dag.py for tasks to queue
[2025-03-17T06:05:04.892+0000] {logging_mixin.py:190} INFO - [2025-03-17T06:05:04.890+0000] {dagbag.py:588} INFO - Filling up the DagBag from /home/airflow/.local/lib/python3.12/site-packages/airflow/example_dags/example_external_task_marker_dag.py
[2025-03-17T06:05:04.915+0000] {processor.py:925} INFO - DAG(s) 'example_external_task_marker_child', 'example_external_task_marker_parent' retrieved from /home/airflow/.local/lib/python3.12/site-packages/airflow/example_dags/example_external_task_marker_dag.py
[2025-03-17T06:05:04.976+0000] {logging_mixin.py:190} INFO - [2025-03-17T06:05:04.976+0000] {dag.py:3239} INFO - Sync 2 DAGs
[2025-03-17T06:05:05.016+0000] {logging_mixin.py:190} INFO - [2025-03-17T06:05:05.016+0000] {dag.py:4180} INFO - Setting next_dagrun for example_external_task_marker_child to None, run_after=None
[2025-03-17T06:05:05.024+0000] {logging_mixin.py:190} INFO - [2025-03-17T06:05:05.024+0000] {dag.py:4180} INFO - Setting next_dagrun for example_external_task_marker_parent to None, run_after=None
[2025-03-17T06:05:05.072+0000] {processor.py:208} INFO - Processing /home/airflow/.local/lib/python3.12/site-packages/airflow/example_dags/example_external_task_marker_dag.py took 0.211 seconds
[2025-03-17T06:05:42.358+0000] {processor.py:186} INFO - Started process (PID=341) to work on /home/airflow/.local/lib/python3.12/site-packages/airflow/example_dags/example_external_task_marker_dag.py
[2025-03-17T06:05:42.361+0000] {processor.py:914} INFO - Processing file /home/airflow/.local/lib/python3.12/site-packages/airflow/example_dags/example_external_task_marker_dag.py for tasks to queue
[2025-03-17T06:05:42.370+0000] {logging_mixin.py:190} INFO - [2025-03-17T06:05:42.369+0000] {dagbag.py:588} INFO - Filling up the DagBag from /home/airflow/.local/lib/python3.12/site-packages/airflow/example_dags/example_external_task_marker_dag.py
[2025-03-17T06:05:42.398+0000] {processor.py:925} INFO - DAG(s) 'example_external_task_marker_child', 'example_external_task_marker_parent' retrieved from /home/airflow/.local/lib/python3.12/site-packages/airflow/example_dags/example_external_task_marker_dag.py
[2025-03-17T06:05:42.473+0000] {logging_mixin.py:190} INFO - [2025-03-17T06:05:42.472+0000] {dag.py:3239} INFO - Sync 2 DAGs
[2025-03-17T06:05:42.516+0000] {logging_mixin.py:190} INFO - [2025-03-17T06:05:42.516+0000] {dag.py:4180} INFO - Setting next_dagrun for example_external_task_marker_child to None, run_after=None
[2025-03-17T06:05:42.527+0000] {logging_mixin.py:190} INFO - [2025-03-17T06:05:42.527+0000] {dag.py:4180} INFO - Setting next_dagrun for example_external_task_marker_parent to None, run_after=None
[2025-03-17T06:05:42.561+0000] {processor.py:208} INFO - Processing /home/airflow/.local/lib/python3.12/site-packages/airflow/example_dags/example_external_task_marker_dag.py took 0.228 seconds
[2025-03-17T06:06:14.293+0000] {processor.py:186} INFO - Started process (PID=404) to work on /home/airflow/.local/lib/python3.12/site-packages/airflow/example_dags/example_external_task_marker_dag.py
[2025-03-17T06:06:14.296+0000] {processor.py:914} INFO - Processing file /home/airflow/.local/lib/python3.12/site-packages/airflow/example_dags/example_external_task_marker_dag.py for tasks to queue
[2025-03-17T06:06:14.301+0000] {logging_mixin.py:190} INFO - [2025-03-17T06:06:14.300+0000] {dagbag.py:588} INFO - Filling up the DagBag from /home/airflow/.local/lib/python3.12/site-packages/airflow/example_dags/example_external_task_marker_dag.py
[2025-03-17T06:06:14.324+0000] {processor.py:925} INFO - DAG(s) 'example_external_task_marker_parent', 'example_external_task_marker_child' retrieved from /home/airflow/.local/lib/python3.12/site-packages/airflow/example_dags/example_external_task_marker_dag.py
[2025-03-17T06:06:14.380+0000] {logging_mixin.py:190} INFO - [2025-03-17T06:06:14.379+0000] {dag.py:3239} INFO - Sync 2 DAGs
[2025-03-17T06:06:14.422+0000] {logging_mixin.py:190} INFO - [2025-03-17T06:06:14.421+0000] {dag.py:4180} INFO - Setting next_dagrun for example_external_task_marker_child to None, run_after=None
[2025-03-17T06:06:14.433+0000] {logging_mixin.py:190} INFO - [2025-03-17T06:06:14.432+0000] {dag.py:4180} INFO - Setting next_dagrun for example_external_task_marker_parent to None, run_after=None
[2025-03-17T06:06:14.470+0000] {processor.py:208} INFO - Processing /home/airflow/.local/lib/python3.12/site-packages/airflow/example_dags/example_external_task_marker_dag.py took 0.192 seconds
[2025-03-17T06:06:47.287+0000] {processor.py:186} INFO - Started process (PID=468) to work on /home/airflow/.local/lib/python3.12/site-packages/airflow/example_dags/example_external_task_marker_dag.py
[2025-03-17T06:06:47.289+0000] {processor.py:914} INFO - Processing file /home/airflow/.local/lib/python3.12/site-packages/airflow/example_dags/example_external_task_marker_dag.py for tasks to queue
[2025-03-17T06:06:47.295+0000] {logging_mixin.py:190} INFO - [2025-03-17T06:06:47.294+0000] {dagbag.py:588} INFO - Filling up the DagBag from /home/airflow/.local/lib/python3.12/site-packages/airflow/example_dags/example_external_task_marker_dag.py
[2025-03-17T06:06:47.311+0000] {processor.py:925} INFO - DAG(s) 'example_external_task_marker_child', 'example_external_task_marker_parent' retrieved from /home/airflow/.local/lib/python3.12/site-packages/airflow/example_dags/example_external_task_marker_dag.py
[2025-03-17T06:06:47.353+0000] {logging_mixin.py:190} INFO - [2025-03-17T06:06:47.352+0000] {dag.py:3239} INFO - Sync 2 DAGs
[2025-03-17T06:06:47.388+0000] {logging_mixin.py:190} INFO - [2025-03-17T06:06:47.388+0000] {dag.py:4180} INFO - Setting next_dagrun for example_external_task_marker_child to None, run_after=None
[2025-03-17T06:06:47.398+0000] {logging_mixin.py:190} INFO - [2025-03-17T06:06:47.398+0000] {dag.py:4180} INFO - Setting next_dagrun for example_external_task_marker_parent to None, run_after=None
[2025-03-17T06:06:47.437+0000] {processor.py:208} INFO - Processing /home/airflow/.local/lib/python3.12/site-packages/airflow/example_dags/example_external_task_marker_dag.py took 0.162 seconds
