[2025-03-17T06:03:45.744+0000] {processor.py:186} INFO - Started process (PID=117) to work on /home/airflow/.local/lib/python3.12/site-packages/airflow/example_dags/example_python_operator.py
[2025-03-17T06:03:45.747+0000] {processor.py:914} INFO - Processing file /home/airflow/.local/lib/python3.12/site-packages/airflow/example_dags/example_python_operator.py for tasks to queue
[2025-03-17T06:03:45.753+0000] {logging_mixin.py:190} INFO - [2025-03-17T06:03:45.752+0000] {dagbag.py:588} INFO - Filling up the DagBag from /home/airflow/.local/lib/python3.12/site-packages/airflow/example_dags/example_python_operator.py
[2025-03-17T06:03:45.788+0000] {processor.py:925} INFO - DAG(s) 'example_python_operator' retrieved from /home/airflow/.local/lib/python3.12/site-packages/airflow/example_dags/example_python_operator.py
[2025-03-17T06:03:46.041+0000] {logging_mixin.py:190} INFO - [2025-03-17T06:03:46.040+0000] {override.py:1912} INFO - Created Permission View: can edit on DAG:example_python_operator
[2025-03-17T06:03:46.065+0000] {logging_mixin.py:190} INFO - [2025-03-17T06:03:46.064+0000] {override.py:1912} INFO - Created Permission View: can read on DAG:example_python_operator
[2025-03-17T06:03:46.082+0000] {logging_mixin.py:190} INFO - [2025-03-17T06:03:46.081+0000] {override.py:1912} INFO - Created Permission View: can delete on DAG:example_python_operator
[2025-03-17T06:03:46.098+0000] {logging_mixin.py:190} INFO - [2025-03-17T06:03:46.098+0000] {override.py:1912} INFO - Created Permission View: menu access on DAG Run:example_python_operator
[2025-03-17T06:03:46.114+0000] {logging_mixin.py:190} INFO - [2025-03-17T06:03:46.114+0000] {override.py:1912} INFO - Created Permission View: can create on DAG Run:example_python_operator
[2025-03-17T06:03:46.134+0000] {logging_mixin.py:190} INFO - [2025-03-17T06:03:46.134+0000] {override.py:1912} INFO - Created Permission View: can read on DAG Run:example_python_operator
[2025-03-17T06:03:46.152+0000] {logging_mixin.py:190} INFO - [2025-03-17T06:03:46.151+0000] {override.py:1912} INFO - Created Permission View: can delete on DAG Run:example_python_operator
[2025-03-17T06:03:46.154+0000] {logging_mixin.py:190} INFO - [2025-03-17T06:03:46.153+0000] {dag.py:3239} INFO - Sync 1 DAGs
[2025-03-17T06:03:46.216+0000] {logging_mixin.py:190} INFO - [2025-03-17T06:03:46.215+0000] {dag.py:3262} INFO - Creating ORM DAG for example_python_operator
[2025-03-17T06:03:46.219+0000] {logging_mixin.py:190} INFO - [2025-03-17T06:03:46.219+0000] {dag.py:4180} INFO - Setting next_dagrun for example_python_operator to None, run_after=None
[2025-03-17T06:03:46.275+0000] {processor.py:208} INFO - Processing /home/airflow/.local/lib/python3.12/site-packages/airflow/example_dags/example_python_operator.py took 0.542 seconds
[2025-03-17T06:04:17.053+0000] {processor.py:186} INFO - Started process (PID=180) to work on /home/airflow/.local/lib/python3.12/site-packages/airflow/example_dags/example_python_operator.py
[2025-03-17T06:04:17.056+0000] {processor.py:914} INFO - Processing file /home/airflow/.local/lib/python3.12/site-packages/airflow/example_dags/example_python_operator.py for tasks to queue
[2025-03-17T06:04:17.061+0000] {logging_mixin.py:190} INFO - [2025-03-17T06:04:17.060+0000] {dagbag.py:588} INFO - Filling up the DagBag from /home/airflow/.local/lib/python3.12/site-packages/airflow/example_dags/example_python_operator.py
[2025-03-17T06:04:17.089+0000] {processor.py:925} INFO - DAG(s) 'example_python_operator' retrieved from /home/airflow/.local/lib/python3.12/site-packages/airflow/example_dags/example_python_operator.py
[2025-03-17T06:04:17.137+0000] {logging_mixin.py:190} INFO - [2025-03-17T06:04:17.137+0000] {dag.py:3239} INFO - Sync 1 DAGs
[2025-03-17T06:04:17.171+0000] {logging_mixin.py:190} INFO - [2025-03-17T06:04:17.171+0000] {dag.py:4180} INFO - Setting next_dagrun for example_python_operator to None, run_after=None
[2025-03-17T06:04:17.212+0000] {processor.py:208} INFO - Processing /home/airflow/.local/lib/python3.12/site-packages/airflow/example_dags/example_python_operator.py took 0.173 seconds
[2025-03-17T06:04:57.351+0000] {processor.py:186} INFO - Started process (PID=243) to work on /home/airflow/.local/lib/python3.12/site-packages/airflow/example_dags/example_python_operator.py
[2025-03-17T06:04:57.357+0000] {processor.py:914} INFO - Processing file /home/airflow/.local/lib/python3.12/site-packages/airflow/example_dags/example_python_operator.py for tasks to queue
[2025-03-17T06:04:57.363+0000] {logging_mixin.py:190} INFO - [2025-03-17T06:04:57.362+0000] {dagbag.py:588} INFO - Filling up the DagBag from /home/airflow/.local/lib/python3.12/site-packages/airflow/example_dags/example_python_operator.py
[2025-03-17T06:04:57.404+0000] {processor.py:925} INFO - DAG(s) 'example_python_operator' retrieved from /home/airflow/.local/lib/python3.12/site-packages/airflow/example_dags/example_python_operator.py
[2025-03-17T06:04:57.470+0000] {logging_mixin.py:190} INFO - [2025-03-17T06:04:57.469+0000] {dag.py:3239} INFO - Sync 1 DAGs
[2025-03-17T06:04:57.532+0000] {logging_mixin.py:190} INFO - [2025-03-17T06:04:57.531+0000] {dag.py:4180} INFO - Setting next_dagrun for example_python_operator to None, run_after=None
[2025-03-17T06:04:57.627+0000] {processor.py:208} INFO - Processing /home/airflow/.local/lib/python3.12/site-packages/airflow/example_dags/example_python_operator.py took 0.300 seconds
[2025-03-17T06:05:33.764+0000] {processor.py:186} INFO - Started process (PID=306) to work on /home/airflow/.local/lib/python3.12/site-packages/airflow/example_dags/example_python_operator.py
[2025-03-17T06:05:33.767+0000] {processor.py:914} INFO - Processing file /home/airflow/.local/lib/python3.12/site-packages/airflow/example_dags/example_python_operator.py for tasks to queue
[2025-03-17T06:05:33.778+0000] {logging_mixin.py:190} INFO - [2025-03-17T06:05:33.775+0000] {dagbag.py:588} INFO - Filling up the DagBag from /home/airflow/.local/lib/python3.12/site-packages/airflow/example_dags/example_python_operator.py
[2025-03-17T06:05:33.824+0000] {processor.py:925} INFO - DAG(s) 'example_python_operator' retrieved from /home/airflow/.local/lib/python3.12/site-packages/airflow/example_dags/example_python_operator.py
[2025-03-17T06:05:33.885+0000] {logging_mixin.py:190} INFO - [2025-03-17T06:05:33.884+0000] {dag.py:3239} INFO - Sync 1 DAGs
[2025-03-17T06:05:33.933+0000] {logging_mixin.py:190} INFO - [2025-03-17T06:05:33.932+0000] {dag.py:4180} INFO - Setting next_dagrun for example_python_operator to None, run_after=None
[2025-03-17T06:05:33.981+0000] {processor.py:208} INFO - Processing /home/airflow/.local/lib/python3.12/site-packages/airflow/example_dags/example_python_operator.py took 0.240 seconds
[2025-03-17T06:06:07.316+0000] {processor.py:186} INFO - Started process (PID=370) to work on /home/airflow/.local/lib/python3.12/site-packages/airflow/example_dags/example_python_operator.py
[2025-03-17T06:06:07.319+0000] {processor.py:914} INFO - Processing file /home/airflow/.local/lib/python3.12/site-packages/airflow/example_dags/example_python_operator.py for tasks to queue
[2025-03-17T06:06:07.327+0000] {logging_mixin.py:190} INFO - [2025-03-17T06:06:07.326+0000] {dagbag.py:588} INFO - Filling up the DagBag from /home/airflow/.local/lib/python3.12/site-packages/airflow/example_dags/example_python_operator.py
[2025-03-17T06:06:07.366+0000] {processor.py:925} INFO - DAG(s) 'example_python_operator' retrieved from /home/airflow/.local/lib/python3.12/site-packages/airflow/example_dags/example_python_operator.py
[2025-03-17T06:06:07.431+0000] {logging_mixin.py:190} INFO - [2025-03-17T06:06:07.430+0000] {dag.py:3239} INFO - Sync 1 DAGs
[2025-03-17T06:06:07.489+0000] {logging_mixin.py:190} INFO - [2025-03-17T06:06:07.489+0000] {dag.py:4180} INFO - Setting next_dagrun for example_python_operator to None, run_after=None
[2025-03-17T06:06:07.538+0000] {processor.py:208} INFO - Processing /home/airflow/.local/lib/python3.12/site-packages/airflow/example_dags/example_python_operator.py took 0.240 seconds
[2025-03-17T06:06:37.741+0000] {processor.py:186} INFO - Started process (PID=433) to work on /home/airflow/.local/lib/python3.12/site-packages/airflow/example_dags/example_python_operator.py
[2025-03-17T06:06:37.744+0000] {processor.py:914} INFO - Processing file /home/airflow/.local/lib/python3.12/site-packages/airflow/example_dags/example_python_operator.py for tasks to queue
[2025-03-17T06:06:37.752+0000] {logging_mixin.py:190} INFO - [2025-03-17T06:06:37.751+0000] {dagbag.py:588} INFO - Filling up the DagBag from /home/airflow/.local/lib/python3.12/site-packages/airflow/example_dags/example_python_operator.py
[2025-03-17T06:06:37.792+0000] {processor.py:925} INFO - DAG(s) 'example_python_operator' retrieved from /home/airflow/.local/lib/python3.12/site-packages/airflow/example_dags/example_python_operator.py
[2025-03-17T06:06:37.850+0000] {logging_mixin.py:190} INFO - [2025-03-17T06:06:37.849+0000] {dag.py:3239} INFO - Sync 1 DAGs
[2025-03-17T06:06:37.892+0000] {logging_mixin.py:190} INFO - [2025-03-17T06:06:37.891+0000] {dag.py:4180} INFO - Setting next_dagrun for example_python_operator to None, run_after=None
[2025-03-17T06:06:37.947+0000] {processor.py:208} INFO - Processing /home/airflow/.local/lib/python3.12/site-packages/airflow/example_dags/example_python_operator.py took 0.227 seconds
[2025-03-17T06:07:08.498+0000] {processor.py:186} INFO - Started process (PID=496) to work on /home/airflow/.local/lib/python3.12/site-packages/airflow/example_dags/example_python_operator.py
[2025-03-17T06:07:08.500+0000] {processor.py:914} INFO - Processing file /home/airflow/.local/lib/python3.12/site-packages/airflow/example_dags/example_python_operator.py for tasks to queue
[2025-03-17T06:07:08.505+0000] {logging_mixin.py:190} INFO - [2025-03-17T06:07:08.504+0000] {dagbag.py:588} INFO - Filling up the DagBag from /home/airflow/.local/lib/python3.12/site-packages/airflow/example_dags/example_python_operator.py
[2025-03-17T06:07:08.529+0000] {processor.py:925} INFO - DAG(s) 'example_python_operator' retrieved from /home/airflow/.local/lib/python3.12/site-packages/airflow/example_dags/example_python_operator.py
[2025-03-17T06:07:08.577+0000] {logging_mixin.py:190} INFO - [2025-03-17T06:07:08.576+0000] {dag.py:3239} INFO - Sync 1 DAGs
[2025-03-17T06:07:08.605+0000] {logging_mixin.py:190} INFO - [2025-03-17T06:07:08.605+0000] {dag.py:4180} INFO - Setting next_dagrun for example_python_operator to None, run_after=None
[2025-03-17T06:07:08.640+0000] {processor.py:208} INFO - Processing /home/airflow/.local/lib/python3.12/site-packages/airflow/example_dags/example_python_operator.py took 0.152 seconds
