[2025-03-17T06:03:58.369+0000] {processor.py:186} INFO - Started process (PID=139) to work on /home/airflow/.local/lib/python3.12/site-packages/airflow/example_dags/example_xcomargs.py
[2025-03-17T06:03:58.381+0000] {processor.py:914} INFO - Processing file /home/airflow/.local/lib/python3.12/site-packages/airflow/example_dags/example_xcomargs.py for tasks to queue
[2025-03-17T06:03:58.388+0000] {logging_mixin.py:190} INFO - [2025-03-17T06:03:58.387+0000] {dagbag.py:588} INFO - Filling up the DagBag from /home/airflow/.local/lib/python3.12/site-packages/airflow/example_dags/example_xcomargs.py
[2025-03-17T06:03:58.464+0000] {processor.py:925} INFO - DAG(s) 'example_xcom_args', 'example_xcom_args_with_operators' retrieved from /home/airflow/.local/lib/python3.12/site-packages/airflow/example_dags/example_xcomargs.py
[2025-03-17T06:03:59.289+0000] {logging_mixin.py:190} INFO - [2025-03-17T06:03:59.287+0000] {override.py:1912} INFO - Created Permission View: can edit on DAG:example_xcom_args
[2025-03-17T06:03:59.393+0000] {logging_mixin.py:190} INFO - [2025-03-17T06:03:59.392+0000] {override.py:1912} INFO - Created Permission View: can read on DAG:example_xcom_args
[2025-03-17T06:03:59.451+0000] {logging_mixin.py:190} INFO - [2025-03-17T06:03:59.448+0000] {override.py:1912} INFO - Created Permission View: can delete on DAG:example_xcom_args
[2025-03-17T06:03:59.490+0000] {logging_mixin.py:190} INFO - [2025-03-17T06:03:59.489+0000] {override.py:1912} INFO - Created Permission View: menu access on DAG Run:example_xcom_args
[2025-03-17T06:03:59.539+0000] {logging_mixin.py:190} INFO - [2025-03-17T06:03:59.538+0000] {override.py:1912} INFO - Created Permission View: can create on DAG Run:example_xcom_args
[2025-03-17T06:03:59.582+0000] {logging_mixin.py:190} INFO - [2025-03-17T06:03:59.581+0000] {override.py:1912} INFO - Created Permission View: can read on DAG Run:example_xcom_args
[2025-03-17T06:03:59.646+0000] {logging_mixin.py:190} INFO - [2025-03-17T06:03:59.635+0000] {override.py:1912} INFO - Created Permission View: can delete on DAG Run:example_xcom_args
[2025-03-17T06:03:59.733+0000] {logging_mixin.py:190} INFO - [2025-03-17T06:03:59.731+0000] {override.py:1912} INFO - Created Permission View: can edit on DAG:example_xcom_args_with_operators
[2025-03-17T06:03:59.803+0000] {logging_mixin.py:190} INFO - [2025-03-17T06:03:59.802+0000] {override.py:1912} INFO - Created Permission View: can read on DAG:example_xcom_args_with_operators
[2025-03-17T06:03:59.868+0000] {logging_mixin.py:190} INFO - [2025-03-17T06:03:59.867+0000] {override.py:1912} INFO - Created Permission View: can delete on DAG:example_xcom_args_with_operators
[2025-03-17T06:03:59.944+0000] {logging_mixin.py:190} INFO - [2025-03-17T06:03:59.943+0000] {override.py:1912} INFO - Created Permission View: menu access on DAG Run:example_xcom_args_with_operators
[2025-03-17T06:03:59.988+0000] {logging_mixin.py:190} INFO - [2025-03-17T06:03:59.987+0000] {override.py:1912} INFO - Created Permission View: can create on DAG Run:example_xcom_args_with_operators
[2025-03-17T06:04:00.030+0000] {logging_mixin.py:190} INFO - [2025-03-17T06:04:00.029+0000] {override.py:1912} INFO - Created Permission View: can read on DAG Run:example_xcom_args_with_operators
[2025-03-17T06:04:00.069+0000] {logging_mixin.py:190} INFO - [2025-03-17T06:04:00.068+0000] {override.py:1912} INFO - Created Permission View: can delete on DAG Run:example_xcom_args_with_operators
[2025-03-17T06:04:00.071+0000] {logging_mixin.py:190} INFO - [2025-03-17T06:04:00.071+0000] {dag.py:3239} INFO - Sync 2 DAGs
[2025-03-17T06:04:00.125+0000] {logging_mixin.py:190} INFO - [2025-03-17T06:04:00.123+0000] {dag.py:3262} INFO - Creating ORM DAG for example_xcom_args_with_operators
[2025-03-17T06:04:00.128+0000] {logging_mixin.py:190} INFO - [2025-03-17T06:04:00.127+0000] {dag.py:3262} INFO - Creating ORM DAG for example_xcom_args
[2025-03-17T06:04:00.131+0000] {logging_mixin.py:190} INFO - [2025-03-17T06:04:00.130+0000] {dag.py:4180} INFO - Setting next_dagrun for example_xcom_args to None, run_after=None
[2025-03-17T06:04:00.136+0000] {logging_mixin.py:190} INFO - [2025-03-17T06:04:00.135+0000] {dag.py:4180} INFO - Setting next_dagrun for example_xcom_args_with_operators to None, run_after=None
[2025-03-17T06:04:00.201+0000] {processor.py:208} INFO - Processing /home/airflow/.local/lib/python3.12/site-packages/airflow/example_dags/example_xcomargs.py took 1.856 seconds
[2025-03-17T06:04:30.567+0000] {processor.py:186} INFO - Started process (PID=202) to work on /home/airflow/.local/lib/python3.12/site-packages/airflow/example_dags/example_xcomargs.py
[2025-03-17T06:04:30.568+0000] {processor.py:914} INFO - Processing file /home/airflow/.local/lib/python3.12/site-packages/airflow/example_dags/example_xcomargs.py for tasks to queue
[2025-03-17T06:04:30.571+0000] {logging_mixin.py:190} INFO - [2025-03-17T06:04:30.571+0000] {dagbag.py:588} INFO - Filling up the DagBag from /home/airflow/.local/lib/python3.12/site-packages/airflow/example_dags/example_xcomargs.py
[2025-03-17T06:04:30.585+0000] {processor.py:925} INFO - DAG(s) 'example_xcom_args', 'example_xcom_args_with_operators' retrieved from /home/airflow/.local/lib/python3.12/site-packages/airflow/example_dags/example_xcomargs.py
[2025-03-17T06:04:30.624+0000] {logging_mixin.py:190} INFO - [2025-03-17T06:04:30.623+0000] {dag.py:3239} INFO - Sync 2 DAGs
[2025-03-17T06:04:30.647+0000] {logging_mixin.py:190} INFO - [2025-03-17T06:04:30.647+0000] {dag.py:4180} INFO - Setting next_dagrun for example_xcom_args to None, run_after=None
[2025-03-17T06:04:30.653+0000] {logging_mixin.py:190} INFO - [2025-03-17T06:04:30.652+0000] {dag.py:4180} INFO - Setting next_dagrun for example_xcom_args_with_operators to None, run_after=None
[2025-03-17T06:04:30.685+0000] {processor.py:208} INFO - Processing /home/airflow/.local/lib/python3.12/site-packages/airflow/example_dags/example_xcomargs.py took 0.126 seconds
[2025-03-17T06:05:05.155+0000] {processor.py:186} INFO - Started process (PID=266) to work on /home/airflow/.local/lib/python3.12/site-packages/airflow/example_dags/example_xcomargs.py
[2025-03-17T06:05:05.157+0000] {processor.py:914} INFO - Processing file /home/airflow/.local/lib/python3.12/site-packages/airflow/example_dags/example_xcomargs.py for tasks to queue
[2025-03-17T06:05:05.167+0000] {logging_mixin.py:190} INFO - [2025-03-17T06:05:05.164+0000] {dagbag.py:588} INFO - Filling up the DagBag from /home/airflow/.local/lib/python3.12/site-packages/airflow/example_dags/example_xcomargs.py
[2025-03-17T06:05:05.204+0000] {processor.py:925} INFO - DAG(s) 'example_xcom_args_with_operators', 'example_xcom_args' retrieved from /home/airflow/.local/lib/python3.12/site-packages/airflow/example_dags/example_xcomargs.py
[2025-03-17T06:05:05.294+0000] {logging_mixin.py:190} INFO - [2025-03-17T06:05:05.294+0000] {dag.py:3239} INFO - Sync 2 DAGs
[2025-03-17T06:05:05.336+0000] {logging_mixin.py:190} INFO - [2025-03-17T06:05:05.335+0000] {dag.py:4180} INFO - Setting next_dagrun for example_xcom_args to None, run_after=None
[2025-03-17T06:05:05.347+0000] {logging_mixin.py:190} INFO - [2025-03-17T06:05:05.347+0000] {dag.py:4180} INFO - Setting next_dagrun for example_xcom_args_with_operators to None, run_after=None
[2025-03-17T06:05:05.422+0000] {processor.py:208} INFO - Processing /home/airflow/.local/lib/python3.12/site-packages/airflow/example_dags/example_xcomargs.py took 0.286 seconds
[2025-03-17T06:05:42.434+0000] {processor.py:186} INFO - Started process (PID=342) to work on /home/airflow/.local/lib/python3.12/site-packages/airflow/example_dags/example_xcomargs.py
[2025-03-17T06:05:42.437+0000] {processor.py:914} INFO - Processing file /home/airflow/.local/lib/python3.12/site-packages/airflow/example_dags/example_xcomargs.py for tasks to queue
[2025-03-17T06:05:42.445+0000] {logging_mixin.py:190} INFO - [2025-03-17T06:05:42.444+0000] {dagbag.py:588} INFO - Filling up the DagBag from /home/airflow/.local/lib/python3.12/site-packages/airflow/example_dags/example_xcomargs.py
[2025-03-17T06:05:42.479+0000] {processor.py:925} INFO - DAG(s) 'example_xcom_args_with_operators', 'example_xcom_args' retrieved from /home/airflow/.local/lib/python3.12/site-packages/airflow/example_dags/example_xcomargs.py
[2025-03-17T06:05:42.533+0000] {logging_mixin.py:190} INFO - [2025-03-17T06:05:42.532+0000] {dag.py:3239} INFO - Sync 2 DAGs
[2025-03-17T06:05:42.581+0000] {logging_mixin.py:190} INFO - [2025-03-17T06:05:42.580+0000] {dag.py:4180} INFO - Setting next_dagrun for example_xcom_args to None, run_after=None
[2025-03-17T06:05:42.589+0000] {logging_mixin.py:190} INFO - [2025-03-17T06:05:42.589+0000] {dag.py:4180} INFO - Setting next_dagrun for example_xcom_args_with_operators to None, run_after=None
[2025-03-17T06:05:42.625+0000] {processor.py:208} INFO - Processing /home/airflow/.local/lib/python3.12/site-packages/airflow/example_dags/example_xcomargs.py took 0.212 seconds
[2025-03-17T06:06:14.296+0000] {processor.py:186} INFO - Started process (PID=405) to work on /home/airflow/.local/lib/python3.12/site-packages/airflow/example_dags/example_xcomargs.py
[2025-03-17T06:06:14.298+0000] {processor.py:914} INFO - Processing file /home/airflow/.local/lib/python3.12/site-packages/airflow/example_dags/example_xcomargs.py for tasks to queue
[2025-03-17T06:06:14.304+0000] {logging_mixin.py:190} INFO - [2025-03-17T06:06:14.303+0000] {dagbag.py:588} INFO - Filling up the DagBag from /home/airflow/.local/lib/python3.12/site-packages/airflow/example_dags/example_xcomargs.py
[2025-03-17T06:06:14.335+0000] {processor.py:925} INFO - DAG(s) 'example_xcom_args', 'example_xcom_args_with_operators' retrieved from /home/airflow/.local/lib/python3.12/site-packages/airflow/example_dags/example_xcomargs.py
[2025-03-17T06:06:14.390+0000] {logging_mixin.py:190} INFO - [2025-03-17T06:06:14.389+0000] {dag.py:3239} INFO - Sync 2 DAGs
[2025-03-17T06:06:14.428+0000] {logging_mixin.py:190} INFO - [2025-03-17T06:06:14.427+0000] {dag.py:4180} INFO - Setting next_dagrun for example_xcom_args to None, run_after=None
[2025-03-17T06:06:14.436+0000] {logging_mixin.py:190} INFO - [2025-03-17T06:06:14.436+0000] {dag.py:4180} INFO - Setting next_dagrun for example_xcom_args_with_operators to None, run_after=None
[2025-03-17T06:06:14.472+0000] {processor.py:208} INFO - Processing /home/airflow/.local/lib/python3.12/site-packages/airflow/example_dags/example_xcomargs.py took 0.191 seconds
[2025-03-17T06:06:47.507+0000] {processor.py:186} INFO - Started process (PID=469) to work on /home/airflow/.local/lib/python3.12/site-packages/airflow/example_dags/example_xcomargs.py
[2025-03-17T06:06:47.509+0000] {processor.py:914} INFO - Processing file /home/airflow/.local/lib/python3.12/site-packages/airflow/example_dags/example_xcomargs.py for tasks to queue
[2025-03-17T06:06:47.514+0000] {logging_mixin.py:190} INFO - [2025-03-17T06:06:47.513+0000] {dagbag.py:588} INFO - Filling up the DagBag from /home/airflow/.local/lib/python3.12/site-packages/airflow/example_dags/example_xcomargs.py
[2025-03-17T06:06:47.539+0000] {processor.py:925} INFO - DAG(s) 'example_xcom_args_with_operators', 'example_xcom_args' retrieved from /home/airflow/.local/lib/python3.12/site-packages/airflow/example_dags/example_xcomargs.py
[2025-03-17T06:06:47.583+0000] {logging_mixin.py:190} INFO - [2025-03-17T06:06:47.583+0000] {dag.py:3239} INFO - Sync 2 DAGs
[2025-03-17T06:06:47.637+0000] {logging_mixin.py:190} INFO - [2025-03-17T06:06:47.636+0000] {dag.py:4180} INFO - Setting next_dagrun for example_xcom_args to None, run_after=None
[2025-03-17T06:06:47.645+0000] {logging_mixin.py:190} INFO - [2025-03-17T06:06:47.644+0000] {dag.py:4180} INFO - Setting next_dagrun for example_xcom_args_with_operators to None, run_after=None
[2025-03-17T06:06:47.677+0000] {processor.py:208} INFO - Processing /home/airflow/.local/lib/python3.12/site-packages/airflow/example_dags/example_xcomargs.py took 0.182 seconds
