[2025-03-17T06:03:51.866+0000] {processor.py:186} INFO - Started process (PID=127) to work on /home/airflow/.local/lib/python3.12/site-packages/airflow/example_dags/example_time_delta_sensor_async.py
[2025-03-17T06:03:51.869+0000] {processor.py:914} INFO - Processing file /home/airflow/.local/lib/python3.12/site-packages/airflow/example_dags/example_time_delta_sensor_async.py for tasks to queue
[2025-03-17T06:03:51.880+0000] {logging_mixin.py:190} INFO - [2025-03-17T06:03:51.878+0000] {dagbag.py:588} INFO - Filling up the DagBag from /home/airflow/.local/lib/python3.12/site-packages/airflow/example_dags/example_time_delta_sensor_async.py
[2025-03-17T06:03:51.905+0000] {processor.py:925} INFO - DAG(s) 'example_time_delta_sensor_async' retrieved from /home/airflow/.local/lib/python3.12/site-packages/airflow/example_dags/example_time_delta_sensor_async.py
[2025-03-17T06:03:52.336+0000] {logging_mixin.py:190} INFO - [2025-03-17T06:03:52.334+0000] {override.py:1912} INFO - Created Permission View: can edit on DAG:example_time_delta_sensor_async
[2025-03-17T06:03:52.364+0000] {logging_mixin.py:190} INFO - [2025-03-17T06:03:52.363+0000] {override.py:1912} INFO - Created Permission View: can read on DAG:example_time_delta_sensor_async
[2025-03-17T06:03:52.385+0000] {logging_mixin.py:190} INFO - [2025-03-17T06:03:52.383+0000] {override.py:1912} INFO - Created Permission View: can delete on DAG:example_time_delta_sensor_async
[2025-03-17T06:03:52.410+0000] {logging_mixin.py:190} INFO - [2025-03-17T06:03:52.410+0000] {override.py:1912} INFO - Created Permission View: menu access on DAG Run:example_time_delta_sensor_async
[2025-03-17T06:03:52.427+0000] {logging_mixin.py:190} INFO - [2025-03-17T06:03:52.427+0000] {override.py:1912} INFO - Created Permission View: can create on DAG Run:example_time_delta_sensor_async
[2025-03-17T06:03:52.444+0000] {logging_mixin.py:190} INFO - [2025-03-17T06:03:52.443+0000] {override.py:1912} INFO - Created Permission View: can read on DAG Run:example_time_delta_sensor_async
[2025-03-17T06:03:52.460+0000] {logging_mixin.py:190} INFO - [2025-03-17T06:03:52.459+0000] {override.py:1912} INFO - Created Permission View: can delete on DAG Run:example_time_delta_sensor_async
[2025-03-17T06:03:52.462+0000] {logging_mixin.py:190} INFO - [2025-03-17T06:03:52.462+0000] {dag.py:3239} INFO - Sync 1 DAGs
[2025-03-17T06:03:52.497+0000] {logging_mixin.py:190} INFO - [2025-03-17T06:03:52.496+0000] {dag.py:3262} INFO - Creating ORM DAG for example_time_delta_sensor_async
[2025-03-17T06:03:52.500+0000] {logging_mixin.py:190} INFO - [2025-03-17T06:03:52.499+0000] {dag.py:4180} INFO - Setting next_dagrun for example_time_delta_sensor_async to None, run_after=None
[2025-03-17T06:03:52.542+0000] {processor.py:208} INFO - Processing /home/airflow/.local/lib/python3.12/site-packages/airflow/example_dags/example_time_delta_sensor_async.py took 0.696 seconds
[2025-03-17T06:04:22.848+0000] {processor.py:186} INFO - Started process (PID=189) to work on /home/airflow/.local/lib/python3.12/site-packages/airflow/example_dags/example_time_delta_sensor_async.py
[2025-03-17T06:04:22.850+0000] {processor.py:914} INFO - Processing file /home/airflow/.local/lib/python3.12/site-packages/airflow/example_dags/example_time_delta_sensor_async.py for tasks to queue
[2025-03-17T06:04:22.855+0000] {logging_mixin.py:190} INFO - [2025-03-17T06:04:22.854+0000] {dagbag.py:588} INFO - Filling up the DagBag from /home/airflow/.local/lib/python3.12/site-packages/airflow/example_dags/example_time_delta_sensor_async.py
[2025-03-17T06:04:22.868+0000] {processor.py:925} INFO - DAG(s) 'example_time_delta_sensor_async' retrieved from /home/airflow/.local/lib/python3.12/site-packages/airflow/example_dags/example_time_delta_sensor_async.py
[2025-03-17T06:04:22.900+0000] {logging_mixin.py:190} INFO - [2025-03-17T06:04:22.900+0000] {dag.py:3239} INFO - Sync 1 DAGs
[2025-03-17T06:04:22.926+0000] {logging_mixin.py:190} INFO - [2025-03-17T06:04:22.926+0000] {dag.py:4180} INFO - Setting next_dagrun for example_time_delta_sensor_async to None, run_after=None
[2025-03-17T06:04:22.954+0000] {processor.py:208} INFO - Processing /home/airflow/.local/lib/python3.12/site-packages/airflow/example_dags/example_time_delta_sensor_async.py took 0.117 seconds
[2025-03-17T06:05:01.618+0000] {processor.py:186} INFO - Started process (PID=253) to work on /home/airflow/.local/lib/python3.12/site-packages/airflow/example_dags/example_time_delta_sensor_async.py
[2025-03-17T06:05:01.621+0000] {processor.py:914} INFO - Processing file /home/airflow/.local/lib/python3.12/site-packages/airflow/example_dags/example_time_delta_sensor_async.py for tasks to queue
[2025-03-17T06:05:01.627+0000] {logging_mixin.py:190} INFO - [2025-03-17T06:05:01.626+0000] {dagbag.py:588} INFO - Filling up the DagBag from /home/airflow/.local/lib/python3.12/site-packages/airflow/example_dags/example_time_delta_sensor_async.py
[2025-03-17T06:05:01.647+0000] {processor.py:925} INFO - DAG(s) 'example_time_delta_sensor_async' retrieved from /home/airflow/.local/lib/python3.12/site-packages/airflow/example_dags/example_time_delta_sensor_async.py
[2025-03-17T06:05:01.699+0000] {logging_mixin.py:190} INFO - [2025-03-17T06:05:01.698+0000] {dag.py:3239} INFO - Sync 1 DAGs
[2025-03-17T06:05:01.756+0000] {logging_mixin.py:190} INFO - [2025-03-17T06:05:01.755+0000] {dag.py:4180} INFO - Setting next_dagrun for example_time_delta_sensor_async to None, run_after=None
[2025-03-17T06:05:01.838+0000] {processor.py:208} INFO - Processing /home/airflow/.local/lib/python3.12/site-packages/airflow/example_dags/example_time_delta_sensor_async.py took 0.240 seconds
[2025-03-17T06:05:38.038+0000] {processor.py:186} INFO - Started process (PID=317) to work on /home/airflow/.local/lib/python3.12/site-packages/airflow/example_dags/example_time_delta_sensor_async.py
[2025-03-17T06:05:38.041+0000] {processor.py:914} INFO - Processing file /home/airflow/.local/lib/python3.12/site-packages/airflow/example_dags/example_time_delta_sensor_async.py for tasks to queue
[2025-03-17T06:05:38.048+0000] {logging_mixin.py:190} INFO - [2025-03-17T06:05:38.047+0000] {dagbag.py:588} INFO - Filling up the DagBag from /home/airflow/.local/lib/python3.12/site-packages/airflow/example_dags/example_time_delta_sensor_async.py
[2025-03-17T06:05:38.094+0000] {processor.py:925} INFO - DAG(s) 'example_time_delta_sensor_async' retrieved from /home/airflow/.local/lib/python3.12/site-packages/airflow/example_dags/example_time_delta_sensor_async.py
[2025-03-17T06:05:38.205+0000] {logging_mixin.py:190} INFO - [2025-03-17T06:05:38.204+0000] {dag.py:3239} INFO - Sync 1 DAGs
[2025-03-17T06:05:38.304+0000] {logging_mixin.py:190} INFO - [2025-03-17T06:05:38.303+0000] {dag.py:4180} INFO - Setting next_dagrun for example_time_delta_sensor_async to None, run_after=None
[2025-03-17T06:05:38.373+0000] {processor.py:208} INFO - Processing /home/airflow/.local/lib/python3.12/site-packages/airflow/example_dags/example_time_delta_sensor_async.py took 0.359 seconds
[2025-03-17T06:06:10.527+0000] {processor.py:186} INFO - Started process (PID=386) to work on /home/airflow/.local/lib/python3.12/site-packages/airflow/example_dags/example_time_delta_sensor_async.py
[2025-03-17T06:06:10.529+0000] {processor.py:914} INFO - Processing file /home/airflow/.local/lib/python3.12/site-packages/airflow/example_dags/example_time_delta_sensor_async.py for tasks to queue
[2025-03-17T06:06:10.535+0000] {logging_mixin.py:190} INFO - [2025-03-17T06:06:10.534+0000] {dagbag.py:588} INFO - Filling up the DagBag from /home/airflow/.local/lib/python3.12/site-packages/airflow/example_dags/example_time_delta_sensor_async.py
[2025-03-17T06:06:10.549+0000] {processor.py:925} INFO - DAG(s) 'example_time_delta_sensor_async' retrieved from /home/airflow/.local/lib/python3.12/site-packages/airflow/example_dags/example_time_delta_sensor_async.py
[2025-03-17T06:06:10.590+0000] {logging_mixin.py:190} INFO - [2025-03-17T06:06:10.590+0000] {dag.py:3239} INFO - Sync 1 DAGs
[2025-03-17T06:06:10.622+0000] {logging_mixin.py:190} INFO - [2025-03-17T06:06:10.622+0000] {dag.py:4180} INFO - Setting next_dagrun for example_time_delta_sensor_async to None, run_after=None
[2025-03-17T06:06:10.658+0000] {processor.py:208} INFO - Processing /home/airflow/.local/lib/python3.12/site-packages/airflow/example_dags/example_time_delta_sensor_async.py took 0.142 seconds
[2025-03-17T06:06:45.507+0000] {processor.py:186} INFO - Started process (PID=456) to work on /home/airflow/.local/lib/python3.12/site-packages/airflow/example_dags/example_time_delta_sensor_async.py
[2025-03-17T06:06:45.509+0000] {processor.py:914} INFO - Processing file /home/airflow/.local/lib/python3.12/site-packages/airflow/example_dags/example_time_delta_sensor_async.py for tasks to queue
[2025-03-17T06:06:45.514+0000] {logging_mixin.py:190} INFO - [2025-03-17T06:06:45.513+0000] {dagbag.py:588} INFO - Filling up the DagBag from /home/airflow/.local/lib/python3.12/site-packages/airflow/example_dags/example_time_delta_sensor_async.py
[2025-03-17T06:06:45.532+0000] {processor.py:925} INFO - DAG(s) 'example_time_delta_sensor_async' retrieved from /home/airflow/.local/lib/python3.12/site-packages/airflow/example_dags/example_time_delta_sensor_async.py
[2025-03-17T06:06:45.566+0000] {logging_mixin.py:190} INFO - [2025-03-17T06:06:45.565+0000] {dag.py:3239} INFO - Sync 1 DAGs
[2025-03-17T06:06:45.592+0000] {logging_mixin.py:190} INFO - [2025-03-17T06:06:45.592+0000] {dag.py:4180} INFO - Setting next_dagrun for example_time_delta_sensor_async to None, run_after=None
[2025-03-17T06:06:45.626+0000] {processor.py:208} INFO - Processing /home/airflow/.local/lib/python3.12/site-packages/airflow/example_dags/example_time_delta_sensor_async.py took 0.130 seconds
