[2025-03-17T06:03:12.800+0000] {processor.py:186} INFO - Started process (PID=88) to work on /home/airflow/.local/lib/python3.12/site-packages/airflow/example_dags/example_branch_datetime_operator.py
[2025-03-17T06:03:12.825+0000] {processor.py:914} INFO - Processing file /home/airflow/.local/lib/python3.12/site-packages/airflow/example_dags/example_branch_datetime_operator.py for tasks to queue
[2025-03-17T06:03:12.880+0000] {logging_mixin.py:190} INFO - [2025-03-17T06:03:12.879+0000] {dagbag.py:588} INFO - Filling up the DagBag from /home/airflow/.local/lib/python3.12/site-packages/airflow/example_dags/example_branch_datetime_operator.py
[2025-03-17T06:03:13.146+0000] {processor.py:925} INFO - DAG(s) 'example_branch_datetime_operator_3', 'example_branch_datetime_operator', 'example_branch_datetime_operator_2' retrieved from /home/airflow/.local/lib/python3.12/site-packages/airflow/example_dags/example_branch_datetime_operator.py
[2025-03-17T06:03:14.516+0000] {logging_mixin.py:190} INFO - [2025-03-17T06:03:14.512+0000] {override.py:1912} INFO - Created Permission View: can edit on DAG:example_branch_datetime_operator_3
[2025-03-17T06:03:14.588+0000] {logging_mixin.py:190} INFO - [2025-03-17T06:03:14.587+0000] {override.py:1912} INFO - Created Permission View: can read on DAG:example_branch_datetime_operator_3
[2025-03-17T06:03:14.625+0000] {logging_mixin.py:190} INFO - [2025-03-17T06:03:14.625+0000] {override.py:1912} INFO - Created Permission View: can delete on DAG:example_branch_datetime_operator_3
[2025-03-17T06:03:14.656+0000] {logging_mixin.py:190} INFO - [2025-03-17T06:03:14.655+0000] {override.py:1912} INFO - Created Permission View: menu access on DAG Run:example_branch_datetime_operator_3
[2025-03-17T06:03:14.698+0000] {logging_mixin.py:190} INFO - [2025-03-17T06:03:14.697+0000] {override.py:1912} INFO - Created Permission View: can create on DAG Run:example_branch_datetime_operator_3
[2025-03-17T06:03:14.740+0000] {logging_mixin.py:190} INFO - [2025-03-17T06:03:14.739+0000] {override.py:1912} INFO - Created Permission View: can read on DAG Run:example_branch_datetime_operator_3
[2025-03-17T06:03:14.779+0000] {logging_mixin.py:190} INFO - [2025-03-17T06:03:14.778+0000] {override.py:1912} INFO - Created Permission View: can delete on DAG Run:example_branch_datetime_operator_3
[2025-03-17T06:03:14.863+0000] {logging_mixin.py:190} INFO - [2025-03-17T06:03:14.861+0000] {override.py:1912} INFO - Created Permission View: can edit on DAG:example_branch_datetime_operator
[2025-03-17T06:03:14.887+0000] {logging_mixin.py:190} INFO - [2025-03-17T06:03:14.886+0000] {override.py:1912} INFO - Created Permission View: can read on DAG:example_branch_datetime_operator
[2025-03-17T06:03:14.912+0000] {logging_mixin.py:190} INFO - [2025-03-17T06:03:14.911+0000] {override.py:1912} INFO - Created Permission View: can delete on DAG:example_branch_datetime_operator
[2025-03-17T06:03:14.947+0000] {logging_mixin.py:190} INFO - [2025-03-17T06:03:14.946+0000] {override.py:1912} INFO - Created Permission View: menu access on DAG Run:example_branch_datetime_operator
[2025-03-17T06:03:14.992+0000] {logging_mixin.py:190} INFO - [2025-03-17T06:03:14.991+0000] {override.py:1912} INFO - Created Permission View: can create on DAG Run:example_branch_datetime_operator
[2025-03-17T06:03:15.035+0000] {logging_mixin.py:190} INFO - [2025-03-17T06:03:15.034+0000] {override.py:1912} INFO - Created Permission View: can read on DAG Run:example_branch_datetime_operator
[2025-03-17T06:03:15.090+0000] {logging_mixin.py:190} INFO - [2025-03-17T06:03:15.080+0000] {override.py:1912} INFO - Created Permission View: can delete on DAG Run:example_branch_datetime_operator
[2025-03-17T06:03:15.149+0000] {logging_mixin.py:190} INFO - [2025-03-17T06:03:15.143+0000] {override.py:1912} INFO - Created Permission View: can edit on DAG:example_branch_datetime_operator_2
[2025-03-17T06:03:15.170+0000] {logging_mixin.py:190} INFO - [2025-03-17T06:03:15.169+0000] {override.py:1912} INFO - Created Permission View: can read on DAG:example_branch_datetime_operator_2
[2025-03-17T06:03:15.195+0000] {logging_mixin.py:190} INFO - [2025-03-17T06:03:15.194+0000] {override.py:1912} INFO - Created Permission View: can delete on DAG:example_branch_datetime_operator_2
[2025-03-17T06:03:15.234+0000] {logging_mixin.py:190} INFO - [2025-03-17T06:03:15.230+0000] {override.py:1912} INFO - Created Permission View: menu access on DAG Run:example_branch_datetime_operator_2
[2025-03-17T06:03:15.258+0000] {logging_mixin.py:190} INFO - [2025-03-17T06:03:15.257+0000] {override.py:1912} INFO - Created Permission View: can create on DAG Run:example_branch_datetime_operator_2
[2025-03-17T06:03:15.291+0000] {logging_mixin.py:190} INFO - [2025-03-17T06:03:15.280+0000] {override.py:1912} INFO - Created Permission View: can read on DAG Run:example_branch_datetime_operator_2
[2025-03-17T06:03:15.319+0000] {logging_mixin.py:190} INFO - [2025-03-17T06:03:15.318+0000] {override.py:1912} INFO - Created Permission View: can delete on DAG Run:example_branch_datetime_operator_2
[2025-03-17T06:03:15.331+0000] {logging_mixin.py:190} INFO - [2025-03-17T06:03:15.321+0000] {dag.py:3239} INFO - Sync 3 DAGs
[2025-03-17T06:03:15.495+0000] {logging_mixin.py:190} INFO - [2025-03-17T06:03:15.494+0000] {dag.py:3262} INFO - Creating ORM DAG for example_branch_datetime_operator
[2025-03-17T06:03:15.500+0000] {logging_mixin.py:190} INFO - [2025-03-17T06:03:15.500+0000] {dag.py:3262} INFO - Creating ORM DAG for example_branch_datetime_operator_2
[2025-03-17T06:03:15.506+0000] {logging_mixin.py:190} INFO - [2025-03-17T06:03:15.505+0000] {dag.py:3262} INFO - Creating ORM DAG for example_branch_datetime_operator_3
[2025-03-17T06:03:15.568+0000] {logging_mixin.py:190} INFO - [2025-03-17T06:03:15.567+0000] {dag.py:4180} INFO - Setting next_dagrun for example_branch_datetime_operator to 2025-03-16 00:00:00+00:00, run_after=2025-03-17 00:00:00+00:00
[2025-03-17T06:03:15.579+0000] {logging_mixin.py:190} INFO - [2025-03-17T06:03:15.579+0000] {dag.py:4180} INFO - Setting next_dagrun for example_branch_datetime_operator_2 to 2025-03-16 00:00:00+00:00, run_after=2025-03-17 00:00:00+00:00
[2025-03-17T06:03:15.586+0000] {logging_mixin.py:190} INFO - [2025-03-17T06:03:15.585+0000] {dag.py:4180} INFO - Setting next_dagrun for example_branch_datetime_operator_3 to 2025-03-16 00:00:00+00:00, run_after=2025-03-17 00:00:00+00:00
[2025-03-17T06:03:15.683+0000] {processor.py:208} INFO - Processing /home/airflow/.local/lib/python3.12/site-packages/airflow/example_dags/example_branch_datetime_operator.py took 2.994 seconds
[2025-03-17T06:04:02.899+0000] {processor.py:186} INFO - Started process (PID=151) to work on /home/airflow/.local/lib/python3.12/site-packages/airflow/example_dags/example_branch_datetime_operator.py
[2025-03-17T06:04:02.902+0000] {processor.py:914} INFO - Processing file /home/airflow/.local/lib/python3.12/site-packages/airflow/example_dags/example_branch_datetime_operator.py for tasks to queue
[2025-03-17T06:04:02.909+0000] {logging_mixin.py:190} INFO - [2025-03-17T06:04:02.908+0000] {dagbag.py:588} INFO - Filling up the DagBag from /home/airflow/.local/lib/python3.12/site-packages/airflow/example_dags/example_branch_datetime_operator.py
[2025-03-17T06:04:02.950+0000] {processor.py:925} INFO - DAG(s) 'example_branch_datetime_operator', 'example_branch_datetime_operator_3', 'example_branch_datetime_operator_2' retrieved from /home/airflow/.local/lib/python3.12/site-packages/airflow/example_dags/example_branch_datetime_operator.py
[2025-03-17T06:04:03.061+0000] {logging_mixin.py:190} INFO - [2025-03-17T06:04:03.059+0000] {dag.py:3239} INFO - Sync 3 DAGs
[2025-03-17T06:04:03.159+0000] {logging_mixin.py:190} INFO - [2025-03-17T06:04:03.158+0000] {dag.py:4180} INFO - Setting next_dagrun for example_branch_datetime_operator to 2025-03-16 00:00:00+00:00, run_after=2025-03-17 00:00:00+00:00
[2025-03-17T06:04:03.175+0000] {logging_mixin.py:190} INFO - [2025-03-17T06:04:03.174+0000] {dag.py:4180} INFO - Setting next_dagrun for example_branch_datetime_operator_2 to 2025-03-16 00:00:00+00:00, run_after=2025-03-17 00:00:00+00:00
[2025-03-17T06:04:03.185+0000] {logging_mixin.py:190} INFO - [2025-03-17T06:04:03.184+0000] {dag.py:4180} INFO - Setting next_dagrun for example_branch_datetime_operator_3 to 2025-03-16 00:00:00+00:00, run_after=2025-03-17 00:00:00+00:00
[2025-03-17T06:04:03.238+0000] {processor.py:208} INFO - Processing /home/airflow/.local/lib/python3.12/site-packages/airflow/example_dags/example_branch_datetime_operator.py took 0.356 seconds
[2025-03-17T06:04:34.057+0000] {processor.py:186} INFO - Started process (PID=214) to work on /home/airflow/.local/lib/python3.12/site-packages/airflow/example_dags/example_branch_datetime_operator.py
[2025-03-17T06:04:34.063+0000] {processor.py:914} INFO - Processing file /home/airflow/.local/lib/python3.12/site-packages/airflow/example_dags/example_branch_datetime_operator.py for tasks to queue
[2025-03-17T06:04:34.079+0000] {logging_mixin.py:190} INFO - [2025-03-17T06:04:34.076+0000] {dagbag.py:588} INFO - Filling up the DagBag from /home/airflow/.local/lib/python3.12/site-packages/airflow/example_dags/example_branch_datetime_operator.py
[2025-03-17T06:04:34.147+0000] {processor.py:925} INFO - DAG(s) 'example_branch_datetime_operator_2', 'example_branch_datetime_operator', 'example_branch_datetime_operator_3' retrieved from /home/airflow/.local/lib/python3.12/site-packages/airflow/example_dags/example_branch_datetime_operator.py
[2025-03-17T06:04:34.391+0000] {logging_mixin.py:190} INFO - [2025-03-17T06:04:34.390+0000] {dag.py:3239} INFO - Sync 3 DAGs
[2025-03-17T06:04:34.620+0000] {logging_mixin.py:190} INFO - [2025-03-17T06:04:34.620+0000] {dag.py:4180} INFO - Setting next_dagrun for example_branch_datetime_operator to 2025-03-16 00:00:00+00:00, run_after=2025-03-17 00:00:00+00:00
[2025-03-17T06:04:34.664+0000] {logging_mixin.py:190} INFO - [2025-03-17T06:04:34.663+0000] {dag.py:4180} INFO - Setting next_dagrun for example_branch_datetime_operator_2 to 2025-03-16 00:00:00+00:00, run_after=2025-03-17 00:00:00+00:00
[2025-03-17T06:04:34.685+0000] {logging_mixin.py:190} INFO - [2025-03-17T06:04:34.685+0000] {dag.py:4180} INFO - Setting next_dagrun for example_branch_datetime_operator_3 to 2025-03-16 00:00:00+00:00, run_after=2025-03-17 00:00:00+00:00
[2025-03-17T06:04:34.805+0000] {processor.py:208} INFO - Processing /home/airflow/.local/lib/python3.12/site-packages/airflow/example_dags/example_branch_datetime_operator.py took 0.822 seconds
[2025-03-17T06:05:06.882+0000] {processor.py:186} INFO - Started process (PID=277) to work on /home/airflow/.local/lib/python3.12/site-packages/airflow/example_dags/example_branch_datetime_operator.py
[2025-03-17T06:05:06.884+0000] {processor.py:914} INFO - Processing file /home/airflow/.local/lib/python3.12/site-packages/airflow/example_dags/example_branch_datetime_operator.py for tasks to queue
[2025-03-17T06:05:06.889+0000] {logging_mixin.py:190} INFO - [2025-03-17T06:05:06.888+0000] {dagbag.py:588} INFO - Filling up the DagBag from /home/airflow/.local/lib/python3.12/site-packages/airflow/example_dags/example_branch_datetime_operator.py
[2025-03-17T06:05:06.919+0000] {processor.py:925} INFO - DAG(s) 'example_branch_datetime_operator_2', 'example_branch_datetime_operator_3', 'example_branch_datetime_operator' retrieved from /home/airflow/.local/lib/python3.12/site-packages/airflow/example_dags/example_branch_datetime_operator.py
[2025-03-17T06:05:06.975+0000] {logging_mixin.py:190} INFO - [2025-03-17T06:05:06.975+0000] {dag.py:3239} INFO - Sync 3 DAGs
[2025-03-17T06:05:07.033+0000] {logging_mixin.py:190} INFO - [2025-03-17T06:05:07.032+0000] {dag.py:4180} INFO - Setting next_dagrun for example_branch_datetime_operator to 2025-03-16 00:00:00+00:00, run_after=2025-03-17 00:00:00+00:00
[2025-03-17T06:05:07.046+0000] {logging_mixin.py:190} INFO - [2025-03-17T06:05:07.045+0000] {dag.py:4180} INFO - Setting next_dagrun for example_branch_datetime_operator_2 to 2025-03-16 00:00:00+00:00, run_after=2025-03-17 00:00:00+00:00
[2025-03-17T06:05:07.053+0000] {logging_mixin.py:190} INFO - [2025-03-17T06:05:07.052+0000] {dag.py:4180} INFO - Setting next_dagrun for example_branch_datetime_operator_3 to 2025-03-16 00:00:00+00:00, run_after=2025-03-17 00:00:00+00:00
[2025-03-17T06:05:07.088+0000] {processor.py:208} INFO - Processing /home/airflow/.local/lib/python3.12/site-packages/airflow/example_dags/example_branch_datetime_operator.py took 0.219 seconds
[2025-03-17T06:05:41.082+0000] {processor.py:186} INFO - Started process (PID=333) to work on /home/airflow/.local/lib/python3.12/site-packages/airflow/example_dags/example_branch_datetime_operator.py
[2025-03-17T06:05:41.085+0000] {processor.py:914} INFO - Processing file /home/airflow/.local/lib/python3.12/site-packages/airflow/example_dags/example_branch_datetime_operator.py for tasks to queue
[2025-03-17T06:05:41.093+0000] {logging_mixin.py:190} INFO - [2025-03-17T06:05:41.091+0000] {dagbag.py:588} INFO - Filling up the DagBag from /home/airflow/.local/lib/python3.12/site-packages/airflow/example_dags/example_branch_datetime_operator.py
[2025-03-17T06:05:41.132+0000] {processor.py:925} INFO - DAG(s) 'example_branch_datetime_operator_3', 'example_branch_datetime_operator', 'example_branch_datetime_operator_2' retrieved from /home/airflow/.local/lib/python3.12/site-packages/airflow/example_dags/example_branch_datetime_operator.py
[2025-03-17T06:05:41.228+0000] {logging_mixin.py:190} INFO - [2025-03-17T06:05:41.227+0000] {dag.py:3239} INFO - Sync 3 DAGs
[2025-03-17T06:05:41.315+0000] {logging_mixin.py:190} INFO - [2025-03-17T06:05:41.315+0000] {dag.py:4180} INFO - Setting next_dagrun for example_branch_datetime_operator to 2025-03-16 00:00:00+00:00, run_after=2025-03-17 00:00:00+00:00
[2025-03-17T06:05:41.331+0000] {logging_mixin.py:190} INFO - [2025-03-17T06:05:41.331+0000] {dag.py:4180} INFO - Setting next_dagrun for example_branch_datetime_operator_2 to 2025-03-16 00:00:00+00:00, run_after=2025-03-17 00:00:00+00:00
[2025-03-17T06:05:41.337+0000] {logging_mixin.py:190} INFO - [2025-03-17T06:05:41.336+0000] {dag.py:4180} INFO - Setting next_dagrun for example_branch_datetime_operator_3 to 2025-03-16 00:00:00+00:00, run_after=2025-03-17 00:00:00+00:00
[2025-03-17T06:05:41.378+0000] {processor.py:208} INFO - Processing /home/airflow/.local/lib/python3.12/site-packages/airflow/example_dags/example_branch_datetime_operator.py took 0.316 seconds
[2025-03-17T06:06:12.840+0000] {processor.py:186} INFO - Started process (PID=396) to work on /home/airflow/.local/lib/python3.12/site-packages/airflow/example_dags/example_branch_datetime_operator.py
[2025-03-17T06:06:12.844+0000] {processor.py:914} INFO - Processing file /home/airflow/.local/lib/python3.12/site-packages/airflow/example_dags/example_branch_datetime_operator.py for tasks to queue
[2025-03-17T06:06:12.853+0000] {logging_mixin.py:190} INFO - [2025-03-17T06:06:12.852+0000] {dagbag.py:588} INFO - Filling up the DagBag from /home/airflow/.local/lib/python3.12/site-packages/airflow/example_dags/example_branch_datetime_operator.py
[2025-03-17T06:06:12.889+0000] {processor.py:925} INFO - DAG(s) 'example_branch_datetime_operator_3', 'example_branch_datetime_operator_2', 'example_branch_datetime_operator' retrieved from /home/airflow/.local/lib/python3.12/site-packages/airflow/example_dags/example_branch_datetime_operator.py
[2025-03-17T06:06:12.956+0000] {logging_mixin.py:190} INFO - [2025-03-17T06:06:12.955+0000] {dag.py:3239} INFO - Sync 3 DAGs
[2025-03-17T06:06:13.018+0000] {logging_mixin.py:190} INFO - [2025-03-17T06:06:13.017+0000] {dag.py:4180} INFO - Setting next_dagrun for example_branch_datetime_operator to 2025-03-16 00:00:00+00:00, run_after=2025-03-17 00:00:00+00:00
[2025-03-17T06:06:13.029+0000] {logging_mixin.py:190} INFO - [2025-03-17T06:06:13.028+0000] {dag.py:4180} INFO - Setting next_dagrun for example_branch_datetime_operator_2 to 2025-03-16 00:00:00+00:00, run_after=2025-03-17 00:00:00+00:00
[2025-03-17T06:06:13.036+0000] {logging_mixin.py:190} INFO - [2025-03-17T06:06:13.035+0000] {dag.py:4180} INFO - Setting next_dagrun for example_branch_datetime_operator_3 to 2025-03-16 00:00:00+00:00, run_after=2025-03-17 00:00:00+00:00
[2025-03-17T06:06:13.073+0000] {processor.py:208} INFO - Processing /home/airflow/.local/lib/python3.12/site-packages/airflow/example_dags/example_branch_datetime_operator.py took 0.249 seconds
[2025-03-17T06:06:44.147+0000] {processor.py:186} INFO - Started process (PID=451) to work on /home/airflow/.local/lib/python3.12/site-packages/airflow/example_dags/example_branch_datetime_operator.py
[2025-03-17T06:06:44.149+0000] {processor.py:914} INFO - Processing file /home/airflow/.local/lib/python3.12/site-packages/airflow/example_dags/example_branch_datetime_operator.py for tasks to queue
[2025-03-17T06:06:44.155+0000] {logging_mixin.py:190} INFO - [2025-03-17T06:06:44.154+0000] {dagbag.py:588} INFO - Filling up the DagBag from /home/airflow/.local/lib/python3.12/site-packages/airflow/example_dags/example_branch_datetime_operator.py
[2025-03-17T06:06:44.187+0000] {processor.py:925} INFO - DAG(s) 'example_branch_datetime_operator', 'example_branch_datetime_operator_3', 'example_branch_datetime_operator_2' retrieved from /home/airflow/.local/lib/python3.12/site-packages/airflow/example_dags/example_branch_datetime_operator.py
[2025-03-17T06:06:44.270+0000] {logging_mixin.py:190} INFO - [2025-03-17T06:06:44.269+0000] {dag.py:3239} INFO - Sync 3 DAGs
[2025-03-17T06:06:44.355+0000] {logging_mixin.py:190} INFO - [2025-03-17T06:06:44.355+0000] {dag.py:4180} INFO - Setting next_dagrun for example_branch_datetime_operator to 2025-03-16 00:00:00+00:00, run_after=2025-03-17 00:00:00+00:00
[2025-03-17T06:06:44.368+0000] {logging_mixin.py:190} INFO - [2025-03-17T06:06:44.368+0000] {dag.py:4180} INFO - Setting next_dagrun for example_branch_datetime_operator_2 to 2025-03-16 00:00:00+00:00, run_after=2025-03-17 00:00:00+00:00
[2025-03-17T06:06:44.379+0000] {logging_mixin.py:190} INFO - [2025-03-17T06:06:44.378+0000] {dag.py:4180} INFO - Setting next_dagrun for example_branch_datetime_operator_3 to 2025-03-16 00:00:00+00:00, run_after=2025-03-17 00:00:00+00:00
[2025-03-17T06:06:44.419+0000] {processor.py:208} INFO - Processing /home/airflow/.local/lib/python3.12/site-packages/airflow/example_dags/example_branch_datetime_operator.py took 0.288 seconds
