[2025-03-17T06:03:57.210+0000] {processor.py:186} INFO - Started process (PID=137) to work on /home/airflow/.local/lib/python3.12/site-packages/airflow/example_dags/example_bash_operator.py
[2025-03-17T06:03:57.213+0000] {processor.py:914} INFO - Processing file /home/airflow/.local/lib/python3.12/site-packages/airflow/example_dags/example_bash_operator.py for tasks to queue
[2025-03-17T06:03:57.219+0000] {logging_mixin.py:190} INFO - [2025-03-17T06:03:57.218+0000] {dagbag.py:588} INFO - Filling up the DagBag from /home/airflow/.local/lib/python3.12/site-packages/airflow/example_dags/example_bash_operator.py
[2025-03-17T06:03:57.285+0000] {processor.py:925} INFO - DAG(s) 'example_bash_operator' retrieved from /home/airflow/.local/lib/python3.12/site-packages/airflow/example_dags/example_bash_operator.py
[2025-03-17T06:03:57.719+0000] {logging_mixin.py:190} INFO - [2025-03-17T06:03:57.717+0000] {override.py:1912} INFO - Created Permission View: can edit on DAG:example_bash_operator
[2025-03-17T06:03:57.758+0000] {logging_mixin.py:190} INFO - [2025-03-17T06:03:57.757+0000] {override.py:1912} INFO - Created Permission View: can read on DAG:example_bash_operator
[2025-03-17T06:03:57.791+0000] {logging_mixin.py:190} INFO - [2025-03-17T06:03:57.790+0000] {override.py:1912} INFO - Created Permission View: can delete on DAG:example_bash_operator
[2025-03-17T06:03:57.844+0000] {logging_mixin.py:190} INFO - [2025-03-17T06:03:57.843+0000] {override.py:1912} INFO - Created Permission View: menu access on DAG Run:example_bash_operator
[2025-03-17T06:03:57.895+0000] {logging_mixin.py:190} INFO - [2025-03-17T06:03:57.887+0000] {override.py:1912} INFO - Created Permission View: can create on DAG Run:example_bash_operator
[2025-03-17T06:03:57.942+0000] {logging_mixin.py:190} INFO - [2025-03-17T06:03:57.941+0000] {override.py:1912} INFO - Created Permission View: can read on DAG Run:example_bash_operator
[2025-03-17T06:03:58.008+0000] {logging_mixin.py:190} INFO - [2025-03-17T06:03:58.004+0000] {override.py:1912} INFO - Created Permission View: can delete on DAG Run:example_bash_operator
[2025-03-17T06:03:58.011+0000] {logging_mixin.py:190} INFO - [2025-03-17T06:03:58.011+0000] {dag.py:3239} INFO - Sync 1 DAGs
[2025-03-17T06:03:58.060+0000] {logging_mixin.py:190} INFO - [2025-03-17T06:03:58.060+0000] {dag.py:3262} INFO - Creating ORM DAG for example_bash_operator
[2025-03-17T06:03:58.114+0000] {logging_mixin.py:190} INFO - [2025-03-17T06:03:58.114+0000] {dag.py:4180} INFO - Setting next_dagrun for example_bash_operator to 2025-03-16 00:00:00+00:00, run_after=2025-03-17 00:00:00+00:00
[2025-03-17T06:03:58.204+0000] {processor.py:208} INFO - Processing /home/airflow/.local/lib/python3.12/site-packages/airflow/example_dags/example_bash_operator.py took 1.013 seconds
[2025-03-17T06:04:28.313+0000] {processor.py:186} INFO - Started process (PID=200) to work on /home/airflow/.local/lib/python3.12/site-packages/airflow/example_dags/example_bash_operator.py
[2025-03-17T06:04:28.315+0000] {processor.py:914} INFO - Processing file /home/airflow/.local/lib/python3.12/site-packages/airflow/example_dags/example_bash_operator.py for tasks to queue
[2025-03-17T06:04:28.320+0000] {logging_mixin.py:190} INFO - [2025-03-17T06:04:28.319+0000] {dagbag.py:588} INFO - Filling up the DagBag from /home/airflow/.local/lib/python3.12/site-packages/airflow/example_dags/example_bash_operator.py
[2025-03-17T06:04:28.339+0000] {processor.py:925} INFO - DAG(s) 'example_bash_operator' retrieved from /home/airflow/.local/lib/python3.12/site-packages/airflow/example_dags/example_bash_operator.py
[2025-03-17T06:04:28.384+0000] {logging_mixin.py:190} INFO - [2025-03-17T06:04:28.384+0000] {dag.py:3239} INFO - Sync 1 DAGs
[2025-03-17T06:04:28.429+0000] {logging_mixin.py:190} INFO - [2025-03-17T06:04:28.429+0000] {dag.py:4180} INFO - Setting next_dagrun for example_bash_operator to 2025-03-16 00:00:00+00:00, run_after=2025-03-17 00:00:00+00:00
[2025-03-17T06:04:28.459+0000] {processor.py:208} INFO - Processing /home/airflow/.local/lib/python3.12/site-packages/airflow/example_dags/example_bash_operator.py took 0.156 seconds
[2025-03-17T06:05:04.790+0000] {processor.py:186} INFO - Started process (PID=264) to work on /home/airflow/.local/lib/python3.12/site-packages/airflow/example_dags/example_bash_operator.py
[2025-03-17T06:05:04.794+0000] {processor.py:914} INFO - Processing file /home/airflow/.local/lib/python3.12/site-packages/airflow/example_dags/example_bash_operator.py for tasks to queue
[2025-03-17T06:05:04.800+0000] {logging_mixin.py:190} INFO - [2025-03-17T06:05:04.799+0000] {dagbag.py:588} INFO - Filling up the DagBag from /home/airflow/.local/lib/python3.12/site-packages/airflow/example_dags/example_bash_operator.py
[2025-03-17T06:05:04.867+0000] {processor.py:925} INFO - DAG(s) 'example_bash_operator' retrieved from /home/airflow/.local/lib/python3.12/site-packages/airflow/example_dags/example_bash_operator.py
[2025-03-17T06:05:04.952+0000] {logging_mixin.py:190} INFO - [2025-03-17T06:05:04.952+0000] {dag.py:3239} INFO - Sync 1 DAGs
[2025-03-17T06:05:05.015+0000] {logging_mixin.py:190} INFO - [2025-03-17T06:05:05.014+0000] {dag.py:4180} INFO - Setting next_dagrun for example_bash_operator to 2025-03-16 00:00:00+00:00, run_after=2025-03-17 00:00:00+00:00
[2025-03-17T06:05:05.066+0000] {processor.py:208} INFO - Processing /home/airflow/.local/lib/python3.12/site-packages/airflow/example_dags/example_bash_operator.py took 0.296 seconds
[2025-03-17T06:05:42.094+0000] {processor.py:186} INFO - Started process (PID=340) to work on /home/airflow/.local/lib/python3.12/site-packages/airflow/example_dags/example_bash_operator.py
[2025-03-17T06:05:42.096+0000] {processor.py:914} INFO - Processing file /home/airflow/.local/lib/python3.12/site-packages/airflow/example_dags/example_bash_operator.py for tasks to queue
[2025-03-17T06:05:42.103+0000] {logging_mixin.py:190} INFO - [2025-03-17T06:05:42.102+0000] {dagbag.py:588} INFO - Filling up the DagBag from /home/airflow/.local/lib/python3.12/site-packages/airflow/example_dags/example_bash_operator.py
[2025-03-17T06:05:42.143+0000] {processor.py:925} INFO - DAG(s) 'example_bash_operator' retrieved from /home/airflow/.local/lib/python3.12/site-packages/airflow/example_dags/example_bash_operator.py
[2025-03-17T06:05:42.206+0000] {logging_mixin.py:190} INFO - [2025-03-17T06:05:42.205+0000] {dag.py:3239} INFO - Sync 1 DAGs
[2025-03-17T06:05:42.278+0000] {logging_mixin.py:190} INFO - [2025-03-17T06:05:42.278+0000] {dag.py:4180} INFO - Setting next_dagrun for example_bash_operator to 2025-03-16 00:00:00+00:00, run_after=2025-03-17 00:00:00+00:00
[2025-03-17T06:05:42.345+0000] {processor.py:208} INFO - Processing /home/airflow/.local/lib/python3.12/site-packages/airflow/example_dags/example_bash_operator.py took 0.265 seconds
[2025-03-17T06:06:13.981+0000] {processor.py:186} INFO - Started process (PID=403) to work on /home/airflow/.local/lib/python3.12/site-packages/airflow/example_dags/example_bash_operator.py
[2025-03-17T06:06:13.983+0000] {processor.py:914} INFO - Processing file /home/airflow/.local/lib/python3.12/site-packages/airflow/example_dags/example_bash_operator.py for tasks to queue
[2025-03-17T06:06:13.988+0000] {logging_mixin.py:190} INFO - [2025-03-17T06:06:13.987+0000] {dagbag.py:588} INFO - Filling up the DagBag from /home/airflow/.local/lib/python3.12/site-packages/airflow/example_dags/example_bash_operator.py
[2025-03-17T06:06:14.022+0000] {processor.py:925} INFO - DAG(s) 'example_bash_operator' retrieved from /home/airflow/.local/lib/python3.12/site-packages/airflow/example_dags/example_bash_operator.py
[2025-03-17T06:06:14.088+0000] {logging_mixin.py:190} INFO - [2025-03-17T06:06:14.087+0000] {dag.py:3239} INFO - Sync 1 DAGs
[2025-03-17T06:06:14.152+0000] {logging_mixin.py:190} INFO - [2025-03-17T06:06:14.151+0000] {dag.py:4180} INFO - Setting next_dagrun for example_bash_operator to 2025-03-16 00:00:00+00:00, run_after=2025-03-17 00:00:00+00:00
[2025-03-17T06:06:14.202+0000] {processor.py:208} INFO - Processing /home/airflow/.local/lib/python3.12/site-packages/airflow/example_dags/example_bash_operator.py took 0.234 seconds
[2025-03-17T06:06:47.242+0000] {processor.py:186} INFO - Started process (PID=467) to work on /home/airflow/.local/lib/python3.12/site-packages/airflow/example_dags/example_bash_operator.py
[2025-03-17T06:06:47.245+0000] {processor.py:914} INFO - Processing file /home/airflow/.local/lib/python3.12/site-packages/airflow/example_dags/example_bash_operator.py for tasks to queue
[2025-03-17T06:06:47.252+0000] {logging_mixin.py:190} INFO - [2025-03-17T06:06:47.251+0000] {dagbag.py:588} INFO - Filling up the DagBag from /home/airflow/.local/lib/python3.12/site-packages/airflow/example_dags/example_bash_operator.py
[2025-03-17T06:06:47.282+0000] {processor.py:925} INFO - DAG(s) 'example_bash_operator' retrieved from /home/airflow/.local/lib/python3.12/site-packages/airflow/example_dags/example_bash_operator.py
[2025-03-17T06:06:47.337+0000] {logging_mixin.py:190} INFO - [2025-03-17T06:06:47.336+0000] {dag.py:3239} INFO - Sync 1 DAGs
[2025-03-17T06:06:47.391+0000] {logging_mixin.py:190} INFO - [2025-03-17T06:06:47.391+0000] {dag.py:4180} INFO - Setting next_dagrun for example_bash_operator to 2025-03-16 00:00:00+00:00, run_after=2025-03-17 00:00:00+00:00
[2025-03-17T06:06:47.432+0000] {processor.py:208} INFO - Processing /home/airflow/.local/lib/python3.12/site-packages/airflow/example_dags/example_bash_operator.py took 0.208 seconds
