[2025-03-17T06:03:55.090+0000] {processor.py:186} INFO - Started process (PID=133) to work on /home/airflow/.local/lib/python3.12/site-packages/airflow/example_dags/example_trigger_controller_dag.py
[2025-03-17T06:03:55.092+0000] {processor.py:914} INFO - Processing file /home/airflow/.local/lib/python3.12/site-packages/airflow/example_dags/example_trigger_controller_dag.py for tasks to queue
[2025-03-17T06:03:55.098+0000] {logging_mixin.py:190} INFO - [2025-03-17T06:03:55.097+0000] {dagbag.py:588} INFO - Filling up the DagBag from /home/airflow/.local/lib/python3.12/site-packages/airflow/example_dags/example_trigger_controller_dag.py
[2025-03-17T06:03:55.119+0000] {processor.py:925} INFO - DAG(s) 'example_trigger_controller_dag' retrieved from /home/airflow/.local/lib/python3.12/site-packages/airflow/example_dags/example_trigger_controller_dag.py
[2025-03-17T06:03:55.777+0000] {logging_mixin.py:190} INFO - [2025-03-17T06:03:55.775+0000] {override.py:1912} INFO - Created Permission View: can edit on DAG:example_trigger_controller_dag
[2025-03-17T06:03:55.834+0000] {logging_mixin.py:190} INFO - [2025-03-17T06:03:55.832+0000] {override.py:1912} INFO - Created Permission View: can read on DAG:example_trigger_controller_dag
[2025-03-17T06:03:55.859+0000] {logging_mixin.py:190} INFO - [2025-03-17T06:03:55.858+0000] {override.py:1912} INFO - Created Permission View: can delete on DAG:example_trigger_controller_dag
[2025-03-17T06:03:55.887+0000] {logging_mixin.py:190} INFO - [2025-03-17T06:03:55.885+0000] {override.py:1912} INFO - Created Permission View: menu access on DAG Run:example_trigger_controller_dag
[2025-03-17T06:03:55.911+0000] {logging_mixin.py:190} INFO - [2025-03-17T06:03:55.911+0000] {override.py:1912} INFO - Created Permission View: can create on DAG Run:example_trigger_controller_dag
[2025-03-17T06:03:55.937+0000] {logging_mixin.py:190} INFO - [2025-03-17T06:03:55.936+0000] {override.py:1912} INFO - Created Permission View: can read on DAG Run:example_trigger_controller_dag
[2025-03-17T06:03:55.956+0000] {logging_mixin.py:190} INFO - [2025-03-17T06:03:55.956+0000] {override.py:1912} INFO - Created Permission View: can delete on DAG Run:example_trigger_controller_dag
[2025-03-17T06:03:55.958+0000] {logging_mixin.py:190} INFO - [2025-03-17T06:03:55.958+0000] {dag.py:3239} INFO - Sync 1 DAGs
[2025-03-17T06:03:56.007+0000] {logging_mixin.py:190} INFO - [2025-03-17T06:03:56.006+0000] {dag.py:3262} INFO - Creating ORM DAG for example_trigger_controller_dag
[2025-03-17T06:03:56.034+0000] {logging_mixin.py:190} INFO - [2025-03-17T06:03:56.033+0000] {dag.py:4180} INFO - Setting next_dagrun for example_trigger_controller_dag to 2021-01-01 00:00:00+00:00, run_after=2021-01-01 00:00:00+00:00
[2025-03-17T06:03:56.094+0000] {processor.py:208} INFO - Processing /home/airflow/.local/lib/python3.12/site-packages/airflow/example_dags/example_trigger_controller_dag.py took 1.022 seconds
[2025-03-17T06:04:26.272+0000] {processor.py:186} INFO - Started process (PID=196) to work on /home/airflow/.local/lib/python3.12/site-packages/airflow/example_dags/example_trigger_controller_dag.py
[2025-03-17T06:04:26.274+0000] {processor.py:914} INFO - Processing file /home/airflow/.local/lib/python3.12/site-packages/airflow/example_dags/example_trigger_controller_dag.py for tasks to queue
[2025-03-17T06:04:26.279+0000] {logging_mixin.py:190} INFO - [2025-03-17T06:04:26.278+0000] {dagbag.py:588} INFO - Filling up the DagBag from /home/airflow/.local/lib/python3.12/site-packages/airflow/example_dags/example_trigger_controller_dag.py
[2025-03-17T06:04:26.289+0000] {processor.py:925} INFO - DAG(s) 'example_trigger_controller_dag' retrieved from /home/airflow/.local/lib/python3.12/site-packages/airflow/example_dags/example_trigger_controller_dag.py
[2025-03-17T06:04:26.320+0000] {logging_mixin.py:190} INFO - [2025-03-17T06:04:26.320+0000] {dag.py:3239} INFO - Sync 1 DAGs
[2025-03-17T06:04:26.359+0000] {logging_mixin.py:190} INFO - [2025-03-17T06:04:26.358+0000] {dag.py:4180} INFO - Setting next_dagrun for example_trigger_controller_dag to 2021-01-01 00:00:00+00:00, run_after=2021-01-01 00:00:00+00:00
[2025-03-17T06:04:26.386+0000] {processor.py:208} INFO - Processing /home/airflow/.local/lib/python3.12/site-packages/airflow/example_dags/example_trigger_controller_dag.py took 0.123 seconds
[2025-03-17T06:05:03.898+0000] {processor.py:186} INFO - Started process (PID=260) to work on /home/airflow/.local/lib/python3.12/site-packages/airflow/example_dags/example_trigger_controller_dag.py
[2025-03-17T06:05:03.902+0000] {processor.py:914} INFO - Processing file /home/airflow/.local/lib/python3.12/site-packages/airflow/example_dags/example_trigger_controller_dag.py for tasks to queue
[2025-03-17T06:05:03.910+0000] {logging_mixin.py:190} INFO - [2025-03-17T06:05:03.909+0000] {dagbag.py:588} INFO - Filling up the DagBag from /home/airflow/.local/lib/python3.12/site-packages/airflow/example_dags/example_trigger_controller_dag.py
[2025-03-17T06:05:03.932+0000] {processor.py:925} INFO - DAG(s) 'example_trigger_controller_dag' retrieved from /home/airflow/.local/lib/python3.12/site-packages/airflow/example_dags/example_trigger_controller_dag.py
[2025-03-17T06:05:03.981+0000] {logging_mixin.py:190} INFO - [2025-03-17T06:05:03.980+0000] {dag.py:3239} INFO - Sync 1 DAGs
[2025-03-17T06:05:04.060+0000] {logging_mixin.py:190} INFO - [2025-03-17T06:05:04.059+0000] {dag.py:4180} INFO - Setting next_dagrun for example_trigger_controller_dag to 2021-01-01 00:00:00+00:00, run_after=2021-01-01 00:00:00+00:00
[2025-03-17T06:05:04.129+0000] {processor.py:208} INFO - Processing /home/airflow/.local/lib/python3.12/site-packages/airflow/example_dags/example_trigger_controller_dag.py took 0.254 seconds
[2025-03-17T06:05:41.510+0000] {processor.py:186} INFO - Started process (PID=336) to work on /home/airflow/.local/lib/python3.12/site-packages/airflow/example_dags/example_trigger_controller_dag.py
[2025-03-17T06:05:41.514+0000] {processor.py:914} INFO - Processing file /home/airflow/.local/lib/python3.12/site-packages/airflow/example_dags/example_trigger_controller_dag.py for tasks to queue
[2025-03-17T06:05:41.527+0000] {logging_mixin.py:190} INFO - [2025-03-17T06:05:41.526+0000] {dagbag.py:588} INFO - Filling up the DagBag from /home/airflow/.local/lib/python3.12/site-packages/airflow/example_dags/example_trigger_controller_dag.py
[2025-03-17T06:05:41.565+0000] {processor.py:925} INFO - DAG(s) 'example_trigger_controller_dag' retrieved from /home/airflow/.local/lib/python3.12/site-packages/airflow/example_dags/example_trigger_controller_dag.py
[2025-03-17T06:05:41.631+0000] {logging_mixin.py:190} INFO - [2025-03-17T06:05:41.630+0000] {dag.py:3239} INFO - Sync 1 DAGs
[2025-03-17T06:05:41.688+0000] {logging_mixin.py:190} INFO - [2025-03-17T06:05:41.688+0000] {dag.py:4180} INFO - Setting next_dagrun for example_trigger_controller_dag to 2021-01-01 00:00:00+00:00, run_after=2021-01-01 00:00:00+00:00
[2025-03-17T06:05:41.733+0000] {processor.py:208} INFO - Processing /home/airflow/.local/lib/python3.12/site-packages/airflow/example_dags/example_trigger_controller_dag.py took 0.246 seconds
[2025-03-17T06:06:13.140+0000] {processor.py:186} INFO - Started process (PID=399) to work on /home/airflow/.local/lib/python3.12/site-packages/airflow/example_dags/example_trigger_controller_dag.py
[2025-03-17T06:06:13.143+0000] {processor.py:914} INFO - Processing file /home/airflow/.local/lib/python3.12/site-packages/airflow/example_dags/example_trigger_controller_dag.py for tasks to queue
[2025-03-17T06:06:13.151+0000] {logging_mixin.py:190} INFO - [2025-03-17T06:06:13.150+0000] {dagbag.py:588} INFO - Filling up the DagBag from /home/airflow/.local/lib/python3.12/site-packages/airflow/example_dags/example_trigger_controller_dag.py
[2025-03-17T06:06:13.171+0000] {processor.py:925} INFO - DAG(s) 'example_trigger_controller_dag' retrieved from /home/airflow/.local/lib/python3.12/site-packages/airflow/example_dags/example_trigger_controller_dag.py
[2025-03-17T06:06:13.215+0000] {logging_mixin.py:190} INFO - [2025-03-17T06:06:13.215+0000] {dag.py:3239} INFO - Sync 1 DAGs
[2025-03-17T06:06:13.279+0000] {logging_mixin.py:190} INFO - [2025-03-17T06:06:13.278+0000] {dag.py:4180} INFO - Setting next_dagrun for example_trigger_controller_dag to 2021-01-01 00:00:00+00:00, run_after=2021-01-01 00:00:00+00:00
[2025-03-17T06:06:13.324+0000] {processor.py:208} INFO - Processing /home/airflow/.local/lib/python3.12/site-packages/airflow/example_dags/example_trigger_controller_dag.py took 0.201 seconds
[2025-03-17T06:06:46.509+0000] {processor.py:186} INFO - Started process (PID=462) to work on /home/airflow/.local/lib/python3.12/site-packages/airflow/example_dags/example_trigger_controller_dag.py
[2025-03-17T06:06:46.511+0000] {processor.py:914} INFO - Processing file /home/airflow/.local/lib/python3.12/site-packages/airflow/example_dags/example_trigger_controller_dag.py for tasks to queue
[2025-03-17T06:06:46.516+0000] {logging_mixin.py:190} INFO - [2025-03-17T06:06:46.515+0000] {dagbag.py:588} INFO - Filling up the DagBag from /home/airflow/.local/lib/python3.12/site-packages/airflow/example_dags/example_trigger_controller_dag.py
[2025-03-17T06:06:46.530+0000] {processor.py:925} INFO - DAG(s) 'example_trigger_controller_dag' retrieved from /home/airflow/.local/lib/python3.12/site-packages/airflow/example_dags/example_trigger_controller_dag.py
[2025-03-17T06:06:46.566+0000] {logging_mixin.py:190} INFO - [2025-03-17T06:06:46.566+0000] {dag.py:3239} INFO - Sync 1 DAGs
[2025-03-17T06:06:46.638+0000] {logging_mixin.py:190} INFO - [2025-03-17T06:06:46.638+0000] {dag.py:4180} INFO - Setting next_dagrun for example_trigger_controller_dag to 2021-01-01 00:00:00+00:00, run_after=2021-01-01 00:00:00+00:00
[2025-03-17T06:06:46.686+0000] {processor.py:208} INFO - Processing /home/airflow/.local/lib/python3.12/site-packages/airflow/example_dags/example_trigger_controller_dag.py took 0.190 seconds
