[2025-03-17T06:03:47.245+0000] {processor.py:186} INFO - Started process (PID=121) to work on /home/airflow/.local/lib/python3.12/site-packages/airflow/example_dags/example_datasets.py
[2025-03-17T06:03:47.249+0000] {processor.py:914} INFO - Processing file /home/airflow/.local/lib/python3.12/site-packages/airflow/example_dags/example_datasets.py for tasks to queue
[2025-03-17T06:03:47.262+0000] {logging_mixin.py:190} INFO - [2025-03-17T06:03:47.257+0000] {dagbag.py:588} INFO - Filling up the DagBag from /home/airflow/.local/lib/python3.12/site-packages/airflow/example_dags/example_datasets.py
[2025-03-17T06:03:49.020+0000] {processor.py:925} INFO - DAG(s) 'dataset_consumes_1', 'consume_1_or_2_with_dataset_expressions', 'dataset_consumes_unknown_never_scheduled', 'dataset_produces_2', 'dataset_consumes_1_and_2', 'consume_1_and_2_with_dataset_expressions', 'consume_1_or_both_2_and_3_with_dataset_expressions', 'conditional_dataset_and_time_based_timetable', 'dataset_consumes_1_never_scheduled', 'dataset_produces_1' retrieved from /home/airflow/.local/lib/python3.12/site-packages/airflow/example_dags/example_datasets.py
[2025-03-17T06:03:49.406+0000] {logging_mixin.py:190} INFO - [2025-03-17T06:03:49.404+0000] {override.py:1912} INFO - Created Permission View: can edit on DAG:dataset_consumes_1
[2025-03-17T06:03:49.429+0000] {logging_mixin.py:190} INFO - [2025-03-17T06:03:49.428+0000] {override.py:1912} INFO - Created Permission View: can read on DAG:dataset_consumes_1
[2025-03-17T06:03:49.445+0000] {logging_mixin.py:190} INFO - [2025-03-17T06:03:49.444+0000] {override.py:1912} INFO - Created Permission View: can delete on DAG:dataset_consumes_1
[2025-03-17T06:03:49.461+0000] {logging_mixin.py:190} INFO - [2025-03-17T06:03:49.460+0000] {override.py:1912} INFO - Created Permission View: menu access on DAG Run:dataset_consumes_1
[2025-03-17T06:03:49.477+0000] {logging_mixin.py:190} INFO - [2025-03-17T06:03:49.476+0000] {override.py:1912} INFO - Created Permission View: can create on DAG Run:dataset_consumes_1
[2025-03-17T06:03:49.492+0000] {logging_mixin.py:190} INFO - [2025-03-17T06:03:49.491+0000] {override.py:1912} INFO - Created Permission View: can read on DAG Run:dataset_consumes_1
[2025-03-17T06:03:49.507+0000] {logging_mixin.py:190} INFO - [2025-03-17T06:03:49.507+0000] {override.py:1912} INFO - Created Permission View: can delete on DAG Run:dataset_consumes_1
[2025-03-17T06:03:49.538+0000] {logging_mixin.py:190} INFO - [2025-03-17T06:03:49.537+0000] {override.py:1912} INFO - Created Permission View: can edit on DAG:consume_1_or_2_with_dataset_expressions
[2025-03-17T06:03:49.553+0000] {logging_mixin.py:190} INFO - [2025-03-17T06:03:49.552+0000] {override.py:1912} INFO - Created Permission View: can read on DAG:consume_1_or_2_with_dataset_expressions
[2025-03-17T06:03:49.569+0000] {logging_mixin.py:190} INFO - [2025-03-17T06:03:49.569+0000] {override.py:1912} INFO - Created Permission View: can delete on DAG:consume_1_or_2_with_dataset_expressions
[2025-03-17T06:03:49.586+0000] {logging_mixin.py:190} INFO - [2025-03-17T06:03:49.585+0000] {override.py:1912} INFO - Created Permission View: menu access on DAG Run:consume_1_or_2_with_dataset_expressions
[2025-03-17T06:03:49.603+0000] {logging_mixin.py:190} INFO - [2025-03-17T06:03:49.602+0000] {override.py:1912} INFO - Created Permission View: can create on DAG Run:consume_1_or_2_with_dataset_expressions
[2025-03-17T06:03:49.619+0000] {logging_mixin.py:190} INFO - [2025-03-17T06:03:49.618+0000] {override.py:1912} INFO - Created Permission View: can read on DAG Run:consume_1_or_2_with_dataset_expressions
[2025-03-17T06:03:49.636+0000] {logging_mixin.py:190} INFO - [2025-03-17T06:03:49.635+0000] {override.py:1912} INFO - Created Permission View: can delete on DAG Run:consume_1_or_2_with_dataset_expressions
[2025-03-17T06:03:49.665+0000] {logging_mixin.py:190} INFO - [2025-03-17T06:03:49.663+0000] {override.py:1912} INFO - Created Permission View: can edit on DAG:dataset_consumes_unknown_never_scheduled
[2025-03-17T06:03:49.687+0000] {logging_mixin.py:190} INFO - [2025-03-17T06:03:49.686+0000] {override.py:1912} INFO - Created Permission View: can read on DAG:dataset_consumes_unknown_never_scheduled
[2025-03-17T06:03:49.702+0000] {logging_mixin.py:190} INFO - [2025-03-17T06:03:49.701+0000] {override.py:1912} INFO - Created Permission View: can delete on DAG:dataset_consumes_unknown_never_scheduled
[2025-03-17T06:03:49.716+0000] {logging_mixin.py:190} INFO - [2025-03-17T06:03:49.716+0000] {override.py:1912} INFO - Created Permission View: menu access on DAG Run:dataset_consumes_unknown_never_scheduled
[2025-03-17T06:03:49.736+0000] {logging_mixin.py:190} INFO - [2025-03-17T06:03:49.735+0000] {override.py:1912} INFO - Created Permission View: can create on DAG Run:dataset_consumes_unknown_never_scheduled
[2025-03-17T06:03:49.751+0000] {logging_mixin.py:190} INFO - [2025-03-17T06:03:49.751+0000] {override.py:1912} INFO - Created Permission View: can read on DAG Run:dataset_consumes_unknown_never_scheduled
[2025-03-17T06:03:49.770+0000] {logging_mixin.py:190} INFO - [2025-03-17T06:03:49.769+0000] {override.py:1912} INFO - Created Permission View: can delete on DAG Run:dataset_consumes_unknown_never_scheduled
[2025-03-17T06:03:49.796+0000] {logging_mixin.py:190} INFO - [2025-03-17T06:03:49.796+0000] {override.py:1912} INFO - Created Permission View: can edit on DAG:dataset_produces_2
[2025-03-17T06:03:49.813+0000] {logging_mixin.py:190} INFO - [2025-03-17T06:03:49.812+0000] {override.py:1912} INFO - Created Permission View: can read on DAG:dataset_produces_2
[2025-03-17T06:03:49.829+0000] {logging_mixin.py:190} INFO - [2025-03-17T06:03:49.828+0000] {override.py:1912} INFO - Created Permission View: can delete on DAG:dataset_produces_2
[2025-03-17T06:03:49.844+0000] {logging_mixin.py:190} INFO - [2025-03-17T06:03:49.844+0000] {override.py:1912} INFO - Created Permission View: menu access on DAG Run:dataset_produces_2
[2025-03-17T06:03:49.859+0000] {logging_mixin.py:190} INFO - [2025-03-17T06:03:49.858+0000] {override.py:1912} INFO - Created Permission View: can create on DAG Run:dataset_produces_2
[2025-03-17T06:03:49.872+0000] {logging_mixin.py:190} INFO - [2025-03-17T06:03:49.872+0000] {override.py:1912} INFO - Created Permission View: can read on DAG Run:dataset_produces_2
[2025-03-17T06:03:49.887+0000] {logging_mixin.py:190} INFO - [2025-03-17T06:03:49.887+0000] {override.py:1912} INFO - Created Permission View: can delete on DAG Run:dataset_produces_2
[2025-03-17T06:03:49.917+0000] {logging_mixin.py:190} INFO - [2025-03-17T06:03:49.916+0000] {override.py:1912} INFO - Created Permission View: can edit on DAG:dataset_consumes_1_and_2
[2025-03-17T06:03:49.928+0000] {logging_mixin.py:190} INFO - [2025-03-17T06:03:49.927+0000] {override.py:1912} INFO - Created Permission View: can read on DAG:dataset_consumes_1_and_2
[2025-03-17T06:03:49.942+0000] {logging_mixin.py:190} INFO - [2025-03-17T06:03:49.941+0000] {override.py:1912} INFO - Created Permission View: can delete on DAG:dataset_consumes_1_and_2
[2025-03-17T06:03:49.955+0000] {logging_mixin.py:190} INFO - [2025-03-17T06:03:49.954+0000] {override.py:1912} INFO - Created Permission View: menu access on DAG Run:dataset_consumes_1_and_2
[2025-03-17T06:03:49.967+0000] {logging_mixin.py:190} INFO - [2025-03-17T06:03:49.966+0000] {override.py:1912} INFO - Created Permission View: can create on DAG Run:dataset_consumes_1_and_2
[2025-03-17T06:03:49.980+0000] {logging_mixin.py:190} INFO - [2025-03-17T06:03:49.979+0000] {override.py:1912} INFO - Created Permission View: can read on DAG Run:dataset_consumes_1_and_2
[2025-03-17T06:03:49.993+0000] {logging_mixin.py:190} INFO - [2025-03-17T06:03:49.992+0000] {override.py:1912} INFO - Created Permission View: can delete on DAG Run:dataset_consumes_1_and_2
[2025-03-17T06:03:50.026+0000] {logging_mixin.py:190} INFO - [2025-03-17T06:03:50.025+0000] {override.py:1912} INFO - Created Permission View: can edit on DAG:consume_1_and_2_with_dataset_expressions
[2025-03-17T06:03:50.056+0000] {logging_mixin.py:190} INFO - [2025-03-17T06:03:50.055+0000] {override.py:1912} INFO - Created Permission View: can read on DAG:consume_1_and_2_with_dataset_expressions
[2025-03-17T06:03:50.066+0000] {logging_mixin.py:190} INFO - [2025-03-17T06:03:50.065+0000] {override.py:1912} INFO - Created Permission View: can delete on DAG:consume_1_and_2_with_dataset_expressions
[2025-03-17T06:03:50.083+0000] {logging_mixin.py:190} INFO - [2025-03-17T06:03:50.082+0000] {override.py:1912} INFO - Created Permission View: menu access on DAG Run:consume_1_and_2_with_dataset_expressions
[2025-03-17T06:03:50.101+0000] {logging_mixin.py:190} INFO - [2025-03-17T06:03:50.100+0000] {override.py:1912} INFO - Created Permission View: can create on DAG Run:consume_1_and_2_with_dataset_expressions
[2025-03-17T06:03:50.118+0000] {logging_mixin.py:190} INFO - [2025-03-17T06:03:50.117+0000] {override.py:1912} INFO - Created Permission View: can read on DAG Run:consume_1_and_2_with_dataset_expressions
[2025-03-17T06:03:50.137+0000] {logging_mixin.py:190} INFO - [2025-03-17T06:03:50.137+0000] {override.py:1912} INFO - Created Permission View: can delete on DAG Run:consume_1_and_2_with_dataset_expressions
[2025-03-17T06:03:50.177+0000] {logging_mixin.py:190} INFO - [2025-03-17T06:03:50.176+0000] {override.py:1912} INFO - Created Permission View: can edit on DAG:consume_1_or_both_2_and_3_with_dataset_expressions
[2025-03-17T06:03:50.194+0000] {logging_mixin.py:190} INFO - [2025-03-17T06:03:50.193+0000] {override.py:1912} INFO - Created Permission View: can read on DAG:consume_1_or_both_2_and_3_with_dataset_expressions
[2025-03-17T06:03:50.213+0000] {logging_mixin.py:190} INFO - [2025-03-17T06:03:50.213+0000] {override.py:1912} INFO - Created Permission View: can delete on DAG:consume_1_or_both_2_and_3_with_dataset_expressions
[2025-03-17T06:03:50.234+0000] {logging_mixin.py:190} INFO - [2025-03-17T06:03:50.233+0000] {override.py:1912} INFO - Created Permission View: menu access on DAG Run:consume_1_or_both_2_and_3_with_dataset_expressions
[2025-03-17T06:03:50.263+0000] {logging_mixin.py:190} INFO - [2025-03-17T06:03:50.262+0000] {override.py:1912} INFO - Created Permission View: can create on DAG Run:consume_1_or_both_2_and_3_with_dataset_expressions
[2025-03-17T06:03:50.291+0000] {logging_mixin.py:190} INFO - [2025-03-17T06:03:50.291+0000] {override.py:1912} INFO - Created Permission View: can read on DAG Run:consume_1_or_both_2_and_3_with_dataset_expressions
[2025-03-17T06:03:50.311+0000] {logging_mixin.py:190} INFO - [2025-03-17T06:03:50.310+0000] {override.py:1912} INFO - Created Permission View: can delete on DAG Run:consume_1_or_both_2_and_3_with_dataset_expressions
[2025-03-17T06:03:50.344+0000] {logging_mixin.py:190} INFO - [2025-03-17T06:03:50.343+0000] {override.py:1912} INFO - Created Permission View: can edit on DAG:conditional_dataset_and_time_based_timetable
[2025-03-17T06:03:50.362+0000] {logging_mixin.py:190} INFO - [2025-03-17T06:03:50.361+0000] {override.py:1912} INFO - Created Permission View: can read on DAG:conditional_dataset_and_time_based_timetable
[2025-03-17T06:03:50.381+0000] {logging_mixin.py:190} INFO - [2025-03-17T06:03:50.380+0000] {override.py:1912} INFO - Created Permission View: can delete on DAG:conditional_dataset_and_time_based_timetable
[2025-03-17T06:03:50.400+0000] {logging_mixin.py:190} INFO - [2025-03-17T06:03:50.400+0000] {override.py:1912} INFO - Created Permission View: menu access on DAG Run:conditional_dataset_and_time_based_timetable
[2025-03-17T06:03:50.417+0000] {logging_mixin.py:190} INFO - [2025-03-17T06:03:50.416+0000] {override.py:1912} INFO - Created Permission View: can create on DAG Run:conditional_dataset_and_time_based_timetable
[2025-03-17T06:03:50.433+0000] {logging_mixin.py:190} INFO - [2025-03-17T06:03:50.432+0000] {override.py:1912} INFO - Created Permission View: can read on DAG Run:conditional_dataset_and_time_based_timetable
[2025-03-17T06:03:50.449+0000] {logging_mixin.py:190} INFO - [2025-03-17T06:03:50.448+0000] {override.py:1912} INFO - Created Permission View: can delete on DAG Run:conditional_dataset_and_time_based_timetable
[2025-03-17T06:03:50.482+0000] {logging_mixin.py:190} INFO - [2025-03-17T06:03:50.481+0000] {override.py:1912} INFO - Created Permission View: can edit on DAG:dataset_consumes_1_never_scheduled
[2025-03-17T06:03:50.495+0000] {logging_mixin.py:190} INFO - [2025-03-17T06:03:50.495+0000] {override.py:1912} INFO - Created Permission View: can read on DAG:dataset_consumes_1_never_scheduled
[2025-03-17T06:03:50.509+0000] {logging_mixin.py:190} INFO - [2025-03-17T06:03:50.508+0000] {override.py:1912} INFO - Created Permission View: can delete on DAG:dataset_consumes_1_never_scheduled
[2025-03-17T06:03:50.523+0000] {logging_mixin.py:190} INFO - [2025-03-17T06:03:50.523+0000] {override.py:1912} INFO - Created Permission View: menu access on DAG Run:dataset_consumes_1_never_scheduled
[2025-03-17T06:03:50.540+0000] {logging_mixin.py:190} INFO - [2025-03-17T06:03:50.539+0000] {override.py:1912} INFO - Created Permission View: can create on DAG Run:dataset_consumes_1_never_scheduled
[2025-03-17T06:03:50.554+0000] {logging_mixin.py:190} INFO - [2025-03-17T06:03:50.553+0000] {override.py:1912} INFO - Created Permission View: can read on DAG Run:dataset_consumes_1_never_scheduled
[2025-03-17T06:03:50.579+0000] {logging_mixin.py:190} INFO - [2025-03-17T06:03:50.578+0000] {override.py:1912} INFO - Created Permission View: can delete on DAG Run:dataset_consumes_1_never_scheduled
[2025-03-17T06:03:50.604+0000] {logging_mixin.py:190} INFO - [2025-03-17T06:03:50.603+0000] {override.py:1912} INFO - Created Permission View: can edit on DAG:dataset_produces_1
[2025-03-17T06:03:50.617+0000] {logging_mixin.py:190} INFO - [2025-03-17T06:03:50.616+0000] {override.py:1912} INFO - Created Permission View: can read on DAG:dataset_produces_1
[2025-03-17T06:03:50.630+0000] {logging_mixin.py:190} INFO - [2025-03-17T06:03:50.630+0000] {override.py:1912} INFO - Created Permission View: can delete on DAG:dataset_produces_1
[2025-03-17T06:03:50.647+0000] {logging_mixin.py:190} INFO - [2025-03-17T06:03:50.646+0000] {override.py:1912} INFO - Created Permission View: menu access on DAG Run:dataset_produces_1
[2025-03-17T06:03:50.663+0000] {logging_mixin.py:190} INFO - [2025-03-17T06:03:50.662+0000] {override.py:1912} INFO - Created Permission View: can create on DAG Run:dataset_produces_1
[2025-03-17T06:03:50.678+0000] {logging_mixin.py:190} INFO - [2025-03-17T06:03:50.678+0000] {override.py:1912} INFO - Created Permission View: can read on DAG Run:dataset_produces_1
[2025-03-17T06:03:50.691+0000] {logging_mixin.py:190} INFO - [2025-03-17T06:03:50.691+0000] {override.py:1912} INFO - Created Permission View: can delete on DAG Run:dataset_produces_1
[2025-03-17T06:03:50.693+0000] {logging_mixin.py:190} INFO - [2025-03-17T06:03:50.692+0000] {dag.py:3239} INFO - Sync 10 DAGs
[2025-03-17T06:03:50.726+0000] {logging_mixin.py:190} INFO - [2025-03-17T06:03:50.725+0000] {dag.py:3262} INFO - Creating ORM DAG for conditional_dataset_and_time_based_timetable
[2025-03-17T06:03:50.728+0000] {logging_mixin.py:190} INFO - [2025-03-17T06:03:50.728+0000] {dag.py:3262} INFO - Creating ORM DAG for consume_1_or_both_2_and_3_with_dataset_expressions
[2025-03-17T06:03:50.730+0000] {logging_mixin.py:190} INFO - [2025-03-17T06:03:50.729+0000] {dag.py:3262} INFO - Creating ORM DAG for dataset_produces_2
[2025-03-17T06:03:50.732+0000] {logging_mixin.py:190} INFO - [2025-03-17T06:03:50.731+0000] {dag.py:3262} INFO - Creating ORM DAG for dataset_consumes_1_and_2
[2025-03-17T06:03:50.734+0000] {logging_mixin.py:190} INFO - [2025-03-17T06:03:50.733+0000] {dag.py:3262} INFO - Creating ORM DAG for dataset_consumes_unknown_never_scheduled
[2025-03-17T06:03:50.735+0000] {logging_mixin.py:190} INFO - [2025-03-17T06:03:50.735+0000] {dag.py:3262} INFO - Creating ORM DAG for dataset_consumes_1_never_scheduled
[2025-03-17T06:03:50.737+0000] {logging_mixin.py:190} INFO - [2025-03-17T06:03:50.737+0000] {dag.py:3262} INFO - Creating ORM DAG for dataset_produces_1
[2025-03-17T06:03:50.739+0000] {logging_mixin.py:190} INFO - [2025-03-17T06:03:50.738+0000] {dag.py:3262} INFO - Creating ORM DAG for consume_1_and_2_with_dataset_expressions
[2025-03-17T06:03:50.740+0000] {logging_mixin.py:190} INFO - [2025-03-17T06:03:50.740+0000] {dag.py:3262} INFO - Creating ORM DAG for consume_1_or_2_with_dataset_expressions
[2025-03-17T06:03:50.741+0000] {logging_mixin.py:190} INFO - [2025-03-17T06:03:50.741+0000] {dag.py:3262} INFO - Creating ORM DAG for dataset_consumes_1
[2025-03-17T06:03:50.768+0000] {logging_mixin.py:190} INFO - [2025-03-17T06:03:50.767+0000] {dag.py:4180} INFO - Setting next_dagrun for conditional_dataset_and_time_based_timetable to 2025-03-12 01:00:00+00:00, run_after=2025-03-12 01:00:00+00:00
[2025-03-17T06:03:50.770+0000] {logging_mixin.py:190} INFO - [2025-03-17T06:03:50.769+0000] {dag.py:4180} INFO - Setting next_dagrun for consume_1_and_2_with_dataset_expressions to None, run_after=None
[2025-03-17T06:03:50.771+0000] {logging_mixin.py:190} INFO - [2025-03-17T06:03:50.771+0000] {dag.py:4180} INFO - Setting next_dagrun for consume_1_or_2_with_dataset_expressions to None, run_after=None
[2025-03-17T06:03:50.773+0000] {logging_mixin.py:190} INFO - [2025-03-17T06:03:50.772+0000] {dag.py:4180} INFO - Setting next_dagrun for consume_1_or_both_2_and_3_with_dataset_expressions to None, run_after=None
[2025-03-17T06:03:50.774+0000] {logging_mixin.py:190} INFO - [2025-03-17T06:03:50.774+0000] {dag.py:4180} INFO - Setting next_dagrun for dataset_consumes_1 to None, run_after=None
[2025-03-17T06:03:50.776+0000] {logging_mixin.py:190} INFO - [2025-03-17T06:03:50.776+0000] {dag.py:4180} INFO - Setting next_dagrun for dataset_consumes_1_and_2 to None, run_after=None
[2025-03-17T06:03:50.780+0000] {logging_mixin.py:190} INFO - [2025-03-17T06:03:50.779+0000] {dag.py:4180} INFO - Setting next_dagrun for dataset_consumes_1_never_scheduled to None, run_after=None
[2025-03-17T06:03:50.782+0000] {logging_mixin.py:190} INFO - [2025-03-17T06:03:50.781+0000] {dag.py:4180} INFO - Setting next_dagrun for dataset_consumes_unknown_never_scheduled to None, run_after=None
[2025-03-17T06:03:50.787+0000] {logging_mixin.py:190} INFO - [2025-03-17T06:03:50.786+0000] {dag.py:4180} INFO - Setting next_dagrun for dataset_produces_1 to 2025-03-16 00:00:00+00:00, run_after=2025-03-17 00:00:00+00:00
[2025-03-17T06:03:50.789+0000] {logging_mixin.py:190} INFO - [2025-03-17T06:03:50.788+0000] {dag.py:4180} INFO - Setting next_dagrun for dataset_produces_2 to None, run_after=None
[2025-03-17T06:03:50.936+0000] {processor.py:208} INFO - Processing /home/airflow/.local/lib/python3.12/site-packages/airflow/example_dags/example_datasets.py took 3.733 seconds
[2025-03-17T06:04:21.515+0000] {processor.py:186} INFO - Started process (PID=185) to work on /home/airflow/.local/lib/python3.12/site-packages/airflow/example_dags/example_datasets.py
[2025-03-17T06:04:21.517+0000] {processor.py:914} INFO - Processing file /home/airflow/.local/lib/python3.12/site-packages/airflow/example_dags/example_datasets.py for tasks to queue
[2025-03-17T06:04:21.523+0000] {logging_mixin.py:190} INFO - [2025-03-17T06:04:21.522+0000] {dagbag.py:588} INFO - Filling up the DagBag from /home/airflow/.local/lib/python3.12/site-packages/airflow/example_dags/example_datasets.py
[2025-03-17T06:04:22.581+0000] {processor.py:925} INFO - DAG(s) 'consume_1_or_2_with_dataset_expressions', 'consume_1_or_both_2_and_3_with_dataset_expressions', 'conditional_dataset_and_time_based_timetable', 'dataset_produces_1', 'dataset_consumes_1', 'consume_1_and_2_with_dataset_expressions', 'dataset_consumes_1_never_scheduled', 'dataset_consumes_unknown_never_scheduled', 'dataset_consumes_1_and_2', 'dataset_produces_2' retrieved from /home/airflow/.local/lib/python3.12/site-packages/airflow/example_dags/example_datasets.py
[2025-03-17T06:04:22.656+0000] {logging_mixin.py:190} INFO - [2025-03-17T06:04:22.655+0000] {dag.py:3239} INFO - Sync 10 DAGs
[2025-03-17T06:04:22.696+0000] {logging_mixin.py:190} INFO - [2025-03-17T06:04:22.695+0000] {dag.py:4180} INFO - Setting next_dagrun for conditional_dataset_and_time_based_timetable to 2025-03-12 01:00:00+00:00, run_after=2025-03-12 01:00:00+00:00
[2025-03-17T06:04:22.703+0000] {logging_mixin.py:190} INFO - [2025-03-17T06:04:22.702+0000] {dag.py:4180} INFO - Setting next_dagrun for consume_1_and_2_with_dataset_expressions to None, run_after=None
[2025-03-17T06:04:22.706+0000] {logging_mixin.py:190} INFO - [2025-03-17T06:04:22.706+0000] {dag.py:4180} INFO - Setting next_dagrun for consume_1_or_2_with_dataset_expressions to None, run_after=None
[2025-03-17T06:04:22.709+0000] {logging_mixin.py:190} INFO - [2025-03-17T06:04:22.709+0000] {dag.py:4180} INFO - Setting next_dagrun for consume_1_or_both_2_and_3_with_dataset_expressions to None, run_after=None
[2025-03-17T06:04:22.712+0000] {logging_mixin.py:190} INFO - [2025-03-17T06:04:22.712+0000] {dag.py:4180} INFO - Setting next_dagrun for dataset_consumes_1 to None, run_after=None
[2025-03-17T06:04:22.715+0000] {logging_mixin.py:190} INFO - [2025-03-17T06:04:22.714+0000] {dag.py:4180} INFO - Setting next_dagrun for dataset_consumes_1_and_2 to None, run_after=None
[2025-03-17T06:04:22.717+0000] {logging_mixin.py:190} INFO - [2025-03-17T06:04:22.717+0000] {dag.py:4180} INFO - Setting next_dagrun for dataset_consumes_1_never_scheduled to None, run_after=None
[2025-03-17T06:04:22.720+0000] {logging_mixin.py:190} INFO - [2025-03-17T06:04:22.719+0000] {dag.py:4180} INFO - Setting next_dagrun for dataset_consumes_unknown_never_scheduled to None, run_after=None
[2025-03-17T06:04:22.725+0000] {logging_mixin.py:190} INFO - [2025-03-17T06:04:22.724+0000] {dag.py:4180} INFO - Setting next_dagrun for dataset_produces_1 to 2025-03-16 00:00:00+00:00, run_after=2025-03-17 00:00:00+00:00
[2025-03-17T06:04:22.727+0000] {logging_mixin.py:190} INFO - [2025-03-17T06:04:22.727+0000] {dag.py:4180} INFO - Setting next_dagrun for dataset_produces_2 to None, run_after=None
[2025-03-17T06:04:22.782+0000] {processor.py:208} INFO - Processing /home/airflow/.local/lib/python3.12/site-packages/airflow/example_dags/example_datasets.py took 1.278 seconds
[2025-03-17T06:04:58.109+0000] {processor.py:186} INFO - Started process (PID=247) to work on /home/airflow/.local/lib/python3.12/site-packages/airflow/example_dags/example_datasets.py
[2025-03-17T06:04:58.114+0000] {processor.py:914} INFO - Processing file /home/airflow/.local/lib/python3.12/site-packages/airflow/example_dags/example_datasets.py for tasks to queue
[2025-03-17T06:04:58.121+0000] {logging_mixin.py:190} INFO - [2025-03-17T06:04:58.120+0000] {dagbag.py:588} INFO - Filling up the DagBag from /home/airflow/.local/lib/python3.12/site-packages/airflow/example_dags/example_datasets.py
[2025-03-17T06:05:00.407+0000] {processor.py:925} INFO - DAG(s) 'dataset_produces_1', 'dataset_produces_2', 'dataset_consumes_1_and_2', 'consume_1_or_both_2_and_3_with_dataset_expressions', 'dataset_consumes_1', 'dataset_consumes_unknown_never_scheduled', 'consume_1_or_2_with_dataset_expressions', 'conditional_dataset_and_time_based_timetable', 'dataset_consumes_1_never_scheduled', 'consume_1_and_2_with_dataset_expressions' retrieved from /home/airflow/.local/lib/python3.12/site-packages/airflow/example_dags/example_datasets.py
[2025-03-17T06:05:00.540+0000] {logging_mixin.py:190} INFO - [2025-03-17T06:05:00.540+0000] {dag.py:3239} INFO - Sync 10 DAGs
[2025-03-17T06:05:00.657+0000] {logging_mixin.py:190} INFO - [2025-03-17T06:05:00.656+0000] {dag.py:4180} INFO - Setting next_dagrun for conditional_dataset_and_time_based_timetable to 2025-03-12 01:00:00+00:00, run_after=2025-03-12 01:00:00+00:00
[2025-03-17T06:05:00.694+0000] {logging_mixin.py:190} INFO - [2025-03-17T06:05:00.690+0000] {dag.py:4180} INFO - Setting next_dagrun for consume_1_and_2_with_dataset_expressions to None, run_after=None
[2025-03-17T06:05:00.701+0000] {logging_mixin.py:190} INFO - [2025-03-17T06:05:00.700+0000] {dag.py:4180} INFO - Setting next_dagrun for consume_1_or_2_with_dataset_expressions to None, run_after=None
[2025-03-17T06:05:00.714+0000] {logging_mixin.py:190} INFO - [2025-03-17T06:05:00.713+0000] {dag.py:4180} INFO - Setting next_dagrun for consume_1_or_both_2_and_3_with_dataset_expressions to None, run_after=None
[2025-03-17T06:05:00.719+0000] {logging_mixin.py:190} INFO - [2025-03-17T06:05:00.719+0000] {dag.py:4180} INFO - Setting next_dagrun for dataset_consumes_1 to None, run_after=None
[2025-03-17T06:05:00.729+0000] {logging_mixin.py:190} INFO - [2025-03-17T06:05:00.726+0000] {dag.py:4180} INFO - Setting next_dagrun for dataset_consumes_1_and_2 to None, run_after=None
[2025-03-17T06:05:00.735+0000] {logging_mixin.py:190} INFO - [2025-03-17T06:05:00.735+0000] {dag.py:4180} INFO - Setting next_dagrun for dataset_consumes_1_never_scheduled to None, run_after=None
[2025-03-17T06:05:00.740+0000] {logging_mixin.py:190} INFO - [2025-03-17T06:05:00.740+0000] {dag.py:4180} INFO - Setting next_dagrun for dataset_consumes_unknown_never_scheduled to None, run_after=None
[2025-03-17T06:05:00.754+0000] {logging_mixin.py:190} INFO - [2025-03-17T06:05:00.753+0000] {dag.py:4180} INFO - Setting next_dagrun for dataset_produces_1 to 2025-03-16 00:00:00+00:00, run_after=2025-03-17 00:00:00+00:00
[2025-03-17T06:05:00.758+0000] {logging_mixin.py:190} INFO - [2025-03-17T06:05:00.757+0000] {dag.py:4180} INFO - Setting next_dagrun for dataset_produces_2 to None, run_after=None
[2025-03-17T06:05:00.872+0000] {processor.py:208} INFO - Processing /home/airflow/.local/lib/python3.12/site-packages/airflow/example_dags/example_datasets.py took 2.780 seconds
[2025-03-17T06:05:35.231+0000] {processor.py:186} INFO - Started process (PID=311) to work on /home/airflow/.local/lib/python3.12/site-packages/airflow/example_dags/example_datasets.py
[2025-03-17T06:05:35.233+0000] {processor.py:914} INFO - Processing file /home/airflow/.local/lib/python3.12/site-packages/airflow/example_dags/example_datasets.py for tasks to queue
[2025-03-17T06:05:35.239+0000] {logging_mixin.py:190} INFO - [2025-03-17T06:05:35.238+0000] {dagbag.py:588} INFO - Filling up the DagBag from /home/airflow/.local/lib/python3.12/site-packages/airflow/example_dags/example_datasets.py
[2025-03-17T06:05:37.285+0000] {processor.py:925} INFO - DAG(s) 'dataset_produces_2', 'consume_1_and_2_with_dataset_expressions', 'conditional_dataset_and_time_based_timetable', 'dataset_produces_1', 'consume_1_or_both_2_and_3_with_dataset_expressions', 'consume_1_or_2_with_dataset_expressions', 'dataset_consumes_1_and_2', 'dataset_consumes_1_never_scheduled', 'dataset_consumes_unknown_never_scheduled', 'dataset_consumes_1' retrieved from /home/airflow/.local/lib/python3.12/site-packages/airflow/example_dags/example_datasets.py
[2025-03-17T06:05:37.414+0000] {logging_mixin.py:190} INFO - [2025-03-17T06:05:37.413+0000] {dag.py:3239} INFO - Sync 10 DAGs
[2025-03-17T06:05:37.501+0000] {logging_mixin.py:190} INFO - [2025-03-17T06:05:37.501+0000] {dag.py:4180} INFO - Setting next_dagrun for conditional_dataset_and_time_based_timetable to 2025-03-12 01:00:00+00:00, run_after=2025-03-12 01:00:00+00:00
[2025-03-17T06:05:37.522+0000] {logging_mixin.py:190} INFO - [2025-03-17T06:05:37.521+0000] {dag.py:4180} INFO - Setting next_dagrun for consume_1_and_2_with_dataset_expressions to None, run_after=None
[2025-03-17T06:05:37.534+0000] {logging_mixin.py:190} INFO - [2025-03-17T06:05:37.530+0000] {dag.py:4180} INFO - Setting next_dagrun for consume_1_or_2_with_dataset_expressions to None, run_after=None
[2025-03-17T06:05:37.539+0000] {logging_mixin.py:190} INFO - [2025-03-17T06:05:37.538+0000] {dag.py:4180} INFO - Setting next_dagrun for consume_1_or_both_2_and_3_with_dataset_expressions to None, run_after=None
[2025-03-17T06:05:37.543+0000] {logging_mixin.py:190} INFO - [2025-03-17T06:05:37.542+0000] {dag.py:4180} INFO - Setting next_dagrun for dataset_consumes_1 to None, run_after=None
[2025-03-17T06:05:37.550+0000] {logging_mixin.py:190} INFO - [2025-03-17T06:05:37.549+0000] {dag.py:4180} INFO - Setting next_dagrun for dataset_consumes_1_and_2 to None, run_after=None
[2025-03-17T06:05:37.557+0000] {logging_mixin.py:190} INFO - [2025-03-17T06:05:37.556+0000] {dag.py:4180} INFO - Setting next_dagrun for dataset_consumes_1_never_scheduled to None, run_after=None
[2025-03-17T06:05:37.562+0000] {logging_mixin.py:190} INFO - [2025-03-17T06:05:37.561+0000] {dag.py:4180} INFO - Setting next_dagrun for dataset_consumes_unknown_never_scheduled to None, run_after=None
[2025-03-17T06:05:37.574+0000] {logging_mixin.py:190} INFO - [2025-03-17T06:05:37.573+0000] {dag.py:4180} INFO - Setting next_dagrun for dataset_produces_1 to 2025-03-16 00:00:00+00:00, run_after=2025-03-17 00:00:00+00:00
[2025-03-17T06:05:37.578+0000] {logging_mixin.py:190} INFO - [2025-03-17T06:05:37.578+0000] {dag.py:4180} INFO - Setting next_dagrun for dataset_produces_2 to None, run_after=None
[2025-03-17T06:05:37.693+0000] {processor.py:208} INFO - Processing /home/airflow/.local/lib/python3.12/site-packages/airflow/example_dags/example_datasets.py took 2.484 seconds
[2025-03-17T06:06:07.983+0000] {processor.py:186} INFO - Started process (PID=374) to work on /home/airflow/.local/lib/python3.12/site-packages/airflow/example_dags/example_datasets.py
[2025-03-17T06:06:07.985+0000] {processor.py:914} INFO - Processing file /home/airflow/.local/lib/python3.12/site-packages/airflow/example_dags/example_datasets.py for tasks to queue
[2025-03-17T06:06:07.992+0000] {logging_mixin.py:190} INFO - [2025-03-17T06:06:07.991+0000] {dagbag.py:588} INFO - Filling up the DagBag from /home/airflow/.local/lib/python3.12/site-packages/airflow/example_dags/example_datasets.py
[2025-03-17T06:06:09.424+0000] {processor.py:925} INFO - DAG(s) 'dataset_consumes_unknown_never_scheduled', 'consume_1_and_2_with_dataset_expressions', 'dataset_consumes_1', 'consume_1_or_both_2_and_3_with_dataset_expressions', 'conditional_dataset_and_time_based_timetable', 'dataset_consumes_1_and_2', 'dataset_produces_2', 'dataset_produces_1', 'dataset_consumes_1_never_scheduled', 'consume_1_or_2_with_dataset_expressions' retrieved from /home/airflow/.local/lib/python3.12/site-packages/airflow/example_dags/example_datasets.py
[2025-03-17T06:06:09.593+0000] {logging_mixin.py:190} INFO - [2025-03-17T06:06:09.593+0000] {dag.py:3239} INFO - Sync 10 DAGs
[2025-03-17T06:06:09.679+0000] {logging_mixin.py:190} INFO - [2025-03-17T06:06:09.678+0000] {dag.py:4180} INFO - Setting next_dagrun for conditional_dataset_and_time_based_timetable to 2025-03-12 01:00:00+00:00, run_after=2025-03-12 01:00:00+00:00
[2025-03-17T06:06:09.693+0000] {logging_mixin.py:190} INFO - [2025-03-17T06:06:09.692+0000] {dag.py:4180} INFO - Setting next_dagrun for consume_1_and_2_with_dataset_expressions to None, run_after=None
[2025-03-17T06:06:09.698+0000] {logging_mixin.py:190} INFO - [2025-03-17T06:06:09.698+0000] {dag.py:4180} INFO - Setting next_dagrun for consume_1_or_2_with_dataset_expressions to None, run_after=None
[2025-03-17T06:06:09.703+0000] {logging_mixin.py:190} INFO - [2025-03-17T06:06:09.702+0000] {dag.py:4180} INFO - Setting next_dagrun for consume_1_or_both_2_and_3_with_dataset_expressions to None, run_after=None
[2025-03-17T06:06:09.707+0000] {logging_mixin.py:190} INFO - [2025-03-17T06:06:09.707+0000] {dag.py:4180} INFO - Setting next_dagrun for dataset_consumes_1 to None, run_after=None
[2025-03-17T06:06:09.712+0000] {logging_mixin.py:190} INFO - [2025-03-17T06:06:09.711+0000] {dag.py:4180} INFO - Setting next_dagrun for dataset_consumes_1_and_2 to None, run_after=None
[2025-03-17T06:06:09.715+0000] {logging_mixin.py:190} INFO - [2025-03-17T06:06:09.715+0000] {dag.py:4180} INFO - Setting next_dagrun for dataset_consumes_1_never_scheduled to None, run_after=None
[2025-03-17T06:06:09.719+0000] {logging_mixin.py:190} INFO - [2025-03-17T06:06:09.719+0000] {dag.py:4180} INFO - Setting next_dagrun for dataset_consumes_unknown_never_scheduled to None, run_after=None
[2025-03-17T06:06:09.727+0000] {logging_mixin.py:190} INFO - [2025-03-17T06:06:09.726+0000] {dag.py:4180} INFO - Setting next_dagrun for dataset_produces_1 to 2025-03-16 00:00:00+00:00, run_after=2025-03-17 00:00:00+00:00
[2025-03-17T06:06:09.732+0000] {logging_mixin.py:190} INFO - [2025-03-17T06:06:09.731+0000] {dag.py:4180} INFO - Setting next_dagrun for dataset_produces_2 to None, run_after=None
[2025-03-17T06:06:09.852+0000] {processor.py:208} INFO - Processing /home/airflow/.local/lib/python3.12/site-packages/airflow/example_dags/example_datasets.py took 1.883 seconds
[2025-03-17T06:06:40.416+0000] {processor.py:186} INFO - Started process (PID=443) to work on /home/airflow/.local/lib/python3.12/site-packages/airflow/example_dags/example_datasets.py
[2025-03-17T06:06:40.417+0000] {processor.py:914} INFO - Processing file /home/airflow/.local/lib/python3.12/site-packages/airflow/example_dags/example_datasets.py for tasks to queue
[2025-03-17T06:06:40.421+0000] {logging_mixin.py:190} INFO - [2025-03-17T06:06:40.421+0000] {dagbag.py:588} INFO - Filling up the DagBag from /home/airflow/.local/lib/python3.12/site-packages/airflow/example_dags/example_datasets.py
[2025-03-17T06:06:42.168+0000] {processor.py:925} INFO - DAG(s) 'dataset_consumes_unknown_never_scheduled', 'conditional_dataset_and_time_based_timetable', 'dataset_produces_1', 'consume_1_and_2_with_dataset_expressions', 'consume_1_or_2_with_dataset_expressions', 'dataset_produces_2', 'dataset_consumes_1_and_2', 'dataset_consumes_1', 'dataset_consumes_1_never_scheduled', 'consume_1_or_both_2_and_3_with_dataset_expressions' retrieved from /home/airflow/.local/lib/python3.12/site-packages/airflow/example_dags/example_datasets.py
[2025-03-17T06:06:42.442+0000] {logging_mixin.py:190} INFO - [2025-03-17T06:06:42.441+0000] {dag.py:3239} INFO - Sync 10 DAGs
[2025-03-17T06:06:42.628+0000] {logging_mixin.py:190} INFO - [2025-03-17T06:06:42.628+0000] {dag.py:4180} INFO - Setting next_dagrun for conditional_dataset_and_time_based_timetable to 2025-03-12 01:00:00+00:00, run_after=2025-03-12 01:00:00+00:00
[2025-03-17T06:06:42.647+0000] {logging_mixin.py:190} INFO - [2025-03-17T06:06:42.646+0000] {dag.py:4180} INFO - Setting next_dagrun for consume_1_and_2_with_dataset_expressions to None, run_after=None
[2025-03-17T06:06:42.655+0000] {logging_mixin.py:190} INFO - [2025-03-17T06:06:42.655+0000] {dag.py:4180} INFO - Setting next_dagrun for consume_1_or_2_with_dataset_expressions to None, run_after=None
[2025-03-17T06:06:42.662+0000] {logging_mixin.py:190} INFO - [2025-03-17T06:06:42.661+0000] {dag.py:4180} INFO - Setting next_dagrun for consume_1_or_both_2_and_3_with_dataset_expressions to None, run_after=None
[2025-03-17T06:06:42.667+0000] {logging_mixin.py:190} INFO - [2025-03-17T06:06:42.666+0000] {dag.py:4180} INFO - Setting next_dagrun for dataset_consumes_1 to None, run_after=None
[2025-03-17T06:06:42.671+0000] {logging_mixin.py:190} INFO - [2025-03-17T06:06:42.670+0000] {dag.py:4180} INFO - Setting next_dagrun for dataset_consumes_1_and_2 to None, run_after=None
[2025-03-17T06:06:42.675+0000] {logging_mixin.py:190} INFO - [2025-03-17T06:06:42.675+0000] {dag.py:4180} INFO - Setting next_dagrun for dataset_consumes_1_never_scheduled to None, run_after=None
[2025-03-17T06:06:42.682+0000] {logging_mixin.py:190} INFO - [2025-03-17T06:06:42.681+0000] {dag.py:4180} INFO - Setting next_dagrun for dataset_consumes_unknown_never_scheduled to None, run_after=None
[2025-03-17T06:06:42.696+0000] {logging_mixin.py:190} INFO - [2025-03-17T06:06:42.695+0000] {dag.py:4180} INFO - Setting next_dagrun for dataset_produces_1 to 2025-03-16 00:00:00+00:00, run_after=2025-03-17 00:00:00+00:00
[2025-03-17T06:06:42.703+0000] {logging_mixin.py:190} INFO - [2025-03-17T06:06:42.702+0000] {dag.py:4180} INFO - Setting next_dagrun for dataset_produces_2 to None, run_after=None
[2025-03-17T06:06:42.830+0000] {processor.py:208} INFO - Processing /home/airflow/.local/lib/python3.12/site-packages/airflow/example_dags/example_datasets.py took 2.428 seconds
[2025-03-17T06:07:12.955+0000] {processor.py:186} INFO - Started process (PID=507) to work on /home/airflow/.local/lib/python3.12/site-packages/airflow/example_dags/example_datasets.py
[2025-03-17T06:07:12.957+0000] {processor.py:914} INFO - Processing file /home/airflow/.local/lib/python3.12/site-packages/airflow/example_dags/example_datasets.py for tasks to queue
[2025-03-17T06:07:12.962+0000] {logging_mixin.py:190} INFO - [2025-03-17T06:07:12.961+0000] {dagbag.py:588} INFO - Filling up the DagBag from /home/airflow/.local/lib/python3.12/site-packages/airflow/example_dags/example_datasets.py
[2025-03-17T06:07:21.812+0000] {logging_mixin.py:190} INFO - [2025-03-17T06:07:21.811+0000] {process_utils.py:266} INFO - Waiting up to 5 seconds for processes to exit...
