[2025-03-17T06:03:45.813+0000] {processor.py:186} INFO - Started process (PID=118) to work on /home/airflow/.local/lib/python3.12/site-packages/airflow/example_dags/example_short_circuit_operator.py
[2025-03-17T06:03:45.815+0000] {processor.py:914} INFO - Processing file /home/airflow/.local/lib/python3.12/site-packages/airflow/example_dags/example_short_circuit_operator.py for tasks to queue
[2025-03-17T06:03:45.820+0000] {logging_mixin.py:190} INFO - [2025-03-17T06:03:45.819+0000] {dagbag.py:588} INFO - Filling up the DagBag from /home/airflow/.local/lib/python3.12/site-packages/airflow/example_dags/example_short_circuit_operator.py
[2025-03-17T06:03:45.844+0000] {processor.py:925} INFO - DAG(s) 'example_short_circuit_operator' retrieved from /home/airflow/.local/lib/python3.12/site-packages/airflow/example_dags/example_short_circuit_operator.py
[2025-03-17T06:03:46.114+0000] {logging_mixin.py:190} INFO - [2025-03-17T06:03:46.113+0000] {override.py:1912} INFO - Created Permission View: can edit on DAG:example_short_circuit_operator
[2025-03-17T06:03:46.141+0000] {logging_mixin.py:190} INFO - [2025-03-17T06:03:46.141+0000] {override.py:1912} INFO - Created Permission View: can read on DAG:example_short_circuit_operator
[2025-03-17T06:03:46.159+0000] {logging_mixin.py:190} INFO - [2025-03-17T06:03:46.158+0000] {override.py:1912} INFO - Created Permission View: can delete on DAG:example_short_circuit_operator
[2025-03-17T06:03:46.179+0000] {logging_mixin.py:190} INFO - [2025-03-17T06:03:46.178+0000] {override.py:1912} INFO - Created Permission View: menu access on DAG Run:example_short_circuit_operator
[2025-03-17T06:03:46.195+0000] {logging_mixin.py:190} INFO - [2025-03-17T06:03:46.195+0000] {override.py:1912} INFO - Created Permission View: can create on DAG Run:example_short_circuit_operator
[2025-03-17T06:03:46.213+0000] {logging_mixin.py:190} INFO - [2025-03-17T06:03:46.212+0000] {override.py:1912} INFO - Created Permission View: can read on DAG Run:example_short_circuit_operator
[2025-03-17T06:03:46.228+0000] {logging_mixin.py:190} INFO - [2025-03-17T06:03:46.227+0000] {override.py:1912} INFO - Created Permission View: can delete on DAG Run:example_short_circuit_operator
[2025-03-17T06:03:46.230+0000] {logging_mixin.py:190} INFO - [2025-03-17T06:03:46.230+0000] {dag.py:3239} INFO - Sync 1 DAGs
[2025-03-17T06:03:46.286+0000] {logging_mixin.py:190} INFO - [2025-03-17T06:03:46.285+0000] {dag.py:3262} INFO - Creating ORM DAG for example_short_circuit_operator
[2025-03-17T06:03:46.288+0000] {logging_mixin.py:190} INFO - [2025-03-17T06:03:46.288+0000] {dag.py:4180} INFO - Setting next_dagrun for example_short_circuit_operator to None, run_after=None
[2025-03-17T06:03:46.333+0000] {processor.py:208} INFO - Processing /home/airflow/.local/lib/python3.12/site-packages/airflow/example_dags/example_short_circuit_operator.py took 0.532 seconds
[2025-03-17T06:04:17.055+0000] {processor.py:186} INFO - Started process (PID=181) to work on /home/airflow/.local/lib/python3.12/site-packages/airflow/example_dags/example_short_circuit_operator.py
[2025-03-17T06:04:17.058+0000] {processor.py:914} INFO - Processing file /home/airflow/.local/lib/python3.12/site-packages/airflow/example_dags/example_short_circuit_operator.py for tasks to queue
[2025-03-17T06:04:17.063+0000] {logging_mixin.py:190} INFO - [2025-03-17T06:04:17.062+0000] {dagbag.py:588} INFO - Filling up the DagBag from /home/airflow/.local/lib/python3.12/site-packages/airflow/example_dags/example_short_circuit_operator.py
[2025-03-17T06:04:17.082+0000] {processor.py:925} INFO - DAG(s) 'example_short_circuit_operator' retrieved from /home/airflow/.local/lib/python3.12/site-packages/airflow/example_dags/example_short_circuit_operator.py
[2025-03-17T06:04:17.136+0000] {logging_mixin.py:190} INFO - [2025-03-17T06:04:17.135+0000] {dag.py:3239} INFO - Sync 1 DAGs
[2025-03-17T06:04:17.171+0000] {logging_mixin.py:190} INFO - [2025-03-17T06:04:17.170+0000] {dag.py:4180} INFO - Setting next_dagrun for example_short_circuit_operator to None, run_after=None
[2025-03-17T06:04:17.212+0000] {processor.py:208} INFO - Processing /home/airflow/.local/lib/python3.12/site-packages/airflow/example_dags/example_short_circuit_operator.py took 0.170 seconds
[2025-03-17T06:04:57.393+0000] {processor.py:186} INFO - Started process (PID=244) to work on /home/airflow/.local/lib/python3.12/site-packages/airflow/example_dags/example_short_circuit_operator.py
[2025-03-17T06:04:57.397+0000] {processor.py:914} INFO - Processing file /home/airflow/.local/lib/python3.12/site-packages/airflow/example_dags/example_short_circuit_operator.py for tasks to queue
[2025-03-17T06:04:57.404+0000] {logging_mixin.py:190} INFO - [2025-03-17T06:04:57.403+0000] {dagbag.py:588} INFO - Filling up the DagBag from /home/airflow/.local/lib/python3.12/site-packages/airflow/example_dags/example_short_circuit_operator.py
[2025-03-17T06:04:57.436+0000] {processor.py:925} INFO - DAG(s) 'example_short_circuit_operator' retrieved from /home/airflow/.local/lib/python3.12/site-packages/airflow/example_dags/example_short_circuit_operator.py
[2025-03-17T06:04:57.509+0000] {logging_mixin.py:190} INFO - [2025-03-17T06:04:57.505+0000] {dag.py:3239} INFO - Sync 1 DAGs
[2025-03-17T06:04:57.605+0000] {logging_mixin.py:190} INFO - [2025-03-17T06:04:57.605+0000] {dag.py:4180} INFO - Setting next_dagrun for example_short_circuit_operator to None, run_after=None
[2025-03-17T06:04:57.671+0000] {processor.py:208} INFO - Processing /home/airflow/.local/lib/python3.12/site-packages/airflow/example_dags/example_short_circuit_operator.py took 0.292 seconds
[2025-03-17T06:05:33.853+0000] {processor.py:186} INFO - Started process (PID=307) to work on /home/airflow/.local/lib/python3.12/site-packages/airflow/example_dags/example_short_circuit_operator.py
[2025-03-17T06:05:33.856+0000] {processor.py:914} INFO - Processing file /home/airflow/.local/lib/python3.12/site-packages/airflow/example_dags/example_short_circuit_operator.py for tasks to queue
[2025-03-17T06:05:33.864+0000] {logging_mixin.py:190} INFO - [2025-03-17T06:05:33.863+0000] {dagbag.py:588} INFO - Filling up the DagBag from /home/airflow/.local/lib/python3.12/site-packages/airflow/example_dags/example_short_circuit_operator.py
[2025-03-17T06:05:33.886+0000] {processor.py:925} INFO - DAG(s) 'example_short_circuit_operator' retrieved from /home/airflow/.local/lib/python3.12/site-packages/airflow/example_dags/example_short_circuit_operator.py
[2025-03-17T06:05:33.952+0000] {logging_mixin.py:190} INFO - [2025-03-17T06:05:33.951+0000] {dag.py:3239} INFO - Sync 1 DAGs
[2025-03-17T06:05:33.988+0000] {logging_mixin.py:190} INFO - [2025-03-17T06:05:33.988+0000] {dag.py:4180} INFO - Setting next_dagrun for example_short_circuit_operator to None, run_after=None
[2025-03-17T06:05:34.072+0000] {processor.py:208} INFO - Processing /home/airflow/.local/lib/python3.12/site-packages/airflow/example_dags/example_short_circuit_operator.py took 0.238 seconds
[2025-03-17T06:06:07.621+0000] {processor.py:186} INFO - Started process (PID=371) to work on /home/airflow/.local/lib/python3.12/site-packages/airflow/example_dags/example_short_circuit_operator.py
[2025-03-17T06:06:07.623+0000] {processor.py:914} INFO - Processing file /home/airflow/.local/lib/python3.12/site-packages/airflow/example_dags/example_short_circuit_operator.py for tasks to queue
[2025-03-17T06:06:07.630+0000] {logging_mixin.py:190} INFO - [2025-03-17T06:06:07.628+0000] {dagbag.py:588} INFO - Filling up the DagBag from /home/airflow/.local/lib/python3.12/site-packages/airflow/example_dags/example_short_circuit_operator.py
[2025-03-17T06:06:07.651+0000] {processor.py:925} INFO - DAG(s) 'example_short_circuit_operator' retrieved from /home/airflow/.local/lib/python3.12/site-packages/airflow/example_dags/example_short_circuit_operator.py
[2025-03-17T06:06:07.712+0000] {logging_mixin.py:190} INFO - [2025-03-17T06:06:07.712+0000] {dag.py:3239} INFO - Sync 1 DAGs
[2025-03-17T06:06:07.762+0000] {logging_mixin.py:190} INFO - [2025-03-17T06:06:07.761+0000] {dag.py:4180} INFO - Setting next_dagrun for example_short_circuit_operator to None, run_after=None
[2025-03-17T06:06:07.818+0000] {processor.py:208} INFO - Processing /home/airflow/.local/lib/python3.12/site-packages/airflow/example_dags/example_short_circuit_operator.py took 0.213 seconds
[2025-03-17T06:06:38.058+0000] {processor.py:186} INFO - Started process (PID=434) to work on /home/airflow/.local/lib/python3.12/site-packages/airflow/example_dags/example_short_circuit_operator.py
[2025-03-17T06:06:38.060+0000] {processor.py:914} INFO - Processing file /home/airflow/.local/lib/python3.12/site-packages/airflow/example_dags/example_short_circuit_operator.py for tasks to queue
[2025-03-17T06:06:38.068+0000] {logging_mixin.py:190} INFO - [2025-03-17T06:06:38.068+0000] {dagbag.py:588} INFO - Filling up the DagBag from /home/airflow/.local/lib/python3.12/site-packages/airflow/example_dags/example_short_circuit_operator.py
[2025-03-17T06:06:38.098+0000] {processor.py:925} INFO - DAG(s) 'example_short_circuit_operator' retrieved from /home/airflow/.local/lib/python3.12/site-packages/airflow/example_dags/example_short_circuit_operator.py
[2025-03-17T06:06:38.186+0000] {logging_mixin.py:190} INFO - [2025-03-17T06:06:38.185+0000] {dag.py:3239} INFO - Sync 1 DAGs
[2025-03-17T06:06:38.237+0000] {logging_mixin.py:190} INFO - [2025-03-17T06:06:38.236+0000] {dag.py:4180} INFO - Setting next_dagrun for example_short_circuit_operator to None, run_after=None
[2025-03-17T06:06:38.294+0000] {processor.py:208} INFO - Processing /home/airflow/.local/lib/python3.12/site-packages/airflow/example_dags/example_short_circuit_operator.py took 0.261 seconds
[2025-03-17T06:07:08.592+0000] {processor.py:186} INFO - Started process (PID=497) to work on /home/airflow/.local/lib/python3.12/site-packages/airflow/example_dags/example_short_circuit_operator.py
[2025-03-17T06:07:08.594+0000] {processor.py:914} INFO - Processing file /home/airflow/.local/lib/python3.12/site-packages/airflow/example_dags/example_short_circuit_operator.py for tasks to queue
[2025-03-17T06:07:08.598+0000] {logging_mixin.py:190} INFO - [2025-03-17T06:07:08.598+0000] {dagbag.py:588} INFO - Filling up the DagBag from /home/airflow/.local/lib/python3.12/site-packages/airflow/example_dags/example_short_circuit_operator.py
[2025-03-17T06:07:08.614+0000] {processor.py:925} INFO - DAG(s) 'example_short_circuit_operator' retrieved from /home/airflow/.local/lib/python3.12/site-packages/airflow/example_dags/example_short_circuit_operator.py
[2025-03-17T06:07:08.656+0000] {logging_mixin.py:190} INFO - [2025-03-17T06:07:08.656+0000] {dag.py:3239} INFO - Sync 1 DAGs
[2025-03-17T06:07:08.687+0000] {logging_mixin.py:190} INFO - [2025-03-17T06:07:08.687+0000] {dag.py:4180} INFO - Setting next_dagrun for example_short_circuit_operator to None, run_after=None
[2025-03-17T06:07:08.721+0000] {processor.py:208} INFO - Processing /home/airflow/.local/lib/python3.12/site-packages/airflow/example_dags/example_short_circuit_operator.py took 0.139 seconds
