[2025-03-17T06:03:13.439+0000] {processor.py:186} INFO - Started process (PID=89) to work on /home/airflow/.local/lib/python3.12/site-packages/airflow/example_dags/example_dataset_alias_with_no_taskflow.py
[2025-03-17T06:03:13.442+0000] {processor.py:914} INFO - Processing file /home/airflow/.local/lib/python3.12/site-packages/airflow/example_dags/example_dataset_alias_with_no_taskflow.py for tasks to queue
[2025-03-17T06:03:13.456+0000] {logging_mixin.py:190} INFO - [2025-03-17T06:03:13.455+0000] {dagbag.py:588} INFO - Filling up the DagBag from /home/airflow/.local/lib/python3.12/site-packages/airflow/example_dags/example_dataset_alias_with_no_taskflow.py
[2025-03-17T06:03:32.967+0000] {processor.py:925} INFO - DAG(s) 'dataset_alias_example_alias_producer_with_no_taskflow', 'dataset_s3_bucket_consumer_with_no_taskflow', 'dataset_alias_example_alias_consumer_with_no_taskflow', 'dataset_s3_bucket_producer_with_no_taskflow' retrieved from /home/airflow/.local/lib/python3.12/site-packages/airflow/example_dags/example_dataset_alias_with_no_taskflow.py
[2025-03-17T06:03:34.182+0000] {logging_mixin.py:190} INFO - [2025-03-17T06:03:34.177+0000] {override.py:1912} INFO - Created Permission View: can edit on DAG:dataset_alias_example_alias_producer_with_no_taskflow
[2025-03-17T06:03:34.272+0000] {logging_mixin.py:190} INFO - [2025-03-17T06:03:34.267+0000] {override.py:1912} INFO - Created Permission View: can read on DAG:dataset_alias_example_alias_producer_with_no_taskflow
[2025-03-17T06:03:34.317+0000] {logging_mixin.py:190} INFO - [2025-03-17T06:03:34.313+0000] {override.py:1912} INFO - Created Permission View: can delete on DAG:dataset_alias_example_alias_producer_with_no_taskflow
[2025-03-17T06:03:34.528+0000] {logging_mixin.py:190} INFO - [2025-03-17T06:03:34.527+0000] {override.py:1912} INFO - Created Permission View: menu access on DAG Run:dataset_alias_example_alias_producer_with_no_taskflow
[2025-03-17T06:03:34.592+0000] {logging_mixin.py:190} INFO - [2025-03-17T06:03:34.591+0000] {override.py:1912} INFO - Created Permission View: can create on DAG Run:dataset_alias_example_alias_producer_with_no_taskflow
[2025-03-17T06:03:34.669+0000] {logging_mixin.py:190} INFO - [2025-03-17T06:03:34.668+0000] {override.py:1912} INFO - Created Permission View: can read on DAG Run:dataset_alias_example_alias_producer_with_no_taskflow
[2025-03-17T06:03:34.715+0000] {logging_mixin.py:190} INFO - [2025-03-17T06:03:34.714+0000] {override.py:1912} INFO - Created Permission View: can delete on DAG Run:dataset_alias_example_alias_producer_with_no_taskflow
[2025-03-17T06:03:34.923+0000] {logging_mixin.py:190} INFO - [2025-03-17T06:03:34.922+0000] {override.py:1912} INFO - Created Permission View: can edit on DAG:dataset_s3_bucket_consumer_with_no_taskflow
[2025-03-17T06:03:34.964+0000] {logging_mixin.py:190} INFO - [2025-03-17T06:03:34.963+0000] {override.py:1912} INFO - Created Permission View: can read on DAG:dataset_s3_bucket_consumer_with_no_taskflow
[2025-03-17T06:03:35.097+0000] {logging_mixin.py:190} INFO - [2025-03-17T06:03:35.096+0000] {override.py:1912} INFO - Created Permission View: can delete on DAG:dataset_s3_bucket_consumer_with_no_taskflow
[2025-03-17T06:03:35.156+0000] {logging_mixin.py:190} INFO - [2025-03-17T06:03:35.155+0000] {override.py:1912} INFO - Created Permission View: menu access on DAG Run:dataset_s3_bucket_consumer_with_no_taskflow
[2025-03-17T06:03:35.199+0000] {logging_mixin.py:190} INFO - [2025-03-17T06:03:35.198+0000] {override.py:1912} INFO - Created Permission View: can create on DAG Run:dataset_s3_bucket_consumer_with_no_taskflow
[2025-03-17T06:03:35.261+0000] {logging_mixin.py:190} INFO - [2025-03-17T06:03:35.260+0000] {override.py:1912} INFO - Created Permission View: can read on DAG Run:dataset_s3_bucket_consumer_with_no_taskflow
[2025-03-17T06:03:35.305+0000] {logging_mixin.py:190} INFO - [2025-03-17T06:03:35.304+0000] {override.py:1912} INFO - Created Permission View: can delete on DAG Run:dataset_s3_bucket_consumer_with_no_taskflow
[2025-03-17T06:03:35.383+0000] {logging_mixin.py:190} INFO - [2025-03-17T06:03:35.380+0000] {override.py:1912} INFO - Created Permission View: can edit on DAG:dataset_alias_example_alias_consumer_with_no_taskflow
[2025-03-17T06:03:35.435+0000] {logging_mixin.py:190} INFO - [2025-03-17T06:03:35.435+0000] {override.py:1912} INFO - Created Permission View: can read on DAG:dataset_alias_example_alias_consumer_with_no_taskflow
[2025-03-17T06:03:35.545+0000] {logging_mixin.py:190} INFO - [2025-03-17T06:03:35.544+0000] {override.py:1912} INFO - Created Permission View: can delete on DAG:dataset_alias_example_alias_consumer_with_no_taskflow
[2025-03-17T06:03:35.619+0000] {logging_mixin.py:190} INFO - [2025-03-17T06:03:35.617+0000] {override.py:1912} INFO - Created Permission View: menu access on DAG Run:dataset_alias_example_alias_consumer_with_no_taskflow
[2025-03-17T06:03:35.672+0000] {logging_mixin.py:190} INFO - [2025-03-17T06:03:35.671+0000] {override.py:1912} INFO - Created Permission View: can create on DAG Run:dataset_alias_example_alias_consumer_with_no_taskflow
[2025-03-17T06:03:35.718+0000] {logging_mixin.py:190} INFO - [2025-03-17T06:03:35.717+0000] {override.py:1912} INFO - Created Permission View: can read on DAG Run:dataset_alias_example_alias_consumer_with_no_taskflow
[2025-03-17T06:03:35.764+0000] {logging_mixin.py:190} INFO - [2025-03-17T06:03:35.762+0000] {override.py:1912} INFO - Created Permission View: can delete on DAG Run:dataset_alias_example_alias_consumer_with_no_taskflow
[2025-03-17T06:03:35.871+0000] {logging_mixin.py:190} INFO - [2025-03-17T06:03:35.870+0000] {override.py:1912} INFO - Created Permission View: can edit on DAG:dataset_s3_bucket_producer_with_no_taskflow
[2025-03-17T06:03:35.917+0000] {logging_mixin.py:190} INFO - [2025-03-17T06:03:35.916+0000] {override.py:1912} INFO - Created Permission View: can read on DAG:dataset_s3_bucket_producer_with_no_taskflow
[2025-03-17T06:03:35.960+0000] {logging_mixin.py:190} INFO - [2025-03-17T06:03:35.959+0000] {override.py:1912} INFO - Created Permission View: can delete on DAG:dataset_s3_bucket_producer_with_no_taskflow
[2025-03-17T06:03:36.005+0000] {logging_mixin.py:190} INFO - [2025-03-17T06:03:35.996+0000] {override.py:1912} INFO - Created Permission View: menu access on DAG Run:dataset_s3_bucket_producer_with_no_taskflow
[2025-03-17T06:03:36.060+0000] {logging_mixin.py:190} INFO - [2025-03-17T06:03:36.060+0000] {override.py:1912} INFO - Created Permission View: can create on DAG Run:dataset_s3_bucket_producer_with_no_taskflow
[2025-03-17T06:03:36.096+0000] {logging_mixin.py:190} INFO - [2025-03-17T06:03:36.095+0000] {override.py:1912} INFO - Created Permission View: can read on DAG Run:dataset_s3_bucket_producer_with_no_taskflow
[2025-03-17T06:03:36.126+0000] {logging_mixin.py:190} INFO - [2025-03-17T06:03:36.125+0000] {override.py:1912} INFO - Created Permission View: can delete on DAG Run:dataset_s3_bucket_producer_with_no_taskflow
[2025-03-17T06:03:36.139+0000] {logging_mixin.py:190} INFO - [2025-03-17T06:03:36.137+0000] {dag.py:3239} INFO - Sync 4 DAGs
[2025-03-17T06:03:36.285+0000] {logging_mixin.py:190} INFO - [2025-03-17T06:03:36.282+0000] {dag.py:3262} INFO - Creating ORM DAG for dataset_s3_bucket_consumer_with_no_taskflow
[2025-03-17T06:03:36.288+0000] {logging_mixin.py:190} INFO - [2025-03-17T06:03:36.288+0000] {dag.py:3262} INFO - Creating ORM DAG for dataset_alias_example_alias_consumer_with_no_taskflow
[2025-03-17T06:03:36.336+0000] {logging_mixin.py:190} INFO - [2025-03-17T06:03:36.336+0000] {dag.py:3262} INFO - Creating ORM DAG for dataset_alias_example_alias_producer_with_no_taskflow
[2025-03-17T06:03:36.341+0000] {logging_mixin.py:190} INFO - [2025-03-17T06:03:36.340+0000] {dag.py:3262} INFO - Creating ORM DAG for dataset_s3_bucket_producer_with_no_taskflow
[2025-03-17T06:03:36.539+0000] {logging_mixin.py:190} INFO - [2025-03-17T06:03:36.539+0000] {dag.py:4180} INFO - Setting next_dagrun for dataset_alias_example_alias_consumer_with_no_taskflow to None, run_after=None
[2025-03-17T06:03:36.549+0000] {logging_mixin.py:190} INFO - [2025-03-17T06:03:36.549+0000] {dag.py:4180} INFO - Setting next_dagrun for dataset_alias_example_alias_producer_with_no_taskflow to None, run_after=None
[2025-03-17T06:03:36.557+0000] {logging_mixin.py:190} INFO - [2025-03-17T06:03:36.557+0000] {dag.py:4180} INFO - Setting next_dagrun for dataset_s3_bucket_consumer_with_no_taskflow to None, run_after=None
[2025-03-17T06:03:36.560+0000] {logging_mixin.py:190} INFO - [2025-03-17T06:03:36.560+0000] {dag.py:4180} INFO - Setting next_dagrun for dataset_s3_bucket_producer_with_no_taskflow to None, run_after=None
[2025-03-17T06:03:36.798+0000] {processor.py:208} INFO - Processing /home/airflow/.local/lib/python3.12/site-packages/airflow/example_dags/example_dataset_alias_with_no_taskflow.py took 23.436 seconds
[2025-03-17T06:04:08.582+0000] {processor.py:186} INFO - Started process (PID=155) to work on /home/airflow/.local/lib/python3.12/site-packages/airflow/example_dags/example_dataset_alias_with_no_taskflow.py
[2025-03-17T06:04:08.590+0000] {processor.py:914} INFO - Processing file /home/airflow/.local/lib/python3.12/site-packages/airflow/example_dags/example_dataset_alias_with_no_taskflow.py for tasks to queue
[2025-03-17T06:04:08.650+0000] {logging_mixin.py:190} INFO - [2025-03-17T06:04:08.646+0000] {dagbag.py:588} INFO - Filling up the DagBag from /home/airflow/.local/lib/python3.12/site-packages/airflow/example_dags/example_dataset_alias_with_no_taskflow.py
[2025-03-17T06:04:11.359+0000] {processor.py:925} INFO - DAG(s) 'dataset_s3_bucket_producer_with_no_taskflow', 'dataset_alias_example_alias_producer_with_no_taskflow', 'dataset_alias_example_alias_consumer_with_no_taskflow', 'dataset_s3_bucket_consumer_with_no_taskflow' retrieved from /home/airflow/.local/lib/python3.12/site-packages/airflow/example_dags/example_dataset_alias_with_no_taskflow.py
[2025-03-17T06:04:11.449+0000] {logging_mixin.py:190} INFO - [2025-03-17T06:04:11.448+0000] {dag.py:3239} INFO - Sync 4 DAGs
[2025-03-17T06:04:11.550+0000] {logging_mixin.py:190} INFO - [2025-03-17T06:04:11.549+0000] {dag.py:4180} INFO - Setting next_dagrun for dataset_alias_example_alias_consumer_with_no_taskflow to None, run_after=None
[2025-03-17T06:04:11.558+0000] {logging_mixin.py:190} INFO - [2025-03-17T06:04:11.558+0000] {dag.py:4180} INFO - Setting next_dagrun for dataset_alias_example_alias_producer_with_no_taskflow to None, run_after=None
[2025-03-17T06:04:11.563+0000] {logging_mixin.py:190} INFO - [2025-03-17T06:04:11.563+0000] {dag.py:4180} INFO - Setting next_dagrun for dataset_s3_bucket_consumer_with_no_taskflow to None, run_after=None
[2025-03-17T06:04:11.568+0000] {logging_mixin.py:190} INFO - [2025-03-17T06:04:11.567+0000] {dag.py:4180} INFO - Setting next_dagrun for dataset_s3_bucket_producer_with_no_taskflow to None, run_after=None
[2025-03-17T06:04:11.637+0000] {processor.py:208} INFO - Processing /home/airflow/.local/lib/python3.12/site-packages/airflow/example_dags/example_dataset_alias_with_no_taskflow.py took 3.355 seconds
[2025-03-17T06:04:45.764+0000] {processor.py:186} INFO - Started process (PID=226) to work on /home/airflow/.local/lib/python3.12/site-packages/airflow/example_dags/example_dataset_alias_with_no_taskflow.py
[2025-03-17T06:04:45.792+0000] {processor.py:914} INFO - Processing file /home/airflow/.local/lib/python3.12/site-packages/airflow/example_dags/example_dataset_alias_with_no_taskflow.py for tasks to queue
[2025-03-17T06:04:46.024+0000] {logging_mixin.py:190} INFO - [2025-03-17T06:04:46.022+0000] {dagbag.py:588} INFO - Filling up the DagBag from /home/airflow/.local/lib/python3.12/site-packages/airflow/example_dags/example_dataset_alias_with_no_taskflow.py
[2025-03-17T06:04:54.053+0000] {processor.py:925} INFO - DAG(s) 'dataset_s3_bucket_consumer_with_no_taskflow', 'dataset_alias_example_alias_consumer_with_no_taskflow', 'dataset_alias_example_alias_producer_with_no_taskflow', 'dataset_s3_bucket_producer_with_no_taskflow' retrieved from /home/airflow/.local/lib/python3.12/site-packages/airflow/example_dags/example_dataset_alias_with_no_taskflow.py
[2025-03-17T06:04:54.118+0000] {logging_mixin.py:190} INFO - [2025-03-17T06:04:54.116+0000] {dag.py:3239} INFO - Sync 4 DAGs
[2025-03-17T06:04:54.195+0000] {logging_mixin.py:190} INFO - [2025-03-17T06:04:54.194+0000] {dag.py:4180} INFO - Setting next_dagrun for dataset_alias_example_alias_consumer_with_no_taskflow to None, run_after=None
[2025-03-17T06:04:54.203+0000] {logging_mixin.py:190} INFO - [2025-03-17T06:04:54.202+0000] {dag.py:4180} INFO - Setting next_dagrun for dataset_alias_example_alias_producer_with_no_taskflow to None, run_after=None
[2025-03-17T06:04:54.209+0000] {logging_mixin.py:190} INFO - [2025-03-17T06:04:54.209+0000] {dag.py:4180} INFO - Setting next_dagrun for dataset_s3_bucket_consumer_with_no_taskflow to None, run_after=None
[2025-03-17T06:04:54.213+0000] {logging_mixin.py:190} INFO - [2025-03-17T06:04:54.213+0000] {dag.py:4180} INFO - Setting next_dagrun for dataset_s3_bucket_producer_with_no_taskflow to None, run_after=None
[2025-03-17T06:04:54.304+0000] {processor.py:208} INFO - Processing /home/airflow/.local/lib/python3.12/site-packages/airflow/example_dags/example_dataset_alias_with_no_taskflow.py took 8.676 seconds
[2025-03-17T06:05:24.473+0000] {processor.py:186} INFO - Started process (PID=288) to work on /home/airflow/.local/lib/python3.12/site-packages/airflow/example_dags/example_dataset_alias_with_no_taskflow.py
[2025-03-17T06:05:24.478+0000] {processor.py:914} INFO - Processing file /home/airflow/.local/lib/python3.12/site-packages/airflow/example_dags/example_dataset_alias_with_no_taskflow.py for tasks to queue
[2025-03-17T06:05:24.489+0000] {logging_mixin.py:190} INFO - [2025-03-17T06:05:24.488+0000] {dagbag.py:588} INFO - Filling up the DagBag from /home/airflow/.local/lib/python3.12/site-packages/airflow/example_dags/example_dataset_alias_with_no_taskflow.py
[2025-03-17T06:05:28.551+0000] {processor.py:925} INFO - DAG(s) 'dataset_alias_example_alias_producer_with_no_taskflow', 'dataset_s3_bucket_consumer_with_no_taskflow', 'dataset_alias_example_alias_consumer_with_no_taskflow', 'dataset_s3_bucket_producer_with_no_taskflow' retrieved from /home/airflow/.local/lib/python3.12/site-packages/airflow/example_dags/example_dataset_alias_with_no_taskflow.py
[2025-03-17T06:05:28.659+0000] {logging_mixin.py:190} INFO - [2025-03-17T06:05:28.657+0000] {dag.py:3239} INFO - Sync 4 DAGs
[2025-03-17T06:05:28.753+0000] {logging_mixin.py:190} INFO - [2025-03-17T06:05:28.752+0000] {dag.py:4180} INFO - Setting next_dagrun for dataset_alias_example_alias_consumer_with_no_taskflow to None, run_after=None
[2025-03-17T06:05:28.763+0000] {logging_mixin.py:190} INFO - [2025-03-17T06:05:28.762+0000] {dag.py:4180} INFO - Setting next_dagrun for dataset_alias_example_alias_producer_with_no_taskflow to None, run_after=None
[2025-03-17T06:05:28.769+0000] {logging_mixin.py:190} INFO - [2025-03-17T06:05:28.768+0000] {dag.py:4180} INFO - Setting next_dagrun for dataset_s3_bucket_consumer_with_no_taskflow to None, run_after=None
[2025-03-17T06:05:28.774+0000] {logging_mixin.py:190} INFO - [2025-03-17T06:05:28.773+0000] {dag.py:4180} INFO - Setting next_dagrun for dataset_s3_bucket_producer_with_no_taskflow to None, run_after=None
[2025-03-17T06:05:28.861+0000] {processor.py:208} INFO - Processing /home/airflow/.local/lib/python3.12/site-packages/airflow/example_dags/example_dataset_alias_with_no_taskflow.py took 4.410 seconds
[2025-03-17T06:05:59.519+0000] {processor.py:186} INFO - Started process (PID=351) to work on /home/airflow/.local/lib/python3.12/site-packages/airflow/example_dags/example_dataset_alias_with_no_taskflow.py
[2025-03-17T06:05:59.524+0000] {processor.py:914} INFO - Processing file /home/airflow/.local/lib/python3.12/site-packages/airflow/example_dags/example_dataset_alias_with_no_taskflow.py for tasks to queue
[2025-03-17T06:05:59.531+0000] {logging_mixin.py:190} INFO - [2025-03-17T06:05:59.530+0000] {dagbag.py:588} INFO - Filling up the DagBag from /home/airflow/.local/lib/python3.12/site-packages/airflow/example_dags/example_dataset_alias_with_no_taskflow.py
[2025-03-17T06:06:02.074+0000] {processor.py:925} INFO - DAG(s) 'dataset_s3_bucket_consumer_with_no_taskflow', 'dataset_alias_example_alias_producer_with_no_taskflow', 'dataset_s3_bucket_producer_with_no_taskflow', 'dataset_alias_example_alias_consumer_with_no_taskflow' retrieved from /home/airflow/.local/lib/python3.12/site-packages/airflow/example_dags/example_dataset_alias_with_no_taskflow.py
[2025-03-17T06:06:02.199+0000] {logging_mixin.py:190} INFO - [2025-03-17T06:06:02.197+0000] {dag.py:3239} INFO - Sync 4 DAGs
[2025-03-17T06:06:02.338+0000] {logging_mixin.py:190} INFO - [2025-03-17T06:06:02.335+0000] {dag.py:4180} INFO - Setting next_dagrun for dataset_alias_example_alias_consumer_with_no_taskflow to None, run_after=None
[2025-03-17T06:06:02.353+0000] {logging_mixin.py:190} INFO - [2025-03-17T06:06:02.353+0000] {dag.py:4180} INFO - Setting next_dagrun for dataset_alias_example_alias_producer_with_no_taskflow to None, run_after=None
[2025-03-17T06:06:02.359+0000] {logging_mixin.py:190} INFO - [2025-03-17T06:06:02.359+0000] {dag.py:4180} INFO - Setting next_dagrun for dataset_s3_bucket_consumer_with_no_taskflow to None, run_after=None
[2025-03-17T06:06:02.371+0000] {logging_mixin.py:190} INFO - [2025-03-17T06:06:02.371+0000] {dag.py:4180} INFO - Setting next_dagrun for dataset_s3_bucket_producer_with_no_taskflow to None, run_after=None
[2025-03-17T06:06:02.568+0000] {processor.py:208} INFO - Processing /home/airflow/.local/lib/python3.12/site-packages/airflow/example_dags/example_dataset_alias_with_no_taskflow.py took 3.079 seconds
[2025-03-17T06:06:33.451+0000] {processor.py:186} INFO - Started process (PID=414) to work on /home/airflow/.local/lib/python3.12/site-packages/airflow/example_dags/example_dataset_alias_with_no_taskflow.py
[2025-03-17T06:06:33.453+0000] {processor.py:914} INFO - Processing file /home/airflow/.local/lib/python3.12/site-packages/airflow/example_dags/example_dataset_alias_with_no_taskflow.py for tasks to queue
[2025-03-17T06:06:33.459+0000] {logging_mixin.py:190} INFO - [2025-03-17T06:06:33.459+0000] {dagbag.py:588} INFO - Filling up the DagBag from /home/airflow/.local/lib/python3.12/site-packages/airflow/example_dags/example_dataset_alias_with_no_taskflow.py
[2025-03-17T06:06:34.693+0000] {processor.py:925} INFO - DAG(s) 'dataset_alias_example_alias_producer_with_no_taskflow', 'dataset_s3_bucket_producer_with_no_taskflow', 'dataset_alias_example_alias_consumer_with_no_taskflow', 'dataset_s3_bucket_consumer_with_no_taskflow' retrieved from /home/airflow/.local/lib/python3.12/site-packages/airflow/example_dags/example_dataset_alias_with_no_taskflow.py
[2025-03-17T06:06:34.742+0000] {logging_mixin.py:190} INFO - [2025-03-17T06:06:34.741+0000] {dag.py:3239} INFO - Sync 4 DAGs
[2025-03-17T06:06:34.794+0000] {logging_mixin.py:190} INFO - [2025-03-17T06:06:34.793+0000] {dag.py:4180} INFO - Setting next_dagrun for dataset_alias_example_alias_consumer_with_no_taskflow to None, run_after=None
[2025-03-17T06:06:34.800+0000] {logging_mixin.py:190} INFO - [2025-03-17T06:06:34.800+0000] {dag.py:4180} INFO - Setting next_dagrun for dataset_alias_example_alias_producer_with_no_taskflow to None, run_after=None
[2025-03-17T06:06:34.804+0000] {logging_mixin.py:190} INFO - [2025-03-17T06:06:34.804+0000] {dag.py:4180} INFO - Setting next_dagrun for dataset_s3_bucket_consumer_with_no_taskflow to None, run_after=None
[2025-03-17T06:06:34.808+0000] {logging_mixin.py:190} INFO - [2025-03-17T06:06:34.807+0000] {dag.py:4180} INFO - Setting next_dagrun for dataset_s3_bucket_producer_with_no_taskflow to None, run_after=None
[2025-03-17T06:06:34.852+0000] {processor.py:208} INFO - Processing /home/airflow/.local/lib/python3.12/site-packages/airflow/example_dags/example_dataset_alias_with_no_taskflow.py took 1.419 seconds
[2025-03-17T06:07:05.314+0000] {processor.py:186} INFO - Started process (PID=477) to work on /home/airflow/.local/lib/python3.12/site-packages/airflow/example_dags/example_dataset_alias_with_no_taskflow.py
[2025-03-17T06:07:05.315+0000] {processor.py:914} INFO - Processing file /home/airflow/.local/lib/python3.12/site-packages/airflow/example_dags/example_dataset_alias_with_no_taskflow.py for tasks to queue
[2025-03-17T06:07:05.320+0000] {logging_mixin.py:190} INFO - [2025-03-17T06:07:05.319+0000] {dagbag.py:588} INFO - Filling up the DagBag from /home/airflow/.local/lib/python3.12/site-packages/airflow/example_dags/example_dataset_alias_with_no_taskflow.py
[2025-03-17T06:07:06.381+0000] {processor.py:925} INFO - DAG(s) 'dataset_s3_bucket_consumer_with_no_taskflow', 'dataset_alias_example_alias_consumer_with_no_taskflow', 'dataset_s3_bucket_producer_with_no_taskflow', 'dataset_alias_example_alias_producer_with_no_taskflow' retrieved from /home/airflow/.local/lib/python3.12/site-packages/airflow/example_dags/example_dataset_alias_with_no_taskflow.py
[2025-03-17T06:07:06.429+0000] {logging_mixin.py:190} INFO - [2025-03-17T06:07:06.427+0000] {dag.py:3239} INFO - Sync 4 DAGs
[2025-03-17T06:07:06.481+0000] {logging_mixin.py:190} INFO - [2025-03-17T06:07:06.481+0000] {dag.py:4180} INFO - Setting next_dagrun for dataset_alias_example_alias_consumer_with_no_taskflow to None, run_after=None
[2025-03-17T06:07:06.488+0000] {logging_mixin.py:190} INFO - [2025-03-17T06:07:06.488+0000] {dag.py:4180} INFO - Setting next_dagrun for dataset_alias_example_alias_producer_with_no_taskflow to None, run_after=None
[2025-03-17T06:07:06.493+0000] {logging_mixin.py:190} INFO - [2025-03-17T06:07:06.492+0000] {dag.py:4180} INFO - Setting next_dagrun for dataset_s3_bucket_consumer_with_no_taskflow to None, run_after=None
[2025-03-17T06:07:06.497+0000] {logging_mixin.py:190} INFO - [2025-03-17T06:07:06.496+0000] {dag.py:4180} INFO - Setting next_dagrun for dataset_s3_bucket_producer_with_no_taskflow to None, run_after=None
[2025-03-17T06:07:06.548+0000] {processor.py:208} INFO - Processing /home/airflow/.local/lib/python3.12/site-packages/airflow/example_dags/example_dataset_alias_with_no_taskflow.py took 1.244 seconds
