[2025-03-17T06:03:21.691+0000] {processor.py:186} INFO - Started process (PID=92) to work on /home/airflow/.local/lib/python3.12/site-packages/airflow/example_dags/example_outlet_event_extra.py
[2025-03-17T06:03:21.694+0000] {processor.py:914} INFO - Processing file /home/airflow/.local/lib/python3.12/site-packages/airflow/example_dags/example_outlet_event_extra.py for tasks to queue
[2025-03-17T06:03:21.707+0000] {logging_mixin.py:190} INFO - [2025-03-17T06:03:21.706+0000] {dagbag.py:588} INFO - Filling up the DagBag from /home/airflow/.local/lib/python3.12/site-packages/airflow/example_dags/example_outlet_event_extra.py
[2025-03-17T06:03:32.332+0000] {processor.py:925} INFO - DAG(s) 'dataset_with_extra_by_context', 'dataset_with_extra_from_classic_operator', 'dataset_with_extra_by_yield' retrieved from /home/airflow/.local/lib/python3.12/site-packages/airflow/example_dags/example_outlet_event_extra.py
[2025-03-17T06:03:34.033+0000] {logging_mixin.py:190} INFO - [2025-03-17T06:03:34.011+0000] {override.py:1912} INFO - Created Permission View: can edit on DAG:dataset_with_extra_by_context
[2025-03-17T06:03:34.134+0000] {logging_mixin.py:190} INFO - [2025-03-17T06:03:34.133+0000] {override.py:1912} INFO - Created Permission View: can read on DAG:dataset_with_extra_by_context
[2025-03-17T06:03:34.159+0000] {logging_mixin.py:190} INFO - [2025-03-17T06:03:34.158+0000] {override.py:1912} INFO - Created Permission View: can delete on DAG:dataset_with_extra_by_context
[2025-03-17T06:03:34.199+0000] {logging_mixin.py:190} INFO - [2025-03-17T06:03:34.199+0000] {override.py:1912} INFO - Created Permission View: menu access on DAG Run:dataset_with_extra_by_context
[2025-03-17T06:03:34.242+0000] {logging_mixin.py:190} INFO - [2025-03-17T06:03:34.242+0000] {override.py:1912} INFO - Created Permission View: can create on DAG Run:dataset_with_extra_by_context
[2025-03-17T06:03:34.284+0000] {logging_mixin.py:190} INFO - [2025-03-17T06:03:34.283+0000] {override.py:1912} INFO - Created Permission View: can read on DAG Run:dataset_with_extra_by_context
[2025-03-17T06:03:34.311+0000] {logging_mixin.py:190} INFO - [2025-03-17T06:03:34.310+0000] {override.py:1912} INFO - Created Permission View: can delete on DAG Run:dataset_with_extra_by_context
[2025-03-17T06:03:34.553+0000] {logging_mixin.py:190} INFO - [2025-03-17T06:03:34.552+0000] {override.py:1912} INFO - Created Permission View: can edit on DAG:dataset_with_extra_from_classic_operator
[2025-03-17T06:03:34.595+0000] {logging_mixin.py:190} INFO - [2025-03-17T06:03:34.594+0000] {override.py:1912} INFO - Created Permission View: can read on DAG:dataset_with_extra_from_classic_operator
[2025-03-17T06:03:34.633+0000] {logging_mixin.py:190} INFO - [2025-03-17T06:03:34.632+0000] {override.py:1912} INFO - Created Permission View: can delete on DAG:dataset_with_extra_from_classic_operator
[2025-03-17T06:03:34.686+0000] {logging_mixin.py:190} INFO - [2025-03-17T06:03:34.685+0000] {override.py:1912} INFO - Created Permission View: menu access on DAG Run:dataset_with_extra_from_classic_operator
[2025-03-17T06:03:34.732+0000] {logging_mixin.py:190} INFO - [2025-03-17T06:03:34.732+0000] {override.py:1912} INFO - Created Permission View: can create on DAG Run:dataset_with_extra_from_classic_operator
[2025-03-17T06:03:34.766+0000] {logging_mixin.py:190} INFO - [2025-03-17T06:03:34.766+0000] {override.py:1912} INFO - Created Permission View: can read on DAG Run:dataset_with_extra_from_classic_operator
[2025-03-17T06:03:34.918+0000] {logging_mixin.py:190} INFO - [2025-03-17T06:03:34.916+0000] {override.py:1912} INFO - Created Permission View: can delete on DAG Run:dataset_with_extra_from_classic_operator
[2025-03-17T06:03:35.025+0000] {logging_mixin.py:190} INFO - [2025-03-17T06:03:35.024+0000] {override.py:1912} INFO - Created Permission View: can edit on DAG:dataset_with_extra_by_yield
[2025-03-17T06:03:35.075+0000] {logging_mixin.py:190} INFO - [2025-03-17T06:03:35.074+0000] {override.py:1912} INFO - Created Permission View: can read on DAG:dataset_with_extra_by_yield
[2025-03-17T06:03:35.126+0000] {logging_mixin.py:190} INFO - [2025-03-17T06:03:35.125+0000] {override.py:1912} INFO - Created Permission View: can delete on DAG:dataset_with_extra_by_yield
[2025-03-17T06:03:35.173+0000] {logging_mixin.py:190} INFO - [2025-03-17T06:03:35.172+0000] {override.py:1912} INFO - Created Permission View: menu access on DAG Run:dataset_with_extra_by_yield
[2025-03-17T06:03:35.228+0000] {logging_mixin.py:190} INFO - [2025-03-17T06:03:35.227+0000] {override.py:1912} INFO - Created Permission View: can create on DAG Run:dataset_with_extra_by_yield
[2025-03-17T06:03:35.295+0000] {logging_mixin.py:190} INFO - [2025-03-17T06:03:35.294+0000] {override.py:1912} INFO - Created Permission View: can read on DAG Run:dataset_with_extra_by_yield
[2025-03-17T06:03:35.340+0000] {logging_mixin.py:190} INFO - [2025-03-17T06:03:35.339+0000] {override.py:1912} INFO - Created Permission View: can delete on DAG Run:dataset_with_extra_by_yield
[2025-03-17T06:03:35.344+0000] {logging_mixin.py:190} INFO - [2025-03-17T06:03:35.343+0000] {dag.py:3239} INFO - Sync 3 DAGs
[2025-03-17T06:03:35.450+0000] {logging_mixin.py:190} INFO - [2025-03-17T06:03:35.448+0000] {dag.py:3262} INFO - Creating ORM DAG for dataset_with_extra_from_classic_operator
[2025-03-17T06:03:35.467+0000] {logging_mixin.py:190} INFO - [2025-03-17T06:03:35.465+0000] {dag.py:3262} INFO - Creating ORM DAG for dataset_with_extra_by_context
[2025-03-17T06:03:35.490+0000] {logging_mixin.py:190} INFO - [2025-03-17T06:03:35.486+0000] {dag.py:3262} INFO - Creating ORM DAG for dataset_with_extra_by_yield
[2025-03-17T06:03:35.673+0000] {logging_mixin.py:190} INFO - [2025-03-17T06:03:35.672+0000] {dag.py:4180} INFO - Setting next_dagrun for dataset_with_extra_by_context to 2025-03-16 00:00:00+00:00, run_after=2025-03-17 00:00:00+00:00
[2025-03-17T06:03:35.703+0000] {logging_mixin.py:190} INFO - [2025-03-17T06:03:35.703+0000] {dag.py:4180} INFO - Setting next_dagrun for dataset_with_extra_by_yield to 2025-03-16 00:00:00+00:00, run_after=2025-03-17 00:00:00+00:00
[2025-03-17T06:03:35.720+0000] {logging_mixin.py:190} INFO - [2025-03-17T06:03:35.720+0000] {dag.py:4180} INFO - Setting next_dagrun for dataset_with_extra_from_classic_operator to 2025-03-16 00:00:00+00:00, run_after=2025-03-17 00:00:00+00:00
[2025-03-17T06:03:35.991+0000] {processor.py:208} INFO - Processing /home/airflow/.local/lib/python3.12/site-packages/airflow/example_dags/example_outlet_event_extra.py took 14.373 seconds
[2025-03-17T06:04:06.852+0000] {processor.py:186} INFO - Started process (PID=154) to work on /home/airflow/.local/lib/python3.12/site-packages/airflow/example_dags/example_outlet_event_extra.py
[2025-03-17T06:04:06.857+0000] {processor.py:914} INFO - Processing file /home/airflow/.local/lib/python3.12/site-packages/airflow/example_dags/example_outlet_event_extra.py for tasks to queue
[2025-03-17T06:04:06.880+0000] {logging_mixin.py:190} INFO - [2025-03-17T06:04:06.874+0000] {dagbag.py:588} INFO - Filling up the DagBag from /home/airflow/.local/lib/python3.12/site-packages/airflow/example_dags/example_outlet_event_extra.py
[2025-03-17T06:04:10.459+0000] {processor.py:925} INFO - DAG(s) 'dataset_with_extra_from_classic_operator', 'dataset_with_extra_by_yield', 'dataset_with_extra_by_context' retrieved from /home/airflow/.local/lib/python3.12/site-packages/airflow/example_dags/example_outlet_event_extra.py
[2025-03-17T06:04:10.542+0000] {logging_mixin.py:190} INFO - [2025-03-17T06:04:10.541+0000] {dag.py:3239} INFO - Sync 3 DAGs
[2025-03-17T06:04:10.629+0000] {logging_mixin.py:190} INFO - [2025-03-17T06:04:10.628+0000] {dag.py:4180} INFO - Setting next_dagrun for dataset_with_extra_by_context to 2025-03-16 00:00:00+00:00, run_after=2025-03-17 00:00:00+00:00
[2025-03-17T06:04:10.645+0000] {logging_mixin.py:190} INFO - [2025-03-17T06:04:10.645+0000] {dag.py:4180} INFO - Setting next_dagrun for dataset_with_extra_by_yield to 2025-03-16 00:00:00+00:00, run_after=2025-03-17 00:00:00+00:00
[2025-03-17T06:04:10.654+0000] {logging_mixin.py:190} INFO - [2025-03-17T06:04:10.653+0000] {dag.py:4180} INFO - Setting next_dagrun for dataset_with_extra_from_classic_operator to 2025-03-16 00:00:00+00:00, run_after=2025-03-17 00:00:00+00:00
[2025-03-17T06:04:10.721+0000] {processor.py:208} INFO - Processing /home/airflow/.local/lib/python3.12/site-packages/airflow/example_dags/example_outlet_event_extra.py took 3.942 seconds
[2025-03-17T06:04:41.673+0000] {processor.py:186} INFO - Started process (PID=223) to work on /home/airflow/.local/lib/python3.12/site-packages/airflow/example_dags/example_outlet_event_extra.py
[2025-03-17T06:04:41.688+0000] {processor.py:914} INFO - Processing file /home/airflow/.local/lib/python3.12/site-packages/airflow/example_dags/example_outlet_event_extra.py for tasks to queue
[2025-03-17T06:04:41.744+0000] {logging_mixin.py:190} INFO - [2025-03-17T06:04:41.736+0000] {dagbag.py:588} INFO - Filling up the DagBag from /home/airflow/.local/lib/python3.12/site-packages/airflow/example_dags/example_outlet_event_extra.py
[2025-03-17T06:04:53.794+0000] {processor.py:925} INFO - DAG(s) 'dataset_with_extra_by_yield', 'dataset_with_extra_from_classic_operator', 'dataset_with_extra_by_context' retrieved from /home/airflow/.local/lib/python3.12/site-packages/airflow/example_dags/example_outlet_event_extra.py
[2025-03-17T06:04:53.860+0000] {logging_mixin.py:190} INFO - [2025-03-17T06:04:53.860+0000] {dag.py:3239} INFO - Sync 3 DAGs
[2025-03-17T06:04:53.929+0000] {logging_mixin.py:190} INFO - [2025-03-17T06:04:53.928+0000] {dag.py:4180} INFO - Setting next_dagrun for dataset_with_extra_by_context to 2025-03-16 00:00:00+00:00, run_after=2025-03-17 00:00:00+00:00
[2025-03-17T06:04:53.942+0000] {logging_mixin.py:190} INFO - [2025-03-17T06:04:53.941+0000] {dag.py:4180} INFO - Setting next_dagrun for dataset_with_extra_by_yield to 2025-03-16 00:00:00+00:00, run_after=2025-03-17 00:00:00+00:00
[2025-03-17T06:04:53.952+0000] {logging_mixin.py:190} INFO - [2025-03-17T06:04:53.952+0000] {dag.py:4180} INFO - Setting next_dagrun for dataset_with_extra_from_classic_operator to 2025-03-16 00:00:00+00:00, run_after=2025-03-17 00:00:00+00:00
[2025-03-17T06:04:54.001+0000] {processor.py:208} INFO - Processing /home/airflow/.local/lib/python3.12/site-packages/airflow/example_dags/example_outlet_event_extra.py took 12.570 seconds
[2025-03-17T06:05:24.479+0000] {processor.py:186} INFO - Started process (PID=289) to work on /home/airflow/.local/lib/python3.12/site-packages/airflow/example_dags/example_outlet_event_extra.py
[2025-03-17T06:05:24.482+0000] {processor.py:914} INFO - Processing file /home/airflow/.local/lib/python3.12/site-packages/airflow/example_dags/example_outlet_event_extra.py for tasks to queue
[2025-03-17T06:05:24.493+0000] {logging_mixin.py:190} INFO - [2025-03-17T06:05:24.492+0000] {dagbag.py:588} INFO - Filling up the DagBag from /home/airflow/.local/lib/python3.12/site-packages/airflow/example_dags/example_outlet_event_extra.py
[2025-03-17T06:05:28.577+0000] {processor.py:925} INFO - DAG(s) 'dataset_with_extra_by_yield', 'dataset_with_extra_from_classic_operator', 'dataset_with_extra_by_context' retrieved from /home/airflow/.local/lib/python3.12/site-packages/airflow/example_dags/example_outlet_event_extra.py
[2025-03-17T06:05:28.675+0000] {logging_mixin.py:190} INFO - [2025-03-17T06:05:28.674+0000] {dag.py:3239} INFO - Sync 3 DAGs
[2025-03-17T06:05:28.774+0000] {logging_mixin.py:190} INFO - [2025-03-17T06:05:28.773+0000] {dag.py:4180} INFO - Setting next_dagrun for dataset_with_extra_by_context to 2025-03-16 00:00:00+00:00, run_after=2025-03-17 00:00:00+00:00
[2025-03-17T06:05:28.794+0000] {logging_mixin.py:190} INFO - [2025-03-17T06:05:28.793+0000] {dag.py:4180} INFO - Setting next_dagrun for dataset_with_extra_by_yield to 2025-03-16 00:00:00+00:00, run_after=2025-03-17 00:00:00+00:00
[2025-03-17T06:05:28.802+0000] {logging_mixin.py:190} INFO - [2025-03-17T06:05:28.801+0000] {dag.py:4180} INFO - Setting next_dagrun for dataset_with_extra_from_classic_operator to 2025-03-16 00:00:00+00:00, run_after=2025-03-17 00:00:00+00:00
[2025-03-17T06:05:28.885+0000] {processor.py:208} INFO - Processing /home/airflow/.local/lib/python3.12/site-packages/airflow/example_dags/example_outlet_event_extra.py took 4.431 seconds
[2025-03-17T06:05:59.532+0000] {processor.py:186} INFO - Started process (PID=352) to work on /home/airflow/.local/lib/python3.12/site-packages/airflow/example_dags/example_outlet_event_extra.py
[2025-03-17T06:05:59.535+0000] {processor.py:914} INFO - Processing file /home/airflow/.local/lib/python3.12/site-packages/airflow/example_dags/example_outlet_event_extra.py for tasks to queue
[2025-03-17T06:05:59.544+0000] {logging_mixin.py:190} INFO - [2025-03-17T06:05:59.543+0000] {dagbag.py:588} INFO - Filling up the DagBag from /home/airflow/.local/lib/python3.12/site-packages/airflow/example_dags/example_outlet_event_extra.py
[2025-03-17T06:06:02.017+0000] {processor.py:925} INFO - DAG(s) 'dataset_with_extra_by_yield', 'dataset_with_extra_from_classic_operator', 'dataset_with_extra_by_context' retrieved from /home/airflow/.local/lib/python3.12/site-packages/airflow/example_dags/example_outlet_event_extra.py
[2025-03-17T06:06:02.159+0000] {logging_mixin.py:190} INFO - [2025-03-17T06:06:02.158+0000] {dag.py:3239} INFO - Sync 3 DAGs
[2025-03-17T06:06:02.286+0000] {logging_mixin.py:190} INFO - [2025-03-17T06:06:02.284+0000] {dag.py:4180} INFO - Setting next_dagrun for dataset_with_extra_by_context to 2025-03-16 00:00:00+00:00, run_after=2025-03-17 00:00:00+00:00
[2025-03-17T06:06:02.333+0000] {logging_mixin.py:190} INFO - [2025-03-17T06:06:02.332+0000] {dag.py:4180} INFO - Setting next_dagrun for dataset_with_extra_by_yield to 2025-03-16 00:00:00+00:00, run_after=2025-03-17 00:00:00+00:00
[2025-03-17T06:06:02.351+0000] {logging_mixin.py:190} INFO - [2025-03-17T06:06:02.351+0000] {dag.py:4180} INFO - Setting next_dagrun for dataset_with_extra_from_classic_operator to 2025-03-16 00:00:00+00:00, run_after=2025-03-17 00:00:00+00:00
[2025-03-17T06:06:02.548+0000] {processor.py:208} INFO - Processing /home/airflow/.local/lib/python3.12/site-packages/airflow/example_dags/example_outlet_event_extra.py took 3.043 seconds
[2025-03-17T06:06:33.453+0000] {processor.py:186} INFO - Started process (PID=415) to work on /home/airflow/.local/lib/python3.12/site-packages/airflow/example_dags/example_outlet_event_extra.py
[2025-03-17T06:06:33.455+0000] {processor.py:914} INFO - Processing file /home/airflow/.local/lib/python3.12/site-packages/airflow/example_dags/example_outlet_event_extra.py for tasks to queue
[2025-03-17T06:06:33.464+0000] {logging_mixin.py:190} INFO - [2025-03-17T06:06:33.463+0000] {dagbag.py:588} INFO - Filling up the DagBag from /home/airflow/.local/lib/python3.12/site-packages/airflow/example_dags/example_outlet_event_extra.py
[2025-03-17T06:06:34.671+0000] {processor.py:925} INFO - DAG(s) 'dataset_with_extra_from_classic_operator', 'dataset_with_extra_by_yield', 'dataset_with_extra_by_context' retrieved from /home/airflow/.local/lib/python3.12/site-packages/airflow/example_dags/example_outlet_event_extra.py
[2025-03-17T06:06:34.726+0000] {logging_mixin.py:190} INFO - [2025-03-17T06:06:34.725+0000] {dag.py:3239} INFO - Sync 3 DAGs
[2025-03-17T06:06:34.782+0000] {logging_mixin.py:190} INFO - [2025-03-17T06:06:34.782+0000] {dag.py:4180} INFO - Setting next_dagrun for dataset_with_extra_by_context to 2025-03-16 00:00:00+00:00, run_after=2025-03-17 00:00:00+00:00
[2025-03-17T06:06:34.795+0000] {logging_mixin.py:190} INFO - [2025-03-17T06:06:34.794+0000] {dag.py:4180} INFO - Setting next_dagrun for dataset_with_extra_by_yield to 2025-03-16 00:00:00+00:00, run_after=2025-03-17 00:00:00+00:00
[2025-03-17T06:06:34.803+0000] {logging_mixin.py:190} INFO - [2025-03-17T06:06:34.802+0000] {dag.py:4180} INFO - Setting next_dagrun for dataset_with_extra_from_classic_operator to 2025-03-16 00:00:00+00:00, run_after=2025-03-17 00:00:00+00:00
[2025-03-17T06:06:34.853+0000] {processor.py:208} INFO - Processing /home/airflow/.local/lib/python3.12/site-packages/airflow/example_dags/example_outlet_event_extra.py took 1.418 seconds
[2025-03-17T06:07:05.315+0000] {processor.py:186} INFO - Started process (PID=478) to work on /home/airflow/.local/lib/python3.12/site-packages/airflow/example_dags/example_outlet_event_extra.py
[2025-03-17T06:07:05.317+0000] {processor.py:914} INFO - Processing file /home/airflow/.local/lib/python3.12/site-packages/airflow/example_dags/example_outlet_event_extra.py for tasks to queue
[2025-03-17T06:07:05.320+0000] {logging_mixin.py:190} INFO - [2025-03-17T06:07:05.320+0000] {dagbag.py:588} INFO - Filling up the DagBag from /home/airflow/.local/lib/python3.12/site-packages/airflow/example_dags/example_outlet_event_extra.py
[2025-03-17T06:07:06.348+0000] {processor.py:925} INFO - DAG(s) 'dataset_with_extra_from_classic_operator', 'dataset_with_extra_by_context', 'dataset_with_extra_by_yield' retrieved from /home/airflow/.local/lib/python3.12/site-packages/airflow/example_dags/example_outlet_event_extra.py
[2025-03-17T06:07:06.398+0000] {logging_mixin.py:190} INFO - [2025-03-17T06:07:06.398+0000] {dag.py:3239} INFO - Sync 3 DAGs
[2025-03-17T06:07:06.453+0000] {logging_mixin.py:190} INFO - [2025-03-17T06:07:06.453+0000] {dag.py:4180} INFO - Setting next_dagrun for dataset_with_extra_by_context to 2025-03-16 00:00:00+00:00, run_after=2025-03-17 00:00:00+00:00
[2025-03-17T06:07:06.468+0000] {logging_mixin.py:190} INFO - [2025-03-17T06:07:06.467+0000] {dag.py:4180} INFO - Setting next_dagrun for dataset_with_extra_by_yield to 2025-03-16 00:00:00+00:00, run_after=2025-03-17 00:00:00+00:00
[2025-03-17T06:07:06.475+0000] {logging_mixin.py:190} INFO - [2025-03-17T06:07:06.475+0000] {dag.py:4180} INFO - Setting next_dagrun for dataset_with_extra_from_classic_operator to 2025-03-16 00:00:00+00:00, run_after=2025-03-17 00:00:00+00:00
[2025-03-17T06:07:06.527+0000] {processor.py:208} INFO - Processing /home/airflow/.local/lib/python3.12/site-packages/airflow/example_dags/example_outlet_event_extra.py took 1.221 seconds
