[2025-03-17T06:03:53.260+0000] {processor.py:186} INFO - Started process (PID=129) to work on /home/airflow/.local/lib/python3.12/site-packages/airflow/example_dags/example_branch_operator_decorator.py
[2025-03-17T06:03:53.262+0000] {processor.py:914} INFO - Processing file /home/airflow/.local/lib/python3.12/site-packages/airflow/example_dags/example_branch_operator_decorator.py for tasks to queue
[2025-03-17T06:03:53.268+0000] {logging_mixin.py:190} INFO - [2025-03-17T06:03:53.267+0000] {dagbag.py:588} INFO - Filling up the DagBag from /home/airflow/.local/lib/python3.12/site-packages/airflow/example_dags/example_branch_operator_decorator.py
[2025-03-17T06:03:53.332+0000] {processor.py:925} INFO - DAG(s) 'example_branch_python_operator_decorator' retrieved from /home/airflow/.local/lib/python3.12/site-packages/airflow/example_dags/example_branch_operator_decorator.py
[2025-03-17T06:03:53.585+0000] {logging_mixin.py:190} INFO - [2025-03-17T06:03:53.584+0000] {override.py:1912} INFO - Created Permission View: can edit on DAG:example_branch_python_operator_decorator
[2025-03-17T06:03:53.610+0000] {logging_mixin.py:190} INFO - [2025-03-17T06:03:53.609+0000] {override.py:1912} INFO - Created Permission View: can read on DAG:example_branch_python_operator_decorator
[2025-03-17T06:03:53.624+0000] {logging_mixin.py:190} INFO - [2025-03-17T06:03:53.624+0000] {override.py:1912} INFO - Created Permission View: can delete on DAG:example_branch_python_operator_decorator
[2025-03-17T06:03:53.640+0000] {logging_mixin.py:190} INFO - [2025-03-17T06:03:53.639+0000] {override.py:1912} INFO - Created Permission View: menu access on DAG Run:example_branch_python_operator_decorator
[2025-03-17T06:03:53.653+0000] {logging_mixin.py:190} INFO - [2025-03-17T06:03:53.652+0000] {override.py:1912} INFO - Created Permission View: can create on DAG Run:example_branch_python_operator_decorator
[2025-03-17T06:03:53.667+0000] {logging_mixin.py:190} INFO - [2025-03-17T06:03:53.666+0000] {override.py:1912} INFO - Created Permission View: can read on DAG Run:example_branch_python_operator_decorator
[2025-03-17T06:03:53.681+0000] {logging_mixin.py:190} INFO - [2025-03-17T06:03:53.680+0000] {override.py:1912} INFO - Created Permission View: can delete on DAG Run:example_branch_python_operator_decorator
[2025-03-17T06:03:53.682+0000] {logging_mixin.py:190} INFO - [2025-03-17T06:03:53.682+0000] {dag.py:3239} INFO - Sync 1 DAGs
[2025-03-17T06:03:53.714+0000] {logging_mixin.py:190} INFO - [2025-03-17T06:03:53.713+0000] {dag.py:3262} INFO - Creating ORM DAG for example_branch_python_operator_decorator
[2025-03-17T06:03:53.753+0000] {logging_mixin.py:190} INFO - [2025-03-17T06:03:53.745+0000] {dag.py:4180} INFO - Setting next_dagrun for example_branch_python_operator_decorator to 2025-03-16 00:00:00+00:00, run_after=2025-03-17 00:00:00+00:00
[2025-03-17T06:03:53.801+0000] {processor.py:208} INFO - Processing /home/airflow/.local/lib/python3.12/site-packages/airflow/example_dags/example_branch_operator_decorator.py took 0.554 seconds
[2025-03-17T06:04:23.863+0000] {processor.py:186} INFO - Started process (PID=191) to work on /home/airflow/.local/lib/python3.12/site-packages/airflow/example_dags/example_branch_operator_decorator.py
[2025-03-17T06:04:23.865+0000] {processor.py:914} INFO - Processing file /home/airflow/.local/lib/python3.12/site-packages/airflow/example_dags/example_branch_operator_decorator.py for tasks to queue
[2025-03-17T06:04:23.869+0000] {logging_mixin.py:190} INFO - [2025-03-17T06:04:23.868+0000] {dagbag.py:588} INFO - Filling up the DagBag from /home/airflow/.local/lib/python3.12/site-packages/airflow/example_dags/example_branch_operator_decorator.py
[2025-03-17T06:04:23.899+0000] {processor.py:925} INFO - DAG(s) 'example_branch_python_operator_decorator' retrieved from /home/airflow/.local/lib/python3.12/site-packages/airflow/example_dags/example_branch_operator_decorator.py
[2025-03-17T06:04:23.946+0000] {logging_mixin.py:190} INFO - [2025-03-17T06:04:23.945+0000] {dag.py:3239} INFO - Sync 1 DAGs
[2025-03-17T06:04:23.985+0000] {logging_mixin.py:190} INFO - [2025-03-17T06:04:23.985+0000] {dag.py:4180} INFO - Setting next_dagrun for example_branch_python_operator_decorator to 2025-03-16 00:00:00+00:00, run_after=2025-03-17 00:00:00+00:00
[2025-03-17T06:04:24.015+0000] {processor.py:208} INFO - Processing /home/airflow/.local/lib/python3.12/site-packages/airflow/example_dags/example_branch_operator_decorator.py took 0.160 seconds
[2025-03-17T06:05:02.221+0000] {processor.py:186} INFO - Started process (PID=255) to work on /home/airflow/.local/lib/python3.12/site-packages/airflow/example_dags/example_branch_operator_decorator.py
[2025-03-17T06:05:02.224+0000] {processor.py:914} INFO - Processing file /home/airflow/.local/lib/python3.12/site-packages/airflow/example_dags/example_branch_operator_decorator.py for tasks to queue
[2025-03-17T06:05:02.233+0000] {logging_mixin.py:190} INFO - [2025-03-17T06:05:02.230+0000] {dagbag.py:588} INFO - Filling up the DagBag from /home/airflow/.local/lib/python3.12/site-packages/airflow/example_dags/example_branch_operator_decorator.py
[2025-03-17T06:05:02.309+0000] {processor.py:925} INFO - DAG(s) 'example_branch_python_operator_decorator' retrieved from /home/airflow/.local/lib/python3.12/site-packages/airflow/example_dags/example_branch_operator_decorator.py
[2025-03-17T06:05:02.430+0000] {logging_mixin.py:190} INFO - [2025-03-17T06:05:02.429+0000] {dag.py:3239} INFO - Sync 1 DAGs
[2025-03-17T06:05:02.508+0000] {logging_mixin.py:190} INFO - [2025-03-17T06:05:02.508+0000] {dag.py:4180} INFO - Setting next_dagrun for example_branch_python_operator_decorator to 2025-03-16 00:00:00+00:00, run_after=2025-03-17 00:00:00+00:00
[2025-03-17T06:05:02.572+0000] {processor.py:208} INFO - Processing /home/airflow/.local/lib/python3.12/site-packages/airflow/example_dags/example_branch_operator_decorator.py took 0.369 seconds
[2025-03-17T06:05:38.711+0000] {processor.py:186} INFO - Started process (PID=319) to work on /home/airflow/.local/lib/python3.12/site-packages/airflow/example_dags/example_branch_operator_decorator.py
[2025-03-17T06:05:38.714+0000] {processor.py:914} INFO - Processing file /home/airflow/.local/lib/python3.12/site-packages/airflow/example_dags/example_branch_operator_decorator.py for tasks to queue
[2025-03-17T06:05:38.725+0000] {logging_mixin.py:190} INFO - [2025-03-17T06:05:38.724+0000] {dagbag.py:588} INFO - Filling up the DagBag from /home/airflow/.local/lib/python3.12/site-packages/airflow/example_dags/example_branch_operator_decorator.py
[2025-03-17T06:05:38.794+0000] {processor.py:925} INFO - DAG(s) 'example_branch_python_operator_decorator' retrieved from /home/airflow/.local/lib/python3.12/site-packages/airflow/example_dags/example_branch_operator_decorator.py
[2025-03-17T06:05:38.880+0000] {logging_mixin.py:190} INFO - [2025-03-17T06:05:38.880+0000] {dag.py:3239} INFO - Sync 1 DAGs
[2025-03-17T06:05:38.962+0000] {logging_mixin.py:190} INFO - [2025-03-17T06:05:38.962+0000] {dag.py:4180} INFO - Setting next_dagrun for example_branch_python_operator_decorator to 2025-03-16 00:00:00+00:00, run_after=2025-03-17 00:00:00+00:00
[2025-03-17T06:05:39.018+0000] {processor.py:208} INFO - Processing /home/airflow/.local/lib/python3.12/site-packages/airflow/example_dags/example_branch_operator_decorator.py took 0.330 seconds
[2025-03-17T06:06:10.946+0000] {processor.py:186} INFO - Started process (PID=388) to work on /home/airflow/.local/lib/python3.12/site-packages/airflow/example_dags/example_branch_operator_decorator.py
[2025-03-17T06:06:10.948+0000] {processor.py:914} INFO - Processing file /home/airflow/.local/lib/python3.12/site-packages/airflow/example_dags/example_branch_operator_decorator.py for tasks to queue
[2025-03-17T06:06:10.954+0000] {logging_mixin.py:190} INFO - [2025-03-17T06:06:10.953+0000] {dagbag.py:588} INFO - Filling up the DagBag from /home/airflow/.local/lib/python3.12/site-packages/airflow/example_dags/example_branch_operator_decorator.py
[2025-03-17T06:06:11.010+0000] {processor.py:925} INFO - DAG(s) 'example_branch_python_operator_decorator' retrieved from /home/airflow/.local/lib/python3.12/site-packages/airflow/example_dags/example_branch_operator_decorator.py
[2025-03-17T06:06:11.072+0000] {logging_mixin.py:190} INFO - [2025-03-17T06:06:11.071+0000] {dag.py:3239} INFO - Sync 1 DAGs
[2025-03-17T06:06:11.142+0000] {logging_mixin.py:190} INFO - [2025-03-17T06:06:11.142+0000] {dag.py:4180} INFO - Setting next_dagrun for example_branch_python_operator_decorator to 2025-03-16 00:00:00+00:00, run_after=2025-03-17 00:00:00+00:00
[2025-03-17T06:06:11.197+0000] {processor.py:208} INFO - Processing /home/airflow/.local/lib/python3.12/site-packages/airflow/example_dags/example_branch_operator_decorator.py took 0.270 seconds
[2025-03-17T06:06:45.895+0000] {processor.py:186} INFO - Started process (PID=458) to work on /home/airflow/.local/lib/python3.12/site-packages/airflow/example_dags/example_branch_operator_decorator.py
[2025-03-17T06:06:45.897+0000] {processor.py:914} INFO - Processing file /home/airflow/.local/lib/python3.12/site-packages/airflow/example_dags/example_branch_operator_decorator.py for tasks to queue
[2025-03-17T06:06:45.903+0000] {logging_mixin.py:190} INFO - [2025-03-17T06:06:45.902+0000] {dagbag.py:588} INFO - Filling up the DagBag from /home/airflow/.local/lib/python3.12/site-packages/airflow/example_dags/example_branch_operator_decorator.py
[2025-03-17T06:06:45.968+0000] {processor.py:925} INFO - DAG(s) 'example_branch_python_operator_decorator' retrieved from /home/airflow/.local/lib/python3.12/site-packages/airflow/example_dags/example_branch_operator_decorator.py
[2025-03-17T06:06:46.039+0000] {logging_mixin.py:190} INFO - [2025-03-17T06:06:46.038+0000] {dag.py:3239} INFO - Sync 1 DAGs
[2025-03-17T06:06:46.097+0000] {logging_mixin.py:190} INFO - [2025-03-17T06:06:46.097+0000] {dag.py:4180} INFO - Setting next_dagrun for example_branch_python_operator_decorator to 2025-03-16 00:00:00+00:00, run_after=2025-03-17 00:00:00+00:00
[2025-03-17T06:06:46.143+0000] {processor.py:208} INFO - Processing /home/airflow/.local/lib/python3.12/site-packages/airflow/example_dags/example_branch_operator_decorator.py took 0.263 seconds
