[2025-03-17T06:03:39.962+0000] {processor.py:186} INFO - Started process (PID=103) to work on /home/airflow/.local/lib/python3.12/site-packages/airflow/example_dags/example_sla_dag.py
[2025-03-17T06:03:39.966+0000] {processor.py:914} INFO - Processing file /home/airflow/.local/lib/python3.12/site-packages/airflow/example_dags/example_sla_dag.py for tasks to queue
[2025-03-17T06:03:39.975+0000] {logging_mixin.py:190} INFO - [2025-03-17T06:03:39.973+0000] {dagbag.py:588} INFO - Filling up the DagBag from /home/airflow/.local/lib/python3.12/site-packages/airflow/example_dags/example_sla_dag.py
[2025-03-17T06:03:40.012+0000] {processor.py:925} INFO - DAG(s) 'example_sla_dag' retrieved from /home/airflow/.local/lib/python3.12/site-packages/airflow/example_dags/example_sla_dag.py
[2025-03-17T06:03:40.421+0000] {logging_mixin.py:190} INFO - [2025-03-17T06:03:40.419+0000] {override.py:1912} INFO - Created Permission View: can edit on DAG:example_sla_dag
[2025-03-17T06:03:40.453+0000] {logging_mixin.py:190} INFO - [2025-03-17T06:03:40.452+0000] {override.py:1912} INFO - Created Permission View: can read on DAG:example_sla_dag
[2025-03-17T06:03:40.474+0000] {logging_mixin.py:190} INFO - [2025-03-17T06:03:40.474+0000] {override.py:1912} INFO - Created Permission View: can delete on DAG:example_sla_dag
[2025-03-17T06:03:40.496+0000] {logging_mixin.py:190} INFO - [2025-03-17T06:03:40.495+0000] {override.py:1912} INFO - Created Permission View: menu access on DAG Run:example_sla_dag
[2025-03-17T06:03:40.512+0000] {logging_mixin.py:190} INFO - [2025-03-17T06:03:40.511+0000] {override.py:1912} INFO - Created Permission View: can create on DAG Run:example_sla_dag
[2025-03-17T06:03:40.528+0000] {logging_mixin.py:190} INFO - [2025-03-17T06:03:40.527+0000] {override.py:1912} INFO - Created Permission View: can read on DAG Run:example_sla_dag
[2025-03-17T06:03:40.543+0000] {logging_mixin.py:190} INFO - [2025-03-17T06:03:40.543+0000] {override.py:1912} INFO - Created Permission View: can delete on DAG Run:example_sla_dag
[2025-03-17T06:03:40.545+0000] {logging_mixin.py:190} INFO - [2025-03-17T06:03:40.544+0000] {dag.py:3239} INFO - Sync 1 DAGs
[2025-03-17T06:03:40.583+0000] {logging_mixin.py:190} INFO - [2025-03-17T06:03:40.583+0000] {dag.py:3262} INFO - Creating ORM DAG for example_sla_dag
[2025-03-17T06:03:40.621+0000] {logging_mixin.py:190} INFO - [2025-03-17T06:03:40.621+0000] {dag.py:4180} INFO - Setting next_dagrun for example_sla_dag to 2025-03-17 06:00:00+00:00, run_after=2025-03-17 06:02:00+00:00
[2025-03-17T06:03:40.659+0000] {processor.py:208} INFO - Processing /home/airflow/.local/lib/python3.12/site-packages/airflow/example_dags/example_sla_dag.py took 0.718 seconds
[2025-03-17T06:04:11.965+0000] {processor.py:186} INFO - Started process (PID=166) to work on /home/airflow/.local/lib/python3.12/site-packages/airflow/example_dags/example_sla_dag.py
[2025-03-17T06:04:11.968+0000] {processor.py:914} INFO - Processing file /home/airflow/.local/lib/python3.12/site-packages/airflow/example_dags/example_sla_dag.py for tasks to queue
[2025-03-17T06:04:11.978+0000] {logging_mixin.py:190} INFO - [2025-03-17T06:04:11.977+0000] {dagbag.py:588} INFO - Filling up the DagBag from /home/airflow/.local/lib/python3.12/site-packages/airflow/example_dags/example_sla_dag.py
[2025-03-17T06:04:12.019+0000] {processor.py:925} INFO - DAG(s) 'example_sla_dag' retrieved from /home/airflow/.local/lib/python3.12/site-packages/airflow/example_dags/example_sla_dag.py
[2025-03-17T06:04:12.082+0000] {logging_mixin.py:190} INFO - [2025-03-17T06:04:12.082+0000] {dag.py:3239} INFO - Sync 1 DAGs
[2025-03-17T06:04:12.222+0000] {logging_mixin.py:190} INFO - [2025-03-17T06:04:12.222+0000] {dag.py:4180} INFO - Setting next_dagrun for example_sla_dag to 2025-03-17 06:02:00+00:00, run_after=2025-03-17 06:04:00+00:00
[2025-03-17T06:04:12.332+0000] {processor.py:208} INFO - Processing /home/airflow/.local/lib/python3.12/site-packages/airflow/example_dags/example_sla_dag.py took 0.392 seconds
[2025-03-17T06:04:54.424+0000] {processor.py:186} INFO - Started process (PID=229) to work on /home/airflow/.local/lib/python3.12/site-packages/airflow/example_dags/example_sla_dag.py
[2025-03-17T06:04:54.426+0000] {processor.py:914} INFO - Processing file /home/airflow/.local/lib/python3.12/site-packages/airflow/example_dags/example_sla_dag.py for tasks to queue
[2025-03-17T06:04:54.432+0000] {logging_mixin.py:190} INFO - [2025-03-17T06:04:54.431+0000] {dagbag.py:588} INFO - Filling up the DagBag from /home/airflow/.local/lib/python3.12/site-packages/airflow/example_dags/example_sla_dag.py
[2025-03-17T06:04:54.475+0000] {processor.py:925} INFO - DAG(s) 'example_sla_dag' retrieved from /home/airflow/.local/lib/python3.12/site-packages/airflow/example_dags/example_sla_dag.py
[2025-03-17T06:04:54.538+0000] {logging_mixin.py:190} INFO - [2025-03-17T06:04:54.537+0000] {dag.py:3239} INFO - Sync 1 DAGs
[2025-03-17T06:04:54.605+0000] {logging_mixin.py:190} INFO - [2025-03-17T06:04:54.605+0000] {dag.py:4180} INFO - Setting next_dagrun for example_sla_dag to 2025-03-17 06:02:00+00:00, run_after=2025-03-17 06:04:00+00:00
[2025-03-17T06:04:54.658+0000] {processor.py:208} INFO - Processing /home/airflow/.local/lib/python3.12/site-packages/airflow/example_dags/example_sla_dag.py took 0.253 seconds
[2025-03-17T06:05:29.564+0000] {processor.py:186} INFO - Started process (PID=292) to work on /home/airflow/.local/lib/python3.12/site-packages/airflow/example_dags/example_sla_dag.py
[2025-03-17T06:05:29.567+0000] {processor.py:914} INFO - Processing file /home/airflow/.local/lib/python3.12/site-packages/airflow/example_dags/example_sla_dag.py for tasks to queue
[2025-03-17T06:05:29.582+0000] {logging_mixin.py:190} INFO - [2025-03-17T06:05:29.581+0000] {dagbag.py:588} INFO - Filling up the DagBag from /home/airflow/.local/lib/python3.12/site-packages/airflow/example_dags/example_sla_dag.py
[2025-03-17T06:05:29.620+0000] {processor.py:925} INFO - DAG(s) 'example_sla_dag' retrieved from /home/airflow/.local/lib/python3.12/site-packages/airflow/example_dags/example_sla_dag.py
[2025-03-17T06:05:29.682+0000] {logging_mixin.py:190} INFO - [2025-03-17T06:05:29.682+0000] {dag.py:3239} INFO - Sync 1 DAGs
[2025-03-17T06:05:29.766+0000] {logging_mixin.py:190} INFO - [2025-03-17T06:05:29.765+0000] {dag.py:4180} INFO - Setting next_dagrun for example_sla_dag to 2025-03-17 06:02:00+00:00, run_after=2025-03-17 06:04:00+00:00
[2025-03-17T06:05:29.815+0000] {processor.py:208} INFO - Processing /home/airflow/.local/lib/python3.12/site-packages/airflow/example_dags/example_sla_dag.py took 0.271 seconds
[2025-03-17T06:06:03.451+0000] {processor.py:186} INFO - Started process (PID=355) to work on /home/airflow/.local/lib/python3.12/site-packages/airflow/example_dags/example_sla_dag.py
[2025-03-17T06:06:03.459+0000] {processor.py:914} INFO - Processing file /home/airflow/.local/lib/python3.12/site-packages/airflow/example_dags/example_sla_dag.py for tasks to queue
[2025-03-17T06:06:03.483+0000] {logging_mixin.py:190} INFO - [2025-03-17T06:06:03.471+0000] {dagbag.py:588} INFO - Filling up the DagBag from /home/airflow/.local/lib/python3.12/site-packages/airflow/example_dags/example_sla_dag.py
[2025-03-17T06:06:03.562+0000] {processor.py:925} INFO - DAG(s) 'example_sla_dag' retrieved from /home/airflow/.local/lib/python3.12/site-packages/airflow/example_dags/example_sla_dag.py
[2025-03-17T06:06:03.624+0000] {logging_mixin.py:190} INFO - [2025-03-17T06:06:03.623+0000] {dag.py:3239} INFO - Sync 1 DAGs
[2025-03-17T06:06:03.745+0000] {logging_mixin.py:190} INFO - [2025-03-17T06:06:03.745+0000] {dag.py:4180} INFO - Setting next_dagrun for example_sla_dag to 2025-03-17 06:04:00+00:00, run_after=2025-03-17 06:06:00+00:00
[2025-03-17T06:06:03.832+0000] {processor.py:208} INFO - Processing /home/airflow/.local/lib/python3.12/site-packages/airflow/example_dags/example_sla_dag.py took 0.410 seconds
[2025-03-17T06:06:35.316+0000] {processor.py:186} INFO - Started process (PID=418) to work on /home/airflow/.local/lib/python3.12/site-packages/airflow/example_dags/example_sla_dag.py
[2025-03-17T06:06:35.318+0000] {processor.py:914} INFO - Processing file /home/airflow/.local/lib/python3.12/site-packages/airflow/example_dags/example_sla_dag.py for tasks to queue
[2025-03-17T06:06:35.323+0000] {logging_mixin.py:190} INFO - [2025-03-17T06:06:35.322+0000] {dagbag.py:588} INFO - Filling up the DagBag from /home/airflow/.local/lib/python3.12/site-packages/airflow/example_dags/example_sla_dag.py
[2025-03-17T06:06:35.343+0000] {processor.py:925} INFO - DAG(s) 'example_sla_dag' retrieved from /home/airflow/.local/lib/python3.12/site-packages/airflow/example_dags/example_sla_dag.py
[2025-03-17T06:06:35.376+0000] {logging_mixin.py:190} INFO - [2025-03-17T06:06:35.376+0000] {dag.py:3239} INFO - Sync 1 DAGs
[2025-03-17T06:06:35.425+0000] {logging_mixin.py:190} INFO - [2025-03-17T06:06:35.424+0000] {dag.py:4180} INFO - Setting next_dagrun for example_sla_dag to 2025-03-17 06:04:00+00:00, run_after=2025-03-17 06:06:00+00:00
[2025-03-17T06:06:35.456+0000] {processor.py:208} INFO - Processing /home/airflow/.local/lib/python3.12/site-packages/airflow/example_dags/example_sla_dag.py took 0.152 seconds
[2025-03-17T06:07:06.790+0000] {processor.py:186} INFO - Started process (PID=481) to work on /home/airflow/.local/lib/python3.12/site-packages/airflow/example_dags/example_sla_dag.py
[2025-03-17T06:07:06.792+0000] {processor.py:914} INFO - Processing file /home/airflow/.local/lib/python3.12/site-packages/airflow/example_dags/example_sla_dag.py for tasks to queue
[2025-03-17T06:07:06.798+0000] {logging_mixin.py:190} INFO - [2025-03-17T06:07:06.797+0000] {dagbag.py:588} INFO - Filling up the DagBag from /home/airflow/.local/lib/python3.12/site-packages/airflow/example_dags/example_sla_dag.py
[2025-03-17T06:07:06.818+0000] {processor.py:925} INFO - DAG(s) 'example_sla_dag' retrieved from /home/airflow/.local/lib/python3.12/site-packages/airflow/example_dags/example_sla_dag.py
[2025-03-17T06:07:06.852+0000] {logging_mixin.py:190} INFO - [2025-03-17T06:07:06.852+0000] {dag.py:3239} INFO - Sync 1 DAGs
[2025-03-17T06:07:06.909+0000] {logging_mixin.py:190} INFO - [2025-03-17T06:07:06.909+0000] {dag.py:4180} INFO - Setting next_dagrun for example_sla_dag to 2025-03-17 06:04:00+00:00, run_after=2025-03-17 06:06:00+00:00
[2025-03-17T06:07:06.942+0000] {processor.py:208} INFO - Processing /home/airflow/.local/lib/python3.12/site-packages/airflow/example_dags/example_sla_dag.py took 0.164 seconds
