[2025-03-17T06:03:15.806+0000] {processor.py:186} INFO - Started process (PID=90) to work on /home/airflow/.local/lib/python3.12/site-packages/airflow/example_dags/example_local_kubernetes_executor.py
[2025-03-17T06:03:15.813+0000] {processor.py:914} INFO - Processing file /home/airflow/.local/lib/python3.12/site-packages/airflow/example_dags/example_local_kubernetes_executor.py for tasks to queue
[2025-03-17T06:03:15.834+0000] {logging_mixin.py:190} INFO - [2025-03-17T06:03:15.833+0000] {dagbag.py:588} INFO - Filling up the DagBag from /home/airflow/.local/lib/python3.12/site-packages/airflow/example_dags/example_local_kubernetes_executor.py
[2025-03-17T06:03:15.977+0000] {processor.py:925} INFO - DAG(s) 'example_local_kubernetes_executor' retrieved from /home/airflow/.local/lib/python3.12/site-packages/airflow/example_dags/example_local_kubernetes_executor.py
[2025-03-17T06:03:17.142+0000] {logging_mixin.py:190} INFO - [2025-03-17T06:03:17.140+0000] {override.py:1912} INFO - Created Permission View: can edit on DAG:example_local_kubernetes_executor
[2025-03-17T06:03:17.239+0000] {logging_mixin.py:190} INFO - [2025-03-17T06:03:17.238+0000] {override.py:1912} INFO - Created Permission View: can read on DAG:example_local_kubernetes_executor
[2025-03-17T06:03:17.288+0000] {logging_mixin.py:190} INFO - [2025-03-17T06:03:17.287+0000] {override.py:1912} INFO - Created Permission View: can delete on DAG:example_local_kubernetes_executor
[2025-03-17T06:03:17.324+0000] {logging_mixin.py:190} INFO - [2025-03-17T06:03:17.324+0000] {override.py:1912} INFO - Created Permission View: menu access on DAG Run:example_local_kubernetes_executor
[2025-03-17T06:03:17.344+0000] {logging_mixin.py:190} INFO - [2025-03-17T06:03:17.343+0000] {override.py:1912} INFO - Created Permission View: can create on DAG Run:example_local_kubernetes_executor
[2025-03-17T06:03:17.362+0000] {logging_mixin.py:190} INFO - [2025-03-17T06:03:17.361+0000] {override.py:1912} INFO - Created Permission View: can read on DAG Run:example_local_kubernetes_executor
[2025-03-17T06:03:17.381+0000] {logging_mixin.py:190} INFO - [2025-03-17T06:03:17.380+0000] {override.py:1912} INFO - Created Permission View: can delete on DAG Run:example_local_kubernetes_executor
[2025-03-17T06:03:17.384+0000] {logging_mixin.py:190} INFO - [2025-03-17T06:03:17.383+0000] {dag.py:3239} INFO - Sync 1 DAGs
[2025-03-17T06:03:17.591+0000] {logging_mixin.py:190} INFO - [2025-03-17T06:03:17.588+0000] {dag.py:3262} INFO - Creating ORM DAG for example_local_kubernetes_executor
[2025-03-17T06:03:17.595+0000] {logging_mixin.py:190} INFO - [2025-03-17T06:03:17.594+0000] {dag.py:4180} INFO - Setting next_dagrun for example_local_kubernetes_executor to None, run_after=None
[2025-03-17T06:03:17.735+0000] {processor.py:208} INFO - Processing /home/airflow/.local/lib/python3.12/site-packages/airflow/example_dags/example_local_kubernetes_executor.py took 1.956 seconds
[2025-03-17T06:04:03.346+0000] {processor.py:186} INFO - Started process (PID=152) to work on /home/airflow/.local/lib/python3.12/site-packages/airflow/example_dags/example_local_kubernetes_executor.py
[2025-03-17T06:04:03.350+0000] {processor.py:914} INFO - Processing file /home/airflow/.local/lib/python3.12/site-packages/airflow/example_dags/example_local_kubernetes_executor.py for tasks to queue
[2025-03-17T06:04:03.357+0000] {logging_mixin.py:190} INFO - [2025-03-17T06:04:03.356+0000] {dagbag.py:588} INFO - Filling up the DagBag from /home/airflow/.local/lib/python3.12/site-packages/airflow/example_dags/example_local_kubernetes_executor.py
[2025-03-17T06:04:03.394+0000] {processor.py:925} INFO - DAG(s) 'example_local_kubernetes_executor' retrieved from /home/airflow/.local/lib/python3.12/site-packages/airflow/example_dags/example_local_kubernetes_executor.py
[2025-03-17T06:04:03.482+0000] {logging_mixin.py:190} INFO - [2025-03-17T06:04:03.481+0000] {dag.py:3239} INFO - Sync 1 DAGs
[2025-03-17T06:04:03.540+0000] {logging_mixin.py:190} INFO - [2025-03-17T06:04:03.539+0000] {dag.py:4180} INFO - Setting next_dagrun for example_local_kubernetes_executor to None, run_after=None
[2025-03-17T06:04:03.613+0000] {processor.py:208} INFO - Processing /home/airflow/.local/lib/python3.12/site-packages/airflow/example_dags/example_local_kubernetes_executor.py took 0.290 seconds
[2025-03-17T06:04:34.803+0000] {processor.py:186} INFO - Started process (PID=215) to work on /home/airflow/.local/lib/python3.12/site-packages/airflow/example_dags/example_local_kubernetes_executor.py
[2025-03-17T06:04:34.826+0000] {processor.py:914} INFO - Processing file /home/airflow/.local/lib/python3.12/site-packages/airflow/example_dags/example_local_kubernetes_executor.py for tasks to queue
[2025-03-17T06:04:34.837+0000] {logging_mixin.py:190} INFO - [2025-03-17T06:04:34.836+0000] {dagbag.py:588} INFO - Filling up the DagBag from /home/airflow/.local/lib/python3.12/site-packages/airflow/example_dags/example_local_kubernetes_executor.py
[2025-03-17T06:04:34.922+0000] {processor.py:925} INFO - DAG(s) 'example_local_kubernetes_executor' retrieved from /home/airflow/.local/lib/python3.12/site-packages/airflow/example_dags/example_local_kubernetes_executor.py
[2025-03-17T06:04:34.987+0000] {logging_mixin.py:190} INFO - [2025-03-17T06:04:34.987+0000] {dag.py:3239} INFO - Sync 1 DAGs
[2025-03-17T06:04:35.065+0000] {logging_mixin.py:190} INFO - [2025-03-17T06:04:35.065+0000] {dag.py:4180} INFO - Setting next_dagrun for example_local_kubernetes_executor to None, run_after=None
[2025-03-17T06:04:35.158+0000] {processor.py:208} INFO - Processing /home/airflow/.local/lib/python3.12/site-packages/airflow/example_dags/example_local_kubernetes_executor.py took 0.402 seconds
[2025-03-17T06:05:06.886+0000] {processor.py:186} INFO - Started process (PID=278) to work on /home/airflow/.local/lib/python3.12/site-packages/airflow/example_dags/example_local_kubernetes_executor.py
[2025-03-17T06:05:06.888+0000] {processor.py:914} INFO - Processing file /home/airflow/.local/lib/python3.12/site-packages/airflow/example_dags/example_local_kubernetes_executor.py for tasks to queue
[2025-03-17T06:05:06.893+0000] {logging_mixin.py:190} INFO - [2025-03-17T06:05:06.892+0000] {dagbag.py:588} INFO - Filling up the DagBag from /home/airflow/.local/lib/python3.12/site-packages/airflow/example_dags/example_local_kubernetes_executor.py
[2025-03-17T06:05:06.915+0000] {processor.py:925} INFO - DAG(s) 'example_local_kubernetes_executor' retrieved from /home/airflow/.local/lib/python3.12/site-packages/airflow/example_dags/example_local_kubernetes_executor.py
[2025-03-17T06:05:06.958+0000] {logging_mixin.py:190} INFO - [2025-03-17T06:05:06.958+0000] {dag.py:3239} INFO - Sync 1 DAGs
[2025-03-17T06:05:06.989+0000] {logging_mixin.py:190} INFO - [2025-03-17T06:05:06.988+0000] {dag.py:4180} INFO - Setting next_dagrun for example_local_kubernetes_executor to None, run_after=None
[2025-03-17T06:05:07.026+0000] {processor.py:208} INFO - Processing /home/airflow/.local/lib/python3.12/site-packages/airflow/example_dags/example_local_kubernetes_executor.py took 0.154 seconds
[2025-03-17T06:05:41.221+0000] {processor.py:186} INFO - Started process (PID=334) to work on /home/airflow/.local/lib/python3.12/site-packages/airflow/example_dags/example_local_kubernetes_executor.py
[2025-03-17T06:05:41.224+0000] {processor.py:914} INFO - Processing file /home/airflow/.local/lib/python3.12/site-packages/airflow/example_dags/example_local_kubernetes_executor.py for tasks to queue
[2025-03-17T06:05:41.231+0000] {logging_mixin.py:190} INFO - [2025-03-17T06:05:41.230+0000] {dagbag.py:588} INFO - Filling up the DagBag from /home/airflow/.local/lib/python3.12/site-packages/airflow/example_dags/example_local_kubernetes_executor.py
[2025-03-17T06:05:41.262+0000] {processor.py:925} INFO - DAG(s) 'example_local_kubernetes_executor' retrieved from /home/airflow/.local/lib/python3.12/site-packages/airflow/example_dags/example_local_kubernetes_executor.py
[2025-03-17T06:05:41.323+0000] {logging_mixin.py:190} INFO - [2025-03-17T06:05:41.322+0000] {dag.py:3239} INFO - Sync 1 DAGs
[2025-03-17T06:05:41.366+0000] {logging_mixin.py:190} INFO - [2025-03-17T06:05:41.365+0000] {dag.py:4180} INFO - Setting next_dagrun for example_local_kubernetes_executor to None, run_after=None
[2025-03-17T06:05:41.420+0000] {processor.py:208} INFO - Processing /home/airflow/.local/lib/python3.12/site-packages/airflow/example_dags/example_local_kubernetes_executor.py took 0.218 seconds
[2025-03-17T06:06:12.848+0000] {processor.py:186} INFO - Started process (PID=397) to work on /home/airflow/.local/lib/python3.12/site-packages/airflow/example_dags/example_local_kubernetes_executor.py
[2025-03-17T06:06:12.851+0000] {processor.py:914} INFO - Processing file /home/airflow/.local/lib/python3.12/site-packages/airflow/example_dags/example_local_kubernetes_executor.py for tasks to queue
[2025-03-17T06:06:12.860+0000] {logging_mixin.py:190} INFO - [2025-03-17T06:06:12.857+0000] {dagbag.py:588} INFO - Filling up the DagBag from /home/airflow/.local/lib/python3.12/site-packages/airflow/example_dags/example_local_kubernetes_executor.py
[2025-03-17T06:06:12.885+0000] {processor.py:925} INFO - DAG(s) 'example_local_kubernetes_executor' retrieved from /home/airflow/.local/lib/python3.12/site-packages/airflow/example_dags/example_local_kubernetes_executor.py
[2025-03-17T06:06:12.937+0000] {logging_mixin.py:190} INFO - [2025-03-17T06:06:12.936+0000] {dag.py:3239} INFO - Sync 1 DAGs
[2025-03-17T06:06:12.971+0000] {logging_mixin.py:190} INFO - [2025-03-17T06:06:12.971+0000] {dag.py:4180} INFO - Setting next_dagrun for example_local_kubernetes_executor to None, run_after=None
[2025-03-17T06:06:13.015+0000] {processor.py:208} INFO - Processing /home/airflow/.local/lib/python3.12/site-packages/airflow/example_dags/example_local_kubernetes_executor.py took 0.187 seconds
[2025-03-17T06:06:44.186+0000] {processor.py:186} INFO - Started process (PID=452) to work on /home/airflow/.local/lib/python3.12/site-packages/airflow/example_dags/example_local_kubernetes_executor.py
[2025-03-17T06:06:44.189+0000] {processor.py:914} INFO - Processing file /home/airflow/.local/lib/python3.12/site-packages/airflow/example_dags/example_local_kubernetes_executor.py for tasks to queue
[2025-03-17T06:06:44.199+0000] {logging_mixin.py:190} INFO - [2025-03-17T06:06:44.198+0000] {dagbag.py:588} INFO - Filling up the DagBag from /home/airflow/.local/lib/python3.12/site-packages/airflow/example_dags/example_local_kubernetes_executor.py
[2025-03-17T06:06:44.230+0000] {processor.py:925} INFO - DAG(s) 'example_local_kubernetes_executor' retrieved from /home/airflow/.local/lib/python3.12/site-packages/airflow/example_dags/example_local_kubernetes_executor.py
[2025-03-17T06:06:44.294+0000] {logging_mixin.py:190} INFO - [2025-03-17T06:06:44.293+0000] {dag.py:3239} INFO - Sync 1 DAGs
[2025-03-17T06:06:44.345+0000] {logging_mixin.py:190} INFO - [2025-03-17T06:06:44.344+0000] {dag.py:4180} INFO - Setting next_dagrun for example_local_kubernetes_executor to None, run_after=None
[2025-03-17T06:06:44.395+0000] {processor.py:208} INFO - Processing /home/airflow/.local/lib/python3.12/site-packages/airflow/example_dags/example_local_kubernetes_executor.py took 0.228 seconds
