[2025-03-17T06:03:42.026+0000] {processor.py:186} INFO - Started process (PID=108) to work on /home/airflow/.local/lib/python3.12/site-packages/airflow/example_dags/example_dag_decorator.py
[2025-03-17T06:03:42.029+0000] {processor.py:914} INFO - Processing file /home/airflow/.local/lib/python3.12/site-packages/airflow/example_dags/example_dag_decorator.py for tasks to queue
[2025-03-17T06:03:42.036+0000] {logging_mixin.py:190} INFO - [2025-03-17T06:03:42.035+0000] {dagbag.py:588} INFO - Filling up the DagBag from /home/airflow/.local/lib/python3.12/site-packages/airflow/example_dags/example_dag_decorator.py
[2025-03-17T06:03:43.688+0000] {processor.py:925} INFO - DAG(s) 'example_dag_decorator' retrieved from /home/airflow/.local/lib/python3.12/site-packages/airflow/example_dags/example_dag_decorator.py
[2025-03-17T06:03:43.981+0000] {logging_mixin.py:190} INFO - [2025-03-17T06:03:43.980+0000] {override.py:1912} INFO - Created Permission View: can edit on DAG:example_dag_decorator
[2025-03-17T06:03:44.003+0000] {logging_mixin.py:190} INFO - [2025-03-17T06:03:44.002+0000] {override.py:1912} INFO - Created Permission View: can read on DAG:example_dag_decorator
[2025-03-17T06:03:44.019+0000] {logging_mixin.py:190} INFO - [2025-03-17T06:03:44.018+0000] {override.py:1912} INFO - Created Permission View: can delete on DAG:example_dag_decorator
[2025-03-17T06:03:44.035+0000] {logging_mixin.py:190} INFO - [2025-03-17T06:03:44.035+0000] {override.py:1912} INFO - Created Permission View: menu access on DAG Run:example_dag_decorator
[2025-03-17T06:03:44.053+0000] {logging_mixin.py:190} INFO - [2025-03-17T06:03:44.053+0000] {override.py:1912} INFO - Created Permission View: can create on DAG Run:example_dag_decorator
[2025-03-17T06:03:44.068+0000] {logging_mixin.py:190} INFO - [2025-03-17T06:03:44.067+0000] {override.py:1912} INFO - Created Permission View: can read on DAG Run:example_dag_decorator
[2025-03-17T06:03:44.085+0000] {logging_mixin.py:190} INFO - [2025-03-17T06:03:44.084+0000] {override.py:1912} INFO - Created Permission View: can delete on DAG Run:example_dag_decorator
[2025-03-17T06:03:44.086+0000] {logging_mixin.py:190} INFO - [2025-03-17T06:03:44.086+0000] {dag.py:3239} INFO - Sync 1 DAGs
[2025-03-17T06:03:44.117+0000] {logging_mixin.py:190} INFO - [2025-03-17T06:03:44.117+0000] {dag.py:3262} INFO - Creating ORM DAG for example_dag_decorator
[2025-03-17T06:03:44.120+0000] {logging_mixin.py:190} INFO - [2025-03-17T06:03:44.119+0000] {dag.py:4180} INFO - Setting next_dagrun for example_dag_decorator to None, run_after=None
[2025-03-17T06:03:44.158+0000] {processor.py:208} INFO - Processing /home/airflow/.local/lib/python3.12/site-packages/airflow/example_dags/example_dag_decorator.py took 2.155 seconds
[2025-03-17T06:04:14.348+0000] {processor.py:186} INFO - Started process (PID=172) to work on /home/airflow/.local/lib/python3.12/site-packages/airflow/example_dags/example_dag_decorator.py
[2025-03-17T06:04:14.351+0000] {processor.py:914} INFO - Processing file /home/airflow/.local/lib/python3.12/site-packages/airflow/example_dags/example_dag_decorator.py for tasks to queue
[2025-03-17T06:04:14.359+0000] {logging_mixin.py:190} INFO - [2025-03-17T06:04:14.358+0000] {dagbag.py:588} INFO - Filling up the DagBag from /home/airflow/.local/lib/python3.12/site-packages/airflow/example_dags/example_dag_decorator.py
[2025-03-17T06:04:14.675+0000] {processor.py:925} INFO - DAG(s) 'example_dag_decorator' retrieved from /home/airflow/.local/lib/python3.12/site-packages/airflow/example_dags/example_dag_decorator.py
[2025-03-17T06:04:14.972+0000] {logging_mixin.py:190} INFO - [2025-03-17T06:04:14.971+0000] {dag.py:3239} INFO - Sync 1 DAGs
[2025-03-17T06:04:15.020+0000] {logging_mixin.py:190} INFO - [2025-03-17T06:04:15.020+0000] {dag.py:4180} INFO - Setting next_dagrun for example_dag_decorator to None, run_after=None
[2025-03-17T06:04:15.064+0000] {processor.py:208} INFO - Processing /home/airflow/.local/lib/python3.12/site-packages/airflow/example_dags/example_dag_decorator.py took 0.733 seconds
[2025-03-17T06:04:55.378+0000] {processor.py:186} INFO - Started process (PID=234) to work on /home/airflow/.local/lib/python3.12/site-packages/airflow/example_dags/example_dag_decorator.py
[2025-03-17T06:04:55.382+0000] {processor.py:914} INFO - Processing file /home/airflow/.local/lib/python3.12/site-packages/airflow/example_dags/example_dag_decorator.py for tasks to queue
[2025-03-17T06:04:55.389+0000] {logging_mixin.py:190} INFO - [2025-03-17T06:04:55.388+0000] {dagbag.py:588} INFO - Filling up the DagBag from /home/airflow/.local/lib/python3.12/site-packages/airflow/example_dags/example_dag_decorator.py
[2025-03-17T06:04:55.695+0000] {processor.py:925} INFO - DAG(s) 'example_dag_decorator' retrieved from /home/airflow/.local/lib/python3.12/site-packages/airflow/example_dags/example_dag_decorator.py
[2025-03-17T06:04:56.033+0000] {logging_mixin.py:190} INFO - [2025-03-17T06:04:56.032+0000] {dag.py:3239} INFO - Sync 1 DAGs
[2025-03-17T06:04:56.072+0000] {logging_mixin.py:190} INFO - [2025-03-17T06:04:56.072+0000] {dag.py:4180} INFO - Setting next_dagrun for example_dag_decorator to None, run_after=None
[2025-03-17T06:04:56.123+0000] {processor.py:208} INFO - Processing /home/airflow/.local/lib/python3.12/site-packages/airflow/example_dags/example_dag_decorator.py took 0.766 seconds
[2025-03-17T06:05:31.056+0000] {processor.py:186} INFO - Started process (PID=297) to work on /home/airflow/.local/lib/python3.12/site-packages/airflow/example_dags/example_dag_decorator.py
[2025-03-17T06:05:31.063+0000] {processor.py:914} INFO - Processing file /home/airflow/.local/lib/python3.12/site-packages/airflow/example_dags/example_dag_decorator.py for tasks to queue
[2025-03-17T06:05:31.071+0000] {logging_mixin.py:190} INFO - [2025-03-17T06:05:31.070+0000] {dagbag.py:588} INFO - Filling up the DagBag from /home/airflow/.local/lib/python3.12/site-packages/airflow/example_dags/example_dag_decorator.py
[2025-03-17T06:05:31.513+0000] {processor.py:925} INFO - DAG(s) 'example_dag_decorator' retrieved from /home/airflow/.local/lib/python3.12/site-packages/airflow/example_dags/example_dag_decorator.py
[2025-03-17T06:05:32.153+0000] {logging_mixin.py:190} INFO - [2025-03-17T06:05:32.153+0000] {dag.py:3239} INFO - Sync 1 DAGs
[2025-03-17T06:05:32.216+0000] {logging_mixin.py:190} INFO - [2025-03-17T06:05:32.215+0000] {dag.py:4180} INFO - Setting next_dagrun for example_dag_decorator to None, run_after=None
[2025-03-17T06:05:32.313+0000] {processor.py:208} INFO - Processing /home/airflow/.local/lib/python3.12/site-packages/airflow/example_dags/example_dag_decorator.py took 1.278 seconds
[2025-03-17T06:06:04.577+0000] {processor.py:186} INFO - Started process (PID=360) to work on /home/airflow/.local/lib/python3.12/site-packages/airflow/example_dags/example_dag_decorator.py
[2025-03-17T06:06:04.580+0000] {processor.py:914} INFO - Processing file /home/airflow/.local/lib/python3.12/site-packages/airflow/example_dags/example_dag_decorator.py for tasks to queue
[2025-03-17T06:06:04.594+0000] {logging_mixin.py:190} INFO - [2025-03-17T06:06:04.593+0000] {dagbag.py:588} INFO - Filling up the DagBag from /home/airflow/.local/lib/python3.12/site-packages/airflow/example_dags/example_dag_decorator.py
[2025-03-17T06:06:05.041+0000] {processor.py:925} INFO - DAG(s) 'example_dag_decorator' retrieved from /home/airflow/.local/lib/python3.12/site-packages/airflow/example_dags/example_dag_decorator.py
[2025-03-17T06:06:05.516+0000] {logging_mixin.py:190} INFO - [2025-03-17T06:06:05.515+0000] {dag.py:3239} INFO - Sync 1 DAGs
[2025-03-17T06:06:05.565+0000] {logging_mixin.py:190} INFO - [2025-03-17T06:06:05.565+0000] {dag.py:4180} INFO - Setting next_dagrun for example_dag_decorator to None, run_after=None
[2025-03-17T06:06:05.656+0000] {processor.py:208} INFO - Processing /home/airflow/.local/lib/python3.12/site-packages/airflow/example_dags/example_dag_decorator.py took 1.100 seconds
[2025-03-17T06:06:36.108+0000] {processor.py:186} INFO - Started process (PID=424) to work on /home/airflow/.local/lib/python3.12/site-packages/airflow/example_dags/example_dag_decorator.py
[2025-03-17T06:06:36.110+0000] {processor.py:914} INFO - Processing file /home/airflow/.local/lib/python3.12/site-packages/airflow/example_dags/example_dag_decorator.py for tasks to queue
[2025-03-17T06:06:36.116+0000] {logging_mixin.py:190} INFO - [2025-03-17T06:06:36.115+0000] {dagbag.py:588} INFO - Filling up the DagBag from /home/airflow/.local/lib/python3.12/site-packages/airflow/example_dags/example_dag_decorator.py
[2025-03-17T06:06:36.364+0000] {processor.py:925} INFO - DAG(s) 'example_dag_decorator' retrieved from /home/airflow/.local/lib/python3.12/site-packages/airflow/example_dags/example_dag_decorator.py
[2025-03-17T06:06:36.668+0000] {logging_mixin.py:190} INFO - [2025-03-17T06:06:36.667+0000] {dag.py:3239} INFO - Sync 1 DAGs
[2025-03-17T06:06:36.709+0000] {logging_mixin.py:190} INFO - [2025-03-17T06:06:36.709+0000] {dag.py:4180} INFO - Setting next_dagrun for example_dag_decorator to None, run_after=None
[2025-03-17T06:06:36.761+0000] {processor.py:208} INFO - Processing /home/airflow/.local/lib/python3.12/site-packages/airflow/example_dags/example_dag_decorator.py took 0.664 seconds
[2025-03-17T06:07:07.714+0000] {processor.py:186} INFO - Started process (PID=490) to work on /home/airflow/.local/lib/python3.12/site-packages/airflow/example_dags/example_dag_decorator.py
[2025-03-17T06:07:07.716+0000] {processor.py:914} INFO - Processing file /home/airflow/.local/lib/python3.12/site-packages/airflow/example_dags/example_dag_decorator.py for tasks to queue
[2025-03-17T06:07:07.721+0000] {logging_mixin.py:190} INFO - [2025-03-17T06:07:07.720+0000] {dagbag.py:588} INFO - Filling up the DagBag from /home/airflow/.local/lib/python3.12/site-packages/airflow/example_dags/example_dag_decorator.py
[2025-03-17T06:07:07.951+0000] {processor.py:925} INFO - DAG(s) 'example_dag_decorator' retrieved from /home/airflow/.local/lib/python3.12/site-packages/airflow/example_dags/example_dag_decorator.py
[2025-03-17T06:07:08.201+0000] {logging_mixin.py:190} INFO - [2025-03-17T06:07:08.200+0000] {dag.py:3239} INFO - Sync 1 DAGs
[2025-03-17T06:07:08.226+0000] {logging_mixin.py:190} INFO - [2025-03-17T06:07:08.225+0000] {dag.py:4180} INFO - Setting next_dagrun for example_dag_decorator to None, run_after=None
[2025-03-17T06:07:08.262+0000] {processor.py:208} INFO - Processing /home/airflow/.local/lib/python3.12/site-packages/airflow/example_dags/example_dag_decorator.py took 0.558 seconds
