[2025-03-17T06:03:54.305+0000] {processor.py:186} INFO - Started process (PID=131) to work on /home/airflow/.local/lib/python3.12/site-packages/airflow/example_dags/example_latest_only_with_trigger.py
[2025-03-17T06:03:54.310+0000] {processor.py:914} INFO - Processing file /home/airflow/.local/lib/python3.12/site-packages/airflow/example_dags/example_latest_only_with_trigger.py for tasks to queue
[2025-03-17T06:03:54.321+0000] {logging_mixin.py:190} INFO - [2025-03-17T06:03:54.320+0000] {dagbag.py:588} INFO - Filling up the DagBag from /home/airflow/.local/lib/python3.12/site-packages/airflow/example_dags/example_latest_only_with_trigger.py
[2025-03-17T06:03:54.350+0000] {processor.py:925} INFO - DAG(s) 'latest_only_with_trigger' retrieved from /home/airflow/.local/lib/python3.12/site-packages/airflow/example_dags/example_latest_only_with_trigger.py
[2025-03-17T06:03:54.736+0000] {logging_mixin.py:190} INFO - [2025-03-17T06:03:54.735+0000] {override.py:1912} INFO - Created Permission View: can edit on DAG:latest_only_with_trigger
[2025-03-17T06:03:54.762+0000] {logging_mixin.py:190} INFO - [2025-03-17T06:03:54.761+0000] {override.py:1912} INFO - Created Permission View: can read on DAG:latest_only_with_trigger
[2025-03-17T06:03:54.785+0000] {logging_mixin.py:190} INFO - [2025-03-17T06:03:54.784+0000] {override.py:1912} INFO - Created Permission View: can delete on DAG:latest_only_with_trigger
[2025-03-17T06:03:54.805+0000] {logging_mixin.py:190} INFO - [2025-03-17T06:03:54.805+0000] {override.py:1912} INFO - Created Permission View: menu access on DAG Run:latest_only_with_trigger
[2025-03-17T06:03:54.827+0000] {logging_mixin.py:190} INFO - [2025-03-17T06:03:54.826+0000] {override.py:1912} INFO - Created Permission View: can create on DAG Run:latest_only_with_trigger
[2025-03-17T06:03:54.849+0000] {logging_mixin.py:190} INFO - [2025-03-17T06:03:54.849+0000] {override.py:1912} INFO - Created Permission View: can read on DAG Run:latest_only_with_trigger
[2025-03-17T06:03:54.869+0000] {logging_mixin.py:190} INFO - [2025-03-17T06:03:54.868+0000] {override.py:1912} INFO - Created Permission View: can delete on DAG Run:latest_only_with_trigger
[2025-03-17T06:03:54.871+0000] {logging_mixin.py:190} INFO - [2025-03-17T06:03:54.871+0000] {dag.py:3239} INFO - Sync 1 DAGs
[2025-03-17T06:03:54.905+0000] {logging_mixin.py:190} INFO - [2025-03-17T06:03:54.904+0000] {dag.py:3262} INFO - Creating ORM DAG for latest_only_with_trigger
[2025-03-17T06:03:54.935+0000] {logging_mixin.py:190} INFO - [2025-03-17T06:03:54.934+0000] {dag.py:4180} INFO - Setting next_dagrun for latest_only_with_trigger to 2025-03-17 00:00:00+00:00, run_after=2025-03-17 04:00:00+00:00
[2025-03-17T06:03:54.988+0000] {processor.py:208} INFO - Processing /home/airflow/.local/lib/python3.12/site-packages/airflow/example_dags/example_latest_only_with_trigger.py took 0.707 seconds
[2025-03-17T06:04:25.180+0000] {processor.py:186} INFO - Started process (PID=194) to work on /home/airflow/.local/lib/python3.12/site-packages/airflow/example_dags/example_latest_only_with_trigger.py
[2025-03-17T06:04:25.182+0000] {processor.py:914} INFO - Processing file /home/airflow/.local/lib/python3.12/site-packages/airflow/example_dags/example_latest_only_with_trigger.py for tasks to queue
[2025-03-17T06:04:25.185+0000] {logging_mixin.py:190} INFO - [2025-03-17T06:04:25.185+0000] {dagbag.py:588} INFO - Filling up the DagBag from /home/airflow/.local/lib/python3.12/site-packages/airflow/example_dags/example_latest_only_with_trigger.py
[2025-03-17T06:04:25.201+0000] {processor.py:925} INFO - DAG(s) 'latest_only_with_trigger' retrieved from /home/airflow/.local/lib/python3.12/site-packages/airflow/example_dags/example_latest_only_with_trigger.py
[2025-03-17T06:04:25.233+0000] {logging_mixin.py:190} INFO - [2025-03-17T06:04:25.232+0000] {dag.py:3239} INFO - Sync 1 DAGs
[2025-03-17T06:04:25.277+0000] {logging_mixin.py:190} INFO - [2025-03-17T06:04:25.276+0000] {dag.py:4180} INFO - Setting next_dagrun for latest_only_with_trigger to 2025-03-17 00:00:00+00:00, run_after=2025-03-17 04:00:00+00:00
[2025-03-17T06:04:25.310+0000] {processor.py:208} INFO - Processing /home/airflow/.local/lib/python3.12/site-packages/airflow/example_dags/example_latest_only_with_trigger.py took 0.139 seconds
[2025-03-17T06:05:02.893+0000] {processor.py:186} INFO - Started process (PID=257) to work on /home/airflow/.local/lib/python3.12/site-packages/airflow/example_dags/example_latest_only_with_trigger.py
[2025-03-17T06:05:02.896+0000] {processor.py:914} INFO - Processing file /home/airflow/.local/lib/python3.12/site-packages/airflow/example_dags/example_latest_only_with_trigger.py for tasks to queue
[2025-03-17T06:05:02.902+0000] {logging_mixin.py:190} INFO - [2025-03-17T06:05:02.901+0000] {dagbag.py:588} INFO - Filling up the DagBag from /home/airflow/.local/lib/python3.12/site-packages/airflow/example_dags/example_latest_only_with_trigger.py
[2025-03-17T06:05:02.931+0000] {processor.py:925} INFO - DAG(s) 'latest_only_with_trigger' retrieved from /home/airflow/.local/lib/python3.12/site-packages/airflow/example_dags/example_latest_only_with_trigger.py
[2025-03-17T06:05:03.001+0000] {logging_mixin.py:190} INFO - [2025-03-17T06:05:03.000+0000] {dag.py:3239} INFO - Sync 1 DAGs
[2025-03-17T06:05:03.083+0000] {logging_mixin.py:190} INFO - [2025-03-17T06:05:03.081+0000] {dag.py:4180} INFO - Setting next_dagrun for latest_only_with_trigger to 2025-03-17 00:00:00+00:00, run_after=2025-03-17 04:00:00+00:00
[2025-03-17T06:05:03.127+0000] {processor.py:208} INFO - Processing /home/airflow/.local/lib/python3.12/site-packages/airflow/example_dags/example_latest_only_with_trigger.py took 0.259 seconds
[2025-03-17T06:05:39.561+0000] {processor.py:186} INFO - Started process (PID=327) to work on /home/airflow/.local/lib/python3.12/site-packages/airflow/example_dags/example_latest_only_with_trigger.py
[2025-03-17T06:05:39.563+0000] {processor.py:914} INFO - Processing file /home/airflow/.local/lib/python3.12/site-packages/airflow/example_dags/example_latest_only_with_trigger.py for tasks to queue
[2025-03-17T06:05:39.574+0000] {logging_mixin.py:190} INFO - [2025-03-17T06:05:39.571+0000] {dagbag.py:588} INFO - Filling up the DagBag from /home/airflow/.local/lib/python3.12/site-packages/airflow/example_dags/example_latest_only_with_trigger.py
[2025-03-17T06:05:39.598+0000] {processor.py:925} INFO - DAG(s) 'latest_only_with_trigger' retrieved from /home/airflow/.local/lib/python3.12/site-packages/airflow/example_dags/example_latest_only_with_trigger.py
[2025-03-17T06:05:39.645+0000] {logging_mixin.py:190} INFO - [2025-03-17T06:05:39.645+0000] {dag.py:3239} INFO - Sync 1 DAGs
[2025-03-17T06:05:39.710+0000] {logging_mixin.py:190} INFO - [2025-03-17T06:05:39.710+0000] {dag.py:4180} INFO - Setting next_dagrun for latest_only_with_trigger to 2025-03-17 00:00:00+00:00, run_after=2025-03-17 04:00:00+00:00
[2025-03-17T06:05:39.756+0000] {processor.py:208} INFO - Processing /home/airflow/.local/lib/python3.12/site-packages/airflow/example_dags/example_latest_only_with_trigger.py took 0.211 seconds
[2025-03-17T06:06:11.545+0000] {processor.py:186} INFO - Started process (PID=390) to work on /home/airflow/.local/lib/python3.12/site-packages/airflow/example_dags/example_latest_only_with_trigger.py
[2025-03-17T06:06:11.547+0000] {processor.py:914} INFO - Processing file /home/airflow/.local/lib/python3.12/site-packages/airflow/example_dags/example_latest_only_with_trigger.py for tasks to queue
[2025-03-17T06:06:11.553+0000] {logging_mixin.py:190} INFO - [2025-03-17T06:06:11.552+0000] {dagbag.py:588} INFO - Filling up the DagBag from /home/airflow/.local/lib/python3.12/site-packages/airflow/example_dags/example_latest_only_with_trigger.py
[2025-03-17T06:06:11.573+0000] {processor.py:925} INFO - DAG(s) 'latest_only_with_trigger' retrieved from /home/airflow/.local/lib/python3.12/site-packages/airflow/example_dags/example_latest_only_with_trigger.py
[2025-03-17T06:06:11.621+0000] {logging_mixin.py:190} INFO - [2025-03-17T06:06:11.620+0000] {dag.py:3239} INFO - Sync 1 DAGs
[2025-03-17T06:06:11.672+0000] {logging_mixin.py:190} INFO - [2025-03-17T06:06:11.671+0000] {dag.py:4180} INFO - Setting next_dagrun for latest_only_with_trigger to 2025-03-17 00:00:00+00:00, run_after=2025-03-17 04:00:00+00:00
[2025-03-17T06:06:11.710+0000] {processor.py:208} INFO - Processing /home/airflow/.local/lib/python3.12/site-packages/airflow/example_dags/example_latest_only_with_trigger.py took 0.179 seconds
[2025-03-17T06:06:46.251+0000] {processor.py:186} INFO - Started process (PID=460) to work on /home/airflow/.local/lib/python3.12/site-packages/airflow/example_dags/example_latest_only_with_trigger.py
[2025-03-17T06:06:46.254+0000] {processor.py:914} INFO - Processing file /home/airflow/.local/lib/python3.12/site-packages/airflow/example_dags/example_latest_only_with_trigger.py for tasks to queue
[2025-03-17T06:06:46.260+0000] {logging_mixin.py:190} INFO - [2025-03-17T06:06:46.259+0000] {dagbag.py:588} INFO - Filling up the DagBag from /home/airflow/.local/lib/python3.12/site-packages/airflow/example_dags/example_latest_only_with_trigger.py
[2025-03-17T06:06:46.277+0000] {processor.py:925} INFO - DAG(s) 'latest_only_with_trigger' retrieved from /home/airflow/.local/lib/python3.12/site-packages/airflow/example_dags/example_latest_only_with_trigger.py
[2025-03-17T06:06:46.335+0000] {logging_mixin.py:190} INFO - [2025-03-17T06:06:46.335+0000] {dag.py:3239} INFO - Sync 1 DAGs
[2025-03-17T06:06:46.399+0000] {logging_mixin.py:190} INFO - [2025-03-17T06:06:46.399+0000] {dag.py:4180} INFO - Setting next_dagrun for latest_only_with_trigger to 2025-03-17 00:00:00+00:00, run_after=2025-03-17 04:00:00+00:00
[2025-03-17T06:06:46.444+0000] {processor.py:208} INFO - Processing /home/airflow/.local/lib/python3.12/site-packages/airflow/example_dags/example_latest_only_with_trigger.py took 0.208 seconds
