[2025-03-17T06:03:44.241+0000] {processor.py:186} INFO - Started process (PID=112) to work on /home/airflow/.local/lib/python3.12/site-packages/airflow/example_dags/example_dynamic_task_mapping_with_no_taskflow_operators.py
[2025-03-17T06:03:44.243+0000] {processor.py:914} INFO - Processing file /home/airflow/.local/lib/python3.12/site-packages/airflow/example_dags/example_dynamic_task_mapping_with_no_taskflow_operators.py for tasks to queue
[2025-03-17T06:03:44.249+0000] {logging_mixin.py:190} INFO - [2025-03-17T06:03:44.248+0000] {dagbag.py:588} INFO - Filling up the DagBag from /home/airflow/.local/lib/python3.12/site-packages/airflow/example_dags/example_dynamic_task_mapping_with_no_taskflow_operators.py
[2025-03-17T06:03:44.273+0000] {processor.py:925} INFO - DAG(s) 'example_dynamic_task_mapping_with_no_taskflow_operators' retrieved from /home/airflow/.local/lib/python3.12/site-packages/airflow/example_dags/example_dynamic_task_mapping_with_no_taskflow_operators.py
[2025-03-17T06:03:44.557+0000] {logging_mixin.py:190} INFO - [2025-03-17T06:03:44.556+0000] {override.py:1912} INFO - Created Permission View: can edit on DAG:example_dynamic_task_mapping_with_no_taskflow_operators
[2025-03-17T06:03:44.577+0000] {logging_mixin.py:190} INFO - [2025-03-17T06:03:44.576+0000] {override.py:1912} INFO - Created Permission View: can read on DAG:example_dynamic_task_mapping_with_no_taskflow_operators
[2025-03-17T06:03:44.590+0000] {logging_mixin.py:190} INFO - [2025-03-17T06:03:44.589+0000] {override.py:1912} INFO - Created Permission View: can delete on DAG:example_dynamic_task_mapping_with_no_taskflow_operators
[2025-03-17T06:03:44.602+0000] {logging_mixin.py:190} INFO - [2025-03-17T06:03:44.602+0000] {override.py:1912} INFO - Created Permission View: menu access on DAG Run:example_dynamic_task_mapping_with_no_taskflow_operators
[2025-03-17T06:03:44.615+0000] {logging_mixin.py:190} INFO - [2025-03-17T06:03:44.614+0000] {override.py:1912} INFO - Created Permission View: can create on DAG Run:example_dynamic_task_mapping_with_no_taskflow_operators
[2025-03-17T06:03:44.627+0000] {logging_mixin.py:190} INFO - [2025-03-17T06:03:44.626+0000] {override.py:1912} INFO - Created Permission View: can read on DAG Run:example_dynamic_task_mapping_with_no_taskflow_operators
[2025-03-17T06:03:44.637+0000] {logging_mixin.py:190} INFO - [2025-03-17T06:03:44.637+0000] {override.py:1912} INFO - Created Permission View: can delete on DAG Run:example_dynamic_task_mapping_with_no_taskflow_operators
[2025-03-17T06:03:44.638+0000] {logging_mixin.py:190} INFO - [2025-03-17T06:03:44.638+0000] {dag.py:3239} INFO - Sync 1 DAGs
[2025-03-17T06:03:44.666+0000] {logging_mixin.py:190} INFO - [2025-03-17T06:03:44.665+0000] {dag.py:3262} INFO - Creating ORM DAG for example_dynamic_task_mapping_with_no_taskflow_operators
[2025-03-17T06:03:44.669+0000] {logging_mixin.py:190} INFO - [2025-03-17T06:03:44.669+0000] {dag.py:4180} INFO - Setting next_dagrun for example_dynamic_task_mapping_with_no_taskflow_operators to None, run_after=None
[2025-03-17T06:03:44.721+0000] {processor.py:208} INFO - Processing /home/airflow/.local/lib/python3.12/site-packages/airflow/example_dags/example_dynamic_task_mapping_with_no_taskflow_operators.py took 0.495 seconds
[2025-03-17T06:04:15.168+0000] {processor.py:186} INFO - Started process (PID=175) to work on /home/airflow/.local/lib/python3.12/site-packages/airflow/example_dags/example_dynamic_task_mapping_with_no_taskflow_operators.py
[2025-03-17T06:04:15.173+0000] {processor.py:914} INFO - Processing file /home/airflow/.local/lib/python3.12/site-packages/airflow/example_dags/example_dynamic_task_mapping_with_no_taskflow_operators.py for tasks to queue
[2025-03-17T06:04:15.181+0000] {logging_mixin.py:190} INFO - [2025-03-17T06:04:15.180+0000] {dagbag.py:588} INFO - Filling up the DagBag from /home/airflow/.local/lib/python3.12/site-packages/airflow/example_dags/example_dynamic_task_mapping_with_no_taskflow_operators.py
[2025-03-17T06:04:15.219+0000] {processor.py:925} INFO - DAG(s) 'example_dynamic_task_mapping_with_no_taskflow_operators' retrieved from /home/airflow/.local/lib/python3.12/site-packages/airflow/example_dags/example_dynamic_task_mapping_with_no_taskflow_operators.py
[2025-03-17T06:04:15.297+0000] {logging_mixin.py:190} INFO - [2025-03-17T06:04:15.296+0000] {dag.py:3239} INFO - Sync 1 DAGs
[2025-03-17T06:04:15.362+0000] {logging_mixin.py:190} INFO - [2025-03-17T06:04:15.362+0000] {dag.py:4180} INFO - Setting next_dagrun for example_dynamic_task_mapping_with_no_taskflow_operators to None, run_after=None
[2025-03-17T06:04:15.427+0000] {processor.py:208} INFO - Processing /home/airflow/.local/lib/python3.12/site-packages/airflow/example_dags/example_dynamic_task_mapping_with_no_taskflow_operators.py took 0.287 seconds
[2025-03-17T06:04:56.491+0000] {processor.py:186} INFO - Started process (PID=238) to work on /home/airflow/.local/lib/python3.12/site-packages/airflow/example_dags/example_dynamic_task_mapping_with_no_taskflow_operators.py
[2025-03-17T06:04:56.494+0000] {processor.py:914} INFO - Processing file /home/airflow/.local/lib/python3.12/site-packages/airflow/example_dags/example_dynamic_task_mapping_with_no_taskflow_operators.py for tasks to queue
[2025-03-17T06:04:56.506+0000] {logging_mixin.py:190} INFO - [2025-03-17T06:04:56.505+0000] {dagbag.py:588} INFO - Filling up the DagBag from /home/airflow/.local/lib/python3.12/site-packages/airflow/example_dags/example_dynamic_task_mapping_with_no_taskflow_operators.py
[2025-03-17T06:04:56.530+0000] {processor.py:925} INFO - DAG(s) 'example_dynamic_task_mapping_with_no_taskflow_operators' retrieved from /home/airflow/.local/lib/python3.12/site-packages/airflow/example_dags/example_dynamic_task_mapping_with_no_taskflow_operators.py
[2025-03-17T06:04:56.591+0000] {logging_mixin.py:190} INFO - [2025-03-17T06:04:56.590+0000] {dag.py:3239} INFO - Sync 1 DAGs
[2025-03-17T06:04:56.640+0000] {logging_mixin.py:190} INFO - [2025-03-17T06:04:56.639+0000] {dag.py:4180} INFO - Setting next_dagrun for example_dynamic_task_mapping_with_no_taskflow_operators to None, run_after=None
[2025-03-17T06:04:56.702+0000] {processor.py:208} INFO - Processing /home/airflow/.local/lib/python3.12/site-packages/airflow/example_dags/example_dynamic_task_mapping_with_no_taskflow_operators.py took 0.229 seconds
[2025-03-17T06:05:32.502+0000] {processor.py:186} INFO - Started process (PID=301) to work on /home/airflow/.local/lib/python3.12/site-packages/airflow/example_dags/example_dynamic_task_mapping_with_no_taskflow_operators.py
[2025-03-17T06:05:32.506+0000] {processor.py:914} INFO - Processing file /home/airflow/.local/lib/python3.12/site-packages/airflow/example_dags/example_dynamic_task_mapping_with_no_taskflow_operators.py for tasks to queue
[2025-03-17T06:05:32.515+0000] {logging_mixin.py:190} INFO - [2025-03-17T06:05:32.514+0000] {dagbag.py:588} INFO - Filling up the DagBag from /home/airflow/.local/lib/python3.12/site-packages/airflow/example_dags/example_dynamic_task_mapping_with_no_taskflow_operators.py
[2025-03-17T06:05:32.553+0000] {processor.py:925} INFO - DAG(s) 'example_dynamic_task_mapping_with_no_taskflow_operators' retrieved from /home/airflow/.local/lib/python3.12/site-packages/airflow/example_dags/example_dynamic_task_mapping_with_no_taskflow_operators.py
[2025-03-17T06:05:32.659+0000] {logging_mixin.py:190} INFO - [2025-03-17T06:05:32.657+0000] {dag.py:3239} INFO - Sync 1 DAGs
[2025-03-17T06:05:32.720+0000] {logging_mixin.py:190} INFO - [2025-03-17T06:05:32.720+0000] {dag.py:4180} INFO - Setting next_dagrun for example_dynamic_task_mapping_with_no_taskflow_operators to None, run_after=None
[2025-03-17T06:05:32.856+0000] {processor.py:208} INFO - Processing /home/airflow/.local/lib/python3.12/site-packages/airflow/example_dags/example_dynamic_task_mapping_with_no_taskflow_operators.py took 0.393 seconds
[2025-03-17T06:06:06.109+0000] {processor.py:186} INFO - Started process (PID=365) to work on /home/airflow/.local/lib/python3.12/site-packages/airflow/example_dags/example_dynamic_task_mapping_with_no_taskflow_operators.py
[2025-03-17T06:06:06.111+0000] {processor.py:914} INFO - Processing file /home/airflow/.local/lib/python3.12/site-packages/airflow/example_dags/example_dynamic_task_mapping_with_no_taskflow_operators.py for tasks to queue
[2025-03-17T06:06:06.128+0000] {logging_mixin.py:190} INFO - [2025-03-17T06:06:06.127+0000] {dagbag.py:588} INFO - Filling up the DagBag from /home/airflow/.local/lib/python3.12/site-packages/airflow/example_dags/example_dynamic_task_mapping_with_no_taskflow_operators.py
[2025-03-17T06:06:06.160+0000] {processor.py:925} INFO - DAG(s) 'example_dynamic_task_mapping_with_no_taskflow_operators' retrieved from /home/airflow/.local/lib/python3.12/site-packages/airflow/example_dags/example_dynamic_task_mapping_with_no_taskflow_operators.py
[2025-03-17T06:06:06.222+0000] {logging_mixin.py:190} INFO - [2025-03-17T06:06:06.221+0000] {dag.py:3239} INFO - Sync 1 DAGs
[2025-03-17T06:06:06.275+0000] {logging_mixin.py:190} INFO - [2025-03-17T06:06:06.274+0000] {dag.py:4180} INFO - Setting next_dagrun for example_dynamic_task_mapping_with_no_taskflow_operators to None, run_after=None
[2025-03-17T06:06:06.488+0000] {processor.py:208} INFO - Processing /home/airflow/.local/lib/python3.12/site-packages/airflow/example_dags/example_dynamic_task_mapping_with_no_taskflow_operators.py took 0.408 seconds
[2025-03-17T06:06:36.845+0000] {processor.py:186} INFO - Started process (PID=429) to work on /home/airflow/.local/lib/python3.12/site-packages/airflow/example_dags/example_dynamic_task_mapping_with_no_taskflow_operators.py
[2025-03-17T06:06:36.847+0000] {processor.py:914} INFO - Processing file /home/airflow/.local/lib/python3.12/site-packages/airflow/example_dags/example_dynamic_task_mapping_with_no_taskflow_operators.py for tasks to queue
[2025-03-17T06:06:36.854+0000] {logging_mixin.py:190} INFO - [2025-03-17T06:06:36.852+0000] {dagbag.py:588} INFO - Filling up the DagBag from /home/airflow/.local/lib/python3.12/site-packages/airflow/example_dags/example_dynamic_task_mapping_with_no_taskflow_operators.py
[2025-03-17T06:06:36.872+0000] {processor.py:925} INFO - DAG(s) 'example_dynamic_task_mapping_with_no_taskflow_operators' retrieved from /home/airflow/.local/lib/python3.12/site-packages/airflow/example_dags/example_dynamic_task_mapping_with_no_taskflow_operators.py
[2025-03-17T06:06:36.927+0000] {logging_mixin.py:190} INFO - [2025-03-17T06:06:36.926+0000] {dag.py:3239} INFO - Sync 1 DAGs
[2025-03-17T06:06:36.971+0000] {logging_mixin.py:190} INFO - [2025-03-17T06:06:36.969+0000] {dag.py:4180} INFO - Setting next_dagrun for example_dynamic_task_mapping_with_no_taskflow_operators to None, run_after=None
[2025-03-17T06:06:37.034+0000] {processor.py:208} INFO - Processing /home/airflow/.local/lib/python3.12/site-packages/airflow/example_dags/example_dynamic_task_mapping_with_no_taskflow_operators.py took 0.209 seconds
[2025-03-17T06:07:07.831+0000] {processor.py:186} INFO - Started process (PID=491) to work on /home/airflow/.local/lib/python3.12/site-packages/airflow/example_dags/example_dynamic_task_mapping_with_no_taskflow_operators.py
[2025-03-17T06:07:07.833+0000] {processor.py:914} INFO - Processing file /home/airflow/.local/lib/python3.12/site-packages/airflow/example_dags/example_dynamic_task_mapping_with_no_taskflow_operators.py for tasks to queue
[2025-03-17T06:07:07.838+0000] {logging_mixin.py:190} INFO - [2025-03-17T06:07:07.838+0000] {dagbag.py:588} INFO - Filling up the DagBag from /home/airflow/.local/lib/python3.12/site-packages/airflow/example_dags/example_dynamic_task_mapping_with_no_taskflow_operators.py
[2025-03-17T06:07:07.853+0000] {processor.py:925} INFO - DAG(s) 'example_dynamic_task_mapping_with_no_taskflow_operators' retrieved from /home/airflow/.local/lib/python3.12/site-packages/airflow/example_dags/example_dynamic_task_mapping_with_no_taskflow_operators.py
[2025-03-17T06:07:07.899+0000] {logging_mixin.py:190} INFO - [2025-03-17T06:07:07.898+0000] {dag.py:3239} INFO - Sync 1 DAGs
[2025-03-17T06:07:07.928+0000] {logging_mixin.py:190} INFO - [2025-03-17T06:07:07.927+0000] {dag.py:4180} INFO - Setting next_dagrun for example_dynamic_task_mapping_with_no_taskflow_operators to None, run_after=None
[2025-03-17T06:07:07.963+0000] {processor.py:208} INFO - Processing /home/airflow/.local/lib/python3.12/site-packages/airflow/example_dags/example_dynamic_task_mapping_with_no_taskflow_operators.py took 0.143 seconds
