[2025-03-17T06:03:40.908+0000] {processor.py:186} INFO - Started process (PID=106) to work on /home/airflow/.local/lib/python3.12/site-packages/airflow/example_dags/example_bash_decorator.py
[2025-03-17T06:03:40.911+0000] {processor.py:914} INFO - Processing file /home/airflow/.local/lib/python3.12/site-packages/airflow/example_dags/example_bash_decorator.py for tasks to queue
[2025-03-17T06:03:40.918+0000] {logging_mixin.py:190} INFO - [2025-03-17T06:03:40.917+0000] {dagbag.py:588} INFO - Filling up the DagBag from /home/airflow/.local/lib/python3.12/site-packages/airflow/example_dags/example_bash_decorator.py
[2025-03-17T06:03:40.968+0000] {processor.py:925} INFO - DAG(s) 'example_bash_decorator' retrieved from /home/airflow/.local/lib/python3.12/site-packages/airflow/example_dags/example_bash_decorator.py
[2025-03-17T06:03:41.512+0000] {logging_mixin.py:190} INFO - [2025-03-17T06:03:41.510+0000] {override.py:1912} INFO - Created Permission View: can edit on DAG:example_bash_decorator
[2025-03-17T06:03:41.549+0000] {logging_mixin.py:190} INFO - [2025-03-17T06:03:41.548+0000] {override.py:1912} INFO - Created Permission View: can read on DAG:example_bash_decorator
[2025-03-17T06:03:41.581+0000] {logging_mixin.py:190} INFO - [2025-03-17T06:03:41.580+0000] {override.py:1912} INFO - Created Permission View: can delete on DAG:example_bash_decorator
[2025-03-17T06:03:41.616+0000] {logging_mixin.py:190} INFO - [2025-03-17T06:03:41.615+0000] {override.py:1912} INFO - Created Permission View: menu access on DAG Run:example_bash_decorator
[2025-03-17T06:03:41.640+0000] {logging_mixin.py:190} INFO - [2025-03-17T06:03:41.639+0000] {override.py:1912} INFO - Created Permission View: can create on DAG Run:example_bash_decorator
[2025-03-17T06:03:41.681+0000] {logging_mixin.py:190} INFO - [2025-03-17T06:03:41.676+0000] {override.py:1912} INFO - Created Permission View: can read on DAG Run:example_bash_decorator
[2025-03-17T06:03:41.701+0000] {logging_mixin.py:190} INFO - [2025-03-17T06:03:41.700+0000] {override.py:1912} INFO - Created Permission View: can delete on DAG Run:example_bash_decorator
[2025-03-17T06:03:41.703+0000] {logging_mixin.py:190} INFO - [2025-03-17T06:03:41.702+0000] {dag.py:3239} INFO - Sync 1 DAGs
[2025-03-17T06:03:41.757+0000] {logging_mixin.py:190} INFO - [2025-03-17T06:03:41.756+0000] {dag.py:3262} INFO - Creating ORM DAG for example_bash_decorator
[2025-03-17T06:03:41.767+0000] {logging_mixin.py:190} INFO - [2025-03-17T06:03:41.766+0000] {dag.py:4180} INFO - Setting next_dagrun for example_bash_decorator to None, run_after=None
[2025-03-17T06:03:41.817+0000] {processor.py:208} INFO - Processing /home/airflow/.local/lib/python3.12/site-packages/airflow/example_dags/example_bash_decorator.py took 0.924 seconds
[2025-03-17T06:04:12.673+0000] {processor.py:186} INFO - Started process (PID=169) to work on /home/airflow/.local/lib/python3.12/site-packages/airflow/example_dags/example_bash_decorator.py
[2025-03-17T06:04:12.676+0000] {processor.py:914} INFO - Processing file /home/airflow/.local/lib/python3.12/site-packages/airflow/example_dags/example_bash_decorator.py for tasks to queue
[2025-03-17T06:04:12.682+0000] {logging_mixin.py:190} INFO - [2025-03-17T06:04:12.682+0000] {dagbag.py:588} INFO - Filling up the DagBag from /home/airflow/.local/lib/python3.12/site-packages/airflow/example_dags/example_bash_decorator.py
[2025-03-17T06:04:12.738+0000] {processor.py:925} INFO - DAG(s) 'example_bash_decorator' retrieved from /home/airflow/.local/lib/python3.12/site-packages/airflow/example_dags/example_bash_decorator.py
[2025-03-17T06:04:12.819+0000] {logging_mixin.py:190} INFO - [2025-03-17T06:04:12.818+0000] {dag.py:3239} INFO - Sync 1 DAGs
[2025-03-17T06:04:12.880+0000] {logging_mixin.py:190} INFO - [2025-03-17T06:04:12.880+0000] {dag.py:4180} INFO - Setting next_dagrun for example_bash_decorator to None, run_after=None
[2025-03-17T06:04:12.936+0000] {processor.py:208} INFO - Processing /home/airflow/.local/lib/python3.12/site-packages/airflow/example_dags/example_bash_decorator.py took 0.284 seconds
[2025-03-17T06:04:55.025+0000] {processor.py:186} INFO - Started process (PID=232) to work on /home/airflow/.local/lib/python3.12/site-packages/airflow/example_dags/example_bash_decorator.py
[2025-03-17T06:04:55.028+0000] {processor.py:914} INFO - Processing file /home/airflow/.local/lib/python3.12/site-packages/airflow/example_dags/example_bash_decorator.py for tasks to queue
[2025-03-17T06:04:55.038+0000] {logging_mixin.py:190} INFO - [2025-03-17T06:04:55.037+0000] {dagbag.py:588} INFO - Filling up the DagBag from /home/airflow/.local/lib/python3.12/site-packages/airflow/example_dags/example_bash_decorator.py
[2025-03-17T06:04:55.087+0000] {processor.py:925} INFO - DAG(s) 'example_bash_decorator' retrieved from /home/airflow/.local/lib/python3.12/site-packages/airflow/example_dags/example_bash_decorator.py
[2025-03-17T06:04:55.163+0000] {logging_mixin.py:190} INFO - [2025-03-17T06:04:55.162+0000] {dag.py:3239} INFO - Sync 1 DAGs
[2025-03-17T06:04:55.223+0000] {logging_mixin.py:190} INFO - [2025-03-17T06:04:55.222+0000] {dag.py:4180} INFO - Setting next_dagrun for example_bash_decorator to None, run_after=None
[2025-03-17T06:04:55.280+0000] {processor.py:208} INFO - Processing /home/airflow/.local/lib/python3.12/site-packages/airflow/example_dags/example_bash_decorator.py took 0.268 seconds
[2025-03-17T06:05:30.213+0000] {processor.py:186} INFO - Started process (PID=295) to work on /home/airflow/.local/lib/python3.12/site-packages/airflow/example_dags/example_bash_decorator.py
[2025-03-17T06:05:30.217+0000] {processor.py:914} INFO - Processing file /home/airflow/.local/lib/python3.12/site-packages/airflow/example_dags/example_bash_decorator.py for tasks to queue
[2025-03-17T06:05:30.227+0000] {logging_mixin.py:190} INFO - [2025-03-17T06:05:30.226+0000] {dagbag.py:588} INFO - Filling up the DagBag from /home/airflow/.local/lib/python3.12/site-packages/airflow/example_dags/example_bash_decorator.py
[2025-03-17T06:05:30.279+0000] {processor.py:925} INFO - DAG(s) 'example_bash_decorator' retrieved from /home/airflow/.local/lib/python3.12/site-packages/airflow/example_dags/example_bash_decorator.py
[2025-03-17T06:05:30.352+0000] {logging_mixin.py:190} INFO - [2025-03-17T06:05:30.352+0000] {dag.py:3239} INFO - Sync 1 DAGs
[2025-03-17T06:05:30.418+0000] {logging_mixin.py:190} INFO - [2025-03-17T06:05:30.417+0000] {dag.py:4180} INFO - Setting next_dagrun for example_bash_decorator to None, run_after=None
[2025-03-17T06:05:30.537+0000] {processor.py:208} INFO - Processing /home/airflow/.local/lib/python3.12/site-packages/airflow/example_dags/example_bash_decorator.py took 0.344 seconds
[2025-03-17T06:06:04.008+0000] {processor.py:186} INFO - Started process (PID=358) to work on /home/airflow/.local/lib/python3.12/site-packages/airflow/example_dags/example_bash_decorator.py
[2025-03-17T06:06:04.010+0000] {processor.py:914} INFO - Processing file /home/airflow/.local/lib/python3.12/site-packages/airflow/example_dags/example_bash_decorator.py for tasks to queue
[2025-03-17T06:06:04.024+0000] {logging_mixin.py:190} INFO - [2025-03-17T06:06:04.023+0000] {dagbag.py:588} INFO - Filling up the DagBag from /home/airflow/.local/lib/python3.12/site-packages/airflow/example_dags/example_bash_decorator.py
[2025-03-17T06:06:04.087+0000] {processor.py:925} INFO - DAG(s) 'example_bash_decorator' retrieved from /home/airflow/.local/lib/python3.12/site-packages/airflow/example_dags/example_bash_decorator.py
[2025-03-17T06:06:04.216+0000] {logging_mixin.py:190} INFO - [2025-03-17T06:06:04.214+0000] {dag.py:3239} INFO - Sync 1 DAGs
[2025-03-17T06:06:04.304+0000] {logging_mixin.py:190} INFO - [2025-03-17T06:06:04.303+0000] {dag.py:4180} INFO - Setting next_dagrun for example_bash_decorator to None, run_after=None
[2025-03-17T06:06:04.442+0000] {processor.py:208} INFO - Processing /home/airflow/.local/lib/python3.12/site-packages/airflow/example_dags/example_bash_decorator.py took 0.484 seconds
[2025-03-17T06:06:35.671+0000] {processor.py:186} INFO - Started process (PID=421) to work on /home/airflow/.local/lib/python3.12/site-packages/airflow/example_dags/example_bash_decorator.py
[2025-03-17T06:06:35.672+0000] {processor.py:914} INFO - Processing file /home/airflow/.local/lib/python3.12/site-packages/airflow/example_dags/example_bash_decorator.py for tasks to queue
[2025-03-17T06:06:35.676+0000] {logging_mixin.py:190} INFO - [2025-03-17T06:06:35.675+0000] {dagbag.py:588} INFO - Filling up the DagBag from /home/airflow/.local/lib/python3.12/site-packages/airflow/example_dags/example_bash_decorator.py
[2025-03-17T06:06:35.700+0000] {processor.py:925} INFO - DAG(s) 'example_bash_decorator' retrieved from /home/airflow/.local/lib/python3.12/site-packages/airflow/example_dags/example_bash_decorator.py
[2025-03-17T06:06:35.739+0000] {logging_mixin.py:190} INFO - [2025-03-17T06:06:35.739+0000] {dag.py:3239} INFO - Sync 1 DAGs
[2025-03-17T06:06:35.765+0000] {logging_mixin.py:190} INFO - [2025-03-17T06:06:35.765+0000] {dag.py:4180} INFO - Setting next_dagrun for example_bash_decorator to None, run_after=None
[2025-03-17T06:06:35.811+0000] {processor.py:208} INFO - Processing /home/airflow/.local/lib/python3.12/site-packages/airflow/example_dags/example_bash_decorator.py took 0.150 seconds
[2025-03-17T06:07:07.082+0000] {processor.py:186} INFO - Started process (PID=484) to work on /home/airflow/.local/lib/python3.12/site-packages/airflow/example_dags/example_bash_decorator.py
[2025-03-17T06:07:07.084+0000] {processor.py:914} INFO - Processing file /home/airflow/.local/lib/python3.12/site-packages/airflow/example_dags/example_bash_decorator.py for tasks to queue
[2025-03-17T06:07:07.090+0000] {logging_mixin.py:190} INFO - [2025-03-17T06:07:07.090+0000] {dagbag.py:588} INFO - Filling up the DagBag from /home/airflow/.local/lib/python3.12/site-packages/airflow/example_dags/example_bash_decorator.py
[2025-03-17T06:07:07.120+0000] {processor.py:925} INFO - DAG(s) 'example_bash_decorator' retrieved from /home/airflow/.local/lib/python3.12/site-packages/airflow/example_dags/example_bash_decorator.py
[2025-03-17T06:07:07.174+0000] {logging_mixin.py:190} INFO - [2025-03-17T06:07:07.173+0000] {dag.py:3239} INFO - Sync 1 DAGs
[2025-03-17T06:07:07.206+0000] {logging_mixin.py:190} INFO - [2025-03-17T06:07:07.206+0000] {dag.py:4180} INFO - Setting next_dagrun for example_bash_decorator to None, run_after=None
[2025-03-17T06:07:07.242+0000] {processor.py:208} INFO - Processing /home/airflow/.local/lib/python3.12/site-packages/airflow/example_dags/example_bash_decorator.py took 0.171 seconds
