[2025-03-17T06:03:41.698+0000] {processor.py:186} INFO - Started process (PID=107) to work on /home/airflow/.local/lib/python3.12/site-packages/airflow/example_dags/example_python_decorator.py
[2025-03-17T06:03:41.700+0000] {processor.py:914} INFO - Processing file /home/airflow/.local/lib/python3.12/site-packages/airflow/example_dags/example_python_decorator.py for tasks to queue
[2025-03-17T06:03:41.709+0000] {logging_mixin.py:190} INFO - [2025-03-17T06:03:41.709+0000] {dagbag.py:588} INFO - Filling up the DagBag from /home/airflow/.local/lib/python3.12/site-packages/airflow/example_dags/example_python_decorator.py
[2025-03-17T06:03:41.782+0000] {processor.py:925} INFO - DAG(s) 'example_python_decorator' retrieved from /home/airflow/.local/lib/python3.12/site-packages/airflow/example_dags/example_python_decorator.py
[2025-03-17T06:03:42.266+0000] {logging_mixin.py:190} INFO - [2025-03-17T06:03:42.265+0000] {override.py:1912} INFO - Created Permission View: can edit on DAG:example_python_decorator
[2025-03-17T06:03:42.294+0000] {logging_mixin.py:190} INFO - [2025-03-17T06:03:42.293+0000] {override.py:1912} INFO - Created Permission View: can read on DAG:example_python_decorator
[2025-03-17T06:03:42.312+0000] {logging_mixin.py:190} INFO - [2025-03-17T06:03:42.311+0000] {override.py:1912} INFO - Created Permission View: can delete on DAG:example_python_decorator
[2025-03-17T06:03:42.333+0000] {logging_mixin.py:190} INFO - [2025-03-17T06:03:42.332+0000] {override.py:1912} INFO - Created Permission View: menu access on DAG Run:example_python_decorator
[2025-03-17T06:03:42.352+0000] {logging_mixin.py:190} INFO - [2025-03-17T06:03:42.351+0000] {override.py:1912} INFO - Created Permission View: can create on DAG Run:example_python_decorator
[2025-03-17T06:03:42.372+0000] {logging_mixin.py:190} INFO - [2025-03-17T06:03:42.371+0000] {override.py:1912} INFO - Created Permission View: can read on DAG Run:example_python_decorator
[2025-03-17T06:03:42.394+0000] {logging_mixin.py:190} INFO - [2025-03-17T06:03:42.393+0000] {override.py:1912} INFO - Created Permission View: can delete on DAG Run:example_python_decorator
[2025-03-17T06:03:42.396+0000] {logging_mixin.py:190} INFO - [2025-03-17T06:03:42.395+0000] {dag.py:3239} INFO - Sync 1 DAGs
[2025-03-17T06:03:42.460+0000] {logging_mixin.py:190} INFO - [2025-03-17T06:03:42.459+0000] {dag.py:3262} INFO - Creating ORM DAG for example_python_decorator
[2025-03-17T06:03:42.463+0000] {logging_mixin.py:190} INFO - [2025-03-17T06:03:42.462+0000] {dag.py:4180} INFO - Setting next_dagrun for example_python_decorator to None, run_after=None
[2025-03-17T06:03:42.548+0000] {processor.py:208} INFO - Processing /home/airflow/.local/lib/python3.12/site-packages/airflow/example_dags/example_python_decorator.py took 0.874 seconds
[2025-03-17T06:04:12.878+0000] {processor.py:186} INFO - Started process (PID=170) to work on /home/airflow/.local/lib/python3.12/site-packages/airflow/example_dags/example_python_decorator.py
[2025-03-17T06:04:12.881+0000] {processor.py:914} INFO - Processing file /home/airflow/.local/lib/python3.12/site-packages/airflow/example_dags/example_python_decorator.py for tasks to queue
[2025-03-17T06:04:12.889+0000] {logging_mixin.py:190} INFO - [2025-03-17T06:04:12.888+0000] {dagbag.py:588} INFO - Filling up the DagBag from /home/airflow/.local/lib/python3.12/site-packages/airflow/example_dags/example_python_decorator.py
[2025-03-17T06:04:12.938+0000] {processor.py:925} INFO - DAG(s) 'example_python_decorator' retrieved from /home/airflow/.local/lib/python3.12/site-packages/airflow/example_dags/example_python_decorator.py
[2025-03-17T06:04:12.991+0000] {logging_mixin.py:190} INFO - [2025-03-17T06:04:12.991+0000] {dag.py:3239} INFO - Sync 1 DAGs
[2025-03-17T06:04:13.027+0000] {logging_mixin.py:190} INFO - [2025-03-17T06:04:13.027+0000] {dag.py:4180} INFO - Setting next_dagrun for example_python_decorator to None, run_after=None
[2025-03-17T06:04:13.069+0000] {processor.py:208} INFO - Processing /home/airflow/.local/lib/python3.12/site-packages/airflow/example_dags/example_python_decorator.py took 0.213 seconds
[2025-03-17T06:04:55.372+0000] {processor.py:186} INFO - Started process (PID=233) to work on /home/airflow/.local/lib/python3.12/site-packages/airflow/example_dags/example_python_decorator.py
[2025-03-17T06:04:55.375+0000] {processor.py:914} INFO - Processing file /home/airflow/.local/lib/python3.12/site-packages/airflow/example_dags/example_python_decorator.py for tasks to queue
[2025-03-17T06:04:55.382+0000] {logging_mixin.py:190} INFO - [2025-03-17T06:04:55.381+0000] {dagbag.py:588} INFO - Filling up the DagBag from /home/airflow/.local/lib/python3.12/site-packages/airflow/example_dags/example_python_decorator.py
[2025-03-17T06:04:55.431+0000] {processor.py:925} INFO - DAG(s) 'example_python_decorator' retrieved from /home/airflow/.local/lib/python3.12/site-packages/airflow/example_dags/example_python_decorator.py
[2025-03-17T06:04:55.500+0000] {logging_mixin.py:190} INFO - [2025-03-17T06:04:55.499+0000] {dag.py:3239} INFO - Sync 1 DAGs
[2025-03-17T06:04:55.540+0000] {logging_mixin.py:190} INFO - [2025-03-17T06:04:55.540+0000] {dag.py:4180} INFO - Setting next_dagrun for example_python_decorator to None, run_after=None
[2025-03-17T06:04:55.583+0000] {processor.py:208} INFO - Processing /home/airflow/.local/lib/python3.12/site-packages/airflow/example_dags/example_python_decorator.py took 0.230 seconds
[2025-03-17T06:05:30.702+0000] {processor.py:186} INFO - Started process (PID=296) to work on /home/airflow/.local/lib/python3.12/site-packages/airflow/example_dags/example_python_decorator.py
[2025-03-17T06:05:30.705+0000] {processor.py:914} INFO - Processing file /home/airflow/.local/lib/python3.12/site-packages/airflow/example_dags/example_python_decorator.py for tasks to queue
[2025-03-17T06:05:30.712+0000] {logging_mixin.py:190} INFO - [2025-03-17T06:05:30.711+0000] {dagbag.py:588} INFO - Filling up the DagBag from /home/airflow/.local/lib/python3.12/site-packages/airflow/example_dags/example_python_decorator.py
[2025-03-17T06:05:30.772+0000] {processor.py:925} INFO - DAG(s) 'example_python_decorator' retrieved from /home/airflow/.local/lib/python3.12/site-packages/airflow/example_dags/example_python_decorator.py
[2025-03-17T06:05:30.840+0000] {logging_mixin.py:190} INFO - [2025-03-17T06:05:30.838+0000] {dag.py:3239} INFO - Sync 1 DAGs
[2025-03-17T06:05:30.893+0000] {logging_mixin.py:190} INFO - [2025-03-17T06:05:30.892+0000] {dag.py:4180} INFO - Setting next_dagrun for example_python_decorator to None, run_after=None
[2025-03-17T06:05:30.948+0000] {processor.py:208} INFO - Processing /home/airflow/.local/lib/python3.12/site-packages/airflow/example_dags/example_python_decorator.py took 0.267 seconds
[2025-03-17T06:06:04.476+0000] {processor.py:186} INFO - Started process (PID=359) to work on /home/airflow/.local/lib/python3.12/site-packages/airflow/example_dags/example_python_decorator.py
[2025-03-17T06:06:04.490+0000] {processor.py:914} INFO - Processing file /home/airflow/.local/lib/python3.12/site-packages/airflow/example_dags/example_python_decorator.py for tasks to queue
[2025-03-17T06:06:04.505+0000] {logging_mixin.py:190} INFO - [2025-03-17T06:06:04.504+0000] {dagbag.py:588} INFO - Filling up the DagBag from /home/airflow/.local/lib/python3.12/site-packages/airflow/example_dags/example_python_decorator.py
[2025-03-17T06:06:04.577+0000] {processor.py:925} INFO - DAG(s) 'example_python_decorator' retrieved from /home/airflow/.local/lib/python3.12/site-packages/airflow/example_dags/example_python_decorator.py
[2025-03-17T06:06:04.666+0000] {logging_mixin.py:190} INFO - [2025-03-17T06:06:04.665+0000] {dag.py:3239} INFO - Sync 1 DAGs
[2025-03-17T06:06:04.739+0000] {logging_mixin.py:190} INFO - [2025-03-17T06:06:04.738+0000] {dag.py:4180} INFO - Setting next_dagrun for example_python_decorator to None, run_after=None
[2025-03-17T06:06:04.823+0000] {processor.py:208} INFO - Processing /home/airflow/.local/lib/python3.12/site-packages/airflow/example_dags/example_python_decorator.py took 0.373 seconds
[2025-03-17T06:06:35.671+0000] {processor.py:186} INFO - Started process (PID=422) to work on /home/airflow/.local/lib/python3.12/site-packages/airflow/example_dags/example_python_decorator.py
[2025-03-17T06:06:35.673+0000] {processor.py:914} INFO - Processing file /home/airflow/.local/lib/python3.12/site-packages/airflow/example_dags/example_python_decorator.py for tasks to queue
[2025-03-17T06:06:35.676+0000] {logging_mixin.py:190} INFO - [2025-03-17T06:06:35.675+0000] {dagbag.py:588} INFO - Filling up the DagBag from /home/airflow/.local/lib/python3.12/site-packages/airflow/example_dags/example_python_decorator.py
[2025-03-17T06:06:35.702+0000] {processor.py:925} INFO - DAG(s) 'example_python_decorator' retrieved from /home/airflow/.local/lib/python3.12/site-packages/airflow/example_dags/example_python_decorator.py
[2025-03-17T06:06:35.740+0000] {logging_mixin.py:190} INFO - [2025-03-17T06:06:35.739+0000] {dag.py:3239} INFO - Sync 1 DAGs
[2025-03-17T06:06:35.763+0000] {logging_mixin.py:190} INFO - [2025-03-17T06:06:35.762+0000] {dag.py:4180} INFO - Setting next_dagrun for example_python_decorator to None, run_after=None
[2025-03-17T06:06:35.806+0000] {processor.py:208} INFO - Processing /home/airflow/.local/lib/python3.12/site-packages/airflow/example_dags/example_python_decorator.py took 0.143 seconds
[2025-03-17T06:07:07.212+0000] {processor.py:186} INFO - Started process (PID=485) to work on /home/airflow/.local/lib/python3.12/site-packages/airflow/example_dags/example_python_decorator.py
[2025-03-17T06:07:07.214+0000] {processor.py:914} INFO - Processing file /home/airflow/.local/lib/python3.12/site-packages/airflow/example_dags/example_python_decorator.py for tasks to queue
[2025-03-17T06:07:07.219+0000] {logging_mixin.py:190} INFO - [2025-03-17T06:07:07.218+0000] {dagbag.py:588} INFO - Filling up the DagBag from /home/airflow/.local/lib/python3.12/site-packages/airflow/example_dags/example_python_decorator.py
[2025-03-17T06:07:07.247+0000] {processor.py:925} INFO - DAG(s) 'example_python_decorator' retrieved from /home/airflow/.local/lib/python3.12/site-packages/airflow/example_dags/example_python_decorator.py
[2025-03-17T06:07:07.295+0000] {logging_mixin.py:190} INFO - [2025-03-17T06:07:07.295+0000] {dag.py:3239} INFO - Sync 1 DAGs
[2025-03-17T06:07:07.331+0000] {logging_mixin.py:190} INFO - [2025-03-17T06:07:07.331+0000] {dag.py:4180} INFO - Setting next_dagrun for example_python_decorator to None, run_after=None
[2025-03-17T06:07:07.373+0000] {processor.py:208} INFO - Processing /home/airflow/.local/lib/python3.12/site-packages/airflow/example_dags/example_python_decorator.py took 0.173 seconds
