[2025-03-17T06:03:53.874+0000] {processor.py:186} INFO - Started process (PID=130) to work on /home/airflow/.local/lib/python3.12/site-packages/airflow/example_dags/example_latest_only.py
[2025-03-17T06:03:53.877+0000] {processor.py:914} INFO - Processing file /home/airflow/.local/lib/python3.12/site-packages/airflow/example_dags/example_latest_only.py for tasks to queue
[2025-03-17T06:03:53.884+0000] {logging_mixin.py:190} INFO - [2025-03-17T06:03:53.883+0000] {dagbag.py:588} INFO - Filling up the DagBag from /home/airflow/.local/lib/python3.12/site-packages/airflow/example_dags/example_latest_only.py
[2025-03-17T06:03:53.910+0000] {processor.py:925} INFO - DAG(s) 'latest_only' retrieved from /home/airflow/.local/lib/python3.12/site-packages/airflow/example_dags/example_latest_only.py
[2025-03-17T06:03:54.179+0000] {logging_mixin.py:190} INFO - [2025-03-17T06:03:54.178+0000] {override.py:1912} INFO - Created Permission View: can edit on DAG:latest_only
[2025-03-17T06:03:54.210+0000] {logging_mixin.py:190} INFO - [2025-03-17T06:03:54.209+0000] {override.py:1912} INFO - Created Permission View: can read on DAG:latest_only
[2025-03-17T06:03:54.235+0000] {logging_mixin.py:190} INFO - [2025-03-17T06:03:54.233+0000] {override.py:1912} INFO - Created Permission View: can delete on DAG:latest_only
[2025-03-17T06:03:54.259+0000] {logging_mixin.py:190} INFO - [2025-03-17T06:03:54.258+0000] {override.py:1912} INFO - Created Permission View: menu access on DAG Run:latest_only
[2025-03-17T06:03:54.293+0000] {logging_mixin.py:190} INFO - [2025-03-17T06:03:54.291+0000] {override.py:1912} INFO - Created Permission View: can create on DAG Run:latest_only
[2025-03-17T06:03:54.318+0000] {logging_mixin.py:190} INFO - [2025-03-17T06:03:54.317+0000] {override.py:1912} INFO - Created Permission View: can read on DAG Run:latest_only
[2025-03-17T06:03:54.338+0000] {logging_mixin.py:190} INFO - [2025-03-17T06:03:54.338+0000] {override.py:1912} INFO - Created Permission View: can delete on DAG Run:latest_only
[2025-03-17T06:03:54.340+0000] {logging_mixin.py:190} INFO - [2025-03-17T06:03:54.339+0000] {dag.py:3239} INFO - Sync 1 DAGs
[2025-03-17T06:03:54.395+0000] {logging_mixin.py:190} INFO - [2025-03-17T06:03:54.394+0000] {dag.py:3262} INFO - Creating ORM DAG for latest_only
[2025-03-17T06:03:54.435+0000] {logging_mixin.py:190} INFO - [2025-03-17T06:03:54.435+0000] {dag.py:4180} INFO - Setting next_dagrun for latest_only to 2025-03-17 00:00:00+00:00, run_after=2025-03-17 04:00:00+00:00
[2025-03-17T06:03:54.505+0000] {processor.py:208} INFO - Processing /home/airflow/.local/lib/python3.12/site-packages/airflow/example_dags/example_latest_only.py took 0.647 seconds
[2025-03-17T06:04:25.024+0000] {processor.py:186} INFO - Started process (PID=193) to work on /home/airflow/.local/lib/python3.12/site-packages/airflow/example_dags/example_latest_only.py
[2025-03-17T06:04:25.026+0000] {processor.py:914} INFO - Processing file /home/airflow/.local/lib/python3.12/site-packages/airflow/example_dags/example_latest_only.py for tasks to queue
[2025-03-17T06:04:25.029+0000] {logging_mixin.py:190} INFO - [2025-03-17T06:04:25.029+0000] {dagbag.py:588} INFO - Filling up the DagBag from /home/airflow/.local/lib/python3.12/site-packages/airflow/example_dags/example_latest_only.py
[2025-03-17T06:04:25.041+0000] {processor.py:925} INFO - DAG(s) 'latest_only' retrieved from /home/airflow/.local/lib/python3.12/site-packages/airflow/example_dags/example_latest_only.py
[2025-03-17T06:04:25.072+0000] {logging_mixin.py:190} INFO - [2025-03-17T06:04:25.072+0000] {dag.py:3239} INFO - Sync 1 DAGs
[2025-03-17T06:04:25.107+0000] {logging_mixin.py:190} INFO - [2025-03-17T06:04:25.107+0000] {dag.py:4180} INFO - Setting next_dagrun for latest_only to 2025-03-17 00:00:00+00:00, run_after=2025-03-17 04:00:00+00:00
[2025-03-17T06:04:25.139+0000] {processor.py:208} INFO - Processing /home/airflow/.local/lib/python3.12/site-packages/airflow/example_dags/example_latest_only.py took 0.123 seconds
[2025-03-17T06:05:02.648+0000] {processor.py:186} INFO - Started process (PID=256) to work on /home/airflow/.local/lib/python3.12/site-packages/airflow/example_dags/example_latest_only.py
[2025-03-17T06:05:02.651+0000] {processor.py:914} INFO - Processing file /home/airflow/.local/lib/python3.12/site-packages/airflow/example_dags/example_latest_only.py for tasks to queue
[2025-03-17T06:05:02.657+0000] {logging_mixin.py:190} INFO - [2025-03-17T06:05:02.657+0000] {dagbag.py:588} INFO - Filling up the DagBag from /home/airflow/.local/lib/python3.12/site-packages/airflow/example_dags/example_latest_only.py
[2025-03-17T06:05:02.676+0000] {processor.py:925} INFO - DAG(s) 'latest_only' retrieved from /home/airflow/.local/lib/python3.12/site-packages/airflow/example_dags/example_latest_only.py
[2025-03-17T06:05:02.722+0000] {logging_mixin.py:190} INFO - [2025-03-17T06:05:02.722+0000] {dag.py:3239} INFO - Sync 1 DAGs
[2025-03-17T06:05:02.777+0000] {logging_mixin.py:190} INFO - [2025-03-17T06:05:02.777+0000] {dag.py:4180} INFO - Setting next_dagrun for latest_only to 2025-03-17 00:00:00+00:00, run_after=2025-03-17 04:00:00+00:00
[2025-03-17T06:05:02.817+0000] {processor.py:208} INFO - Processing /home/airflow/.local/lib/python3.12/site-packages/airflow/example_dags/example_latest_only.py took 0.186 seconds
[2025-03-17T06:05:39.095+0000] {processor.py:186} INFO - Started process (PID=320) to work on /home/airflow/.local/lib/python3.12/site-packages/airflow/example_dags/example_latest_only.py
[2025-03-17T06:05:39.097+0000] {processor.py:914} INFO - Processing file /home/airflow/.local/lib/python3.12/site-packages/airflow/example_dags/example_latest_only.py for tasks to queue
[2025-03-17T06:05:39.103+0000] {logging_mixin.py:190} INFO - [2025-03-17T06:05:39.103+0000] {dagbag.py:588} INFO - Filling up the DagBag from /home/airflow/.local/lib/python3.12/site-packages/airflow/example_dags/example_latest_only.py
[2025-03-17T06:05:39.121+0000] {processor.py:925} INFO - DAG(s) 'latest_only' retrieved from /home/airflow/.local/lib/python3.12/site-packages/airflow/example_dags/example_latest_only.py
[2025-03-17T06:05:39.225+0000] {logging_mixin.py:190} INFO - [2025-03-17T06:05:39.225+0000] {dag.py:3239} INFO - Sync 1 DAGs
[2025-03-17T06:05:39.354+0000] {logging_mixin.py:190} INFO - [2025-03-17T06:05:39.354+0000] {dag.py:4180} INFO - Setting next_dagrun for latest_only to 2025-03-17 00:00:00+00:00, run_after=2025-03-17 04:00:00+00:00
[2025-03-17T06:05:39.444+0000] {processor.py:208} INFO - Processing /home/airflow/.local/lib/python3.12/site-packages/airflow/example_dags/example_latest_only.py took 0.363 seconds
[2025-03-17T06:06:11.264+0000] {processor.py:186} INFO - Started process (PID=389) to work on /home/airflow/.local/lib/python3.12/site-packages/airflow/example_dags/example_latest_only.py
[2025-03-17T06:06:11.266+0000] {processor.py:914} INFO - Processing file /home/airflow/.local/lib/python3.12/site-packages/airflow/example_dags/example_latest_only.py for tasks to queue
[2025-03-17T06:06:11.273+0000] {logging_mixin.py:190} INFO - [2025-03-17T06:06:11.272+0000] {dagbag.py:588} INFO - Filling up the DagBag from /home/airflow/.local/lib/python3.12/site-packages/airflow/example_dags/example_latest_only.py
[2025-03-17T06:06:11.288+0000] {processor.py:925} INFO - DAG(s) 'latest_only' retrieved from /home/airflow/.local/lib/python3.12/site-packages/airflow/example_dags/example_latest_only.py
[2025-03-17T06:06:11.332+0000] {logging_mixin.py:190} INFO - [2025-03-17T06:06:11.331+0000] {dag.py:3239} INFO - Sync 1 DAGs
[2025-03-17T06:06:11.420+0000] {logging_mixin.py:190} INFO - [2025-03-17T06:06:11.419+0000] {dag.py:4180} INFO - Setting next_dagrun for latest_only to 2025-03-17 00:00:00+00:00, run_after=2025-03-17 04:00:00+00:00
[2025-03-17T06:06:11.474+0000] {processor.py:208} INFO - Processing /home/airflow/.local/lib/python3.12/site-packages/airflow/example_dags/example_latest_only.py took 0.226 seconds
[2025-03-17T06:06:46.211+0000] {processor.py:186} INFO - Started process (PID=459) to work on /home/airflow/.local/lib/python3.12/site-packages/airflow/example_dags/example_latest_only.py
[2025-03-17T06:06:46.213+0000] {processor.py:914} INFO - Processing file /home/airflow/.local/lib/python3.12/site-packages/airflow/example_dags/example_latest_only.py for tasks to queue
[2025-03-17T06:06:46.218+0000] {logging_mixin.py:190} INFO - [2025-03-17T06:06:46.218+0000] {dagbag.py:588} INFO - Filling up the DagBag from /home/airflow/.local/lib/python3.12/site-packages/airflow/example_dags/example_latest_only.py
[2025-03-17T06:06:46.234+0000] {processor.py:925} INFO - DAG(s) 'latest_only' retrieved from /home/airflow/.local/lib/python3.12/site-packages/airflow/example_dags/example_latest_only.py
[2025-03-17T06:06:46.279+0000] {logging_mixin.py:190} INFO - [2025-03-17T06:06:46.279+0000] {dag.py:3239} INFO - Sync 1 DAGs
[2025-03-17T06:06:46.354+0000] {logging_mixin.py:190} INFO - [2025-03-17T06:06:46.353+0000] {dag.py:4180} INFO - Setting next_dagrun for latest_only to 2025-03-17 00:00:00+00:00, run_after=2025-03-17 04:00:00+00:00
[2025-03-17T06:06:46.403+0000] {processor.py:208} INFO - Processing /home/airflow/.local/lib/python3.12/site-packages/airflow/example_dags/example_latest_only.py took 0.206 seconds
