[2025-03-17T06:03:49.488+0000] {processor.py:186} INFO - Started process (PID=122) to work on /home/airflow/.local/lib/python3.12/site-packages/airflow/example_dags/example_branch_python_dop_operator_3.py
[2025-03-17T06:03:49.490+0000] {processor.py:914} INFO - Processing file /home/airflow/.local/lib/python3.12/site-packages/airflow/example_dags/example_branch_python_dop_operator_3.py for tasks to queue
[2025-03-17T06:03:49.496+0000] {logging_mixin.py:190} INFO - [2025-03-17T06:03:49.495+0000] {dagbag.py:588} INFO - Filling up the DagBag from /home/airflow/.local/lib/python3.12/site-packages/airflow/example_dags/example_branch_python_dop_operator_3.py
[2025-03-17T06:03:49.524+0000] {processor.py:925} INFO - DAG(s) 'example_branch_dop_operator_v3' retrieved from /home/airflow/.local/lib/python3.12/site-packages/airflow/example_dags/example_branch_python_dop_operator_3.py
[2025-03-17T06:03:49.795+0000] {logging_mixin.py:190} INFO - [2025-03-17T06:03:49.794+0000] {override.py:1912} INFO - Created Permission View: can edit on DAG:example_branch_dop_operator_v3
[2025-03-17T06:03:49.818+0000] {logging_mixin.py:190} INFO - [2025-03-17T06:03:49.817+0000] {override.py:1912} INFO - Created Permission View: can read on DAG:example_branch_dop_operator_v3
[2025-03-17T06:03:49.833+0000] {logging_mixin.py:190} INFO - [2025-03-17T06:03:49.832+0000] {override.py:1912} INFO - Created Permission View: can delete on DAG:example_branch_dop_operator_v3
[2025-03-17T06:03:49.848+0000] {logging_mixin.py:190} INFO - [2025-03-17T06:03:49.847+0000] {override.py:1912} INFO - Created Permission View: menu access on DAG Run:example_branch_dop_operator_v3
[2025-03-17T06:03:49.863+0000] {logging_mixin.py:190} INFO - [2025-03-17T06:03:49.862+0000] {override.py:1912} INFO - Created Permission View: can create on DAG Run:example_branch_dop_operator_v3
[2025-03-17T06:03:49.878+0000] {logging_mixin.py:190} INFO - [2025-03-17T06:03:49.877+0000] {override.py:1912} INFO - Created Permission View: can read on DAG Run:example_branch_dop_operator_v3
[2025-03-17T06:03:49.895+0000] {logging_mixin.py:190} INFO - [2025-03-17T06:03:49.894+0000] {override.py:1912} INFO - Created Permission View: can delete on DAG Run:example_branch_dop_operator_v3
[2025-03-17T06:03:49.896+0000] {logging_mixin.py:190} INFO - [2025-03-17T06:03:49.896+0000] {dag.py:3239} INFO - Sync 1 DAGs
[2025-03-17T06:03:49.927+0000] {logging_mixin.py:190} INFO - [2025-03-17T06:03:49.927+0000] {dag.py:3262} INFO - Creating ORM DAG for example_branch_dop_operator_v3
[2025-03-17T06:03:49.955+0000] {logging_mixin.py:190} INFO - [2025-03-17T06:03:49.955+0000] {dag.py:4180} INFO - Setting next_dagrun for example_branch_dop_operator_v3 to 2025-03-17 06:02:00+00:00, run_after=2025-03-17 06:03:00+00:00
[2025-03-17T06:03:49.992+0000] {processor.py:208} INFO - Processing /home/airflow/.local/lib/python3.12/site-packages/airflow/example_dags/example_branch_python_dop_operator_3.py took 0.517 seconds
[2025-03-17T06:04:20.313+0000] {processor.py:186} INFO - Started process (PID=184) to work on /home/airflow/.local/lib/python3.12/site-packages/airflow/example_dags/example_branch_python_dop_operator_3.py
[2025-03-17T06:04:20.315+0000] {processor.py:914} INFO - Processing file /home/airflow/.local/lib/python3.12/site-packages/airflow/example_dags/example_branch_python_dop_operator_3.py for tasks to queue
[2025-03-17T06:04:20.319+0000] {logging_mixin.py:190} INFO - [2025-03-17T06:04:20.318+0000] {dagbag.py:588} INFO - Filling up the DagBag from /home/airflow/.local/lib/python3.12/site-packages/airflow/example_dags/example_branch_python_dop_operator_3.py
[2025-03-17T06:04:20.336+0000] {processor.py:925} INFO - DAG(s) 'example_branch_dop_operator_v3' retrieved from /home/airflow/.local/lib/python3.12/site-packages/airflow/example_dags/example_branch_python_dop_operator_3.py
[2025-03-17T06:04:20.371+0000] {logging_mixin.py:190} INFO - [2025-03-17T06:04:20.371+0000] {dag.py:3239} INFO - Sync 1 DAGs
[2025-03-17T06:04:20.413+0000] {logging_mixin.py:190} INFO - [2025-03-17T06:04:20.412+0000] {dag.py:4180} INFO - Setting next_dagrun for example_branch_dop_operator_v3 to 2025-03-17 06:03:00+00:00, run_after=2025-03-17 06:04:00+00:00
[2025-03-17T06:04:20.446+0000] {processor.py:208} INFO - Processing /home/airflow/.local/lib/python3.12/site-packages/airflow/example_dags/example_branch_python_dop_operator_3.py took 0.143 seconds
[2025-03-17T06:05:00.388+0000] {processor.py:186} INFO - Started process (PID=248) to work on /home/airflow/.local/lib/python3.12/site-packages/airflow/example_dags/example_branch_python_dop_operator_3.py
[2025-03-17T06:05:00.391+0000] {processor.py:914} INFO - Processing file /home/airflow/.local/lib/python3.12/site-packages/airflow/example_dags/example_branch_python_dop_operator_3.py for tasks to queue
[2025-03-17T06:05:00.397+0000] {logging_mixin.py:190} INFO - [2025-03-17T06:05:00.396+0000] {dagbag.py:588} INFO - Filling up the DagBag from /home/airflow/.local/lib/python3.12/site-packages/airflow/example_dags/example_branch_python_dop_operator_3.py
[2025-03-17T06:05:00.423+0000] {processor.py:925} INFO - DAG(s) 'example_branch_dop_operator_v3' retrieved from /home/airflow/.local/lib/python3.12/site-packages/airflow/example_dags/example_branch_python_dop_operator_3.py
[2025-03-17T06:05:00.486+0000] {logging_mixin.py:190} INFO - [2025-03-17T06:05:00.485+0000] {dag.py:3239} INFO - Sync 1 DAGs
[2025-03-17T06:05:00.563+0000] {logging_mixin.py:190} INFO - [2025-03-17T06:05:00.562+0000] {dag.py:4180} INFO - Setting next_dagrun for example_branch_dop_operator_v3 to 2025-03-17 06:04:00+00:00, run_after=2025-03-17 06:05:00+00:00
[2025-03-17T06:05:00.645+0000] {processor.py:208} INFO - Processing /home/airflow/.local/lib/python3.12/site-packages/airflow/example_dags/example_branch_python_dop_operator_3.py took 0.272 seconds
[2025-03-17T06:05:36.705+0000] {processor.py:186} INFO - Started process (PID=312) to work on /home/airflow/.local/lib/python3.12/site-packages/airflow/example_dags/example_branch_python_dop_operator_3.py
[2025-03-17T06:05:36.708+0000] {processor.py:914} INFO - Processing file /home/airflow/.local/lib/python3.12/site-packages/airflow/example_dags/example_branch_python_dop_operator_3.py for tasks to queue
[2025-03-17T06:05:36.715+0000] {logging_mixin.py:190} INFO - [2025-03-17T06:05:36.714+0000] {dagbag.py:588} INFO - Filling up the DagBag from /home/airflow/.local/lib/python3.12/site-packages/airflow/example_dags/example_branch_python_dop_operator_3.py
[2025-03-17T06:05:36.742+0000] {processor.py:925} INFO - DAG(s) 'example_branch_dop_operator_v3' retrieved from /home/airflow/.local/lib/python3.12/site-packages/airflow/example_dags/example_branch_python_dop_operator_3.py
[2025-03-17T06:05:36.787+0000] {logging_mixin.py:190} INFO - [2025-03-17T06:05:36.786+0000] {dag.py:3239} INFO - Sync 1 DAGs
[2025-03-17T06:05:36.857+0000] {logging_mixin.py:190} INFO - [2025-03-17T06:05:36.856+0000] {dag.py:4180} INFO - Setting next_dagrun for example_branch_dop_operator_v3 to 2025-03-17 06:04:00+00:00, run_after=2025-03-17 06:05:00+00:00
[2025-03-17T06:05:36.914+0000] {processor.py:208} INFO - Processing /home/airflow/.local/lib/python3.12/site-packages/airflow/example_dags/example_branch_python_dop_operator_3.py took 0.226 seconds
[2025-03-17T06:06:09.702+0000] {processor.py:186} INFO - Started process (PID=381) to work on /home/airflow/.local/lib/python3.12/site-packages/airflow/example_dags/example_branch_python_dop_operator_3.py
[2025-03-17T06:06:09.705+0000] {processor.py:914} INFO - Processing file /home/airflow/.local/lib/python3.12/site-packages/airflow/example_dags/example_branch_python_dop_operator_3.py for tasks to queue
[2025-03-17T06:06:09.710+0000] {logging_mixin.py:190} INFO - [2025-03-17T06:06:09.709+0000] {dagbag.py:588} INFO - Filling up the DagBag from /home/airflow/.local/lib/python3.12/site-packages/airflow/example_dags/example_branch_python_dop_operator_3.py
[2025-03-17T06:06:09.740+0000] {processor.py:925} INFO - DAG(s) 'example_branch_dop_operator_v3' retrieved from /home/airflow/.local/lib/python3.12/site-packages/airflow/example_dags/example_branch_python_dop_operator_3.py
[2025-03-17T06:06:09.790+0000] {logging_mixin.py:190} INFO - [2025-03-17T06:06:09.790+0000] {dag.py:3239} INFO - Sync 1 DAGs
[2025-03-17T06:06:09.897+0000] {logging_mixin.py:190} INFO - [2025-03-17T06:06:09.896+0000] {dag.py:4180} INFO - Setting next_dagrun for example_branch_dop_operator_v3 to 2025-03-17 06:05:00+00:00, run_after=2025-03-17 06:06:00+00:00
[2025-03-17T06:06:09.950+0000] {processor.py:208} INFO - Processing /home/airflow/.local/lib/python3.12/site-packages/airflow/example_dags/example_branch_python_dop_operator_3.py took 0.266 seconds
[2025-03-17T06:06:42.764+0000] {processor.py:186} INFO - Started process (PID=444) to work on /home/airflow/.local/lib/python3.12/site-packages/airflow/example_dags/example_branch_python_dop_operator_3.py
[2025-03-17T06:06:42.767+0000] {processor.py:914} INFO - Processing file /home/airflow/.local/lib/python3.12/site-packages/airflow/example_dags/example_branch_python_dop_operator_3.py for tasks to queue
[2025-03-17T06:06:42.777+0000] {logging_mixin.py:190} INFO - [2025-03-17T06:06:42.776+0000] {dagbag.py:588} INFO - Filling up the DagBag from /home/airflow/.local/lib/python3.12/site-packages/airflow/example_dags/example_branch_python_dop_operator_3.py
[2025-03-17T06:06:42.812+0000] {processor.py:925} INFO - DAG(s) 'example_branch_dop_operator_v3' retrieved from /home/airflow/.local/lib/python3.12/site-packages/airflow/example_dags/example_branch_python_dop_operator_3.py
[2025-03-17T06:06:42.918+0000] {logging_mixin.py:190} INFO - [2025-03-17T06:06:42.917+0000] {dag.py:3239} INFO - Sync 1 DAGs
[2025-03-17T06:06:43.033+0000] {logging_mixin.py:190} INFO - [2025-03-17T06:06:43.032+0000] {dag.py:4180} INFO - Setting next_dagrun for example_branch_dop_operator_v3 to 2025-03-17 06:05:00+00:00, run_after=2025-03-17 06:06:00+00:00
[2025-03-17T06:06:43.138+0000] {processor.py:208} INFO - Processing /home/airflow/.local/lib/python3.12/site-packages/airflow/example_dags/example_branch_python_dop_operator_3.py took 0.393 seconds
