[2025-03-17T06:03:51.661+0000] {processor.py:186} INFO - Started process (PID=126) to work on /home/airflow/.local/lib/python3.12/site-packages/airflow/example_dags/example_dataset_alias.py
[2025-03-17T06:03:51.664+0000] {processor.py:914} INFO - Processing file /home/airflow/.local/lib/python3.12/site-packages/airflow/example_dags/example_dataset_alias.py for tasks to queue
[2025-03-17T06:03:51.670+0000] {logging_mixin.py:190} INFO - [2025-03-17T06:03:51.669+0000] {dagbag.py:588} INFO - Filling up the DagBag from /home/airflow/.local/lib/python3.12/site-packages/airflow/example_dags/example_dataset_alias.py
[2025-03-17T06:03:53.319+0000] {processor.py:925} INFO - DAG(s) 'dataset_s3_bucket_producer', 'dataset_alias_example_alias_producer', 'dataset_alias_example_alias_consumer', 'dataset_s3_bucket_consumer' retrieved from /home/airflow/.local/lib/python3.12/site-packages/airflow/example_dags/example_dataset_alias.py
[2025-03-17T06:03:53.528+0000] {logging_mixin.py:190} INFO - [2025-03-17T06:03:53.527+0000] {override.py:1912} INFO - Created Permission View: can edit on DAG:dataset_s3_bucket_producer
[2025-03-17T06:03:53.550+0000] {logging_mixin.py:190} INFO - [2025-03-17T06:03:53.549+0000] {override.py:1912} INFO - Created Permission View: can read on DAG:dataset_s3_bucket_producer
[2025-03-17T06:03:53.563+0000] {logging_mixin.py:190} INFO - [2025-03-17T06:03:53.563+0000] {override.py:1912} INFO - Created Permission View: can delete on DAG:dataset_s3_bucket_producer
[2025-03-17T06:03:53.582+0000] {logging_mixin.py:190} INFO - [2025-03-17T06:03:53.581+0000] {override.py:1912} INFO - Created Permission View: menu access on DAG Run:dataset_s3_bucket_producer
[2025-03-17T06:03:53.597+0000] {logging_mixin.py:190} INFO - [2025-03-17T06:03:53.597+0000] {override.py:1912} INFO - Created Permission View: can create on DAG Run:dataset_s3_bucket_producer
[2025-03-17T06:03:53.615+0000] {logging_mixin.py:190} INFO - [2025-03-17T06:03:53.614+0000] {override.py:1912} INFO - Created Permission View: can read on DAG Run:dataset_s3_bucket_producer
[2025-03-17T06:03:53.629+0000] {logging_mixin.py:190} INFO - [2025-03-17T06:03:53.628+0000] {override.py:1912} INFO - Created Permission View: can delete on DAG Run:dataset_s3_bucket_producer
[2025-03-17T06:03:53.659+0000] {logging_mixin.py:190} INFO - [2025-03-17T06:03:53.659+0000] {override.py:1912} INFO - Created Permission View: can edit on DAG:dataset_alias_example_alias_producer
[2025-03-17T06:03:53.673+0000] {logging_mixin.py:190} INFO - [2025-03-17T06:03:53.673+0000] {override.py:1912} INFO - Created Permission View: can read on DAG:dataset_alias_example_alias_producer
[2025-03-17T06:03:53.691+0000] {logging_mixin.py:190} INFO - [2025-03-17T06:03:53.690+0000] {override.py:1912} INFO - Created Permission View: can delete on DAG:dataset_alias_example_alias_producer
[2025-03-17T06:03:53.707+0000] {logging_mixin.py:190} INFO - [2025-03-17T06:03:53.707+0000] {override.py:1912} INFO - Created Permission View: menu access on DAG Run:dataset_alias_example_alias_producer
[2025-03-17T06:03:53.723+0000] {logging_mixin.py:190} INFO - [2025-03-17T06:03:53.722+0000] {override.py:1912} INFO - Created Permission View: can create on DAG Run:dataset_alias_example_alias_producer
[2025-03-17T06:03:53.740+0000] {logging_mixin.py:190} INFO - [2025-03-17T06:03:53.739+0000] {override.py:1912} INFO - Created Permission View: can read on DAG Run:dataset_alias_example_alias_producer
[2025-03-17T06:03:53.770+0000] {logging_mixin.py:190} INFO - [2025-03-17T06:03:53.769+0000] {override.py:1912} INFO - Created Permission View: can delete on DAG Run:dataset_alias_example_alias_producer
[2025-03-17T06:03:53.802+0000] {logging_mixin.py:190} INFO - [2025-03-17T06:03:53.802+0000] {override.py:1912} INFO - Created Permission View: can edit on DAG:dataset_alias_example_alias_consumer
[2025-03-17T06:03:53.823+0000] {logging_mixin.py:190} INFO - [2025-03-17T06:03:53.822+0000] {override.py:1912} INFO - Created Permission View: can read on DAG:dataset_alias_example_alias_consumer
[2025-03-17T06:03:53.841+0000] {logging_mixin.py:190} INFO - [2025-03-17T06:03:53.841+0000] {override.py:1912} INFO - Created Permission View: can delete on DAG:dataset_alias_example_alias_consumer
[2025-03-17T06:03:53.859+0000] {logging_mixin.py:190} INFO - [2025-03-17T06:03:53.859+0000] {override.py:1912} INFO - Created Permission View: menu access on DAG Run:dataset_alias_example_alias_consumer
[2025-03-17T06:03:53.876+0000] {logging_mixin.py:190} INFO - [2025-03-17T06:03:53.875+0000] {override.py:1912} INFO - Created Permission View: can create on DAG Run:dataset_alias_example_alias_consumer
[2025-03-17T06:03:53.900+0000] {logging_mixin.py:190} INFO - [2025-03-17T06:03:53.899+0000] {override.py:1912} INFO - Created Permission View: can read on DAG Run:dataset_alias_example_alias_consumer
[2025-03-17T06:03:53.916+0000] {logging_mixin.py:190} INFO - [2025-03-17T06:03:53.915+0000] {override.py:1912} INFO - Created Permission View: can delete on DAG Run:dataset_alias_example_alias_consumer
[2025-03-17T06:03:53.948+0000] {logging_mixin.py:190} INFO - [2025-03-17T06:03:53.947+0000] {override.py:1912} INFO - Created Permission View: can edit on DAG:dataset_s3_bucket_consumer
[2025-03-17T06:03:53.963+0000] {logging_mixin.py:190} INFO - [2025-03-17T06:03:53.963+0000] {override.py:1912} INFO - Created Permission View: can read on DAG:dataset_s3_bucket_consumer
[2025-03-17T06:03:53.980+0000] {logging_mixin.py:190} INFO - [2025-03-17T06:03:53.980+0000] {override.py:1912} INFO - Created Permission View: can delete on DAG:dataset_s3_bucket_consumer
[2025-03-17T06:03:53.995+0000] {logging_mixin.py:190} INFO - [2025-03-17T06:03:53.994+0000] {override.py:1912} INFO - Created Permission View: menu access on DAG Run:dataset_s3_bucket_consumer
[2025-03-17T06:03:54.007+0000] {logging_mixin.py:190} INFO - [2025-03-17T06:03:54.007+0000] {override.py:1912} INFO - Created Permission View: can create on DAG Run:dataset_s3_bucket_consumer
[2025-03-17T06:03:54.021+0000] {logging_mixin.py:190} INFO - [2025-03-17T06:03:54.020+0000] {override.py:1912} INFO - Created Permission View: can read on DAG Run:dataset_s3_bucket_consumer
[2025-03-17T06:03:54.040+0000] {logging_mixin.py:190} INFO - [2025-03-17T06:03:54.039+0000] {override.py:1912} INFO - Created Permission View: can delete on DAG Run:dataset_s3_bucket_consumer
[2025-03-17T06:03:54.042+0000] {logging_mixin.py:190} INFO - [2025-03-17T06:03:54.041+0000] {dag.py:3239} INFO - Sync 4 DAGs
[2025-03-17T06:03:54.072+0000] {logging_mixin.py:190} INFO - [2025-03-17T06:03:54.071+0000] {dag.py:3262} INFO - Creating ORM DAG for dataset_alias_example_alias_consumer
[2025-03-17T06:03:54.074+0000] {logging_mixin.py:190} INFO - [2025-03-17T06:03:54.074+0000] {dag.py:3262} INFO - Creating ORM DAG for dataset_alias_example_alias_producer
[2025-03-17T06:03:54.077+0000] {logging_mixin.py:190} INFO - [2025-03-17T06:03:54.076+0000] {dag.py:3262} INFO - Creating ORM DAG for dataset_s3_bucket_producer
[2025-03-17T06:03:54.078+0000] {logging_mixin.py:190} INFO - [2025-03-17T06:03:54.078+0000] {dag.py:3262} INFO - Creating ORM DAG for dataset_s3_bucket_consumer
[2025-03-17T06:03:54.097+0000] {logging_mixin.py:190} INFO - [2025-03-17T06:03:54.097+0000] {dag.py:4180} INFO - Setting next_dagrun for dataset_alias_example_alias_consumer to None, run_after=None
[2025-03-17T06:03:54.099+0000] {logging_mixin.py:190} INFO - [2025-03-17T06:03:54.099+0000] {dag.py:4180} INFO - Setting next_dagrun for dataset_alias_example_alias_producer to None, run_after=None
[2025-03-17T06:03:54.101+0000] {logging_mixin.py:190} INFO - [2025-03-17T06:03:54.101+0000] {dag.py:4180} INFO - Setting next_dagrun for dataset_s3_bucket_consumer to None, run_after=None
[2025-03-17T06:03:54.104+0000] {logging_mixin.py:190} INFO - [2025-03-17T06:03:54.103+0000] {dag.py:4180} INFO - Setting next_dagrun for dataset_s3_bucket_producer to None, run_after=None
[2025-03-17T06:03:54.194+0000] {processor.py:208} INFO - Processing /home/airflow/.local/lib/python3.12/site-packages/airflow/example_dags/example_dataset_alias.py took 2.548 seconds
[2025-03-17T06:04:25.024+0000] {processor.py:186} INFO - Started process (PID=192) to work on /home/airflow/.local/lib/python3.12/site-packages/airflow/example_dags/example_dataset_alias.py
[2025-03-17T06:04:25.026+0000] {processor.py:914} INFO - Processing file /home/airflow/.local/lib/python3.12/site-packages/airflow/example_dags/example_dataset_alias.py for tasks to queue
[2025-03-17T06:04:25.030+0000] {logging_mixin.py:190} INFO - [2025-03-17T06:04:25.029+0000] {dagbag.py:588} INFO - Filling up the DagBag from /home/airflow/.local/lib/python3.12/site-packages/airflow/example_dags/example_dataset_alias.py
[2025-03-17T06:04:25.901+0000] {processor.py:925} INFO - DAG(s) 'dataset_s3_bucket_consumer', 'dataset_alias_example_alias_producer', 'dataset_alias_example_alias_consumer', 'dataset_s3_bucket_producer' retrieved from /home/airflow/.local/lib/python3.12/site-packages/airflow/example_dags/example_dataset_alias.py
[2025-03-17T06:04:25.935+0000] {logging_mixin.py:190} INFO - [2025-03-17T06:04:25.935+0000] {dag.py:3239} INFO - Sync 4 DAGs
[2025-03-17T06:04:25.968+0000] {logging_mixin.py:190} INFO - [2025-03-17T06:04:25.968+0000] {dag.py:4180} INFO - Setting next_dagrun for dataset_alias_example_alias_consumer to None, run_after=None
[2025-03-17T06:04:25.972+0000] {logging_mixin.py:190} INFO - [2025-03-17T06:04:25.972+0000] {dag.py:4180} INFO - Setting next_dagrun for dataset_alias_example_alias_producer to None, run_after=None
[2025-03-17T06:04:25.975+0000] {logging_mixin.py:190} INFO - [2025-03-17T06:04:25.974+0000] {dag.py:4180} INFO - Setting next_dagrun for dataset_s3_bucket_consumer to None, run_after=None
[2025-03-17T06:04:25.977+0000] {logging_mixin.py:190} INFO - [2025-03-17T06:04:25.977+0000] {dag.py:4180} INFO - Setting next_dagrun for dataset_s3_bucket_producer to None, run_after=None
[2025-03-17T06:04:26.007+0000] {processor.py:208} INFO - Processing /home/airflow/.local/lib/python3.12/site-packages/airflow/example_dags/example_dataset_alias.py took 0.991 seconds
[2025-03-17T06:05:01.616+0000] {processor.py:186} INFO - Started process (PID=252) to work on /home/airflow/.local/lib/python3.12/site-packages/airflow/example_dags/example_dataset_alias.py
[2025-03-17T06:05:01.618+0000] {processor.py:914} INFO - Processing file /home/airflow/.local/lib/python3.12/site-packages/airflow/example_dags/example_dataset_alias.py for tasks to queue
[2025-03-17T06:05:01.624+0000] {logging_mixin.py:190} INFO - [2025-03-17T06:05:01.623+0000] {dagbag.py:588} INFO - Filling up the DagBag from /home/airflow/.local/lib/python3.12/site-packages/airflow/example_dags/example_dataset_alias.py
[2025-03-17T06:05:03.375+0000] {processor.py:925} INFO - DAG(s) 'dataset_s3_bucket_producer', 'dataset_alias_example_alias_producer', 'dataset_s3_bucket_consumer', 'dataset_alias_example_alias_consumer' retrieved from /home/airflow/.local/lib/python3.12/site-packages/airflow/example_dags/example_dataset_alias.py
[2025-03-17T06:05:03.529+0000] {logging_mixin.py:190} INFO - [2025-03-17T06:05:03.528+0000] {dag.py:3239} INFO - Sync 4 DAGs
[2025-03-17T06:05:03.644+0000] {logging_mixin.py:190} INFO - [2025-03-17T06:05:03.643+0000] {dag.py:4180} INFO - Setting next_dagrun for dataset_alias_example_alias_consumer to None, run_after=None
[2025-03-17T06:05:03.657+0000] {logging_mixin.py:190} INFO - [2025-03-17T06:05:03.656+0000] {dag.py:4180} INFO - Setting next_dagrun for dataset_alias_example_alias_producer to None, run_after=None
[2025-03-17T06:05:03.664+0000] {logging_mixin.py:190} INFO - [2025-03-17T06:05:03.664+0000] {dag.py:4180} INFO - Setting next_dagrun for dataset_s3_bucket_consumer to None, run_after=None
[2025-03-17T06:05:03.670+0000] {logging_mixin.py:190} INFO - [2025-03-17T06:05:03.670+0000] {dag.py:4180} INFO - Setting next_dagrun for dataset_s3_bucket_producer to None, run_after=None
[2025-03-17T06:05:03.762+0000] {processor.py:208} INFO - Processing /home/airflow/.local/lib/python3.12/site-packages/airflow/example_dags/example_dataset_alias.py took 2.166 seconds
[2025-03-17T06:05:38.030+0000] {processor.py:186} INFO - Started process (PID=316) to work on /home/airflow/.local/lib/python3.12/site-packages/airflow/example_dags/example_dataset_alias.py
[2025-03-17T06:05:38.035+0000] {processor.py:914} INFO - Processing file /home/airflow/.local/lib/python3.12/site-packages/airflow/example_dags/example_dataset_alias.py for tasks to queue
[2025-03-17T06:05:38.048+0000] {logging_mixin.py:190} INFO - [2025-03-17T06:05:38.047+0000] {dagbag.py:588} INFO - Filling up the DagBag from /home/airflow/.local/lib/python3.12/site-packages/airflow/example_dags/example_dataset_alias.py
[2025-03-17T06:05:39.965+0000] {processor.py:925} INFO - DAG(s) 'dataset_alias_example_alias_producer', 'dataset_s3_bucket_producer', 'dataset_alias_example_alias_consumer', 'dataset_s3_bucket_consumer' retrieved from /home/airflow/.local/lib/python3.12/site-packages/airflow/example_dags/example_dataset_alias.py
[2025-03-17T06:05:40.032+0000] {logging_mixin.py:190} INFO - [2025-03-17T06:05:40.031+0000] {dag.py:3239} INFO - Sync 4 DAGs
[2025-03-17T06:05:40.107+0000] {logging_mixin.py:190} INFO - [2025-03-17T06:05:40.106+0000] {dag.py:4180} INFO - Setting next_dagrun for dataset_alias_example_alias_consumer to None, run_after=None
[2025-03-17T06:05:40.115+0000] {logging_mixin.py:190} INFO - [2025-03-17T06:05:40.114+0000] {dag.py:4180} INFO - Setting next_dagrun for dataset_alias_example_alias_producer to None, run_after=None
[2025-03-17T06:05:40.119+0000] {logging_mixin.py:190} INFO - [2025-03-17T06:05:40.118+0000] {dag.py:4180} INFO - Setting next_dagrun for dataset_s3_bucket_consumer to None, run_after=None
[2025-03-17T06:05:40.123+0000] {logging_mixin.py:190} INFO - [2025-03-17T06:05:40.123+0000] {dag.py:4180} INFO - Setting next_dagrun for dataset_s3_bucket_producer to None, run_after=None
[2025-03-17T06:05:40.184+0000] {processor.py:208} INFO - Processing /home/airflow/.local/lib/python3.12/site-packages/airflow/example_dags/example_dataset_alias.py took 2.173 seconds
[2025-03-17T06:06:10.326+0000] {processor.py:186} INFO - Started process (PID=385) to work on /home/airflow/.local/lib/python3.12/site-packages/airflow/example_dags/example_dataset_alias.py
[2025-03-17T06:06:10.329+0000] {processor.py:914} INFO - Processing file /home/airflow/.local/lib/python3.12/site-packages/airflow/example_dags/example_dataset_alias.py for tasks to queue
[2025-03-17T06:06:10.336+0000] {logging_mixin.py:190} INFO - [2025-03-17T06:06:10.335+0000] {dagbag.py:588} INFO - Filling up the DagBag from /home/airflow/.local/lib/python3.12/site-packages/airflow/example_dags/example_dataset_alias.py
[2025-03-17T06:06:11.734+0000] {processor.py:925} INFO - DAG(s) 'dataset_s3_bucket_producer', 'dataset_s3_bucket_consumer', 'dataset_alias_example_alias_producer', 'dataset_alias_example_alias_consumer' retrieved from /home/airflow/.local/lib/python3.12/site-packages/airflow/example_dags/example_dataset_alias.py
[2025-03-17T06:06:11.784+0000] {logging_mixin.py:190} INFO - [2025-03-17T06:06:11.783+0000] {dag.py:3239} INFO - Sync 4 DAGs
[2025-03-17T06:06:11.849+0000] {logging_mixin.py:190} INFO - [2025-03-17T06:06:11.849+0000] {dag.py:4180} INFO - Setting next_dagrun for dataset_alias_example_alias_consumer to None, run_after=None
[2025-03-17T06:06:11.857+0000] {logging_mixin.py:190} INFO - [2025-03-17T06:06:11.857+0000] {dag.py:4180} INFO - Setting next_dagrun for dataset_alias_example_alias_producer to None, run_after=None
[2025-03-17T06:06:11.862+0000] {logging_mixin.py:190} INFO - [2025-03-17T06:06:11.861+0000] {dag.py:4180} INFO - Setting next_dagrun for dataset_s3_bucket_consumer to None, run_after=None
[2025-03-17T06:06:11.866+0000] {logging_mixin.py:190} INFO - [2025-03-17T06:06:11.865+0000] {dag.py:4180} INFO - Setting next_dagrun for dataset_s3_bucket_producer to None, run_after=None
[2025-03-17T06:06:11.920+0000] {processor.py:208} INFO - Processing /home/airflow/.local/lib/python3.12/site-packages/airflow/example_dags/example_dataset_alias.py took 1.617 seconds
[2025-03-17T06:06:44.807+0000] {processor.py:186} INFO - Started process (PID=455) to work on /home/airflow/.local/lib/python3.12/site-packages/airflow/example_dags/example_dataset_alias.py
[2025-03-17T06:06:44.809+0000] {processor.py:914} INFO - Processing file /home/airflow/.local/lib/python3.12/site-packages/airflow/example_dags/example_dataset_alias.py for tasks to queue
[2025-03-17T06:06:44.814+0000] {logging_mixin.py:190} INFO - [2025-03-17T06:06:44.813+0000] {dagbag.py:588} INFO - Filling up the DagBag from /home/airflow/.local/lib/python3.12/site-packages/airflow/example_dags/example_dataset_alias.py
[2025-03-17T06:06:45.988+0000] {processor.py:925} INFO - DAG(s) 'dataset_s3_bucket_producer', 'dataset_alias_example_alias_producer', 'dataset_alias_example_alias_consumer', 'dataset_s3_bucket_consumer' retrieved from /home/airflow/.local/lib/python3.12/site-packages/airflow/example_dags/example_dataset_alias.py
[2025-03-17T06:06:46.038+0000] {logging_mixin.py:190} INFO - [2025-03-17T06:06:46.037+0000] {dag.py:3239} INFO - Sync 4 DAGs
[2025-03-17T06:06:46.091+0000] {logging_mixin.py:190} INFO - [2025-03-17T06:06:46.090+0000] {dag.py:4180} INFO - Setting next_dagrun for dataset_alias_example_alias_consumer to None, run_after=None
[2025-03-17T06:06:46.102+0000] {logging_mixin.py:190} INFO - [2025-03-17T06:06:46.101+0000] {dag.py:4180} INFO - Setting next_dagrun for dataset_alias_example_alias_producer to None, run_after=None
[2025-03-17T06:06:46.107+0000] {logging_mixin.py:190} INFO - [2025-03-17T06:06:46.107+0000] {dag.py:4180} INFO - Setting next_dagrun for dataset_s3_bucket_consumer to None, run_after=None
[2025-03-17T06:06:46.110+0000] {logging_mixin.py:190} INFO - [2025-03-17T06:06:46.110+0000] {dag.py:4180} INFO - Setting next_dagrun for dataset_s3_bucket_producer to None, run_after=None
[2025-03-17T06:06:46.165+0000] {processor.py:208} INFO - Processing /home/airflow/.local/lib/python3.12/site-packages/airflow/example_dags/example_dataset_alias.py took 1.369 seconds
