[2025-03-17T06:03:45.236+0000] {processor.py:186} INFO - Started process (PID=115) to work on /home/airflow/.local/lib/python3.12/site-packages/airflow/example_dags/tutorial_taskflow_api.py
[2025-03-17T06:03:45.238+0000] {processor.py:914} INFO - Processing file /home/airflow/.local/lib/python3.12/site-packages/airflow/example_dags/tutorial_taskflow_api.py for tasks to queue
[2025-03-17T06:03:45.243+0000] {logging_mixin.py:190} INFO - [2025-03-17T06:03:45.242+0000] {dagbag.py:588} INFO - Filling up the DagBag from /home/airflow/.local/lib/python3.12/site-packages/airflow/example_dags/tutorial_taskflow_api.py
[2025-03-17T06:03:45.267+0000] {processor.py:925} INFO - DAG(s) 'tutorial_taskflow_api' retrieved from /home/airflow/.local/lib/python3.12/site-packages/airflow/example_dags/tutorial_taskflow_api.py
[2025-03-17T06:03:45.523+0000] {logging_mixin.py:190} INFO - [2025-03-17T06:03:45.522+0000] {override.py:1912} INFO - Created Permission View: can edit on DAG:tutorial_taskflow_api
[2025-03-17T06:03:45.540+0000] {logging_mixin.py:190} INFO - [2025-03-17T06:03:45.540+0000] {override.py:1912} INFO - Created Permission View: can read on DAG:tutorial_taskflow_api
[2025-03-17T06:03:45.556+0000] {logging_mixin.py:190} INFO - [2025-03-17T06:03:45.555+0000] {override.py:1912} INFO - Created Permission View: can delete on DAG:tutorial_taskflow_api
[2025-03-17T06:03:45.568+0000] {logging_mixin.py:190} INFO - [2025-03-17T06:03:45.568+0000] {override.py:1912} INFO - Created Permission View: menu access on DAG Run:tutorial_taskflow_api
[2025-03-17T06:03:45.582+0000] {logging_mixin.py:190} INFO - [2025-03-17T06:03:45.582+0000] {override.py:1912} INFO - Created Permission View: can create on DAG Run:tutorial_taskflow_api
[2025-03-17T06:03:45.600+0000] {logging_mixin.py:190} INFO - [2025-03-17T06:03:45.599+0000] {override.py:1912} INFO - Created Permission View: can read on DAG Run:tutorial_taskflow_api
[2025-03-17T06:03:45.616+0000] {logging_mixin.py:190} INFO - [2025-03-17T06:03:45.616+0000] {override.py:1912} INFO - Created Permission View: can delete on DAG Run:tutorial_taskflow_api
[2025-03-17T06:03:45.618+0000] {logging_mixin.py:190} INFO - [2025-03-17T06:03:45.617+0000] {dag.py:3239} INFO - Sync 1 DAGs
[2025-03-17T06:03:45.646+0000] {logging_mixin.py:190} INFO - [2025-03-17T06:03:45.646+0000] {dag.py:3262} INFO - Creating ORM DAG for tutorial_taskflow_api
[2025-03-17T06:03:45.648+0000] {logging_mixin.py:190} INFO - [2025-03-17T06:03:45.647+0000] {dag.py:4180} INFO - Setting next_dagrun for tutorial_taskflow_api to None, run_after=None
[2025-03-17T06:03:45.680+0000] {processor.py:208} INFO - Processing /home/airflow/.local/lib/python3.12/site-packages/airflow/example_dags/tutorial_taskflow_api.py took 0.458 seconds
[2025-03-17T06:04:16.022+0000] {processor.py:186} INFO - Started process (PID=178) to work on /home/airflow/.local/lib/python3.12/site-packages/airflow/example_dags/tutorial_taskflow_api.py
[2025-03-17T06:04:16.025+0000] {processor.py:914} INFO - Processing file /home/airflow/.local/lib/python3.12/site-packages/airflow/example_dags/tutorial_taskflow_api.py for tasks to queue
[2025-03-17T06:04:16.030+0000] {logging_mixin.py:190} INFO - [2025-03-17T06:04:16.030+0000] {dagbag.py:588} INFO - Filling up the DagBag from /home/airflow/.local/lib/python3.12/site-packages/airflow/example_dags/tutorial_taskflow_api.py
[2025-03-17T06:04:16.057+0000] {processor.py:925} INFO - DAG(s) 'tutorial_taskflow_api' retrieved from /home/airflow/.local/lib/python3.12/site-packages/airflow/example_dags/tutorial_taskflow_api.py
[2025-03-17T06:04:16.112+0000] {logging_mixin.py:190} INFO - [2025-03-17T06:04:16.112+0000] {dag.py:3239} INFO - Sync 1 DAGs
[2025-03-17T06:04:16.159+0000] {logging_mixin.py:190} INFO - [2025-03-17T06:04:16.158+0000] {dag.py:4180} INFO - Setting next_dagrun for tutorial_taskflow_api to None, run_after=None
[2025-03-17T06:04:16.207+0000] {processor.py:208} INFO - Processing /home/airflow/.local/lib/python3.12/site-packages/airflow/example_dags/tutorial_taskflow_api.py took 0.197 seconds
[2025-03-17T06:04:57.044+0000] {processor.py:186} INFO - Started process (PID=241) to work on /home/airflow/.local/lib/python3.12/site-packages/airflow/example_dags/tutorial_taskflow_api.py
[2025-03-17T06:04:57.047+0000] {processor.py:914} INFO - Processing file /home/airflow/.local/lib/python3.12/site-packages/airflow/example_dags/tutorial_taskflow_api.py for tasks to queue
[2025-03-17T06:04:57.052+0000] {logging_mixin.py:190} INFO - [2025-03-17T06:04:57.052+0000] {dagbag.py:588} INFO - Filling up the DagBag from /home/airflow/.local/lib/python3.12/site-packages/airflow/example_dags/tutorial_taskflow_api.py
[2025-03-17T06:04:57.072+0000] {processor.py:925} INFO - DAG(s) 'tutorial_taskflow_api' retrieved from /home/airflow/.local/lib/python3.12/site-packages/airflow/example_dags/tutorial_taskflow_api.py
[2025-03-17T06:04:57.123+0000] {logging_mixin.py:190} INFO - [2025-03-17T06:04:57.123+0000] {dag.py:3239} INFO - Sync 1 DAGs
[2025-03-17T06:04:57.174+0000] {logging_mixin.py:190} INFO - [2025-03-17T06:04:57.173+0000] {dag.py:4180} INFO - Setting next_dagrun for tutorial_taskflow_api to None, run_after=None
[2025-03-17T06:04:57.240+0000] {processor.py:208} INFO - Processing /home/airflow/.local/lib/python3.12/site-packages/airflow/example_dags/tutorial_taskflow_api.py took 0.213 seconds
[2025-03-17T06:05:33.434+0000] {processor.py:186} INFO - Started process (PID=304) to work on /home/airflow/.local/lib/python3.12/site-packages/airflow/example_dags/tutorial_taskflow_api.py
[2025-03-17T06:05:33.439+0000] {processor.py:914} INFO - Processing file /home/airflow/.local/lib/python3.12/site-packages/airflow/example_dags/tutorial_taskflow_api.py for tasks to queue
[2025-03-17T06:05:33.449+0000] {logging_mixin.py:190} INFO - [2025-03-17T06:05:33.447+0000] {dagbag.py:588} INFO - Filling up the DagBag from /home/airflow/.local/lib/python3.12/site-packages/airflow/example_dags/tutorial_taskflow_api.py
[2025-03-17T06:05:33.485+0000] {processor.py:925} INFO - DAG(s) 'tutorial_taskflow_api' retrieved from /home/airflow/.local/lib/python3.12/site-packages/airflow/example_dags/tutorial_taskflow_api.py
[2025-03-17T06:05:33.553+0000] {logging_mixin.py:190} INFO - [2025-03-17T06:05:33.553+0000] {dag.py:3239} INFO - Sync 1 DAGs
[2025-03-17T06:05:33.602+0000] {logging_mixin.py:190} INFO - [2025-03-17T06:05:33.601+0000] {dag.py:4180} INFO - Setting next_dagrun for tutorial_taskflow_api to None, run_after=None
[2025-03-17T06:05:33.665+0000] {processor.py:208} INFO - Processing /home/airflow/.local/lib/python3.12/site-packages/airflow/example_dags/tutorial_taskflow_api.py took 0.254 seconds
[2025-03-17T06:06:06.977+0000] {processor.py:186} INFO - Started process (PID=368) to work on /home/airflow/.local/lib/python3.12/site-packages/airflow/example_dags/tutorial_taskflow_api.py
[2025-03-17T06:06:06.980+0000] {processor.py:914} INFO - Processing file /home/airflow/.local/lib/python3.12/site-packages/airflow/example_dags/tutorial_taskflow_api.py for tasks to queue
[2025-03-17T06:06:06.994+0000] {logging_mixin.py:190} INFO - [2025-03-17T06:06:06.993+0000] {dagbag.py:588} INFO - Filling up the DagBag from /home/airflow/.local/lib/python3.12/site-packages/airflow/example_dags/tutorial_taskflow_api.py
[2025-03-17T06:06:07.036+0000] {processor.py:925} INFO - DAG(s) 'tutorial_taskflow_api' retrieved from /home/airflow/.local/lib/python3.12/site-packages/airflow/example_dags/tutorial_taskflow_api.py
[2025-03-17T06:06:07.102+0000] {logging_mixin.py:190} INFO - [2025-03-17T06:06:07.102+0000] {dag.py:3239} INFO - Sync 1 DAGs
[2025-03-17T06:06:07.161+0000] {logging_mixin.py:190} INFO - [2025-03-17T06:06:07.160+0000] {dag.py:4180} INFO - Setting next_dagrun for tutorial_taskflow_api to None, run_after=None
[2025-03-17T06:06:07.219+0000] {processor.py:208} INFO - Processing /home/airflow/.local/lib/python3.12/site-packages/airflow/example_dags/tutorial_taskflow_api.py took 0.269 seconds
[2025-03-17T06:06:37.342+0000] {processor.py:186} INFO - Started process (PID=431) to work on /home/airflow/.local/lib/python3.12/site-packages/airflow/example_dags/tutorial_taskflow_api.py
[2025-03-17T06:06:37.344+0000] {processor.py:914} INFO - Processing file /home/airflow/.local/lib/python3.12/site-packages/airflow/example_dags/tutorial_taskflow_api.py for tasks to queue
[2025-03-17T06:06:37.350+0000] {logging_mixin.py:190} INFO - [2025-03-17T06:06:37.349+0000] {dagbag.py:588} INFO - Filling up the DagBag from /home/airflow/.local/lib/python3.12/site-packages/airflow/example_dags/tutorial_taskflow_api.py
[2025-03-17T06:06:37.372+0000] {processor.py:925} INFO - DAG(s) 'tutorial_taskflow_api' retrieved from /home/airflow/.local/lib/python3.12/site-packages/airflow/example_dags/tutorial_taskflow_api.py
[2025-03-17T06:06:37.474+0000] {logging_mixin.py:190} INFO - [2025-03-17T06:06:37.473+0000] {dag.py:3239} INFO - Sync 1 DAGs
[2025-03-17T06:06:37.541+0000] {logging_mixin.py:190} INFO - [2025-03-17T06:06:37.540+0000] {dag.py:4180} INFO - Setting next_dagrun for tutorial_taskflow_api to None, run_after=None
[2025-03-17T06:06:37.630+0000] {processor.py:208} INFO - Processing /home/airflow/.local/lib/python3.12/site-packages/airflow/example_dags/tutorial_taskflow_api.py took 0.304 seconds
[2025-03-17T06:07:08.320+0000] {processor.py:186} INFO - Started process (PID=494) to work on /home/airflow/.local/lib/python3.12/site-packages/airflow/example_dags/tutorial_taskflow_api.py
[2025-03-17T06:07:08.322+0000] {processor.py:914} INFO - Processing file /home/airflow/.local/lib/python3.12/site-packages/airflow/example_dags/tutorial_taskflow_api.py for tasks to queue
[2025-03-17T06:07:08.327+0000] {logging_mixin.py:190} INFO - [2025-03-17T06:07:08.326+0000] {dagbag.py:588} INFO - Filling up the DagBag from /home/airflow/.local/lib/python3.12/site-packages/airflow/example_dags/tutorial_taskflow_api.py
[2025-03-17T06:07:08.343+0000] {processor.py:925} INFO - DAG(s) 'tutorial_taskflow_api' retrieved from /home/airflow/.local/lib/python3.12/site-packages/airflow/example_dags/tutorial_taskflow_api.py
[2025-03-17T06:07:08.379+0000] {logging_mixin.py:190} INFO - [2025-03-17T06:07:08.379+0000] {dag.py:3239} INFO - Sync 1 DAGs
[2025-03-17T06:07:08.406+0000] {logging_mixin.py:190} INFO - [2025-03-17T06:07:08.406+0000] {dag.py:4180} INFO - Setting next_dagrun for tutorial_taskflow_api to None, run_after=None
[2025-03-17T06:07:08.440+0000] {processor.py:208} INFO - Processing /home/airflow/.local/lib/python3.12/site-packages/airflow/example_dags/tutorial_taskflow_api.py took 0.131 seconds
