[2025-03-17T06:03:45.300+0000] {processor.py:186} INFO - Started process (PID=116) to work on /home/airflow/.local/lib/python3.12/site-packages/airflow/example_dags/tutorial_objectstorage.py
[2025-03-17T06:03:45.302+0000] {processor.py:914} INFO - Processing file /home/airflow/.local/lib/python3.12/site-packages/airflow/example_dags/tutorial_objectstorage.py for tasks to queue
[2025-03-17T06:03:45.306+0000] {logging_mixin.py:190} INFO - [2025-03-17T06:03:45.306+0000] {dagbag.py:588} INFO - Filling up the DagBag from /home/airflow/.local/lib/python3.12/site-packages/airflow/example_dags/tutorial_objectstorage.py
[2025-03-17T06:03:45.334+0000] {processor.py:925} INFO - DAG(s) 'tutorial_objectstorage' retrieved from /home/airflow/.local/lib/python3.12/site-packages/airflow/example_dags/tutorial_objectstorage.py
[2025-03-17T06:03:45.572+0000] {logging_mixin.py:190} INFO - [2025-03-17T06:03:45.571+0000] {override.py:1912} INFO - Created Permission View: can edit on DAG:tutorial_objectstorage
[2025-03-17T06:03:45.598+0000] {logging_mixin.py:190} INFO - [2025-03-17T06:03:45.598+0000] {override.py:1912} INFO - Created Permission View: can read on DAG:tutorial_objectstorage
[2025-03-17T06:03:45.615+0000] {logging_mixin.py:190} INFO - [2025-03-17T06:03:45.614+0000] {override.py:1912} INFO - Created Permission View: can delete on DAG:tutorial_objectstorage
[2025-03-17T06:03:45.631+0000] {logging_mixin.py:190} INFO - [2025-03-17T06:03:45.630+0000] {override.py:1912} INFO - Created Permission View: menu access on DAG Run:tutorial_objectstorage
[2025-03-17T06:03:45.645+0000] {logging_mixin.py:190} INFO - [2025-03-17T06:03:45.645+0000] {override.py:1912} INFO - Created Permission View: can create on DAG Run:tutorial_objectstorage
[2025-03-17T06:03:45.661+0000] {logging_mixin.py:190} INFO - [2025-03-17T06:03:45.660+0000] {override.py:1912} INFO - Created Permission View: can read on DAG Run:tutorial_objectstorage
[2025-03-17T06:03:45.675+0000] {logging_mixin.py:190} INFO - [2025-03-17T06:03:45.674+0000] {override.py:1912} INFO - Created Permission View: can delete on DAG Run:tutorial_objectstorage
[2025-03-17T06:03:45.676+0000] {logging_mixin.py:190} INFO - [2025-03-17T06:03:45.676+0000] {dag.py:3239} INFO - Sync 1 DAGs
[2025-03-17T06:03:45.709+0000] {logging_mixin.py:190} INFO - [2025-03-17T06:03:45.709+0000] {dag.py:3262} INFO - Creating ORM DAG for tutorial_objectstorage
[2025-03-17T06:03:45.711+0000] {logging_mixin.py:190} INFO - [2025-03-17T06:03:45.711+0000] {dag.py:4180} INFO - Setting next_dagrun for tutorial_objectstorage to None, run_after=None
[2025-03-17T06:03:45.744+0000] {processor.py:208} INFO - Processing /home/airflow/.local/lib/python3.12/site-packages/airflow/example_dags/tutorial_objectstorage.py took 0.456 seconds
[2025-03-17T06:04:16.024+0000] {processor.py:186} INFO - Started process (PID=179) to work on /home/airflow/.local/lib/python3.12/site-packages/airflow/example_dags/tutorial_objectstorage.py
[2025-03-17T06:04:16.027+0000] {processor.py:914} INFO - Processing file /home/airflow/.local/lib/python3.12/site-packages/airflow/example_dags/tutorial_objectstorage.py for tasks to queue
[2025-03-17T06:04:16.033+0000] {logging_mixin.py:190} INFO - [2025-03-17T06:04:16.032+0000] {dagbag.py:588} INFO - Filling up the DagBag from /home/airflow/.local/lib/python3.12/site-packages/airflow/example_dags/tutorial_objectstorage.py
[2025-03-17T06:04:16.060+0000] {processor.py:925} INFO - DAG(s) 'tutorial_objectstorage' retrieved from /home/airflow/.local/lib/python3.12/site-packages/airflow/example_dags/tutorial_objectstorage.py
[2025-03-17T06:04:16.113+0000] {logging_mixin.py:190} INFO - [2025-03-17T06:04:16.112+0000] {dag.py:3239} INFO - Sync 1 DAGs
[2025-03-17T06:04:16.160+0000] {logging_mixin.py:190} INFO - [2025-03-17T06:04:16.159+0000] {dag.py:4180} INFO - Setting next_dagrun for tutorial_objectstorage to None, run_after=None
[2025-03-17T06:04:16.208+0000] {processor.py:208} INFO - Processing /home/airflow/.local/lib/python3.12/site-packages/airflow/example_dags/tutorial_objectstorage.py took 0.197 seconds
[2025-03-17T06:04:57.055+0000] {processor.py:186} INFO - Started process (PID=242) to work on /home/airflow/.local/lib/python3.12/site-packages/airflow/example_dags/tutorial_objectstorage.py
[2025-03-17T06:04:57.057+0000] {processor.py:914} INFO - Processing file /home/airflow/.local/lib/python3.12/site-packages/airflow/example_dags/tutorial_objectstorage.py for tasks to queue
[2025-03-17T06:04:57.065+0000] {logging_mixin.py:190} INFO - [2025-03-17T06:04:57.063+0000] {dagbag.py:588} INFO - Filling up the DagBag from /home/airflow/.local/lib/python3.12/site-packages/airflow/example_dags/tutorial_objectstorage.py
[2025-03-17T06:04:57.091+0000] {processor.py:925} INFO - DAG(s) 'tutorial_objectstorage' retrieved from /home/airflow/.local/lib/python3.12/site-packages/airflow/example_dags/tutorial_objectstorage.py
[2025-03-17T06:04:57.152+0000] {logging_mixin.py:190} INFO - [2025-03-17T06:04:57.152+0000] {dag.py:3239} INFO - Sync 1 DAGs
[2025-03-17T06:04:57.203+0000] {logging_mixin.py:190} INFO - [2025-03-17T06:04:57.203+0000] {dag.py:4180} INFO - Setting next_dagrun for tutorial_objectstorage to None, run_after=None
[2025-03-17T06:04:57.285+0000] {processor.py:208} INFO - Processing /home/airflow/.local/lib/python3.12/site-packages/airflow/example_dags/tutorial_objectstorage.py took 0.250 seconds
[2025-03-17T06:05:33.528+0000] {processor.py:186} INFO - Started process (PID=305) to work on /home/airflow/.local/lib/python3.12/site-packages/airflow/example_dags/tutorial_objectstorage.py
[2025-03-17T06:05:33.531+0000] {processor.py:914} INFO - Processing file /home/airflow/.local/lib/python3.12/site-packages/airflow/example_dags/tutorial_objectstorage.py for tasks to queue
[2025-03-17T06:05:33.537+0000] {logging_mixin.py:190} INFO - [2025-03-17T06:05:33.536+0000] {dagbag.py:588} INFO - Filling up the DagBag from /home/airflow/.local/lib/python3.12/site-packages/airflow/example_dags/tutorial_objectstorage.py
[2025-03-17T06:05:33.568+0000] {processor.py:925} INFO - DAG(s) 'tutorial_objectstorage' retrieved from /home/airflow/.local/lib/python3.12/site-packages/airflow/example_dags/tutorial_objectstorage.py
[2025-03-17T06:05:33.628+0000] {logging_mixin.py:190} INFO - [2025-03-17T06:05:33.627+0000] {dag.py:3239} INFO - Sync 1 DAGs
[2025-03-17T06:05:33.686+0000] {logging_mixin.py:190} INFO - [2025-03-17T06:05:33.686+0000] {dag.py:4180} INFO - Setting next_dagrun for tutorial_objectstorage to None, run_after=None
[2025-03-17T06:05:33.749+0000] {processor.py:208} INFO - Processing /home/airflow/.local/lib/python3.12/site-packages/airflow/example_dags/tutorial_objectstorage.py took 0.248 seconds
[2025-03-17T06:06:07.012+0000] {processor.py:186} INFO - Started process (PID=369) to work on /home/airflow/.local/lib/python3.12/site-packages/airflow/example_dags/tutorial_objectstorage.py
[2025-03-17T06:06:07.014+0000] {processor.py:914} INFO - Processing file /home/airflow/.local/lib/python3.12/site-packages/airflow/example_dags/tutorial_objectstorage.py for tasks to queue
[2025-03-17T06:06:07.021+0000] {logging_mixin.py:190} INFO - [2025-03-17T06:06:07.020+0000] {dagbag.py:588} INFO - Filling up the DagBag from /home/airflow/.local/lib/python3.12/site-packages/airflow/example_dags/tutorial_objectstorage.py
[2025-03-17T06:06:07.054+0000] {processor.py:925} INFO - DAG(s) 'tutorial_objectstorage' retrieved from /home/airflow/.local/lib/python3.12/site-packages/airflow/example_dags/tutorial_objectstorage.py
[2025-03-17T06:06:07.121+0000] {logging_mixin.py:190} INFO - [2025-03-17T06:06:07.120+0000] {dag.py:3239} INFO - Sync 1 DAGs
[2025-03-17T06:06:07.178+0000] {logging_mixin.py:190} INFO - [2025-03-17T06:06:07.178+0000] {dag.py:4180} INFO - Setting next_dagrun for tutorial_objectstorage to None, run_after=None
[2025-03-17T06:06:07.236+0000] {processor.py:208} INFO - Processing /home/airflow/.local/lib/python3.12/site-packages/airflow/example_dags/tutorial_objectstorage.py took 0.253 seconds
[2025-03-17T06:06:37.342+0000] {processor.py:186} INFO - Started process (PID=432) to work on /home/airflow/.local/lib/python3.12/site-packages/airflow/example_dags/tutorial_objectstorage.py
[2025-03-17T06:06:37.344+0000] {processor.py:914} INFO - Processing file /home/airflow/.local/lib/python3.12/site-packages/airflow/example_dags/tutorial_objectstorage.py for tasks to queue
[2025-03-17T06:06:37.350+0000] {logging_mixin.py:190} INFO - [2025-03-17T06:06:37.350+0000] {dagbag.py:588} INFO - Filling up the DagBag from /home/airflow/.local/lib/python3.12/site-packages/airflow/example_dags/tutorial_objectstorage.py
[2025-03-17T06:06:37.377+0000] {processor.py:925} INFO - DAG(s) 'tutorial_objectstorage' retrieved from /home/airflow/.local/lib/python3.12/site-packages/airflow/example_dags/tutorial_objectstorage.py
[2025-03-17T06:06:37.460+0000] {logging_mixin.py:190} INFO - [2025-03-17T06:06:37.460+0000] {dag.py:3239} INFO - Sync 1 DAGs
[2025-03-17T06:06:37.525+0000] {logging_mixin.py:190} INFO - [2025-03-17T06:06:37.524+0000] {dag.py:4180} INFO - Setting next_dagrun for tutorial_objectstorage to None, run_after=None
[2025-03-17T06:06:37.618+0000] {processor.py:208} INFO - Processing /home/airflow/.local/lib/python3.12/site-packages/airflow/example_dags/tutorial_objectstorage.py took 0.288 seconds
[2025-03-17T06:07:08.414+0000] {processor.py:186} INFO - Started process (PID=495) to work on /home/airflow/.local/lib/python3.12/site-packages/airflow/example_dags/tutorial_objectstorage.py
[2025-03-17T06:07:08.415+0000] {processor.py:914} INFO - Processing file /home/airflow/.local/lib/python3.12/site-packages/airflow/example_dags/tutorial_objectstorage.py for tasks to queue
[2025-03-17T06:07:08.419+0000] {logging_mixin.py:190} INFO - [2025-03-17T06:07:08.419+0000] {dagbag.py:588} INFO - Filling up the DagBag from /home/airflow/.local/lib/python3.12/site-packages/airflow/example_dags/tutorial_objectstorage.py
[2025-03-17T06:07:08.436+0000] {processor.py:925} INFO - DAG(s) 'tutorial_objectstorage' retrieved from /home/airflow/.local/lib/python3.12/site-packages/airflow/example_dags/tutorial_objectstorage.py
[2025-03-17T06:07:08.475+0000] {logging_mixin.py:190} INFO - [2025-03-17T06:07:08.475+0000] {dag.py:3239} INFO - Sync 1 DAGs
[2025-03-17T06:07:08.502+0000] {logging_mixin.py:190} INFO - [2025-03-17T06:07:08.502+0000] {dag.py:4180} INFO - Setting next_dagrun for tutorial_objectstorage to None, run_after=None
[2025-03-17T06:07:08.539+0000] {processor.py:208} INFO - Processing /home/airflow/.local/lib/python3.12/site-packages/airflow/example_dags/tutorial_objectstorage.py took 0.138 seconds
