[2025-03-22T04:00:06.949+0000] {local_task_job_runner.py:123} INFO - ::group::Pre task execution logs
[2025-03-22T04:00:07.006+0000] {taskinstance.py:2614} INFO - Dependencies all met for dep_context=non-requeueable deps ti=<TaskInstance: weather-data-pipeline.fetch_weather_tomorrow scheduled__2025-03-22T03:00:00+00:00 [queued]>
[2025-03-22T04:00:07.029+0000] {taskinstance.py:2614} INFO - Dependencies all met for dep_context=requeueable deps ti=<TaskInstance: weather-data-pipeline.fetch_weather_tomorrow scheduled__2025-03-22T03:00:00+00:00 [queued]>
[2025-03-22T04:00:07.030+0000] {taskinstance.py:2867} INFO - Starting attempt 1 of 2
[2025-03-22T04:00:07.087+0000] {taskinstance.py:2890} INFO - Executing <Task(PythonOperator): fetch_weather_tomorrow> on 2025-03-22 03:00:00+00:00
[2025-03-22T04:00:07.102+0000] {warnings.py:112} WARNING - /home/***/.local/lib/python3.12/site-packages/***/task/task_runner/standard_task_runner.py:70: DeprecationWarning: This process (pid=196) is multi-threaded, use of fork() may lead to deadlocks in the child.
  pid = os.fork()

[2025-03-22T04:00:07.106+0000] {standard_task_runner.py:72} INFO - Started process 204 to run task
[2025-03-22T04:00:07.106+0000] {standard_task_runner.py:104} INFO - Running: ['***', 'tasks', 'run', 'weather-data-pipeline', 'fetch_weather_tomorrow', 'scheduled__2025-03-22T03:00:00+00:00', '--job-id', '224', '--raw', '--subdir', 'DAGS_FOLDER/weather-data-pipeline.py', '--cfg-path', '/tmp/tmpe377ic5a']
[2025-03-22T04:00:07.118+0000] {standard_task_runner.py:105} INFO - Job 224: Subtask fetch_weather_tomorrow
[2025-03-22T04:00:24.255+0000] {task_command.py:467} INFO - Running <TaskInstance: weather-data-pipeline.fetch_weather_tomorrow scheduled__2025-03-22T03:00:00+00:00 [running]> on host c25e9da6226b
[2025-03-22T04:00:25.084+0000] {taskinstance.py:3134} INFO - Exporting env vars: AIRFLOW_CTX_DAG_OWNER='***' AIRFLOW_CTX_DAG_ID='weather-data-pipeline' AIRFLOW_CTX_TASK_ID='fetch_weather_tomorrow' AIRFLOW_CTX_EXECUTION_DATE='2025-03-22T03:00:00+00:00' AIRFLOW_CTX_TRY_NUMBER='1' AIRFLOW_CTX_DAG_RUN_ID='scheduled__2025-03-22T03:00:00+00:00'
[2025-03-22T04:00:25.088+0000] {taskinstance.py:732} INFO - ::endgroup::
[2025-03-22T04:00:28.452+0000] {job.py:229} INFO - Heartbeat recovered after 15.43 seconds
[2025-03-22T04:00:29.713+0000] {python.py:240} INFO - Done. Returned value was:                datetime  ...                                id
0   2025-03-22 04:00:00  ...  a18b86d83edecf96d945327ed8bb64ea
1   2025-03-22 05:00:00  ...  7e6c2f152d6ff4e11d2ea4e013cfd8f4
2   2025-03-22 06:00:00  ...  c7ed2c810f0879075c91ad5d0c644900
3   2025-03-22 07:00:00  ...  be2973f8180d73aea4ae7f2f85fd8565
4   2025-03-22 08:00:00  ...  8cf6ce4225df664ef413489e2f3768e4
..                  ...  ...                               ...
116 2025-03-27 00:00:00  ...  4bd2a8a6a0ac1f90dd0747c863045e1c
117 2025-03-27 01:00:00  ...  2e020f6d2e9a6fb945361d0750537602
118 2025-03-27 02:00:00  ...  a7a39fe087acfa46a761ebdea71c69da
119 2025-03-27 03:00:00  ...  9a4d195f2d3ceda0d8e5ab506cc795b8
120 2025-03-27 04:00:00  ...  55e0b48b43bbf57882fc93ddc180de46

[121 rows x 6 columns]
[2025-03-22T04:00:29.828+0000] {taskinstance.py:341} INFO - ::group::Post task execution logs
[2025-03-22T04:00:29.831+0000] {taskinstance.py:353} INFO - Marking task as SUCCESS. dag_id=weather-data-pipeline, task_id=fetch_weather_tomorrow, run_id=scheduled__2025-03-22T03:00:00+00:00, execution_date=20250322T030000, start_date=20250322T040007, end_date=20250322T040029
[2025-03-22T04:00:30.026+0000] {local_task_job_runner.py:266} INFO - Task exited with return code 0
[2025-03-22T04:00:30.103+0000] {taskinstance.py:3901} INFO - 0 downstream tasks scheduled from follow-on schedule check
[2025-03-22T04:00:30.112+0000] {local_task_job_runner.py:245} INFO - ::endgroup::
