[2025-03-17T06:51:08.197+0000] {processor.py:186} INFO - Started process (PID=190) to work on /opt/airflow/dags/first-dag.py
[2025-03-17T06:51:08.200+0000] {processor.py:914} INFO - Processing file /opt/airflow/dags/first-dag.py for tasks to queue
[2025-03-17T06:51:08.227+0000] {logging_mixin.py:190} INFO - [2025-03-17T06:51:08.222+0000] {dagbag.py:588} INFO - Filling up the DagBag from /opt/airflow/dags/first-dag.py
[2025-03-17T06:51:20.675+0000] {processor.py:925} INFO - DAG(s) 'first_dag' retrieved from /opt/airflow/dags/first-dag.py
[2025-03-17T06:51:21.336+0000] {logging_mixin.py:190} INFO - [2025-03-17T06:51:21.335+0000] {override.py:1912} INFO - Created Permission View: can edit on DAG:first_dag
[2025-03-17T06:51:21.356+0000] {logging_mixin.py:190} INFO - [2025-03-17T06:51:21.356+0000] {override.py:1912} INFO - Created Permission View: can read on DAG:first_dag
[2025-03-17T06:51:21.367+0000] {logging_mixin.py:190} INFO - [2025-03-17T06:51:21.367+0000] {override.py:1912} INFO - Created Permission View: can delete on DAG:first_dag
[2025-03-17T06:51:21.380+0000] {logging_mixin.py:190} INFO - [2025-03-17T06:51:21.380+0000] {override.py:1912} INFO - Created Permission View: menu access on DAG Run:first_dag
[2025-03-17T06:51:21.394+0000] {logging_mixin.py:190} INFO - [2025-03-17T06:51:21.394+0000] {override.py:1912} INFO - Created Permission View: can read on DAG Run:first_dag
[2025-03-17T06:51:21.410+0000] {logging_mixin.py:190} INFO - [2025-03-17T06:51:21.409+0000] {override.py:1912} INFO - Created Permission View: can create on DAG Run:first_dag
[2025-03-17T06:51:21.429+0000] {logging_mixin.py:190} INFO - [2025-03-17T06:51:21.428+0000] {override.py:1912} INFO - Created Permission View: can delete on DAG Run:first_dag
[2025-03-17T06:51:21.433+0000] {logging_mixin.py:190} INFO - [2025-03-17T06:51:21.432+0000] {dag.py:3239} INFO - Sync 1 DAGs
[2025-03-17T06:51:21.493+0000] {logging_mixin.py:190} INFO - [2025-03-17T06:51:21.492+0000] {dag.py:3262} INFO - Creating ORM DAG for first_dag
[2025-03-17T06:51:21.538+0000] {logging_mixin.py:190} INFO - [2025-03-17T06:51:21.537+0000] {dag.py:4180} INFO - Setting next_dagrun for first_dag to 2025-03-17 00:00:00+00:00, run_after=2025-03-18 00:00:00+00:00
[2025-03-17T06:51:21.592+0000] {processor.py:208} INFO - Processing /opt/airflow/dags/first-dag.py took 13.443 seconds
[2025-03-17T06:51:51.733+0000] {processor.py:186} INFO - Started process (PID=205) to work on /opt/airflow/dags/first-dag.py
[2025-03-17T06:51:51.735+0000] {processor.py:914} INFO - Processing file /opt/airflow/dags/first-dag.py for tasks to queue
[2025-03-17T06:51:51.740+0000] {logging_mixin.py:190} INFO - [2025-03-17T06:51:51.739+0000] {dagbag.py:588} INFO - Filling up the DagBag from /opt/airflow/dags/first-dag.py
[2025-03-17T06:51:52.605+0000] {processor.py:925} INFO - DAG(s) 'first_dag' retrieved from /opt/airflow/dags/first-dag.py
[2025-03-17T06:51:52.634+0000] {logging_mixin.py:190} INFO - [2025-03-17T06:51:52.633+0000] {dag.py:3239} INFO - Sync 1 DAGs
[2025-03-17T06:51:52.671+0000] {logging_mixin.py:190} INFO - [2025-03-17T06:51:52.671+0000] {dag.py:4180} INFO - Setting next_dagrun for first_dag to 2025-03-17 00:00:00+00:00, run_after=2025-03-18 00:00:00+00:00
[2025-03-17T06:51:52.697+0000] {processor.py:208} INFO - Processing /opt/airflow/dags/first-dag.py took 0.976 seconds
[2025-03-17T06:52:23.401+0000] {processor.py:186} INFO - Started process (PID=213) to work on /opt/airflow/dags/first-dag.py
[2025-03-17T06:52:23.407+0000] {processor.py:914} INFO - Processing file /opt/airflow/dags/first-dag.py for tasks to queue
[2025-03-17T06:52:23.422+0000] {logging_mixin.py:190} INFO - [2025-03-17T06:52:23.421+0000] {dagbag.py:588} INFO - Filling up the DagBag from /opt/airflow/dags/first-dag.py
[2025-03-17T06:52:25.172+0000] {processor.py:925} INFO - DAG(s) 'first_dag' retrieved from /opt/airflow/dags/first-dag.py
[2025-03-17T06:52:25.266+0000] {logging_mixin.py:190} INFO - [2025-03-17T06:52:25.265+0000] {dag.py:3239} INFO - Sync 1 DAGs
[2025-03-17T06:52:25.320+0000] {logging_mixin.py:190} INFO - [2025-03-17T06:52:25.319+0000] {dag.py:4180} INFO - Setting next_dagrun for first_dag to 2025-03-17 00:00:00+00:00, run_after=2025-03-18 00:00:00+00:00
[2025-03-17T06:52:25.356+0000] {processor.py:208} INFO - Processing /opt/airflow/dags/first-dag.py took 1.986 seconds
[2025-03-17T06:52:55.724+0000] {processor.py:186} INFO - Started process (PID=221) to work on /opt/airflow/dags/first-dag.py
[2025-03-17T06:52:55.726+0000] {processor.py:914} INFO - Processing file /opt/airflow/dags/first-dag.py for tasks to queue
[2025-03-17T06:52:55.731+0000] {logging_mixin.py:190} INFO - [2025-03-17T06:52:55.731+0000] {dagbag.py:588} INFO - Filling up the DagBag from /opt/airflow/dags/first-dag.py
[2025-03-17T06:52:56.508+0000] {processor.py:925} INFO - DAG(s) 'first_dag' retrieved from /opt/airflow/dags/first-dag.py
[2025-03-17T06:52:56.549+0000] {logging_mixin.py:190} INFO - [2025-03-17T06:52:56.549+0000] {dag.py:3239} INFO - Sync 1 DAGs
[2025-03-17T06:52:56.580+0000] {logging_mixin.py:190} INFO - [2025-03-17T06:52:56.580+0000] {dag.py:4180} INFO - Setting next_dagrun for first_dag to 2025-03-17 00:00:00+00:00, run_after=2025-03-18 00:00:00+00:00
[2025-03-17T06:52:56.613+0000] {processor.py:208} INFO - Processing /opt/airflow/dags/first-dag.py took 0.899 seconds
[2025-03-17T06:53:27.055+0000] {processor.py:186} INFO - Started process (PID=229) to work on /opt/airflow/dags/first-dag.py
[2025-03-17T06:53:27.056+0000] {processor.py:914} INFO - Processing file /opt/airflow/dags/first-dag.py for tasks to queue
[2025-03-17T06:53:27.060+0000] {logging_mixin.py:190} INFO - [2025-03-17T06:53:27.059+0000] {dagbag.py:588} INFO - Filling up the DagBag from /opt/airflow/dags/first-dag.py
[2025-03-17T06:53:27.631+0000] {processor.py:925} INFO - DAG(s) 'first_dag' retrieved from /opt/airflow/dags/first-dag.py
[2025-03-17T06:53:27.659+0000] {logging_mixin.py:190} INFO - [2025-03-17T06:53:27.658+0000] {dag.py:3239} INFO - Sync 1 DAGs
[2025-03-17T06:53:27.683+0000] {logging_mixin.py:190} INFO - [2025-03-17T06:53:27.683+0000] {dag.py:4180} INFO - Setting next_dagrun for first_dag to 2025-03-17 00:00:00+00:00, run_after=2025-03-18 00:00:00+00:00
[2025-03-17T06:53:27.705+0000] {processor.py:208} INFO - Processing /opt/airflow/dags/first-dag.py took 0.659 seconds
[2025-03-17T06:53:58.042+0000] {processor.py:186} INFO - Started process (PID=237) to work on /opt/airflow/dags/first-dag.py
[2025-03-17T06:53:58.043+0000] {processor.py:914} INFO - Processing file /opt/airflow/dags/first-dag.py for tasks to queue
[2025-03-17T06:53:58.047+0000] {logging_mixin.py:190} INFO - [2025-03-17T06:53:58.046+0000] {dagbag.py:588} INFO - Filling up the DagBag from /opt/airflow/dags/first-dag.py
[2025-03-17T06:53:58.628+0000] {processor.py:925} INFO - DAG(s) 'first_dag' retrieved from /opt/airflow/dags/first-dag.py
[2025-03-17T06:53:58.655+0000] {logging_mixin.py:190} INFO - [2025-03-17T06:53:58.655+0000] {dag.py:3239} INFO - Sync 1 DAGs
[2025-03-17T06:53:58.683+0000] {logging_mixin.py:190} INFO - [2025-03-17T06:53:58.683+0000] {dag.py:4180} INFO - Setting next_dagrun for first_dag to 2025-03-17 00:00:00+00:00, run_after=2025-03-18 00:00:00+00:00
[2025-03-17T06:53:58.704+0000] {processor.py:208} INFO - Processing /opt/airflow/dags/first-dag.py took 0.670 seconds
[2025-03-17T06:54:29.066+0000] {processor.py:186} INFO - Started process (PID=245) to work on /opt/airflow/dags/first-dag.py
[2025-03-17T06:54:29.068+0000] {processor.py:914} INFO - Processing file /opt/airflow/dags/first-dag.py for tasks to queue
[2025-03-17T06:54:29.078+0000] {logging_mixin.py:190} INFO - [2025-03-17T06:54:29.077+0000] {dagbag.py:588} INFO - Filling up the DagBag from /opt/airflow/dags/first-dag.py
[2025-03-17T06:54:31.552+0000] {processor.py:925} INFO - DAG(s) 'first_dag' retrieved from /opt/airflow/dags/first-dag.py
[2025-03-17T06:54:31.913+0000] {logging_mixin.py:190} INFO - [2025-03-17T06:54:31.912+0000] {dag.py:3239} INFO - Sync 1 DAGs
[2025-03-17T06:54:33.580+0000] {logging_mixin.py:190} INFO - [2025-03-17T06:54:33.578+0000] {dag.py:4180} INFO - Setting next_dagrun for first_dag to 2025-03-17 00:00:00+00:00, run_after=2025-03-18 00:00:00+00:00
[2025-03-17T06:54:33.776+0000] {processor.py:208} INFO - Processing /opt/airflow/dags/first-dag.py took 4.724 seconds
[2025-03-17T06:55:04.300+0000] {processor.py:186} INFO - Started process (PID=253) to work on /opt/airflow/dags/first-dag.py
[2025-03-17T06:55:04.303+0000] {processor.py:914} INFO - Processing file /opt/airflow/dags/first-dag.py for tasks to queue
[2025-03-17T06:55:04.310+0000] {logging_mixin.py:190} INFO - [2025-03-17T06:55:04.309+0000] {dagbag.py:588} INFO - Filling up the DagBag from /opt/airflow/dags/first-dag.py
[2025-03-17T06:55:05.190+0000] {processor.py:925} INFO - DAG(s) 'first_dag' retrieved from /opt/airflow/dags/first-dag.py
[2025-03-17T06:55:05.236+0000] {logging_mixin.py:190} INFO - [2025-03-17T06:55:05.235+0000] {dag.py:3239} INFO - Sync 1 DAGs
[2025-03-17T06:55:05.268+0000] {logging_mixin.py:190} INFO - [2025-03-17T06:55:05.267+0000] {dag.py:4180} INFO - Setting next_dagrun for first_dag to 2025-03-17 00:00:00+00:00, run_after=2025-03-18 00:00:00+00:00
[2025-03-17T06:55:05.295+0000] {processor.py:208} INFO - Processing /opt/airflow/dags/first-dag.py took 1.008 seconds
[2025-03-17T06:55:35.685+0000] {processor.py:186} INFO - Started process (PID=261) to work on /opt/airflow/dags/first-dag.py
[2025-03-17T06:55:35.687+0000] {processor.py:914} INFO - Processing file /opt/airflow/dags/first-dag.py for tasks to queue
[2025-03-17T06:55:35.700+0000] {logging_mixin.py:190} INFO - [2025-03-17T06:55:35.699+0000] {dagbag.py:588} INFO - Filling up the DagBag from /opt/airflow/dags/first-dag.py
[2025-03-17T06:55:36.333+0000] {processor.py:925} INFO - DAG(s) 'first_dag' retrieved from /opt/airflow/dags/first-dag.py
[2025-03-17T06:55:36.354+0000] {logging_mixin.py:190} INFO - [2025-03-17T06:55:36.353+0000] {dag.py:3239} INFO - Sync 1 DAGs
[2025-03-17T06:55:36.376+0000] {logging_mixin.py:190} INFO - [2025-03-17T06:55:36.376+0000] {dag.py:4180} INFO - Setting next_dagrun for first_dag to 2025-03-17 00:00:00+00:00, run_after=2025-03-18 00:00:00+00:00
[2025-03-17T06:55:36.402+0000] {processor.py:208} INFO - Processing /opt/airflow/dags/first-dag.py took 0.725 seconds
[2025-03-17T06:56:06.707+0000] {processor.py:186} INFO - Started process (PID=270) to work on /opt/airflow/dags/first-dag.py
[2025-03-17T06:56:06.710+0000] {processor.py:914} INFO - Processing file /opt/airflow/dags/first-dag.py for tasks to queue
[2025-03-17T06:56:06.717+0000] {logging_mixin.py:190} INFO - [2025-03-17T06:56:06.716+0000] {dagbag.py:588} INFO - Filling up the DagBag from /opt/airflow/dags/first-dag.py
[2025-03-17T06:56:07.631+0000] {processor.py:925} INFO - DAG(s) 'first_dag' retrieved from /opt/airflow/dags/first-dag.py
[2025-03-17T06:56:07.675+0000] {logging_mixin.py:190} INFO - [2025-03-17T06:56:07.674+0000] {dag.py:3239} INFO - Sync 1 DAGs
[2025-03-17T06:56:07.725+0000] {logging_mixin.py:190} INFO - [2025-03-17T06:56:07.725+0000] {dag.py:4180} INFO - Setting next_dagrun for first_dag to 2025-03-17 00:00:00+00:00, run_after=2025-03-18 00:00:00+00:00
[2025-03-17T06:56:07.758+0000] {processor.py:208} INFO - Processing /opt/airflow/dags/first-dag.py took 1.065 seconds
[2025-03-17T06:56:38.126+0000] {processor.py:186} INFO - Started process (PID=278) to work on /opt/airflow/dags/first-dag.py
[2025-03-17T06:56:38.129+0000] {processor.py:914} INFO - Processing file /opt/airflow/dags/first-dag.py for tasks to queue
[2025-03-17T06:56:38.136+0000] {logging_mixin.py:190} INFO - [2025-03-17T06:56:38.134+0000] {dagbag.py:588} INFO - Filling up the DagBag from /opt/airflow/dags/first-dag.py
[2025-03-17T06:56:39.071+0000] {processor.py:925} INFO - DAG(s) 'first_dag' retrieved from /opt/airflow/dags/first-dag.py
[2025-03-17T06:56:39.117+0000] {logging_mixin.py:190} INFO - [2025-03-17T06:56:39.116+0000] {dag.py:3239} INFO - Sync 1 DAGs
[2025-03-17T06:56:39.159+0000] {logging_mixin.py:190} INFO - [2025-03-17T06:56:39.159+0000] {dag.py:4180} INFO - Setting next_dagrun for first_dag to 2025-03-17 00:00:00+00:00, run_after=2025-03-18 00:00:00+00:00
[2025-03-17T06:56:39.194+0000] {processor.py:208} INFO - Processing /opt/airflow/dags/first-dag.py took 1.084 seconds
[2025-03-17T06:56:55.371+0000] {processor.py:186} INFO - Started process (PID=286) to work on /opt/airflow/dags/first-dag.py
[2025-03-17T06:56:55.373+0000] {processor.py:914} INFO - Processing file /opt/airflow/dags/first-dag.py for tasks to queue
[2025-03-17T06:56:55.378+0000] {logging_mixin.py:190} INFO - [2025-03-17T06:56:55.378+0000] {dagbag.py:588} INFO - Filling up the DagBag from /opt/airflow/dags/first-dag.py
[2025-03-17T06:56:56.276+0000] {processor.py:925} INFO - DAG(s) 'example_dag' retrieved from /opt/airflow/dags/first-dag.py
[2025-03-17T06:56:56.492+0000] {logging_mixin.py:190} INFO - [2025-03-17T06:56:56.490+0000] {override.py:1912} INFO - Created Permission View: can edit on DAG:example_dag
[2025-03-17T06:56:56.508+0000] {logging_mixin.py:190} INFO - [2025-03-17T06:56:56.508+0000] {override.py:1912} INFO - Created Permission View: can read on DAG:example_dag
[2025-03-17T06:56:56.519+0000] {logging_mixin.py:190} INFO - [2025-03-17T06:56:56.519+0000] {override.py:1912} INFO - Created Permission View: can delete on DAG:example_dag
[2025-03-17T06:56:56.535+0000] {logging_mixin.py:190} INFO - [2025-03-17T06:56:56.534+0000] {override.py:1912} INFO - Created Permission View: menu access on DAG Run:example_dag
[2025-03-17T06:56:56.548+0000] {logging_mixin.py:190} INFO - [2025-03-17T06:56:56.548+0000] {override.py:1912} INFO - Created Permission View: can read on DAG Run:example_dag
[2025-03-17T06:56:56.560+0000] {logging_mixin.py:190} INFO - [2025-03-17T06:56:56.560+0000] {override.py:1912} INFO - Created Permission View: can create on DAG Run:example_dag
[2025-03-17T06:56:56.572+0000] {logging_mixin.py:190} INFO - [2025-03-17T06:56:56.571+0000] {override.py:1912} INFO - Created Permission View: can delete on DAG Run:example_dag
[2025-03-17T06:56:56.573+0000] {logging_mixin.py:190} INFO - [2025-03-17T06:56:56.572+0000] {dag.py:3239} INFO - Sync 1 DAGs
[2025-03-17T06:56:56.596+0000] {logging_mixin.py:190} INFO - [2025-03-17T06:56:56.595+0000] {dag.py:3262} INFO - Creating ORM DAG for example_dag
[2025-03-17T06:56:56.615+0000] {logging_mixin.py:190} INFO - [2025-03-17T06:56:56.615+0000] {dag.py:4180} INFO - Setting next_dagrun for example_dag to 2025-03-17 00:00:00+00:00, run_after=2025-03-18 00:00:00+00:00
[2025-03-17T06:56:56.647+0000] {processor.py:208} INFO - Processing /opt/airflow/dags/first-dag.py took 1.285 seconds
[2025-03-17T06:57:27.000+0000] {processor.py:186} INFO - Started process (PID=294) to work on /opt/airflow/dags/first-dag.py
[2025-03-17T06:57:27.005+0000] {processor.py:914} INFO - Processing file /opt/airflow/dags/first-dag.py for tasks to queue
[2025-03-17T06:57:27.010+0000] {logging_mixin.py:190} INFO - [2025-03-17T06:57:27.010+0000] {dagbag.py:588} INFO - Filling up the DagBag from /opt/airflow/dags/first-dag.py
[2025-03-17T06:57:28.226+0000] {processor.py:925} INFO - DAG(s) 'example_dag' retrieved from /opt/airflow/dags/first-dag.py
[2025-03-17T06:57:28.322+0000] {logging_mixin.py:190} INFO - [2025-03-17T06:57:28.321+0000] {dag.py:3239} INFO - Sync 1 DAGs
[2025-03-17T06:57:28.431+0000] {logging_mixin.py:190} INFO - [2025-03-17T06:57:28.431+0000] {dag.py:4180} INFO - Setting next_dagrun for example_dag to 2025-03-17 00:00:00+00:00, run_after=2025-03-18 00:00:00+00:00
[2025-03-17T06:57:28.483+0000] {processor.py:208} INFO - Processing /opt/airflow/dags/first-dag.py took 1.493 seconds
[2025-03-17T06:57:58.355+0000] {processor.py:186} INFO - Started process (PID=302) to work on /opt/airflow/dags/first-dag.py
[2025-03-17T06:57:58.356+0000] {processor.py:914} INFO - Processing file /opt/airflow/dags/first-dag.py for tasks to queue
[2025-03-17T06:57:58.361+0000] {logging_mixin.py:190} INFO - [2025-03-17T06:57:58.361+0000] {dagbag.py:588} INFO - Filling up the DagBag from /opt/airflow/dags/first-dag.py
[2025-03-17T06:57:58.930+0000] {processor.py:925} INFO - DAG(s) 'example_dag' retrieved from /opt/airflow/dags/first-dag.py
[2025-03-17T06:57:59.046+0000] {logging_mixin.py:190} INFO - [2025-03-17T06:57:59.046+0000] {dag.py:3239} INFO - Sync 1 DAGs
[2025-03-17T06:57:59.065+0000] {logging_mixin.py:190} INFO - [2025-03-17T06:57:59.065+0000] {dag.py:4180} INFO - Setting next_dagrun for example_dag to 2025-03-17 00:00:00+00:00, run_after=2025-03-18 00:00:00+00:00
[2025-03-17T06:57:59.089+0000] {processor.py:208} INFO - Processing /opt/airflow/dags/first-dag.py took 0.743 seconds
[2025-03-17T06:58:29.250+0000] {processor.py:186} INFO - Started process (PID=310) to work on /opt/airflow/dags/first-dag.py
[2025-03-17T06:58:29.252+0000] {processor.py:914} INFO - Processing file /opt/airflow/dags/first-dag.py for tasks to queue
[2025-03-17T06:58:29.253+0000] {logging_mixin.py:190} INFO - [2025-03-17T06:58:29.253+0000] {dagbag.py:588} INFO - Filling up the DagBag from /opt/airflow/dags/first-dag.py
[2025-03-17T06:58:29.816+0000] {processor.py:925} INFO - DAG(s) 'example_dag' retrieved from /opt/airflow/dags/first-dag.py
[2025-03-17T06:58:29.840+0000] {logging_mixin.py:190} INFO - [2025-03-17T06:58:29.839+0000] {dag.py:3239} INFO - Sync 1 DAGs
[2025-03-17T06:58:29.861+0000] {logging_mixin.py:190} INFO - [2025-03-17T06:58:29.861+0000] {dag.py:4180} INFO - Setting next_dagrun for example_dag to 2025-03-17 00:00:00+00:00, run_after=2025-03-18 00:00:00+00:00
[2025-03-17T06:58:29.890+0000] {processor.py:208} INFO - Processing /opt/airflow/dags/first-dag.py took 0.648 seconds
[2025-03-17T06:59:00.270+0000] {processor.py:186} INFO - Started process (PID=318) to work on /opt/airflow/dags/first-dag.py
[2025-03-17T06:59:00.271+0000] {processor.py:914} INFO - Processing file /opt/airflow/dags/first-dag.py for tasks to queue
[2025-03-17T06:59:00.273+0000] {logging_mixin.py:190} INFO - [2025-03-17T06:59:00.272+0000] {dagbag.py:588} INFO - Filling up the DagBag from /opt/airflow/dags/first-dag.py
[2025-03-17T06:59:00.934+0000] {processor.py:925} INFO - DAG(s) 'example_dag' retrieved from /opt/airflow/dags/first-dag.py
[2025-03-17T06:59:00.961+0000] {logging_mixin.py:190} INFO - [2025-03-17T06:59:00.960+0000] {dag.py:3239} INFO - Sync 1 DAGs
[2025-03-17T06:59:00.990+0000] {logging_mixin.py:190} INFO - [2025-03-17T06:59:00.989+0000] {dag.py:4180} INFO - Setting next_dagrun for example_dag to 2025-03-17 00:00:00+00:00, run_after=2025-03-18 00:00:00+00:00
[2025-03-17T06:59:01.013+0000] {processor.py:208} INFO - Processing /opt/airflow/dags/first-dag.py took 0.752 seconds
[2025-03-17T06:59:25.986+0000] {processor.py:186} INFO - Started process (PID=326) to work on /opt/airflow/dags/first-dag.py
[2025-03-17T06:59:25.987+0000] {processor.py:914} INFO - Processing file /opt/airflow/dags/first-dag.py for tasks to queue
[2025-03-17T06:59:25.989+0000] {logging_mixin.py:190} INFO - [2025-03-17T06:59:25.988+0000] {dagbag.py:588} INFO - Filling up the DagBag from /opt/airflow/dags/first-dag.py
[2025-03-17T06:59:26.796+0000] {processor.py:925} INFO - DAG(s) 'first-dag' retrieved from /opt/airflow/dags/first-dag.py
[2025-03-17T06:59:27.033+0000] {logging_mixin.py:190} INFO - [2025-03-17T06:59:27.031+0000] {override.py:1912} INFO - Created Permission View: can edit on DAG:first-dag
[2025-03-17T06:59:27.054+0000] {logging_mixin.py:190} INFO - [2025-03-17T06:59:27.054+0000] {override.py:1912} INFO - Created Permission View: can read on DAG:first-dag
[2025-03-17T06:59:27.070+0000] {logging_mixin.py:190} INFO - [2025-03-17T06:59:27.069+0000] {override.py:1912} INFO - Created Permission View: can delete on DAG:first-dag
[2025-03-17T06:59:27.087+0000] {logging_mixin.py:190} INFO - [2025-03-17T06:59:27.086+0000] {override.py:1912} INFO - Created Permission View: menu access on DAG Run:first-dag
[2025-03-17T06:59:27.101+0000] {logging_mixin.py:190} INFO - [2025-03-17T06:59:27.100+0000] {override.py:1912} INFO - Created Permission View: can read on DAG Run:first-dag
[2025-03-17T06:59:27.117+0000] {logging_mixin.py:190} INFO - [2025-03-17T06:59:27.116+0000] {override.py:1912} INFO - Created Permission View: can create on DAG Run:first-dag
[2025-03-17T06:59:27.131+0000] {logging_mixin.py:190} INFO - [2025-03-17T06:59:27.131+0000] {override.py:1912} INFO - Created Permission View: can delete on DAG Run:first-dag
[2025-03-17T06:59:27.133+0000] {logging_mixin.py:190} INFO - [2025-03-17T06:59:27.132+0000] {dag.py:3239} INFO - Sync 1 DAGs
[2025-03-17T06:59:27.165+0000] {logging_mixin.py:190} INFO - [2025-03-17T06:59:27.164+0000] {dag.py:3262} INFO - Creating ORM DAG for first-dag
[2025-03-17T06:59:27.187+0000] {logging_mixin.py:190} INFO - [2025-03-17T06:59:27.187+0000] {dag.py:4180} INFO - Setting next_dagrun for first-dag to 2025-03-17 00:00:00+00:00, run_after=2025-03-18 00:00:00+00:00
[2025-03-17T06:59:27.220+0000] {processor.py:208} INFO - Processing /opt/airflow/dags/first-dag.py took 1.244 seconds
[2025-03-17T06:59:28.039+0000] {processor.py:186} INFO - Started process (PID=328) to work on /opt/airflow/dags/first-dag.py
[2025-03-17T06:59:28.041+0000] {processor.py:914} INFO - Processing file /opt/airflow/dags/first-dag.py for tasks to queue
[2025-03-17T06:59:28.044+0000] {logging_mixin.py:190} INFO - [2025-03-17T06:59:28.043+0000] {dagbag.py:588} INFO - Filling up the DagBag from /opt/airflow/dags/first-dag.py
[2025-03-17T06:59:29.121+0000] {processor.py:925} INFO - DAG(s) 'first-dag' retrieved from /opt/airflow/dags/first-dag.py
[2025-03-17T06:59:29.143+0000] {logging_mixin.py:190} INFO - [2025-03-17T06:59:29.142+0000] {dag.py:3239} INFO - Sync 1 DAGs
[2025-03-17T06:59:29.211+0000] {logging_mixin.py:190} INFO - [2025-03-17T06:59:29.211+0000] {dag.py:4180} INFO - Setting next_dagrun for first-dag to 2025-03-17 00:00:00+00:00, run_after=2025-03-18 00:00:00+00:00
[2025-03-17T06:59:29.247+0000] {processor.py:208} INFO - Processing /opt/airflow/dags/first-dag.py took 1.219 seconds
[2025-03-17T06:59:31.094+0000] {processor.py:186} INFO - Started process (PID=330) to work on /opt/airflow/dags/first-dag.py
[2025-03-17T06:59:31.095+0000] {processor.py:914} INFO - Processing file /opt/airflow/dags/first-dag.py for tasks to queue
[2025-03-17T06:59:31.097+0000] {logging_mixin.py:190} INFO - [2025-03-17T06:59:31.097+0000] {dagbag.py:588} INFO - Filling up the DagBag from /opt/airflow/dags/first-dag.py
[2025-03-17T06:59:32.127+0000] {processor.py:925} INFO - DAG(s) 'first-dag' retrieved from /opt/airflow/dags/first-dag.py
[2025-03-17T06:59:32.142+0000] {logging_mixin.py:190} INFO - [2025-03-17T06:59:32.141+0000] {dag.py:3239} INFO - Sync 1 DAGs
[2025-03-17T06:59:32.179+0000] {logging_mixin.py:190} INFO - [2025-03-17T06:59:32.178+0000] {dag.py:4180} INFO - Setting next_dagrun for first-dag to 2025-03-17 00:00:00+00:00, run_after=2025-03-18 00:00:00+00:00
[2025-03-17T06:59:32.210+0000] {processor.py:208} INFO - Processing /opt/airflow/dags/first-dag.py took 1.122 seconds
[2025-03-17T07:00:02.460+0000] {processor.py:186} INFO - Started process (PID=338) to work on /opt/airflow/dags/first-dag.py
[2025-03-17T07:00:02.461+0000] {processor.py:914} INFO - Processing file /opt/airflow/dags/first-dag.py for tasks to queue
[2025-03-17T07:00:02.464+0000] {logging_mixin.py:190} INFO - [2025-03-17T07:00:02.463+0000] {dagbag.py:588} INFO - Filling up the DagBag from /opt/airflow/dags/first-dag.py
[2025-03-17T07:00:03.849+0000] {processor.py:925} INFO - DAG(s) 'first-dag' retrieved from /opt/airflow/dags/first-dag.py
[2025-03-17T07:00:03.892+0000] {logging_mixin.py:190} INFO - [2025-03-17T07:00:03.892+0000] {dag.py:3239} INFO - Sync 1 DAGs
[2025-03-17T07:00:03.934+0000] {logging_mixin.py:190} INFO - [2025-03-17T07:00:03.934+0000] {dag.py:4180} INFO - Setting next_dagrun for first-dag to 2025-03-17 00:00:00+00:00, run_after=2025-03-18 00:00:00+00:00
[2025-03-17T07:00:03.971+0000] {processor.py:208} INFO - Processing /opt/airflow/dags/first-dag.py took 1.520 seconds
[2025-03-17T07:00:34.298+0000] {processor.py:186} INFO - Started process (PID=346) to work on /opt/airflow/dags/first-dag.py
[2025-03-17T07:00:34.299+0000] {processor.py:914} INFO - Processing file /opt/airflow/dags/first-dag.py for tasks to queue
[2025-03-17T07:00:34.301+0000] {logging_mixin.py:190} INFO - [2025-03-17T07:00:34.300+0000] {dagbag.py:588} INFO - Filling up the DagBag from /opt/airflow/dags/first-dag.py
[2025-03-17T07:00:34.830+0000] {processor.py:925} INFO - DAG(s) 'first-dag' retrieved from /opt/airflow/dags/first-dag.py
[2025-03-17T07:00:34.858+0000] {logging_mixin.py:190} INFO - [2025-03-17T07:00:34.858+0000] {dag.py:3239} INFO - Sync 1 DAGs
[2025-03-17T07:00:34.881+0000] {logging_mixin.py:190} INFO - [2025-03-17T07:00:34.881+0000] {dag.py:4180} INFO - Setting next_dagrun for first-dag to 2025-03-17 00:00:00+00:00, run_after=2025-03-18 00:00:00+00:00
[2025-03-17T07:00:34.913+0000] {processor.py:208} INFO - Processing /opt/airflow/dags/first-dag.py took 0.622 seconds
[2025-03-17T07:01:05.295+0000] {processor.py:186} INFO - Started process (PID=354) to work on /opt/airflow/dags/first-dag.py
[2025-03-17T07:01:05.297+0000] {processor.py:914} INFO - Processing file /opt/airflow/dags/first-dag.py for tasks to queue
[2025-03-17T07:01:05.299+0000] {logging_mixin.py:190} INFO - [2025-03-17T07:01:05.298+0000] {dagbag.py:588} INFO - Filling up the DagBag from /opt/airflow/dags/first-dag.py
[2025-03-17T07:01:06.010+0000] {processor.py:925} INFO - DAG(s) 'first-dag' retrieved from /opt/airflow/dags/first-dag.py
[2025-03-17T07:01:06.054+0000] {logging_mixin.py:190} INFO - [2025-03-17T07:01:06.054+0000] {dag.py:3239} INFO - Sync 1 DAGs
[2025-03-17T07:01:06.091+0000] {logging_mixin.py:190} INFO - [2025-03-17T07:01:06.091+0000] {dag.py:4180} INFO - Setting next_dagrun for first-dag to 2025-03-17 00:00:00+00:00, run_after=2025-03-18 00:00:00+00:00
[2025-03-17T07:01:06.128+0000] {processor.py:208} INFO - Processing /opt/airflow/dags/first-dag.py took 0.842 seconds
[2025-03-17T07:01:36.595+0000] {processor.py:186} INFO - Started process (PID=362) to work on /opt/airflow/dags/first-dag.py
[2025-03-17T07:01:36.598+0000] {processor.py:914} INFO - Processing file /opt/airflow/dags/first-dag.py for tasks to queue
[2025-03-17T07:01:36.602+0000] {logging_mixin.py:190} INFO - [2025-03-17T07:01:36.601+0000] {dagbag.py:588} INFO - Filling up the DagBag from /opt/airflow/dags/first-dag.py
[2025-03-17T07:01:37.735+0000] {processor.py:925} INFO - DAG(s) 'first-dag' retrieved from /opt/airflow/dags/first-dag.py
[2025-03-17T07:01:37.793+0000] {logging_mixin.py:190} INFO - [2025-03-17T07:01:37.792+0000] {dag.py:3239} INFO - Sync 1 DAGs
[2025-03-17T07:01:37.853+0000] {logging_mixin.py:190} INFO - [2025-03-17T07:01:37.852+0000] {dag.py:4180} INFO - Setting next_dagrun for first-dag to 2025-03-17 00:00:00+00:00, run_after=2025-03-18 00:00:00+00:00
[2025-03-17T07:01:37.893+0000] {processor.py:208} INFO - Processing /opt/airflow/dags/first-dag.py took 1.318 seconds
[2025-03-17T07:02:08.247+0000] {processor.py:186} INFO - Started process (PID=370) to work on /opt/airflow/dags/first-dag.py
[2025-03-17T07:02:08.250+0000] {processor.py:914} INFO - Processing file /opt/airflow/dags/first-dag.py for tasks to queue
[2025-03-17T07:02:08.251+0000] {logging_mixin.py:190} INFO - [2025-03-17T07:02:08.251+0000] {dagbag.py:588} INFO - Filling up the DagBag from /opt/airflow/dags/first-dag.py
[2025-03-17T07:02:08.948+0000] {processor.py:925} INFO - DAG(s) 'first-dag' retrieved from /opt/airflow/dags/first-dag.py
[2025-03-17T07:02:08.992+0000] {logging_mixin.py:190} INFO - [2025-03-17T07:02:08.992+0000] {dag.py:3239} INFO - Sync 1 DAGs
[2025-03-17T07:02:09.050+0000] {logging_mixin.py:190} INFO - [2025-03-17T07:02:09.050+0000] {dag.py:4180} INFO - Setting next_dagrun for first-dag to 2025-03-17 00:00:00+00:00, run_after=2025-03-18 00:00:00+00:00
[2025-03-17T07:02:09.088+0000] {processor.py:208} INFO - Processing /opt/airflow/dags/first-dag.py took 0.850 seconds
[2025-03-17T07:02:39.292+0000] {processor.py:186} INFO - Started process (PID=378) to work on /opt/airflow/dags/first-dag.py
[2025-03-17T07:02:39.294+0000] {processor.py:914} INFO - Processing file /opt/airflow/dags/first-dag.py for tasks to queue
[2025-03-17T07:02:39.295+0000] {logging_mixin.py:190} INFO - [2025-03-17T07:02:39.295+0000] {dagbag.py:588} INFO - Filling up the DagBag from /opt/airflow/dags/first-dag.py
[2025-03-17T07:02:39.900+0000] {processor.py:925} INFO - DAG(s) 'first-dag' retrieved from /opt/airflow/dags/first-dag.py
[2025-03-17T07:02:39.933+0000] {logging_mixin.py:190} INFO - [2025-03-17T07:02:39.933+0000] {dag.py:3239} INFO - Sync 1 DAGs
[2025-03-17T07:02:39.958+0000] {logging_mixin.py:190} INFO - [2025-03-17T07:02:39.958+0000] {dag.py:4180} INFO - Setting next_dagrun for first-dag to 2025-03-17 00:00:00+00:00, run_after=2025-03-18 00:00:00+00:00
[2025-03-17T07:02:39.979+0000] {processor.py:208} INFO - Processing /opt/airflow/dags/first-dag.py took 0.695 seconds
[2025-03-17T07:03:10.332+0000] {processor.py:186} INFO - Started process (PID=386) to work on /opt/airflow/dags/first-dag.py
[2025-03-17T07:03:10.334+0000] {processor.py:914} INFO - Processing file /opt/airflow/dags/first-dag.py for tasks to queue
[2025-03-17T07:03:10.335+0000] {logging_mixin.py:190} INFO - [2025-03-17T07:03:10.334+0000] {dagbag.py:588} INFO - Filling up the DagBag from /opt/airflow/dags/first-dag.py
[2025-03-17T07:03:10.935+0000] {processor.py:925} INFO - DAG(s) 'first-dag' retrieved from /opt/airflow/dags/first-dag.py
[2025-03-17T07:03:10.958+0000] {logging_mixin.py:190} INFO - [2025-03-17T07:03:10.957+0000] {dag.py:3239} INFO - Sync 1 DAGs
[2025-03-17T07:03:10.977+0000] {logging_mixin.py:190} INFO - [2025-03-17T07:03:10.977+0000] {dag.py:4180} INFO - Setting next_dagrun for first-dag to 2025-03-17 00:00:00+00:00, run_after=2025-03-18 00:00:00+00:00
[2025-03-17T07:03:10.993+0000] {processor.py:208} INFO - Processing /opt/airflow/dags/first-dag.py took 0.667 seconds
[2025-03-17T07:03:41.082+0000] {processor.py:186} INFO - Started process (PID=394) to work on /opt/airflow/dags/first-dag.py
[2025-03-17T07:03:41.083+0000] {processor.py:914} INFO - Processing file /opt/airflow/dags/first-dag.py for tasks to queue
[2025-03-17T07:03:41.084+0000] {logging_mixin.py:190} INFO - [2025-03-17T07:03:41.084+0000] {dagbag.py:588} INFO - Filling up the DagBag from /opt/airflow/dags/first-dag.py
[2025-03-17T07:03:41.631+0000] {processor.py:925} INFO - DAG(s) 'first-dag' retrieved from /opt/airflow/dags/first-dag.py
[2025-03-17T07:03:41.654+0000] {logging_mixin.py:190} INFO - [2025-03-17T07:03:41.653+0000] {dag.py:3239} INFO - Sync 1 DAGs
[2025-03-17T07:03:41.678+0000] {logging_mixin.py:190} INFO - [2025-03-17T07:03:41.678+0000] {dag.py:4180} INFO - Setting next_dagrun for first-dag to 2025-03-17 00:00:00+00:00, run_after=2025-03-18 00:00:00+00:00
[2025-03-17T07:03:41.710+0000] {processor.py:208} INFO - Processing /opt/airflow/dags/first-dag.py took 0.634 seconds
[2025-03-17T07:04:12.082+0000] {processor.py:186} INFO - Started process (PID=402) to work on /opt/airflow/dags/first-dag.py
[2025-03-17T07:04:12.083+0000] {processor.py:914} INFO - Processing file /opt/airflow/dags/first-dag.py for tasks to queue
[2025-03-17T07:04:12.084+0000] {logging_mixin.py:190} INFO - [2025-03-17T07:04:12.084+0000] {dagbag.py:588} INFO - Filling up the DagBag from /opt/airflow/dags/first-dag.py
[2025-03-17T07:04:12.627+0000] {processor.py:925} INFO - DAG(s) 'first-dag' retrieved from /opt/airflow/dags/first-dag.py
[2025-03-17T07:04:12.649+0000] {logging_mixin.py:190} INFO - [2025-03-17T07:04:12.649+0000] {dag.py:3239} INFO - Sync 1 DAGs
[2025-03-17T07:04:12.675+0000] {logging_mixin.py:190} INFO - [2025-03-17T07:04:12.675+0000] {dag.py:4180} INFO - Setting next_dagrun for first-dag to 2025-03-17 00:00:00+00:00, run_after=2025-03-18 00:00:00+00:00
[2025-03-17T07:04:12.707+0000] {processor.py:208} INFO - Processing /opt/airflow/dags/first-dag.py took 0.632 seconds
[2025-03-17T07:04:43.108+0000] {processor.py:186} INFO - Started process (PID=410) to work on /opt/airflow/dags/first-dag.py
[2025-03-17T07:04:43.109+0000] {processor.py:914} INFO - Processing file /opt/airflow/dags/first-dag.py for tasks to queue
[2025-03-17T07:04:43.110+0000] {logging_mixin.py:190} INFO - [2025-03-17T07:04:43.110+0000] {dagbag.py:588} INFO - Filling up the DagBag from /opt/airflow/dags/first-dag.py
[2025-03-17T07:04:43.629+0000] {processor.py:925} INFO - DAG(s) 'first-dag' retrieved from /opt/airflow/dags/first-dag.py
[2025-03-17T07:04:43.653+0000] {logging_mixin.py:190} INFO - [2025-03-17T07:04:43.652+0000] {dag.py:3239} INFO - Sync 1 DAGs
[2025-03-17T07:04:43.679+0000] {logging_mixin.py:190} INFO - [2025-03-17T07:04:43.679+0000] {dag.py:4180} INFO - Setting next_dagrun for first-dag to 2025-03-17 00:00:00+00:00, run_after=2025-03-18 00:00:00+00:00
[2025-03-17T07:04:43.710+0000] {processor.py:208} INFO - Processing /opt/airflow/dags/first-dag.py took 0.608 seconds
[2025-03-17T07:05:14.153+0000] {processor.py:186} INFO - Started process (PID=419) to work on /opt/airflow/dags/first-dag.py
[2025-03-17T07:05:14.155+0000] {processor.py:914} INFO - Processing file /opt/airflow/dags/first-dag.py for tasks to queue
[2025-03-17T07:05:14.157+0000] {logging_mixin.py:190} INFO - [2025-03-17T07:05:14.156+0000] {dagbag.py:588} INFO - Filling up the DagBag from /opt/airflow/dags/first-dag.py
[2025-03-17T07:05:14.701+0000] {processor.py:925} INFO - DAG(s) 'first-dag' retrieved from /opt/airflow/dags/first-dag.py
[2025-03-17T07:05:14.724+0000] {logging_mixin.py:190} INFO - [2025-03-17T07:05:14.724+0000] {dag.py:3239} INFO - Sync 1 DAGs
[2025-03-17T07:05:14.748+0000] {logging_mixin.py:190} INFO - [2025-03-17T07:05:14.748+0000] {dag.py:4180} INFO - Setting next_dagrun for first-dag to 2025-03-17 00:00:00+00:00, run_after=2025-03-18 00:00:00+00:00
[2025-03-17T07:05:14.779+0000] {processor.py:208} INFO - Processing /opt/airflow/dags/first-dag.py took 0.633 seconds
[2025-03-17T07:05:45.278+0000] {processor.py:186} INFO - Started process (PID=427) to work on /opt/airflow/dags/first-dag.py
[2025-03-17T07:05:45.279+0000] {processor.py:914} INFO - Processing file /opt/airflow/dags/first-dag.py for tasks to queue
[2025-03-17T07:05:45.281+0000] {logging_mixin.py:190} INFO - [2025-03-17T07:05:45.280+0000] {dagbag.py:588} INFO - Filling up the DagBag from /opt/airflow/dags/first-dag.py
[2025-03-17T07:05:45.861+0000] {processor.py:925} INFO - DAG(s) 'first-dag' retrieved from /opt/airflow/dags/first-dag.py
[2025-03-17T07:05:45.888+0000] {logging_mixin.py:190} INFO - [2025-03-17T07:05:45.888+0000] {dag.py:3239} INFO - Sync 1 DAGs
[2025-03-17T07:05:45.912+0000] {logging_mixin.py:190} INFO - [2025-03-17T07:05:45.912+0000] {dag.py:4180} INFO - Setting next_dagrun for first-dag to 2025-03-17 00:00:00+00:00, run_after=2025-03-18 00:00:00+00:00
[2025-03-17T07:05:45.943+0000] {processor.py:208} INFO - Processing /opt/airflow/dags/first-dag.py took 0.672 seconds
[2025-03-17T07:06:16.179+0000] {processor.py:186} INFO - Started process (PID=435) to work on /opt/airflow/dags/first-dag.py
[2025-03-17T07:06:16.180+0000] {processor.py:914} INFO - Processing file /opt/airflow/dags/first-dag.py for tasks to queue
[2025-03-17T07:06:16.182+0000] {logging_mixin.py:190} INFO - [2025-03-17T07:06:16.182+0000] {dagbag.py:588} INFO - Filling up the DagBag from /opt/airflow/dags/first-dag.py
[2025-03-17T07:06:16.715+0000] {processor.py:925} INFO - DAG(s) 'first-dag' retrieved from /opt/airflow/dags/first-dag.py
[2025-03-17T07:06:16.735+0000] {logging_mixin.py:190} INFO - [2025-03-17T07:06:16.734+0000] {dag.py:3239} INFO - Sync 1 DAGs
[2025-03-17T07:06:16.755+0000] {logging_mixin.py:190} INFO - [2025-03-17T07:06:16.755+0000] {dag.py:4180} INFO - Setting next_dagrun for first-dag to 2025-03-17 00:00:00+00:00, run_after=2025-03-18 00:00:00+00:00
[2025-03-17T07:06:16.776+0000] {processor.py:208} INFO - Processing /opt/airflow/dags/first-dag.py took 0.605 seconds
[2025-03-17T07:06:47.026+0000] {processor.py:186} INFO - Started process (PID=443) to work on /opt/airflow/dags/first-dag.py
[2025-03-17T07:06:47.027+0000] {processor.py:914} INFO - Processing file /opt/airflow/dags/first-dag.py for tasks to queue
[2025-03-17T07:06:47.028+0000] {logging_mixin.py:190} INFO - [2025-03-17T07:06:47.028+0000] {dagbag.py:588} INFO - Filling up the DagBag from /opt/airflow/dags/first-dag.py
[2025-03-17T07:06:47.587+0000] {processor.py:925} INFO - DAG(s) 'first-dag' retrieved from /opt/airflow/dags/first-dag.py
[2025-03-17T07:06:47.607+0000] {logging_mixin.py:190} INFO - [2025-03-17T07:06:47.607+0000] {dag.py:3239} INFO - Sync 1 DAGs
[2025-03-17T07:06:47.627+0000] {logging_mixin.py:190} INFO - [2025-03-17T07:06:47.627+0000] {dag.py:4180} INFO - Setting next_dagrun for first-dag to 2025-03-17 00:00:00+00:00, run_after=2025-03-18 00:00:00+00:00
[2025-03-17T07:06:47.657+0000] {processor.py:208} INFO - Processing /opt/airflow/dags/first-dag.py took 0.636 seconds
[2025-03-17T07:07:18.096+0000] {processor.py:186} INFO - Started process (PID=451) to work on /opt/airflow/dags/first-dag.py
[2025-03-17T07:07:18.097+0000] {processor.py:914} INFO - Processing file /opt/airflow/dags/first-dag.py for tasks to queue
[2025-03-17T07:07:18.099+0000] {logging_mixin.py:190} INFO - [2025-03-17T07:07:18.099+0000] {dagbag.py:588} INFO - Filling up the DagBag from /opt/airflow/dags/first-dag.py
[2025-03-17T07:07:18.640+0000] {processor.py:925} INFO - DAG(s) 'first-dag' retrieved from /opt/airflow/dags/first-dag.py
[2025-03-17T07:07:18.659+0000] {logging_mixin.py:190} INFO - [2025-03-17T07:07:18.659+0000] {dag.py:3239} INFO - Sync 1 DAGs
[2025-03-17T07:07:18.681+0000] {logging_mixin.py:190} INFO - [2025-03-17T07:07:18.681+0000] {dag.py:4180} INFO - Setting next_dagrun for first-dag to 2025-03-17 00:00:00+00:00, run_after=2025-03-18 00:00:00+00:00
[2025-03-17T07:07:18.710+0000] {processor.py:208} INFO - Processing /opt/airflow/dags/first-dag.py took 0.622 seconds
[2025-03-17T07:07:49.281+0000] {processor.py:186} INFO - Started process (PID=459) to work on /opt/airflow/dags/first-dag.py
[2025-03-17T07:07:49.286+0000] {processor.py:914} INFO - Processing file /opt/airflow/dags/first-dag.py for tasks to queue
[2025-03-17T07:07:49.293+0000] {logging_mixin.py:190} INFO - [2025-03-17T07:07:49.292+0000] {dagbag.py:588} INFO - Filling up the DagBag from /opt/airflow/dags/first-dag.py
[2025-03-17T07:07:51.378+0000] {processor.py:925} INFO - DAG(s) 'first-dag' retrieved from /opt/airflow/dags/first-dag.py
[2025-03-17T07:07:51.491+0000] {logging_mixin.py:190} INFO - [2025-03-17T07:07:51.490+0000] {dag.py:3239} INFO - Sync 1 DAGs
[2025-03-17T07:07:51.606+0000] {logging_mixin.py:190} INFO - [2025-03-17T07:07:51.606+0000] {dag.py:4180} INFO - Setting next_dagrun for first-dag to 2025-03-17 00:00:00+00:00, run_after=2025-03-18 00:00:00+00:00
[2025-03-17T07:07:51.698+0000] {processor.py:208} INFO - Processing /opt/airflow/dags/first-dag.py took 2.456 seconds
[2025-03-17T07:08:22.495+0000] {processor.py:186} INFO - Started process (PID=474) to work on /opt/airflow/dags/first-dag.py
[2025-03-17T07:08:22.501+0000] {processor.py:914} INFO - Processing file /opt/airflow/dags/first-dag.py for tasks to queue
[2025-03-17T07:08:22.506+0000] {logging_mixin.py:190} INFO - [2025-03-17T07:08:22.505+0000] {dagbag.py:588} INFO - Filling up the DagBag from /opt/airflow/dags/first-dag.py
[2025-03-17T07:08:24.675+0000] {processor.py:925} INFO - DAG(s) 'first-dag' retrieved from /opt/airflow/dags/first-dag.py
[2025-03-17T07:08:24.729+0000] {logging_mixin.py:190} INFO - [2025-03-17T07:08:24.728+0000] {dag.py:3239} INFO - Sync 1 DAGs
[2025-03-17T07:08:24.780+0000] {logging_mixin.py:190} INFO - [2025-03-17T07:08:24.779+0000] {dag.py:4180} INFO - Setting next_dagrun for first-dag to 2025-03-17 00:00:00+00:00, run_after=2025-03-18 00:00:00+00:00
[2025-03-17T07:08:24.821+0000] {processor.py:208} INFO - Processing /opt/airflow/dags/first-dag.py took 2.361 seconds
[2025-03-17T07:08:55.178+0000] {processor.py:186} INFO - Started process (PID=482) to work on /opt/airflow/dags/first-dag.py
[2025-03-17T07:08:55.180+0000] {processor.py:914} INFO - Processing file /opt/airflow/dags/first-dag.py for tasks to queue
[2025-03-17T07:08:55.182+0000] {logging_mixin.py:190} INFO - [2025-03-17T07:08:55.181+0000] {dagbag.py:588} INFO - Filling up the DagBag from /opt/airflow/dags/first-dag.py
[2025-03-17T07:08:55.780+0000] {processor.py:925} INFO - DAG(s) 'first-dag' retrieved from /opt/airflow/dags/first-dag.py
[2025-03-17T07:08:55.825+0000] {logging_mixin.py:190} INFO - [2025-03-17T07:08:55.824+0000] {dag.py:3239} INFO - Sync 1 DAGs
[2025-03-17T07:08:55.849+0000] {logging_mixin.py:190} INFO - [2025-03-17T07:08:55.849+0000] {dag.py:4180} INFO - Setting next_dagrun for first-dag to 2025-03-17 00:00:00+00:00, run_after=2025-03-18 00:00:00+00:00
[2025-03-17T07:08:55.870+0000] {processor.py:208} INFO - Processing /opt/airflow/dags/first-dag.py took 0.700 seconds
[2025-03-17T07:09:26.356+0000] {processor.py:186} INFO - Started process (PID=490) to work on /opt/airflow/dags/first-dag.py
[2025-03-17T07:09:26.357+0000] {processor.py:914} INFO - Processing file /opt/airflow/dags/first-dag.py for tasks to queue
[2025-03-17T07:09:26.359+0000] {logging_mixin.py:190} INFO - [2025-03-17T07:09:26.359+0000] {dagbag.py:588} INFO - Filling up the DagBag from /opt/airflow/dags/first-dag.py
[2025-03-17T07:09:26.918+0000] {processor.py:925} INFO - DAG(s) 'first-dag' retrieved from /opt/airflow/dags/first-dag.py
[2025-03-17T07:09:26.943+0000] {logging_mixin.py:190} INFO - [2025-03-17T07:09:26.942+0000] {dag.py:3239} INFO - Sync 1 DAGs
[2025-03-17T07:09:26.967+0000] {logging_mixin.py:190} INFO - [2025-03-17T07:09:26.967+0000] {dag.py:4180} INFO - Setting next_dagrun for first-dag to 2025-03-17 00:00:00+00:00, run_after=2025-03-18 00:00:00+00:00
[2025-03-17T07:09:26.989+0000] {processor.py:208} INFO - Processing /opt/airflow/dags/first-dag.py took 0.641 seconds
[2025-03-17T07:09:57.325+0000] {processor.py:186} INFO - Started process (PID=498) to work on /opt/airflow/dags/first-dag.py
[2025-03-17T07:09:57.327+0000] {processor.py:914} INFO - Processing file /opt/airflow/dags/first-dag.py for tasks to queue
[2025-03-17T07:09:57.328+0000] {logging_mixin.py:190} INFO - [2025-03-17T07:09:57.328+0000] {dagbag.py:588} INFO - Filling up the DagBag from /opt/airflow/dags/first-dag.py
[2025-03-17T07:09:58.005+0000] {processor.py:925} INFO - DAG(s) 'first-dag' retrieved from /opt/airflow/dags/first-dag.py
[2025-03-17T07:09:58.034+0000] {logging_mixin.py:190} INFO - [2025-03-17T07:09:58.034+0000] {dag.py:3239} INFO - Sync 1 DAGs
[2025-03-17T07:09:58.063+0000] {logging_mixin.py:190} INFO - [2025-03-17T07:09:58.063+0000] {dag.py:4180} INFO - Setting next_dagrun for first-dag to 2025-03-17 00:00:00+00:00, run_after=2025-03-18 00:00:00+00:00
[2025-03-17T07:09:58.083+0000] {processor.py:208} INFO - Processing /opt/airflow/dags/first-dag.py took 0.767 seconds
[2025-03-17T07:10:28.178+0000] {processor.py:186} INFO - Started process (PID=506) to work on /opt/airflow/dags/first-dag.py
[2025-03-17T07:10:28.180+0000] {processor.py:914} INFO - Processing file /opt/airflow/dags/first-dag.py for tasks to queue
[2025-03-17T07:10:28.181+0000] {logging_mixin.py:190} INFO - [2025-03-17T07:10:28.181+0000] {dagbag.py:588} INFO - Filling up the DagBag from /opt/airflow/dags/first-dag.py
[2025-03-17T07:10:28.863+0000] {processor.py:925} INFO - DAG(s) 'first-dag' retrieved from /opt/airflow/dags/first-dag.py
[2025-03-17T07:10:28.894+0000] {logging_mixin.py:190} INFO - [2025-03-17T07:10:28.893+0000] {dag.py:3239} INFO - Sync 1 DAGs
[2025-03-17T07:10:28.926+0000] {logging_mixin.py:190} INFO - [2025-03-17T07:10:28.926+0000] {dag.py:4180} INFO - Setting next_dagrun for first-dag to 2025-03-17 00:00:00+00:00, run_after=2025-03-18 00:00:00+00:00
[2025-03-17T07:10:28.959+0000] {processor.py:208} INFO - Processing /opt/airflow/dags/first-dag.py took 0.788 seconds
[2025-03-17T07:10:59.325+0000] {processor.py:186} INFO - Started process (PID=514) to work on /opt/airflow/dags/first-dag.py
[2025-03-17T07:10:59.326+0000] {processor.py:914} INFO - Processing file /opt/airflow/dags/first-dag.py for tasks to queue
[2025-03-17T07:10:59.328+0000] {logging_mixin.py:190} INFO - [2025-03-17T07:10:59.327+0000] {dagbag.py:588} INFO - Filling up the DagBag from /opt/airflow/dags/first-dag.py
[2025-03-17T07:11:00.006+0000] {processor.py:925} INFO - DAG(s) 'first-dag' retrieved from /opt/airflow/dags/first-dag.py
[2025-03-17T07:11:00.041+0000] {logging_mixin.py:190} INFO - [2025-03-17T07:11:00.041+0000] {dag.py:3239} INFO - Sync 1 DAGs
[2025-03-17T07:11:00.062+0000] {logging_mixin.py:190} INFO - [2025-03-17T07:11:00.062+0000] {dag.py:4180} INFO - Setting next_dagrun for first-dag to 2025-03-17 00:00:00+00:00, run_after=2025-03-18 00:00:00+00:00
[2025-03-17T07:11:00.081+0000] {processor.py:208} INFO - Processing /opt/airflow/dags/first-dag.py took 0.763 seconds
[2025-03-17T07:11:30.179+0000] {processor.py:186} INFO - Started process (PID=522) to work on /opt/airflow/dags/first-dag.py
[2025-03-17T07:11:30.181+0000] {processor.py:914} INFO - Processing file /opt/airflow/dags/first-dag.py for tasks to queue
[2025-03-17T07:11:30.182+0000] {logging_mixin.py:190} INFO - [2025-03-17T07:11:30.182+0000] {dagbag.py:588} INFO - Filling up the DagBag from /opt/airflow/dags/first-dag.py
[2025-03-17T07:11:30.746+0000] {processor.py:925} INFO - DAG(s) 'first-dag' retrieved from /opt/airflow/dags/first-dag.py
[2025-03-17T07:11:30.784+0000] {logging_mixin.py:190} INFO - [2025-03-17T07:11:30.783+0000] {dag.py:3239} INFO - Sync 1 DAGs
[2025-03-17T07:11:30.809+0000] {logging_mixin.py:190} INFO - [2025-03-17T07:11:30.809+0000] {dag.py:4180} INFO - Setting next_dagrun for first-dag to 2025-03-17 00:00:00+00:00, run_after=2025-03-18 00:00:00+00:00
[2025-03-17T07:11:30.830+0000] {processor.py:208} INFO - Processing /opt/airflow/dags/first-dag.py took 0.658 seconds
[2025-03-17T07:12:01.244+0000] {processor.py:186} INFO - Started process (PID=530) to work on /opt/airflow/dags/first-dag.py
[2025-03-17T07:12:01.246+0000] {processor.py:914} INFO - Processing file /opt/airflow/dags/first-dag.py for tasks to queue
[2025-03-17T07:12:01.247+0000] {logging_mixin.py:190} INFO - [2025-03-17T07:12:01.247+0000] {dagbag.py:588} INFO - Filling up the DagBag from /opt/airflow/dags/first-dag.py
[2025-03-17T07:12:01.780+0000] {processor.py:925} INFO - DAG(s) 'first-dag' retrieved from /opt/airflow/dags/first-dag.py
[2025-03-17T07:12:01.817+0000] {logging_mixin.py:190} INFO - [2025-03-17T07:12:01.816+0000] {dag.py:3239} INFO - Sync 1 DAGs
[2025-03-17T07:12:01.840+0000] {logging_mixin.py:190} INFO - [2025-03-17T07:12:01.839+0000] {dag.py:4180} INFO - Setting next_dagrun for first-dag to 2025-03-17 00:00:00+00:00, run_after=2025-03-18 00:00:00+00:00
[2025-03-17T07:12:01.860+0000] {processor.py:208} INFO - Processing /opt/airflow/dags/first-dag.py took 0.622 seconds
[2025-03-17T07:12:32.082+0000] {processor.py:186} INFO - Started process (PID=538) to work on /opt/airflow/dags/first-dag.py
[2025-03-17T07:12:32.084+0000] {processor.py:914} INFO - Processing file /opt/airflow/dags/first-dag.py for tasks to queue
[2025-03-17T07:12:32.087+0000] {logging_mixin.py:190} INFO - [2025-03-17T07:12:32.086+0000] {dagbag.py:588} INFO - Filling up the DagBag from /opt/airflow/dags/first-dag.py
[2025-03-17T07:12:33.441+0000] {processor.py:925} INFO - DAG(s) 'first-dag' retrieved from /opt/airflow/dags/first-dag.py
[2025-03-17T07:12:33.528+0000] {logging_mixin.py:190} INFO - [2025-03-17T07:12:33.527+0000] {dag.py:3239} INFO - Sync 1 DAGs
[2025-03-17T07:12:33.619+0000] {logging_mixin.py:190} INFO - [2025-03-17T07:12:33.617+0000] {dag.py:4180} INFO - Setting next_dagrun for first-dag to 2025-03-17 00:00:00+00:00, run_after=2025-03-18 00:00:00+00:00
[2025-03-17T07:12:33.702+0000] {processor.py:208} INFO - Processing /opt/airflow/dags/first-dag.py took 1.630 seconds
[2025-03-17T07:13:04.162+0000] {processor.py:186} INFO - Started process (PID=546) to work on /opt/airflow/dags/first-dag.py
[2025-03-17T07:13:04.164+0000] {processor.py:914} INFO - Processing file /opt/airflow/dags/first-dag.py for tasks to queue
[2025-03-17T07:13:04.166+0000] {logging_mixin.py:190} INFO - [2025-03-17T07:13:04.165+0000] {dagbag.py:588} INFO - Filling up the DagBag from /opt/airflow/dags/first-dag.py
[2025-03-17T07:13:04.857+0000] {processor.py:925} INFO - DAG(s) 'first-dag' retrieved from /opt/airflow/dags/first-dag.py
[2025-03-17T07:13:04.884+0000] {logging_mixin.py:190} INFO - [2025-03-17T07:13:04.883+0000] {dag.py:3239} INFO - Sync 1 DAGs
[2025-03-17T07:13:04.909+0000] {logging_mixin.py:190} INFO - [2025-03-17T07:13:04.909+0000] {dag.py:4180} INFO - Setting next_dagrun for first-dag to 2025-03-17 00:00:00+00:00, run_after=2025-03-18 00:00:00+00:00
[2025-03-17T07:13:04.931+0000] {processor.py:208} INFO - Processing /opt/airflow/dags/first-dag.py took 0.777 seconds
[2025-03-17T07:13:35.316+0000] {processor.py:186} INFO - Started process (PID=554) to work on /opt/airflow/dags/first-dag.py
[2025-03-17T07:13:35.318+0000] {processor.py:914} INFO - Processing file /opt/airflow/dags/first-dag.py for tasks to queue
[2025-03-17T07:13:35.320+0000] {logging_mixin.py:190} INFO - [2025-03-17T07:13:35.320+0000] {dagbag.py:588} INFO - Filling up the DagBag from /opt/airflow/dags/first-dag.py
[2025-03-17T07:13:35.989+0000] {processor.py:925} INFO - DAG(s) 'first-dag' retrieved from /opt/airflow/dags/first-dag.py
[2025-03-17T07:13:36.011+0000] {logging_mixin.py:190} INFO - [2025-03-17T07:13:36.011+0000] {dag.py:3239} INFO - Sync 1 DAGs
[2025-03-17T07:13:36.034+0000] {logging_mixin.py:190} INFO - [2025-03-17T07:13:36.034+0000] {dag.py:4180} INFO - Setting next_dagrun for first-dag to 2025-03-17 00:00:00+00:00, run_after=2025-03-18 00:00:00+00:00
[2025-03-17T07:13:36.052+0000] {processor.py:208} INFO - Processing /opt/airflow/dags/first-dag.py took 0.750 seconds
[2025-03-17T07:14:06.162+0000] {processor.py:186} INFO - Started process (PID=562) to work on /opt/airflow/dags/first-dag.py
[2025-03-17T07:14:06.163+0000] {processor.py:914} INFO - Processing file /opt/airflow/dags/first-dag.py for tasks to queue
[2025-03-17T07:14:06.165+0000] {logging_mixin.py:190} INFO - [2025-03-17T07:14:06.164+0000] {dagbag.py:588} INFO - Filling up the DagBag from /opt/airflow/dags/first-dag.py
[2025-03-17T07:14:06.761+0000] {processor.py:925} INFO - DAG(s) 'first-dag' retrieved from /opt/airflow/dags/first-dag.py
[2025-03-17T07:14:06.799+0000] {logging_mixin.py:190} INFO - [2025-03-17T07:14:06.798+0000] {dag.py:3239} INFO - Sync 1 DAGs
[2025-03-17T07:14:06.822+0000] {logging_mixin.py:190} INFO - [2025-03-17T07:14:06.822+0000] {dag.py:4180} INFO - Setting next_dagrun for first-dag to 2025-03-17 00:00:00+00:00, run_after=2025-03-18 00:00:00+00:00
[2025-03-17T07:14:06.842+0000] {processor.py:208} INFO - Processing /opt/airflow/dags/first-dag.py took 0.688 seconds
[2025-03-17T07:14:37.249+0000] {processor.py:186} INFO - Started process (PID=570) to work on /opt/airflow/dags/first-dag.py
[2025-03-17T07:14:37.251+0000] {processor.py:914} INFO - Processing file /opt/airflow/dags/first-dag.py for tasks to queue
[2025-03-17T07:14:37.252+0000] {logging_mixin.py:190} INFO - [2025-03-17T07:14:37.252+0000] {dagbag.py:588} INFO - Filling up the DagBag from /opt/airflow/dags/first-dag.py
[2025-03-17T07:14:37.834+0000] {processor.py:925} INFO - DAG(s) 'first-dag' retrieved from /opt/airflow/dags/first-dag.py
[2025-03-17T07:14:37.873+0000] {logging_mixin.py:190} INFO - [2025-03-17T07:14:37.873+0000] {dag.py:3239} INFO - Sync 1 DAGs
[2025-03-17T07:14:37.899+0000] {logging_mixin.py:190} INFO - [2025-03-17T07:14:37.898+0000] {dag.py:4180} INFO - Setting next_dagrun for first-dag to 2025-03-17 00:00:00+00:00, run_after=2025-03-18 00:00:00+00:00
[2025-03-17T07:14:37.917+0000] {processor.py:208} INFO - Processing /opt/airflow/dags/first-dag.py took 0.678 seconds
[2025-03-17T07:15:08.155+0000] {processor.py:186} INFO - Started process (PID=578) to work on /opt/airflow/dags/first-dag.py
[2025-03-17T07:15:08.157+0000] {processor.py:914} INFO - Processing file /opt/airflow/dags/first-dag.py for tasks to queue
[2025-03-17T07:15:08.159+0000] {logging_mixin.py:190} INFO - [2025-03-17T07:15:08.158+0000] {dagbag.py:588} INFO - Filling up the DagBag from /opt/airflow/dags/first-dag.py
[2025-03-17T07:15:08.730+0000] {processor.py:925} INFO - DAG(s) 'first-dag' retrieved from /opt/airflow/dags/first-dag.py
[2025-03-17T07:15:08.766+0000] {logging_mixin.py:190} INFO - [2025-03-17T07:15:08.766+0000] {dag.py:3239} INFO - Sync 1 DAGs
[2025-03-17T07:15:08.790+0000] {logging_mixin.py:190} INFO - [2025-03-17T07:15:08.790+0000] {dag.py:4180} INFO - Setting next_dagrun for first-dag to 2025-03-17 00:00:00+00:00, run_after=2025-03-18 00:00:00+00:00
[2025-03-17T07:15:08.813+0000] {processor.py:208} INFO - Processing /opt/airflow/dags/first-dag.py took 0.667 seconds
[2025-03-17T07:15:39.232+0000] {processor.py:186} INFO - Started process (PID=586) to work on /opt/airflow/dags/first-dag.py
[2025-03-17T07:15:39.234+0000] {processor.py:914} INFO - Processing file /opt/airflow/dags/first-dag.py for tasks to queue
[2025-03-17T07:15:39.235+0000] {logging_mixin.py:190} INFO - [2025-03-17T07:15:39.235+0000] {dagbag.py:588} INFO - Filling up the DagBag from /opt/airflow/dags/first-dag.py
[2025-03-17T07:15:39.798+0000] {processor.py:925} INFO - DAG(s) 'first-dag' retrieved from /opt/airflow/dags/first-dag.py
[2025-03-17T07:15:39.822+0000] {logging_mixin.py:190} INFO - [2025-03-17T07:15:39.822+0000] {dag.py:3239} INFO - Sync 1 DAGs
[2025-03-17T07:15:39.847+0000] {logging_mixin.py:190} INFO - [2025-03-17T07:15:39.847+0000] {dag.py:4180} INFO - Setting next_dagrun for first-dag to 2025-03-17 00:00:00+00:00, run_after=2025-03-18 00:00:00+00:00
[2025-03-17T07:15:39.868+0000] {processor.py:208} INFO - Processing /opt/airflow/dags/first-dag.py took 0.643 seconds
[2025-03-17T07:16:10.054+0000] {processor.py:186} INFO - Started process (PID=594) to work on /opt/airflow/dags/first-dag.py
[2025-03-17T07:16:10.057+0000] {processor.py:914} INFO - Processing file /opt/airflow/dags/first-dag.py for tasks to queue
[2025-03-17T07:16:10.060+0000] {logging_mixin.py:190} INFO - [2025-03-17T07:16:10.059+0000] {dagbag.py:588} INFO - Filling up the DagBag from /opt/airflow/dags/first-dag.py
[2025-03-17T07:16:10.552+0000] {processor.py:925} INFO - DAG(s) 'first-dag' retrieved from /opt/airflow/dags/first-dag.py
[2025-03-17T07:16:10.575+0000] {logging_mixin.py:190} INFO - [2025-03-17T07:16:10.575+0000] {dag.py:3239} INFO - Sync 1 DAGs
[2025-03-17T07:16:10.599+0000] {logging_mixin.py:190} INFO - [2025-03-17T07:16:10.599+0000] {dag.py:4180} INFO - Setting next_dagrun for first-dag to 2025-03-17 00:00:00+00:00, run_after=2025-03-18 00:00:00+00:00
[2025-03-17T07:16:10.619+0000] {processor.py:208} INFO - Processing /opt/airflow/dags/first-dag.py took 0.578 seconds
[2025-03-17T07:16:41.001+0000] {processor.py:186} INFO - Started process (PID=602) to work on /opt/airflow/dags/first-dag.py
[2025-03-17T07:16:41.005+0000] {processor.py:914} INFO - Processing file /opt/airflow/dags/first-dag.py for tasks to queue
[2025-03-17T07:16:41.008+0000] {logging_mixin.py:190} INFO - [2025-03-17T07:16:41.007+0000] {dagbag.py:588} INFO - Filling up the DagBag from /opt/airflow/dags/first-dag.py
[2025-03-17T07:16:41.632+0000] {processor.py:925} INFO - DAG(s) 'first-dag' retrieved from /opt/airflow/dags/first-dag.py
[2025-03-17T07:16:41.656+0000] {logging_mixin.py:190} INFO - [2025-03-17T07:16:41.656+0000] {dag.py:3239} INFO - Sync 1 DAGs
[2025-03-17T07:16:41.678+0000] {logging_mixin.py:190} INFO - [2025-03-17T07:16:41.678+0000] {dag.py:4180} INFO - Setting next_dagrun for first-dag to 2025-03-17 00:00:00+00:00, run_after=2025-03-18 00:00:00+00:00
[2025-03-17T07:16:41.707+0000] {processor.py:208} INFO - Processing /opt/airflow/dags/first-dag.py took 0.715 seconds
[2025-03-17T07:17:11.810+0000] {processor.py:186} INFO - Started process (PID=610) to work on /opt/airflow/dags/first-dag.py
[2025-03-17T07:17:11.811+0000] {processor.py:914} INFO - Processing file /opt/airflow/dags/first-dag.py for tasks to queue
[2025-03-17T07:17:11.812+0000] {logging_mixin.py:190} INFO - [2025-03-17T07:17:11.812+0000] {dagbag.py:588} INFO - Filling up the DagBag from /opt/airflow/dags/first-dag.py
[2025-03-17T07:17:12.407+0000] {processor.py:925} INFO - DAG(s) 'first-dag' retrieved from /opt/airflow/dags/first-dag.py
[2025-03-17T07:17:12.441+0000] {logging_mixin.py:190} INFO - [2025-03-17T07:17:12.440+0000] {dag.py:3239} INFO - Sync 1 DAGs
[2025-03-17T07:17:12.465+0000] {logging_mixin.py:190} INFO - [2025-03-17T07:17:12.465+0000] {dag.py:4180} INFO - Setting next_dagrun for first-dag to 2025-03-17 00:00:00+00:00, run_after=2025-03-18 00:00:00+00:00
[2025-03-17T07:17:12.487+0000] {processor.py:208} INFO - Processing /opt/airflow/dags/first-dag.py took 0.684 seconds
[2025-03-17T07:17:42.945+0000] {processor.py:186} INFO - Started process (PID=618) to work on /opt/airflow/dags/first-dag.py
[2025-03-17T07:17:42.947+0000] {processor.py:914} INFO - Processing file /opt/airflow/dags/first-dag.py for tasks to queue
[2025-03-17T07:17:42.948+0000] {logging_mixin.py:190} INFO - [2025-03-17T07:17:42.948+0000] {dagbag.py:588} INFO - Filling up the DagBag from /opt/airflow/dags/first-dag.py
[2025-03-17T07:17:43.506+0000] {processor.py:925} INFO - DAG(s) 'first-dag' retrieved from /opt/airflow/dags/first-dag.py
[2025-03-17T07:17:43.563+0000] {logging_mixin.py:190} INFO - [2025-03-17T07:17:43.562+0000] {dag.py:3239} INFO - Sync 1 DAGs
[2025-03-17T07:17:43.587+0000] {logging_mixin.py:190} INFO - [2025-03-17T07:17:43.587+0000] {dag.py:4180} INFO - Setting next_dagrun for first-dag to 2025-03-17 00:00:00+00:00, run_after=2025-03-18 00:00:00+00:00
[2025-03-17T07:17:43.618+0000] {processor.py:208} INFO - Processing /opt/airflow/dags/first-dag.py took 0.679 seconds
[2025-03-17T07:18:13.960+0000] {processor.py:186} INFO - Started process (PID=627) to work on /opt/airflow/dags/first-dag.py
[2025-03-17T07:18:13.962+0000] {processor.py:914} INFO - Processing file /opt/airflow/dags/first-dag.py for tasks to queue
[2025-03-17T07:18:13.964+0000] {logging_mixin.py:190} INFO - [2025-03-17T07:18:13.963+0000] {dagbag.py:588} INFO - Filling up the DagBag from /opt/airflow/dags/first-dag.py
[2025-03-17T07:18:14.535+0000] {processor.py:925} INFO - DAG(s) 'first-dag' retrieved from /opt/airflow/dags/first-dag.py
[2025-03-17T07:18:14.562+0000] {logging_mixin.py:190} INFO - [2025-03-17T07:18:14.562+0000] {dag.py:3239} INFO - Sync 1 DAGs
[2025-03-17T07:18:14.588+0000] {logging_mixin.py:190} INFO - [2025-03-17T07:18:14.588+0000] {dag.py:4180} INFO - Setting next_dagrun for first-dag to 2025-03-17 00:00:00+00:00, run_after=2025-03-18 00:00:00+00:00
[2025-03-17T07:18:14.619+0000] {processor.py:208} INFO - Processing /opt/airflow/dags/first-dag.py took 0.669 seconds
[2025-03-17T07:18:44.976+0000] {processor.py:186} INFO - Started process (PID=635) to work on /opt/airflow/dags/first-dag.py
[2025-03-17T07:18:44.980+0000] {processor.py:914} INFO - Processing file /opt/airflow/dags/first-dag.py for tasks to queue
[2025-03-17T07:18:44.985+0000] {logging_mixin.py:190} INFO - [2025-03-17T07:18:44.984+0000] {dagbag.py:588} INFO - Filling up the DagBag from /opt/airflow/dags/first-dag.py
[2025-03-17T07:18:45.768+0000] {processor.py:925} INFO - DAG(s) 'first-dag' retrieved from /opt/airflow/dags/first-dag.py
[2025-03-17T07:18:45.804+0000] {logging_mixin.py:190} INFO - [2025-03-17T07:18:45.803+0000] {dag.py:3239} INFO - Sync 1 DAGs
[2025-03-17T07:18:45.830+0000] {logging_mixin.py:190} INFO - [2025-03-17T07:18:45.830+0000] {dag.py:4180} INFO - Setting next_dagrun for first-dag to 2025-03-17 00:00:00+00:00, run_after=2025-03-18 00:00:00+00:00
[2025-03-17T07:18:45.853+0000] {processor.py:208} INFO - Processing /opt/airflow/dags/first-dag.py took 0.907 seconds
[2025-03-17T07:19:16.229+0000] {processor.py:186} INFO - Started process (PID=643) to work on /opt/airflow/dags/first-dag.py
[2025-03-17T07:19:16.230+0000] {processor.py:914} INFO - Processing file /opt/airflow/dags/first-dag.py for tasks to queue
[2025-03-17T07:19:16.232+0000] {logging_mixin.py:190} INFO - [2025-03-17T07:19:16.232+0000] {dagbag.py:588} INFO - Filling up the DagBag from /opt/airflow/dags/first-dag.py
[2025-03-17T07:19:16.878+0000] {processor.py:925} INFO - DAG(s) 'first-dag' retrieved from /opt/airflow/dags/first-dag.py
[2025-03-17T07:19:16.957+0000] {logging_mixin.py:190} INFO - [2025-03-17T07:19:16.956+0000] {dag.py:3239} INFO - Sync 1 DAGs
[2025-03-17T07:19:17.009+0000] {logging_mixin.py:190} INFO - [2025-03-17T07:19:17.009+0000] {dag.py:4180} INFO - Setting next_dagrun for first-dag to 2025-03-17 00:00:00+00:00, run_after=2025-03-18 00:00:00+00:00
[2025-03-17T07:19:17.032+0000] {processor.py:208} INFO - Processing /opt/airflow/dags/first-dag.py took 0.811 seconds
[2025-03-17T07:19:47.420+0000] {processor.py:186} INFO - Started process (PID=652) to work on /opt/airflow/dags/first-dag.py
[2025-03-17T07:19:47.422+0000] {processor.py:914} INFO - Processing file /opt/airflow/dags/first-dag.py for tasks to queue
[2025-03-17T07:19:47.423+0000] {logging_mixin.py:190} INFO - [2025-03-17T07:19:47.423+0000] {dagbag.py:588} INFO - Filling up the DagBag from /opt/airflow/dags/first-dag.py
[2025-03-17T07:19:48.114+0000] {processor.py:925} INFO - DAG(s) 'first-dag' retrieved from /opt/airflow/dags/first-dag.py
[2025-03-17T07:19:48.145+0000] {logging_mixin.py:190} INFO - [2025-03-17T07:19:48.145+0000] {dag.py:3239} INFO - Sync 1 DAGs
[2025-03-17T07:19:48.174+0000] {logging_mixin.py:190} INFO - [2025-03-17T07:19:48.174+0000] {dag.py:4180} INFO - Setting next_dagrun for first-dag to 2025-03-17 00:00:00+00:00, run_after=2025-03-18 00:00:00+00:00
[2025-03-17T07:19:48.198+0000] {processor.py:208} INFO - Processing /opt/airflow/dags/first-dag.py took 0.786 seconds
[2025-03-17T07:20:18.556+0000] {processor.py:186} INFO - Started process (PID=659) to work on /opt/airflow/dags/first-dag.py
[2025-03-17T07:20:18.557+0000] {processor.py:914} INFO - Processing file /opt/airflow/dags/first-dag.py for tasks to queue
[2025-03-17T07:20:18.559+0000] {logging_mixin.py:190} INFO - [2025-03-17T07:20:18.558+0000] {dagbag.py:588} INFO - Filling up the DagBag from /opt/airflow/dags/first-dag.py
[2025-03-17T07:20:19.124+0000] {processor.py:925} INFO - DAG(s) 'first-dag' retrieved from /opt/airflow/dags/first-dag.py
[2025-03-17T07:20:19.161+0000] {logging_mixin.py:190} INFO - [2025-03-17T07:20:19.161+0000] {dag.py:3239} INFO - Sync 1 DAGs
[2025-03-17T07:20:19.230+0000] {logging_mixin.py:190} INFO - [2025-03-17T07:20:19.230+0000] {dag.py:4180} INFO - Setting next_dagrun for first-dag to 2025-03-17 00:00:00+00:00, run_after=2025-03-18 00:00:00+00:00
[2025-03-17T07:20:19.252+0000] {processor.py:208} INFO - Processing /opt/airflow/dags/first-dag.py took 0.702 seconds
[2025-03-17T07:20:49.601+0000] {processor.py:186} INFO - Started process (PID=667) to work on /opt/airflow/dags/first-dag.py
[2025-03-17T07:20:49.603+0000] {processor.py:914} INFO - Processing file /opt/airflow/dags/first-dag.py for tasks to queue
[2025-03-17T07:20:49.606+0000] {logging_mixin.py:190} INFO - [2025-03-17T07:20:49.605+0000] {dagbag.py:588} INFO - Filling up the DagBag from /opt/airflow/dags/first-dag.py
[2025-03-17T07:20:50.217+0000] {processor.py:925} INFO - DAG(s) 'first-dag' retrieved from /opt/airflow/dags/first-dag.py
[2025-03-17T07:20:50.243+0000] {logging_mixin.py:190} INFO - [2025-03-17T07:20:50.242+0000] {dag.py:3239} INFO - Sync 1 DAGs
[2025-03-17T07:20:50.316+0000] {logging_mixin.py:190} INFO - [2025-03-17T07:20:50.316+0000] {dag.py:4180} INFO - Setting next_dagrun for first-dag to 2025-03-17 00:00:00+00:00, run_after=2025-03-18 00:00:00+00:00
[2025-03-17T07:20:50.340+0000] {processor.py:208} INFO - Processing /opt/airflow/dags/first-dag.py took 0.747 seconds
[2025-03-17T07:21:20.700+0000] {processor.py:186} INFO - Started process (PID=675) to work on /opt/airflow/dags/first-dag.py
[2025-03-17T07:21:20.701+0000] {processor.py:914} INFO - Processing file /opt/airflow/dags/first-dag.py for tasks to queue
[2025-03-17T07:21:20.703+0000] {logging_mixin.py:190} INFO - [2025-03-17T07:21:20.702+0000] {dagbag.py:588} INFO - Filling up the DagBag from /opt/airflow/dags/first-dag.py
[2025-03-17T07:21:21.284+0000] {processor.py:925} INFO - DAG(s) 'first-dag' retrieved from /opt/airflow/dags/first-dag.py
[2025-03-17T07:21:21.310+0000] {logging_mixin.py:190} INFO - [2025-03-17T07:21:21.310+0000] {dag.py:3239} INFO - Sync 1 DAGs
[2025-03-17T07:21:21.336+0000] {logging_mixin.py:190} INFO - [2025-03-17T07:21:21.336+0000] {dag.py:4180} INFO - Setting next_dagrun for first-dag to 2025-03-17 00:00:00+00:00, run_after=2025-03-18 00:00:00+00:00
[2025-03-17T07:21:21.355+0000] {processor.py:208} INFO - Processing /opt/airflow/dags/first-dag.py took 0.663 seconds
[2025-03-17T07:21:51.892+0000] {processor.py:186} INFO - Started process (PID=683) to work on /opt/airflow/dags/first-dag.py
[2025-03-17T07:21:51.895+0000] {processor.py:914} INFO - Processing file /opt/airflow/dags/first-dag.py for tasks to queue
[2025-03-17T07:21:51.898+0000] {logging_mixin.py:190} INFO - [2025-03-17T07:21:51.898+0000] {dagbag.py:588} INFO - Filling up the DagBag from /opt/airflow/dags/first-dag.py
[2025-03-17T07:21:52.477+0000] {processor.py:925} INFO - DAG(s) 'first-dag' retrieved from /opt/airflow/dags/first-dag.py
[2025-03-17T07:21:52.506+0000] {logging_mixin.py:190} INFO - [2025-03-17T07:21:52.506+0000] {dag.py:3239} INFO - Sync 1 DAGs
[2025-03-17T07:21:52.532+0000] {logging_mixin.py:190} INFO - [2025-03-17T07:21:52.532+0000] {dag.py:4180} INFO - Setting next_dagrun for first-dag to 2025-03-17 00:00:00+00:00, run_after=2025-03-18 00:00:00+00:00
[2025-03-17T07:21:52.562+0000] {processor.py:208} INFO - Processing /opt/airflow/dags/first-dag.py took 0.694 seconds
