[2025-03-21T19:00:52.622+0000] {local_task_job_runner.py:123} INFO - ::group::Pre task execution logs
[2025-03-21T19:00:52.647+0000] {taskinstance.py:2614} INFO - Dependencies all met for dep_context=non-requeueable deps ti=<TaskInstance: weather-two-source.check_and_insert_data scheduled__2025-03-21T18:00:00+00:00 [queued]>
[2025-03-21T19:00:52.662+0000] {taskinstance.py:2614} INFO - Dependencies all met for dep_context=requeueable deps ti=<TaskInstance: weather-two-source.check_and_insert_data scheduled__2025-03-21T18:00:00+00:00 [queued]>
[2025-03-21T19:00:52.663+0000] {taskinstance.py:2867} INFO - Starting attempt 1 of 2
[2025-03-21T19:00:52.683+0000] {taskinstance.py:2890} INFO - Executing <Task(PythonOperator): check_and_insert_data> on 2025-03-21 18:00:00+00:00
[2025-03-21T19:00:52.691+0000] {warnings.py:112} WARNING - /home/***/.local/lib/python3.12/site-packages/***/task/task_runner/standard_task_runner.py:70: DeprecationWarning: This process (pid=1377) is multi-threaded, use of fork() may lead to deadlocks in the child.
  pid = os.fork()

[2025-03-21T19:00:52.694+0000] {standard_task_runner.py:72} INFO - Started process 1379 to run task
[2025-03-21T19:00:52.694+0000] {standard_task_runner.py:104} INFO - Running: ['***', 'tasks', 'run', 'weather-two-source', 'check_and_insert_data', 'scheduled__2025-03-21T18:00:00+00:00', '--job-id', '130', '--raw', '--subdir', 'DAGS_FOLDER/weather-two-source.py', '--cfg-path', '/tmp/tmpm2rkpc4y']
[2025-03-21T19:00:52.697+0000] {standard_task_runner.py:105} INFO - Job 130: Subtask check_and_insert_data
[2025-03-21T19:00:52.949+0000] {task_command.py:467} INFO - Running <TaskInstance: weather-two-source.check_and_insert_data scheduled__2025-03-21T18:00:00+00:00 [running]> on host c25e9da6226b
[2025-03-21T19:00:53.056+0000] {taskinstance.py:3134} INFO - Exporting env vars: AIRFLOW_CTX_DAG_OWNER='***' AIRFLOW_CTX_DAG_ID='weather-two-source' AIRFLOW_CTX_TASK_ID='check_and_insert_data' AIRFLOW_CTX_EXECUTION_DATE='2025-03-21T18:00:00+00:00' AIRFLOW_CTX_TRY_NUMBER='1' AIRFLOW_CTX_DAG_RUN_ID='scheduled__2025-03-21T18:00:00+00:00'
[2025-03-21T19:00:53.058+0000] {taskinstance.py:732} INFO - ::endgroup::
[2025-03-21T19:00:53.087+0000] {base.py:84} INFO - Retrieving connection 'rizqi-neon'
[2025-03-21T19:00:55.355+0000] {weather-two-source.py:180} INFO - 🔍 OpenMeteo Columns: Index(['id', 'datetime', 'temperature', 'area', 'source', 'created_at'], dtype='object')
[2025-03-21T19:00:55.357+0000] {weather-two-source.py:181} INFO - 🔍 WeatherAPI Columns: Index(['id', 'datetime', 'temperature', 'area', 'source', 'created_at'], dtype='object')
[2025-03-21T19:00:55.358+0000] {weather-two-source.py:182} INFO - 🔍 Tomorrow.io Columns: Index(['id', 'datetime', 'temperature', 'area', 'source', 'created_at'], dtype='object')
[2025-03-21T19:00:55.359+0000] {weather-two-source.py:184} INFO - 
🔍 Data Types:
id                     object
datetime       datetime64[ns]
temperature           float64
area                   object
source                 object
created_at     datetime64[ns]
dtype: object
[2025-03-21T19:00:55.361+0000] {weather-two-source.py:185} INFO - 
🔍 Data Types:
id                     object
datetime       datetime64[ns]
temperature           float64
area                   object
source                 object
created_at     datetime64[ns]
dtype: object
[2025-03-21T19:00:55.362+0000] {weather-two-source.py:186} INFO - 
🔍 Data Types:
id                     object
datetime       datetime64[ns]
temperature           float64
area                   object
source                 object
created_at     datetime64[ns]
dtype: object
[2025-03-21T19:00:55.363+0000] {weather-two-source.py:188} INFO - 
📊 Shape (Jumlah Data): OpenMeteo: (168, 6), WeatherAPI: (24, 6), Tomorrow.io: (121, 6)
[2025-03-21T19:00:55.370+0000] {weather-two-source.py:196} INFO - 
🚀 Hasil Akhir (Gabungan DataFrame):
                                 id            datetime  temperature     area      source                 created_at
0  d141d7863df92d8589c38ada109e123d 2025-03-22 00:00:00         26.8  Jakarta  Open Meteo 2025-03-21 19:00:54.045289
1  9a76c33fd475d3dd15980ea9b0a6cf0f 2025-03-22 01:00:00         26.5  Jakarta  Open Meteo 2025-03-21 19:00:54.045289
2  bcecc2bcc96510667af038521c26a926 2025-03-22 02:00:00         26.2  Jakarta  Open Meteo 2025-03-21 19:00:54.045289
3  bfbcf0e41660e298c99997d3d53d7d1c 2025-03-22 03:00:00         26.0  Jakarta  Open Meteo 2025-03-21 19:00:54.045289
4  b50fabebec04f1c1ceae4f21a3c1fe62 2025-03-22 04:00:00         25.7  Jakarta  Open Meteo 2025-03-21 19:00:54.045289
[2025-03-21T19:00:55.548+0000] {python.py:240} INFO - Done. Returned value was: None
[2025-03-21T19:00:55.563+0000] {taskinstance.py:341} INFO - ::group::Post task execution logs
[2025-03-21T19:00:55.564+0000] {taskinstance.py:353} INFO - Marking task as SUCCESS. dag_id=weather-two-source, task_id=check_and_insert_data, run_id=scheduled__2025-03-21T18:00:00+00:00, execution_date=20250321T180000, start_date=20250321T190052, end_date=20250321T190055
[2025-03-21T19:00:55.644+0000] {local_task_job_runner.py:266} INFO - Task exited with return code 0
[2025-03-21T19:00:55.862+0000] {taskinstance.py:3901} INFO - 0 downstream tasks scheduled from follow-on schedule check
[2025-03-21T19:00:55.866+0000] {local_task_job_runner.py:245} INFO - ::endgroup::
