[2025-03-21T18:26:11.772+0000] {local_task_job_runner.py:123} INFO - ::group::Pre task execution logs
[2025-03-21T18:26:11.808+0000] {taskinstance.py:2614} INFO - Dependencies all met for dep_context=non-requeueable deps ti=<TaskInstance: weather-two-source.check_and_insert_data manual__2025-03-21T18:24:45.422168+00:00 [queued]>
[2025-03-21T18:26:11.825+0000] {taskinstance.py:2614} INFO - Dependencies all met for dep_context=requeueable deps ti=<TaskInstance: weather-two-source.check_and_insert_data manual__2025-03-21T18:24:45.422168+00:00 [queued]>
[2025-03-21T18:26:11.826+0000] {taskinstance.py:2867} INFO - Starting attempt 2 of 2
[2025-03-21T18:26:11.853+0000] {taskinstance.py:2890} INFO - Executing <Task(PythonOperator): check_and_insert_data> on 2025-03-21 18:24:45.422168+00:00
[2025-03-21T18:26:11.863+0000] {warnings.py:112} WARNING - /home/***/.local/lib/python3.12/site-packages/***/task/task_runner/standard_task_runner.py:70: DeprecationWarning: This process (pid=877) is multi-threaded, use of fork() may lead to deadlocks in the child.
  pid = os.fork()

[2025-03-21T18:26:11.865+0000] {standard_task_runner.py:72} INFO - Started process 886 to run task
[2025-03-21T18:26:11.866+0000] {standard_task_runner.py:104} INFO - Running: ['***', 'tasks', 'run', 'weather-two-source', 'check_and_insert_data', 'manual__2025-03-21T18:24:45.422168+00:00', '--job-id', '105', '--raw', '--subdir', 'DAGS_FOLDER/weather-two-source.py', '--cfg-path', '/tmp/tmpxilwsht7']
[2025-03-21T18:26:11.870+0000] {standard_task_runner.py:105} INFO - Job 105: Subtask check_and_insert_data
[2025-03-21T18:26:12.375+0000] {task_command.py:467} INFO - Running <TaskInstance: weather-two-source.check_and_insert_data manual__2025-03-21T18:24:45.422168+00:00 [running]> on host c25e9da6226b
[2025-03-21T18:26:12.521+0000] {taskinstance.py:3134} INFO - Exporting env vars: AIRFLOW_CTX_DAG_OWNER='***' AIRFLOW_CTX_DAG_ID='weather-two-source' AIRFLOW_CTX_TASK_ID='check_and_insert_data' AIRFLOW_CTX_EXECUTION_DATE='2025-03-21T18:24:45.422168+00:00' AIRFLOW_CTX_TRY_NUMBER='2' AIRFLOW_CTX_DAG_RUN_ID='manual__2025-03-21T18:24:45.422168+00:00'
[2025-03-21T18:26:12.523+0000] {taskinstance.py:732} INFO - ::endgroup::
[2025-03-21T18:26:12.557+0000] {base.py:84} INFO - Retrieving connection 'rizqi-neon'
[2025-03-21T18:26:23.534+0000] {python.py:240} INFO - Done. Returned value was: None
[2025-03-21T18:26:23.567+0000] {taskinstance.py:341} INFO - ::group::Post task execution logs
[2025-03-21T18:26:23.569+0000] {taskinstance.py:353} INFO - Marking task as SUCCESS. dag_id=weather-two-source, task_id=check_and_insert_data, run_id=manual__2025-03-21T18:24:45.422168+00:00, execution_date=20250321T182445, start_date=20250321T182611, end_date=20250321T182623
[2025-03-21T18:26:23.707+0000] {local_task_job_runner.py:266} INFO - Task exited with return code 0
[2025-03-21T18:26:23.731+0000] {taskinstance.py:3901} INFO - 0 downstream tasks scheduled from follow-on schedule check
[2025-03-21T18:26:23.734+0000] {local_task_job_runner.py:245} INFO - ::endgroup::
